[2024-11-22 10:51:15,335] [log.py] [line:31] [INFO] # ======Start printing logs======
[2024-11-22 10:51:20,140] [database.py] [line:75] [INFO] # 退款订单id列表：['20241118145258888917']
[2024-11-22 10:51:20,140] [database.py] [line:80] [INFO] # 
退款订单号：20241118145258888917
[2024-11-22 10:51:20,166] [database.py] [line:92] [INFO] # 退款订单unionid：oAESl0QRB8mndRVJFs69e5o8JZi0，kill_order：20241108133942188800
[2024-11-22 10:51:20,207] [database.py] [line:102] [INFO] # v2_work_crm_order_main 数据列表：
((48821, '20241118145258888917', 10123, 15, 15, 1, 3, '1731912916', '', 'oAESl0QRB8mndRVJFs69e5o8JZi0', '赵楠', 'H4qNWOvOwe$$$$A$$$$rqaPhQyIw==', datetime.datetime(2024, 10, 18, 14, 55, 32), datetime.datetime(2024, 10, 19, 14, 55, 32), 1, 0, datetime.datetime(2024, 10, 19, 14, 55, 32), None, None, None, 0, datetime.datetime(2024, 11, 18, 14, 52, 58), datetime.datetime(2024, 11, 18, 14, 52, 58)),)

[2024-11-22 10:51:20,228] [database.py] [line:109] [INFO] # v2_work_crm_order_main_son 数据列表：
()

[2024-11-22 10:51:20,264] [database.py] [line:116] [INFO] # v2_work_crm_order_main_status 数据列表：
((48978, '20241118145258888917', 1, 1, 2, 1, datetime.datetime(2024, 11, 18, 14, 55, 32), 3, 0, 888906, 888889, 'ww559fe0cfbd65d9b8', '水相知天下', 'WangSong', 'LiYongLei', 1, 2, 0, '私人定制', 16800000, 'srdz', '这是私人定制的描述', 1, 4, 0, '20241108133942188800', '20241108133942188800', 0, 0, 'oAESl0QRB8mndRVJFs69e5o8JZi0', 15, 15, '1731912916', 1, 7, '', '3ce4341f6e0e4d2051a3c03351e819e7', 0, datetime.datetime(2024, 11, 18, 14, 52, 58), None, datetime.datetime(2024, 11, 18, 14, 55, 32), 0, '888889', '888912', '888913', '888914', '888910', '888915', '888916', '888917', '101766,888906,888907', '888918', '888919', '888920'),)

[2024-11-22 10:51:20,285] [database.py] [line:122] [INFO] # v2_work_crm_hegui 数据列表：
((696, '20241118145258888917', 'oAESl0QRB8mndRVJFs69e5o8JZi0', 1, 101371, '', 1, 0, 1, None, None, 1, None, None, None, None, 1, datetime.datetime(2024, 11, 18, 14, 54, 21), datetime.datetime(2024, 11, 18, 14, 55, 32)),)

[2024-11-22 10:51:20,306] [database.py] [line:128] [INFO] # v2_work_crm_order_contract 数据列表：
((43793, '20241118145258888917', 'ad8d51ecc8954500a8ac1af6753be930', 'c92a4ea7215243ef95be5a49c48b3804', 'd28a3fcb2e7c461cb483222be426f433', 1, '产品服务协议', 'eeZRyEm7vbDA0Lxi1n6NDNDfMbS3FBKFV1I5u28WftFIskiH4SusbdejbsUQMFXYeTZ7DiuHw1oBGWDFrBSCRaNbJDbrUpMUlZVHCnkly3TKc@@@@lCM6kGFw==', '5VFbtjRSP9eHX@@@@3H$$$$LTFZHMFWXdll9IAoUrn7BPXz2yXtq3TplNQwvXJ@@@@yh5@@@@XRKsF5R58jYF0yMf8RwG81MveUcQKWFFto87Rn6ux68ISiTrLsa7YUbZw==', datetime.datetime(2024, 11, 18, 14, 55, 32), '2024-11-18 14:54:09', 'YSTG10A24111800002', None, 'eqoh5xxl$$$$ZHJkZo7HfytjEyYA801VLRe$$$$pS78cSF3nsGRbaNikpsiSE1WU2duLjukCxhu6DZB852D2oIq8h6Tjgfi3ceE1Sy1qt8tLpV1fbyfVzzlCog5$$$$tVfGj2T0WoXDDix47TcowNW1Zd59ToaPXD3r69j7AYsP8qFtsHIDi5qVn14z3VgcAL$$$$tubvjpyWSjyKotZtA4L3dphwNqvHHk2ew4rh8NaARlgxawUgkWjWyQ261KTFJWVRwp5Jct0d@@@@NrlySjKXplUsGwiHEE2wvd2mHA2q8ceTZ7DiuHw1oBGWDFrBSCRaNbJDbrUpMUlZVHCnkly3RVciKiMhbRwQ==', datetime.datetime(2024, 11, 18, 14, 54, 21), datetime.datetime(2024, 11, 18, 14, 54, 21)),)

[2024-11-22 10:51:20,327] [database.py] [line:139] [INFO] # 风险测评id：41109
[2024-11-22 10:51:20,646] [database.py] [line:204] [INFO] # order_ids:('20241108133942188800',)
[2024-11-22 10:51:20,674] [database.py] [line:207] [INFO] # 更新v2_work_crm_order_main_status表is_cancellation成功！
[2024-11-22 10:51:20,744] [database.py] [line:231] [INFO] # app `stock-rubik-cube`.contract_new数据列表：
((218896, '20241118145258888917', 3338203510512787459, 'YSTG10A24111800002', 0, 'service', 0, datetime.date(2024, 11, 18), 'c92a4ea7215243ef95be5a49c48b3804', 'ad8d51ecc8954500a8ac1af6753be930', 'AAAAAAq8uroAAAAAAAfQvyIUaN5/+fTTchKWIuLv90rQvAwLKJ7fgAdlBuAI43VLK3wrIWXUY0C23Tuufd+CGDRjWEw+/Tff7kF1eGkfXs7GzeS7+a6XGlmYRV+ZMbtnO/GtR2Du44Ova2OBx8Dep1Z+Z9+zKZbfEMKsaeuLEBZpqQPyJHrXTOaf+5A5ea/G+erFp22epNCNSQ0c1AVR1ZaaZMMSErRee9VtgY2yCINbkfE/SSm1+R4n4T4D3Wx3Lg7yoWg8ckj8Atqx4QxEpKUQ1cqQtQw7GiT78/1ZjJTXb4dGDmy0EDMoUTM9XXA+5EvAPJxyZpLVzNq2MzUuePTSOmk0uRsE2KsNBgpK6lgjBrEwHXWkj8QMUR5as5HOkZ9M+oA+lc3dR4g0tQHv5rN9BAlHKwjI/ksvnOKu9rRvPsWGkLfSqC5vAJTxURLjCD6FlR0m0Tz38wvuNasWQtCxLRGP+WWKG7aYKAfd/1wMS6x+H61y/uW4cuGisHOCGlb+rpf/BRJrsNJje7ZZSWvecSedsuPiA1WPi2m6Gr9Y6DeKOuwmsd/BdNSWCAvf8cUfdXLuJJbVwJGzrK36RwTG+R2uEoOzBaN7kbkHU+qZM9yYW4DZK4XgqBbFPfvPn8QImofk/zxG2hSN1xjlfxLkUy5X7kxQfV8=', 'AAAAAAq8uroAAAAAAAfQwLbtQ8tYVTFBJEzS8LilX9knxpgrX6qLKutybgXxQhwihQoIeSJie+B5d4zY4JxoBzLBqQp1d09ThRZmv90Z2eevzApDAAY1fIZOF+pJRzen/XulpBNKFbJtNIYsBKr+bW0JziM=', datetime.datetime(2024, 11, 18, 14, 54, 9), datetime.datetime(2024, 11, 18, 14, 53, 6), datetime.datetime(2024, 11, 18, 14, 55, 33), 0, '', 2, ''), (218902, '20241118145258888917', 3338203510512787459, '', 1, 'termination', 0, None, '', '', '', '', None, datetime.datetime(2024, 11, 22, 10, 47, 18), datetime.datetime(2024, 11, 22, 10, 47, 18), 0, '', 2, ''))

[2024-11-22 10:51:20,744] [database.py] [line:235] [INFO] # app `stock-rubik-cube`.contract_new数据：
(218896, '20241118145258888917', 3338203510512787459, 'YSTG10A24111800002', 0, 'service', 0, datetime.date(2024, 11, 18), 'c92a4ea7215243ef95be5a49c48b3804', 'ad8d51ecc8954500a8ac1af6753be930', 'AAAAAAq8uroAAAAAAAfQvyIUaN5/+fTTchKWIuLv90rQvAwLKJ7fgAdlBuAI43VLK3wrIWXUY0C23Tuufd+CGDRjWEw+/Tff7kF1eGkfXs7GzeS7+a6XGlmYRV+ZMbtnO/GtR2Du44Ova2OBx8Dep1Z+Z9+zKZbfEMKsaeuLEBZpqQPyJHrXTOaf+5A5ea/G+erFp22epNCNSQ0c1AVR1ZaaZMMSErRee9VtgY2yCINbkfE/SSm1+R4n4T4D3Wx3Lg7yoWg8ckj8Atqx4QxEpKUQ1cqQtQw7GiT78/1ZjJTXb4dGDmy0EDMoUTM9XXA+5EvAPJxyZpLVzNq2MzUuePTSOmk0uRsE2KsNBgpK6lgjBrEwHXWkj8QMUR5as5HOkZ9M+oA+lc3dR4g0tQHv5rN9BAlHKwjI/ksvnOKu9rRvPsWGkLfSqC5vAJTxURLjCD6FlR0m0Tz38wvuNasWQtCxLRGP+WWKG7aYKAfd/1wMS6x+H61y/uW4cuGisHOCGlb+rpf/BRJrsNJje7ZZSWvecSedsuPiA1WPi2m6Gr9Y6DeKOuwmsd/BdNSWCAvf8cUfdXLuJJbVwJGzrK36RwTG+R2uEoOzBaN7kbkHU+qZM9yYW4DZK4XgqBbFPfvPn8QImofk/zxG2hSN1xjlfxLkUy5X7kxQfV8=', 'AAAAAAq8uroAAAAAAAfQwLbtQ8tYVTFBJEzS8LilX9knxpgrX6qLKutybgXxQhwihQoIeSJie+B5d4zY4JxoBzLBqQp1d09ThRZmv90Z2eevzApDAAY1fIZOF+pJRzen/XulpBNKFbJtNIYsBKr+bW0JziM=', datetime.datetime(2024, 11, 18, 14, 54, 9), datetime.datetime(2024, 11, 18, 14, 53, 6), datetime.datetime(2024, 11, 18, 14, 55, 33), 0, '', 2, '')

[2024-11-22 10:51:20,744] [database.py] [line:235] [INFO] # app `stock-rubik-cube`.contract_new数据：
(218902, '20241118145258888917', 3338203510512787459, '', 1, 'termination', 0, None, '', '', '', '', None, datetime.datetime(2024, 11, 22, 10, 47, 18), datetime.datetime(2024, 11, 22, 10, 47, 18), 0, '', 2, '')

[2024-11-22 10:51:20,771] [database.py] [line:242] [INFO] # app `stock-rubik-cube`.`order`数据列表：
((626, '20241118145258888917', 3338203510512787459, '20241108133942188800', '私人定制', '10123', '私人定制', '168000', '0.22', 1, datetime.datetime(2024, 11, 18, 14, 55, 16), 'R3', 6, 0, datetime.datetime(2024, 11, 18, 14, 55, 33), 0, '', None, '0.15', 0, datetime.datetime(2024, 11, 18, 0, 0), datetime.datetime(2024, 11, 19, 23, 59, 59), datetime.datetime(2024, 11, 18, 14, 52, 58), datetime.datetime(2024, 11, 22, 10, 49, 29), 1, None, '王松', '', 'YSTG10H24111800002', 0, datetime.datetime(2024, 11, 19, 23, 59, 59), 0, 0, '', '0.15', 1, '', 0),)

[2024-11-22 10:51:20,771] [database.py] [line:250] [INFO] # app用户id：3338203510512787459

[2024-11-22 10:51:20,986] [database.py] [line:278] [INFO] # app `stock-rubik-cube`.user_order_product数据列表：
()

[2024-11-22 10:51:21,051] [database.py] [line:302] [INFO] # 更新work_crm_base_user表u_expire_date成功！
[2024-11-22 10:52:26,342] [log.py] [line:31] [INFO] # ======Start printing logs======
[2024-11-22 10:52:28,372] [database.py] [line:75] [INFO] # 退款订单id列表：['20241108133942188800']
[2024-11-22 10:52:28,372] [database.py] [line:80] [INFO] # 
退款订单号：20241108133942188800
[2024-11-22 10:52:28,393] [database.py] [line:92] [INFO] # 退款订单unionid：oAESl0QRB8mndRVJFs69e5o8JZi0，kill_order：20241107220023394395
[2024-11-22 10:52:28,427] [database.py] [line:102] [INFO] # v2_work_crm_order_main 数据列表：
((48810, '20241108133942188800', 10130, 2, 2, 1, 3, '1731044469', '', 'oAESl0QRB8mndRVJFs69e5o8JZi0', '赵楠', 'H4qNWOvOwe$$$$A$$$$rqaPhQyIw==', datetime.datetime(2024, 11, 8, 13, 41, 26), datetime.datetime(2024, 11, 9, 13, 41, 26), 1, 41, datetime.datetime(2024, 12, 20, 13, 41, 26), None, None, None, 0, datetime.datetime(2024, 11, 8, 13, 39, 42), datetime.datetime(2024, 11, 8, 13, 39, 42)),)

[2024-11-22 10:52:28,447] [database.py] [line:109] [INFO] # v2_work_crm_order_main_son 数据列表：
()

[2024-11-22 10:52:28,482] [database.py] [line:116] [INFO] # v2_work_crm_order_main_status 数据列表：
((48967, '20241108133942188800', 1, 1, 2, 1, datetime.datetime(2024, 11, 8, 13, 41, 26), 3, 0, 888906, 888889, 'ww559fe0cfbd65d9b8', '水相知天下', 'WangSong', 'LiYongLei', 1, 2, 0, '趋势智投-钻石版', 7, 'qszt-2', '这是趋势智投-钻石版的描述', 1, 7, 0, '20241107220023394395', '20241107220023394395', 0, 0, 'oAESl0QRB8mndRVJFs69e5o8JZi0', 2, 2, '1731044469', 1, 7, '', '', 0, datetime.datetime(2024, 11, 8, 13, 39, 42), None, datetime.datetime(2024, 11, 8, 13, 41, 26), 0, '888889', '888912', '888913', '888914', '888889,888907,888910', '888915,888924', '888916,888925,888936', '888917,888926', '101766,888906,888907', '888918,888978', '888919,888951', '888920'),)

[2024-11-22 10:52:28,502] [database.py] [line:122] [INFO] # v2_work_crm_hegui 数据列表：
((687, '20241108133942188800', 'oAESl0QRB8mndRVJFs69e5o8JZi0', 1, 101371, '', 1, 0, 1, None, None, 1, None, None, None, None, 1, datetime.datetime(2024, 11, 8, 13, 40, 41), datetime.datetime(2024, 11, 8, 13, 41, 26)),)

[2024-11-22 10:52:28,522] [database.py] [line:128] [INFO] # v2_work_crm_order_contract 数据列表：
((43780, '20241108133942188800', 'b7152a5b35604656a7439c1a605cce81', 'b4261e68a22146daaaf38e2e6b863b0a', 'd28a3fcb2e7c461cb483222be426f433', 1, '产品服务协议', 'eeZRyEm7vbDA0Lxi1n6NDNDfMbS3FBKFV1I5u28WftFIskiH4SusbdejbsUQMFXYeTZ7DiuHw1rWLY6YQCptHIPZ09$$$$jhM66lZVHCnkly3TKc@@@@lCM6kGFw==', '5VFbtjRSP9eHX@@@@3H$$$$LTFZHMFWXdll9IAoUrn7BPXz2yXtq3TplNQwvXJ@@@@yh5@@@@XRKsF5R58jYF0yMf8RwG81MvY2RPk6yMOjp7Rn6ux68ISiTrLsa7YUbZw==', datetime.datetime(2024, 11, 8, 13, 41, 26), '2024-11-08 13:40:29', 'YSTG10A24110800001', None, 'eqoh5xxl$$$$ZHJkZo7HfytjEyYA801VLRe$$$$pS78cSF3nsGRbaNikpsiSE1WU2duLjukCxhu6DZB852D2oIq8h6Tjgfi3ceE1Sy7kzCF@@@@pPiNjAKeUirii3i$$$$tVfGj2T0WoXDDix47TcowNW1Zd59ToaPXD3r69j7AYsP8qFtsHIDi5qVn14z3VgcAL$$$$tubvjpyWSjyKotZtA4L3dphwNqvHHk2ew4rh8Na1i2OmEAqbRyD2dPfo4TOupWVRwp5Jct0d@@@@NrlySjKXplUsGwiHEE2wvd2mHA2q8ceTZ7DiuHw1rWLY6YQCptHIPZ09$$$$jhM66lZVHCnkly3RVciKiMhbRwQ==', datetime.datetime(2024, 11, 8, 13, 40, 41), datetime.datetime(2024, 11, 8, 13, 40, 41)),)

[2024-11-22 10:52:28,542] [database.py] [line:139] [INFO] # 风险测评id：41100
[2024-11-22 10:52:28,845] [database.py] [line:204] [INFO] # order_ids:('20241107220023394395',)
[2024-11-22 10:52:28,867] [database.py] [line:207] [INFO] # 更新v2_work_crm_order_main_status表is_cancellation成功！
[2024-11-22 10:52:28,943] [database.py] [line:231] [INFO] # app `stock-rubik-cube`.contract_new数据列表：
((218883, '20241108133942188800', 3338203510512787459, 'YSTG10A24110800001', 0, 'service', 0, datetime.date(2024, 11, 8), 'b4261e68a22146daaaf38e2e6b863b0a', 'b7152a5b35604656a7439c1a605cce81', 'AAAAAAq8uroAAAAAAAfQkp68xgBfvtlMAj7D891kPwQZsqjE6njeFy8eUkUjXw+K9REGCShwhCwSglms5RncddHnvrbC/wqfYm1g5udaN3oQHgHDxYeanXPHuVqggjMZGlll0FfoUNZxTwn0YS/kacBNaDfLs3OHi8Or2XC8O5NxKZidaVN/GwPnMVm/d2p3YzLq6uNBSf5q/wMbl+s7MWy8NBxOfK9nqjnrxp2Oaw7g1DCoWJKN6dUOKARvBK0JyiXlmFxywZkrxr1k/ZqWcKumWpH8nRaTYc1ncmJcCeytB5/4IwNOrjQ6AafzxQx4WzOVCXDb0pWXoLRDxU8h+qCQxYKiIiYvulUqssSHdE9aklyKQX+aXLhrSp0m2P34J5SJKvg7crEXTHZvf2d5YS2F3TGlChYRUdrAQSTN3Vfh9diztndQwLNQ5BoeW/q2EPcmQXB8GGoKkSNcBBrzwSXr2wWBY4iXhJqkQ5Tfr46vGtObqGCKMg0tpYl1qGmd4vEZv82MC6C/Y/Tuap9t3oTGw/aq8oq/QxeiIEfPVjUd2zwiqF2Zqzd/mE1bFjZtXEskSFL47uCe0FnNOVjB8xSAiCdeawdaYPR1LPw9JXbdphdlpq0x/IJQKdT9U98VNI9wJiJq/5SAmwnLZdaURevbZO8egR16Z0DfdxKA', 'AAAAAAq8uroAAAAAAAfQk2Kx2ZD0NG3N1rS0RfrTBPObTP8JCCO4Z3ITi04xW6QgojudLqPddMm0pzKHXU9IrCXsMjtLOU1CyEesVpYXT9AUAwkOLS7JiIZlEl08Oy4IaI/vfpMFlzr0GHz7fuGPTFdDtXY=', datetime.datetime(2024, 11, 8, 13, 40, 29), datetime.datetime(2024, 11, 8, 13, 39, 46), datetime.datetime(2024, 11, 8, 13, 41, 26), 0, '', 2, ''),)

[2024-11-22 10:52:28,943] [database.py] [line:235] [INFO] # app `stock-rubik-cube`.contract_new数据：
(218883, '20241108133942188800', 3338203510512787459, 'YSTG10A24110800001', 0, 'service', 0, datetime.date(2024, 11, 8), 'b4261e68a22146daaaf38e2e6b863b0a', 'b7152a5b35604656a7439c1a605cce81', 'AAAAAAq8uroAAAAAAAfQkp68xgBfvtlMAj7D891kPwQZsqjE6njeFy8eUkUjXw+K9REGCShwhCwSglms5RncddHnvrbC/wqfYm1g5udaN3oQHgHDxYeanXPHuVqggjMZGlll0FfoUNZxTwn0YS/kacBNaDfLs3OHi8Or2XC8O5NxKZidaVN/GwPnMVm/d2p3YzLq6uNBSf5q/wMbl+s7MWy8NBxOfK9nqjnrxp2Oaw7g1DCoWJKN6dUOKARvBK0JyiXlmFxywZkrxr1k/ZqWcKumWpH8nRaTYc1ncmJcCeytB5/4IwNOrjQ6AafzxQx4WzOVCXDb0pWXoLRDxU8h+qCQxYKiIiYvulUqssSHdE9aklyKQX+aXLhrSp0m2P34J5SJKvg7crEXTHZvf2d5YS2F3TGlChYRUdrAQSTN3Vfh9diztndQwLNQ5BoeW/q2EPcmQXB8GGoKkSNcBBrzwSXr2wWBY4iXhJqkQ5Tfr46vGtObqGCKMg0tpYl1qGmd4vEZv82MC6C/Y/Tuap9t3oTGw/aq8oq/QxeiIEfPVjUd2zwiqF2Zqzd/mE1bFjZtXEskSFL47uCe0FnNOVjB8xSAiCdeawdaYPR1LPw9JXbdphdlpq0x/IJQKdT9U98VNI9wJiJq/5SAmwnLZdaURevbZO8egR16Z0DfdxKA', 'AAAAAAq8uroAAAAAAAfQk2Kx2ZD0NG3N1rS0RfrTBPObTP8JCCO4Z3ITi04xW6QgojudLqPddMm0pzKHXU9IrCXsMjtLOU1CyEesVpYXT9AUAwkOLS7JiIZlEl08Oy4IaI/vfpMFlzr0GHz7fuGPTFdDtXY=', datetime.datetime(2024, 11, 8, 13, 40, 29), datetime.datetime(2024, 11, 8, 13, 39, 46), datetime.datetime(2024, 11, 8, 13, 41, 26), 0, '', 2, '')

[2024-11-22 10:52:28,987] [database.py] [line:242] [INFO] # app `stock-rubik-cube`.`order`数据列表：
((616, '20241108133942188800', 3338203510512787459, '20241107220023394395', '趋势智投-钻石版', '10130', '趋势智投-钻石版', '29800', '0.07', 1, datetime.datetime(2024, 11, 8, 13, 41, 9), 'R3', 12, 0, datetime.datetime(2024, 11, 8, 13, 41, 26), 0, '', None, '', 0, datetime.datetime(2024, 11, 8, 0, 0), datetime.datetime(2025, 1, 10, 23, 59, 59), datetime.datetime(2024, 11, 8, 13, 39, 42), datetime.datetime(2024, 11, 18, 14, 56), 1, None, '王松', '', 'YSTG10H24110800001', 62, datetime.datetime(2024, 11, 9, 23, 59, 59), 0, 0, '', '0.02', 1, '', 0),)

[2024-11-22 10:52:28,987] [database.py] [line:250] [INFO] # app用户id：3338203510512787459

[2024-11-22 10:52:29,040] [database.py] [line:278] [INFO] # app `stock-rubik-cube`.user_order_product数据列表：
()

[2024-11-22 10:52:29,109] [database.py] [line:302] [INFO] # 更新work_crm_base_user表u_expire_date成功！
[2024-11-22 10:53:01,441] [log.py] [line:31] [INFO] # ======Start printing logs======
[2024-11-22 10:53:03,916] [database.py] [line:75] [INFO] # 退款订单id列表：['20241107220023394395']
[2024-11-22 10:53:03,916] [database.py] [line:80] [INFO] # 
退款订单号：20241107220023394395
[2024-11-22 10:53:03,937] [database.py] [line:92] [INFO] # 退款订单unionid：oAESl0QRB8mndRVJFs69e5o8JZi0，kill_order：
[2024-11-22 10:53:03,973] [database.py] [line:102] [INFO] # v2_work_crm_order_main 数据列表：
((48809, '20241107220023394395', 10125, 5, 5, 1, 3, '1731036038', '', 'oAESl0QRB8mndRVJFs69e5o8JZi0', '赵楠', 'H4qNWOvOwe$$$$A$$$$rqaPhQyIw==', datetime.datetime(2024, 11, 8, 11, 20, 53), datetime.datetime(2024, 11, 9, 11, 20, 53), 1, 10, datetime.datetime(2024, 11, 19, 11, 20, 53), None, None, None, 0, datetime.datetime(2024, 11, 7, 22, 0, 23), datetime.datetime(2024, 11, 7, 22, 0, 23)),)

[2024-11-22 10:53:03,994] [database.py] [line:109] [INFO] # v2_work_crm_order_main_son 数据列表：
()

[2024-11-22 10:53:04,029] [database.py] [line:116] [INFO] # v2_work_crm_order_main_status 数据列表：
((48966, '20241107220023394395', 1, 1, 2, 1, datetime.datetime(2024, 11, 8, 11, 20, 53), 3, 0, 888910, 888910, 'ww559fe0cfbd65d9b8', '水相知天下', 'ChengGongJin', 'ChengGongJin', 1, 2, 0, '趋势智投-铂金版', 5, 'qszt-2', '这是趋势智投-铂金版的描述', 1, 6, 0, '20241022205440773255', '', 0, 0, 'oAESl0QRB8mndRVJFs69e5o8JZi0', 5, 5, '1731036038', 1, 0, '', '', 0, datetime.datetime(2024, 11, 7, 22, 0, 23), None, datetime.datetime(2024, 11, 8, 11, 20, 53), 0, '888889', '888912', '888913', '888914', '888907,888910', '888915', '888916,888936', '888917', '101766,888906,888907', '888918,888978', '888919,888951', '888920'),)

[2024-11-22 10:53:04,050] [database.py] [line:122] [INFO] # v2_work_crm_hegui 数据列表：
((686, '20241107220023394395', 'oAESl0QRB8mndRVJFs69e5o8JZi0', 1, 101371, '', 1, 0, 1, None, None, 1, None, None, None, None, 1, datetime.datetime(2024, 11, 8, 11, 18, 13), datetime.datetime(2024, 11, 8, 11, 20, 53)),)

[2024-11-22 10:53:04,072] [database.py] [line:128] [INFO] # v2_work_crm_order_contract 数据列表：
((43779, '20241107220023394395', '27c7c710f3c34c94ab1a521a30b20c19', '14d86210d3ab439e8876019f294b8aa7', 'd28a3fcb2e7c461cb483222be426f433', 1, '产品服务协议', 'eeZRyEm7vbDA0Lxi1n6NDNDfMbS3FBKFV1I5u28WftFIskiH4SusbdejbsUQMFXYeTZ7DiuHw1rWLY6YQCptHA4AW2@@@@YP0evlZVHCnkly3TKc@@@@lCM6kGFw==', '5VFbtjRSP9eHX@@@@3H$$$$LTFZHMFWXdll9IAoUrn7BPXz2yXtq3TplNQwvXJ@@@@yh5@@@@XRKsF5R58jYF0yMf8RwG81MvU@@@@djMl67Sju7Rn6ux68ISiTrLsa7YUbZw==', datetime.datetime(2024, 11, 8, 11, 20, 53), '2024-11-07 22:04:43', 'YSTG10A24110700002', None, 'eqoh5xxl$$$$ZHJkZo7HfytjEyYA801VLRe$$$$pS78cSF3nsGRbaNikpsiSE1WU2duLjukCxhu6DZB852D2oIq8h6Tjgfi3ceE1SyV4x72cDk69zyfVzzlCog5$$$$tVfGj2T0WoXDDix47TcowNW1Zd59ToaPXD3r69j7AYsP8qFtsHIDi5qVn14z3VgcAL$$$$tubvjpyWSjyKotZtA4L3dphwNqvHHk2ew4rh8Na1i2OmEAqbRwOAFtv2D9Hr5WVRwp5Jct0d@@@@NrlySjKXplUsGwiHEE2wvd2mHA2q8ceTZ7DiuHw1rWLY6YQCptHA4AW2@@@@YP0evlZVHCnkly3RVciKiMhbRwQ==', datetime.datetime(2024, 11, 8, 11, 18, 13), datetime.datetime(2024, 11, 8, 11, 18, 13)),)

[2024-11-22 10:53:04,093] [database.py] [line:139] [INFO] # 风险测评id：41099
[2024-11-22 10:53:04,468] [database.py] [line:231] [INFO] # app `stock-rubik-cube`.contract_new数据列表：
((218882, '20241107220023394395', 3338203510512787459, 'YSTG10A24110700002', 0, 'service', 0, datetime.date(2024, 11, 7), '14d86210d3ab439e8876019f294b8aa7', '27c7c710f3c34c94ab1a521a30b20c19', 'AAAAAAq8uroAAAAAAAfQkCOQlntQ/iuJgjAMHqMuZyGITjpzAr3rEA0BJJvXexWHy95/Hhc+01GkKTBi3MyxpDGELXUP+hEebOagGFcNTm12wgj3jlNgSYbrXd+VvXzyfMXtUQHHXbdTi2S9geHntFEmFFcowx6HQJGSh3v/S8dAKjb7HjdjnTR5S1amNAJ4piVEXMLxHaKmEYK+3guJ/ilequoHueUbI2VWpQKgbWs/A+Vd7h888luDG8lv9wLwsKWVzCWoeqOV/dEECzk03vamzwG5EPEEn6KyUci1MVnZOe9QtQa1B2lrIEg/Hpk3SKqdGM8AVdl/khZjZrawwIwF1PHdIzdpyVt8g+STjvXBgN2MtbzibDW7PUcfNVfHub7U/3E87kTdjfW7hYRbppxeDlm8MToM4EFzJeu1cS6A4zeMnKM5HTnYJ2eTlAp2IOgqNhnjL0LK3pXPXVU1HIsun0VXjkG5C1Gl8/31RZiOFY1/HC3/JKl9YMr8FjC3uCrcoOhe7rbS9aV7Fo3n4K+lbD6Q1gQqbCYHJc8JwPcbpcrT50ejQoaBe87WENQU0t61IBWnoJg2cVVCvD2lMes/6eUdAYi8ZMFvAnhQRNvEdyFJId/ljc1+7iyZsqqVzuuCJZck7N+EtoyKRvNLNWG9cMqB36EGBlTLl/Mp3jY=', 'AAAAAAq8uroAAAAAAAfQkSdKrM/REzCHKRjdbt+JJrBkTQFzqCgLdLRN7YnklQa6u6skvOZXKMi+IaDvVRKcY2qa1zSrz8LilMN6GPrZMYwV8qodhpJrLmVRVtUa66cV7BHREBt1K8GJKQldYL0njiLnz7E=', datetime.datetime(2024, 11, 7, 22, 4, 43), datetime.datetime(2024, 11, 7, 22, 0, 28), datetime.datetime(2024, 11, 8, 11, 20, 53), 0, '', 2, ''),)

[2024-11-22 10:53:04,468] [database.py] [line:235] [INFO] # app `stock-rubik-cube`.contract_new数据：
(218882, '20241107220023394395', 3338203510512787459, 'YSTG10A24110700002', 0, 'service', 0, datetime.date(2024, 11, 7), '14d86210d3ab439e8876019f294b8aa7', '27c7c710f3c34c94ab1a521a30b20c19', 'AAAAAAq8uroAAAAAAAfQkCOQlntQ/iuJgjAMHqMuZyGITjpzAr3rEA0BJJvXexWHy95/Hhc+01GkKTBi3MyxpDGELXUP+hEebOagGFcNTm12wgj3jlNgSYbrXd+VvXzyfMXtUQHHXbdTi2S9geHntFEmFFcowx6HQJGSh3v/S8dAKjb7HjdjnTR5S1amNAJ4piVEXMLxHaKmEYK+3guJ/ilequoHueUbI2VWpQKgbWs/A+Vd7h888luDG8lv9wLwsKWVzCWoeqOV/dEECzk03vamzwG5EPEEn6KyUci1MVnZOe9QtQa1B2lrIEg/Hpk3SKqdGM8AVdl/khZjZrawwIwF1PHdIzdpyVt8g+STjvXBgN2MtbzibDW7PUcfNVfHub7U/3E87kTdjfW7hYRbppxeDlm8MToM4EFzJeu1cS6A4zeMnKM5HTnYJ2eTlAp2IOgqNhnjL0LK3pXPXVU1HIsun0VXjkG5C1Gl8/31RZiOFY1/HC3/JKl9YMr8FjC3uCrcoOhe7rbS9aV7Fo3n4K+lbD6Q1gQqbCYHJc8JwPcbpcrT50ejQoaBe87WENQU0t61IBWnoJg2cVVCvD2lMes/6eUdAYi8ZMFvAnhQRNvEdyFJId/ljc1+7iyZsqqVzuuCJZck7N+EtoyKRvNLNWG9cMqB36EGBlTLl/Mp3jY=', 'AAAAAAq8uroAAAAAAAfQkSdKrM/REzCHKRjdbt+JJrBkTQFzqCgLdLRN7YnklQa6u6skvOZXKMi+IaDvVRKcY2qa1zSrz8LilMN6GPrZMYwV8qodhpJrLmVRVtUa66cV7BHREBt1K8GJKQldYL0njiLnz7E=', datetime.datetime(2024, 11, 7, 22, 4, 43), datetime.datetime(2024, 11, 7, 22, 0, 28), datetime.datetime(2024, 11, 8, 11, 20, 53), 0, '', 2, '')

[2024-11-22 10:53:04,496] [database.py] [line:242] [INFO] # app `stock-rubik-cube`.`order`数据列表：
((615, '20241107220023394395', 3338203510512787459, '20241022205440773255', '趋势智投-铂金版', '10125', '趋势智投-铂金版', '23800', '0.05', 1, datetime.datetime(2024, 11, 8, 11, 20, 38), 'R3', 12, 0, datetime.datetime(2024, 11, 8, 11, 20, 53), 0, '', None, '', 0, datetime.datetime(2024, 11, 8, 0, 0), datetime.datetime(2024, 11, 19, 23, 59, 59), datetime.datetime(2024, 11, 7, 22, 0, 23), datetime.datetime(2024, 11, 8, 13, 41, 30), 1, None, '程恭谨', '', 'YSTG10H24110700002', 10, datetime.datetime(2024, 11, 9, 23, 59, 59), 0, 0, '', '0.05', 1, '', 0),)

[2024-11-22 10:53:04,496] [database.py] [line:250] [INFO] # app用户id：3338203510512787459

[2024-11-22 10:53:04,539] [database.py] [line:278] [INFO] # app `stock-rubik-cube`.user_order_product数据列表：
()

[2024-11-22 10:53:04,598] [database.py] [line:302] [INFO] # 更新work_crm_base_user表u_expire_date成功！
[2024-11-22 11:10:02,124] [log.py] [line:31] [INFO] # ======Start printing logs======
[2024-11-22 11:10:04,419] [database.py] [line:75] [INFO] # 退款订单id列表：['20241122105331166471']
[2024-11-22 11:10:04,420] [database.py] [line:80] [INFO] # 
退款订单号：20241122105331166471
[2024-11-22 11:10:04,437] [database.py] [line:92] [INFO] # 退款订单unionid：oAESl0QRB8mndRVJFs69e5o8JZi0，kill_order：
[2024-11-22 11:10:04,467] [database.py] [line:102] [INFO] # v2_work_crm_order_main 数据列表：
((48826, '20241122105331166471', 10126, 7, 7, 1, 3, '1732244144', '', 'oAESl0QRB8mndRVJFs69e5o8JZi0', '赵楠', 'H4qNWOvOwe$$$$A$$$$rqaPhQyIw==', None, None, 1, 0, None, None, None, None, 0, datetime.datetime(2024, 11, 22, 10, 53, 31), datetime.datetime(2024, 11, 22, 10, 53, 31)),)

[2024-11-22 11:10:04,491] [database.py] [line:109] [INFO] # v2_work_crm_order_main_son 数据列表：
()

[2024-11-22 11:10:04,522] [database.py] [line:116] [INFO] # v2_work_crm_order_main_status 数据列表：
((48983, '20241122105331166471', 1, 1, 2, 4, datetime.datetime(2024, 11, 22, 10, 56, 11), 2, 0, 888910, 888910, 'ww559fe0cfbd65d9b8', '水相知天下', 'ChengGongJin', 'ChengGongJin', 1, 2, 0, '趋势智投-钻石版', 7, 'qszt-2', '这是趋势智投-钻石版的描述', 1, 7, 0, '20241022205440773255', '', 0, 0, 'oAESl0QRB8mndRVJFs69e5o8JZi0', 7, 7, '1732244144', 1, 7, '', '', 0, datetime.datetime(2024, 11, 22, 10, 53, 31), None, None, 0, '888889', '888924', '888925', '888926', '888910', '888924', '888925', '888926', '101766,888906,888907', ',888918', ',888919', ',888920'),)

[2024-11-22 11:10:04,540] [database.py] [line:122] [INFO] # v2_work_crm_hegui 数据列表：
((700, '20241122105331166471', 'oAESl0QRB8mndRVJFs69e5o8JZi0', 4, 101371, '555', 0, 0, 0, None, None, 1, None, None, None, None, 1, datetime.datetime(2024, 11, 22, 10, 54, 21), datetime.datetime(2024, 11, 22, 10, 56, 11)),)

[2024-11-22 11:10:04,558] [database.py] [line:128] [INFO] # v2_work_crm_order_contract 数据列表：
((43800, '20241122105331166471', '7e5293ef1500452a829eb18a51d67d6f', 'c2dbc26c32f04b1090b9f9beb1124ca6', 'd28a3fcb2e7c461cb483222be426f433', 1, '产品服务协议-测试', None, '5VFbtjRSP9c7CZnanI3IRNPGIqL3XO9ADgf2Ad7asTUreGnYBhwAgnw2rCW1h9id4@@@@HfyusATJPKnXRJ0T0$$$$INFitnTKopC9TcMo1HHPFdqptp0fNvxiXfnrEVc6ZthVU6EOOickthV1s40cs6w8JgsnlKpKWTeMz2eqZ8eIw3jnRBl$$$$Lj82YvcKevwDYCGnGgfeaz3lmtjs0a8tP0Hii9Nu12e1FsS7CC2lV948DuExbziphEHR3E@@@@LHOCy@@@@QOnGf2jW$$$$mX7NlBsyqE24POxnuWEW3h5jS@@@@qy6FE1j1hJpVJXW$$$$7zoxzXzTH$$$$pRiUjbFkfYCtH8YtcCV2PqqZdWlvkplKFaAOPyW7Ve2JM21oyiy@@@@pKnkd5zxzU06HjGIGCOAim2nTtqeq3KvobV0MdNKlgsvT4nFUgrU95Jbj6pBNB2jY$$$$Noee3CTLIb59Z4HPdDeFKSFmf2a5@@@@Ih9WvJ1zudVt2x1i2S9YlUmnn51SJRyvpDpV4Bv2norLVY6Nz6FHjcfjITwOcORXhZYOSq$$$$HToLPMPZtl9H1ia$$$$kGcRsTyQwPVX4O1Zpd$$$$1KGzjhwVBtKdv4eJrF06b$$$$yyH4ClR7tZi7SG3wKlmUl47@@@@orPOEcujK@@@@OuqtgaAuiyb6q3z0J', None, '2024-11-22 10:54:20', 'YSTG10A24112200001', None, None, datetime.datetime(2024, 11, 22, 10, 54, 21), datetime.datetime(2024, 11, 22, 10, 54, 21)),)

[2024-11-22 11:10:04,588] [database.py] [line:139] [INFO] # 风险测评id：41113
[2024-11-22 11:10:04,623] [database.py] [line:152] [INFO] # 退款id：842
[2024-11-22 11:10:04,988] [database.py] [line:231] [INFO] # app `stock-rubik-cube`.contract_new数据列表：
((218903, '20241122105331166471', 3338203510512787459, 'YSTG10A24112200001', 0, 'service', 0, datetime.date(2024, 11, 22), 'c2dbc26c32f04b1090b9f9beb1124ca6', '7e5293ef1500452a829eb18a51d67d6f', 'AAAAAAq8uroAAAAAAAfQzH1Qqcjz6vrKrgz0nywoO04DCqYozTg6DT1JZMiV9CuOKs8CPM9cIBNoM423nWS4OvSAieZr1I8uVLYeDuRjws/xJp/RqRMLEdOJrIzhRC20hgC/evNtS2JFioM/pU5fmaaY6b5Qyp7k7VHcwOCP0c61B3Gz14ykPJiY4o60QI/cZwml02XuT9v0WKP79t6sNMGAx4H5VFFBktc+IAM2ZnVM5yu3XKqAueAvEULYsowcW7/IYbO4o4GX/6GoCCjtjwkI1OCn8BTVWvDOQsvKMGseECZq812SjifyZ//bw8m9ESo6eU/Y0dTY1fXrmWEIUvfnRiC4fDlxHn3bgj+29HlHW3gpEIRl+/IaKT0XYUq4ciYHKw3guahgr9B66R3/XJi4a5Q/+3R5kmfrKD9gdtUZtIu1SXVSc65cIDzwaUS2PbjEp7zWoHzuCQHw474anNiS+R2H4oPtcUPG1zJ6u7nniSTJ+ZJLNhqkYU+hyqIU2RCjVdgRmRUwJ/FX6cfBVmlyknYo6pbByKzZUvavGEJmdXgQU+yM+Qn3wqK79RIPmhMXtg3NV6eTiric3Alc4v9PeKU1JQ7j+LvfHwEh0J5cO8USiQui7PLeL/ebnt6Ilu782/9lfWmuCICmrpzqEMNE5/d4V+XWVq/E5v4C', '', datetime.datetime(2024, 11, 22, 10, 54, 20), datetime.datetime(2024, 11, 22, 10, 53, 36), datetime.datetime(2024, 11, 22, 10, 54, 20), 0, '', 2, ''),)

[2024-11-22 11:10:04,988] [database.py] [line:235] [INFO] # app `stock-rubik-cube`.contract_new数据：
(218903, '20241122105331166471', 3338203510512787459, 'YSTG10A24112200001', 0, 'service', 0, datetime.date(2024, 11, 22), 'c2dbc26c32f04b1090b9f9beb1124ca6', '7e5293ef1500452a829eb18a51d67d6f', 'AAAAAAq8uroAAAAAAAfQzH1Qqcjz6vrKrgz0nywoO04DCqYozTg6DT1JZMiV9CuOKs8CPM9cIBNoM423nWS4OvSAieZr1I8uVLYeDuRjws/xJp/RqRMLEdOJrIzhRC20hgC/evNtS2JFioM/pU5fmaaY6b5Qyp7k7VHcwOCP0c61B3Gz14ykPJiY4o60QI/cZwml02XuT9v0WKP79t6sNMGAx4H5VFFBktc+IAM2ZnVM5yu3XKqAueAvEULYsowcW7/IYbO4o4GX/6GoCCjtjwkI1OCn8BTVWvDOQsvKMGseECZq812SjifyZ//bw8m9ESo6eU/Y0dTY1fXrmWEIUvfnRiC4fDlxHn3bgj+29HlHW3gpEIRl+/IaKT0XYUq4ciYHKw3guahgr9B66R3/XJi4a5Q/+3R5kmfrKD9gdtUZtIu1SXVSc65cIDzwaUS2PbjEp7zWoHzuCQHw474anNiS+R2H4oPtcUPG1zJ6u7nniSTJ+ZJLNhqkYU+hyqIU2RCjVdgRmRUwJ/FX6cfBVmlyknYo6pbByKzZUvavGEJmdXgQU+yM+Qn3wqK79RIPmhMXtg3NV6eTiric3Alc4v9PeKU1JQ7j+LvfHwEh0J5cO8USiQui7PLeL/ebnt6Ilu782/9lfWmuCICmrpzqEMNE5/d4V+XWVq/E5v4C', '', datetime.datetime(2024, 11, 22, 10, 54, 20), datetime.datetime(2024, 11, 22, 10, 53, 36), datetime.datetime(2024, 11, 22, 10, 54, 20), 0, '', 2, '')

[2024-11-22 11:10:05,013] [database.py] [line:242] [INFO] # app `stock-rubik-cube`.`order`数据列表：
((631, '20241122105331166471', 3338203510512787459, '20241022205440773255', '趋势智投-钻石版', '10126', '趋势智投-钻石版', '29800', '0.07', 1, datetime.datetime(2024, 11, 22, 10, 55, 44), 'R3', 3, 0, None, 0, '', None, '', 0, None, None, datetime.datetime(2024, 11, 22, 10, 53, 31), datetime.datetime(2024, 11, 22, 10, 55, 45), 1, None, '', '', 'YSTG10H24112200001', 0, None, 0, 0, '', '', 1, '', 0),)

[2024-11-22 11:10:05,013] [database.py] [line:250] [INFO] # app用户id：3338203510512787459

[2024-11-22 11:10:05,141] [database.py] [line:278] [INFO] # app `stock-rubik-cube`.user_order_product数据列表：
()

[2024-11-22 11:10:05,194] [database.py] [line:302] [INFO] # 更新work_crm_base_user表u_expire_date成功！
[2024-11-22 11:19:33,740] [log.py] [line:31] [INFO] # ======Start printing logs======
[2024-11-22 11:19:35,515] [database.py] [line:75] [INFO] # 退款订单id列表：['20241122111043772833']
[2024-11-22 11:19:35,516] [database.py] [line:80] [INFO] # 
退款订单号：20241122111043772833
[2024-11-22 11:19:35,573] [database.py] [line:102] [INFO] # v2_work_crm_order_main 数据列表：
()

[2024-11-22 11:19:35,608] [database.py] [line:109] [INFO] # v2_work_crm_order_main_son 数据列表：
()

[2024-11-22 11:19:35,643] [database.py] [line:116] [INFO] # v2_work_crm_order_main_status 数据列表：
()

[2024-11-22 11:19:35,663] [database.py] [line:122] [INFO] # v2_work_crm_hegui 数据列表：
()

[2024-11-22 11:19:35,685] [database.py] [line:128] [INFO] # v2_work_crm_order_contract 数据列表：
()

[2024-11-22 11:20:33,036] [log.py] [line:31] [INFO] # ======Start printing logs======
[2024-11-22 11:20:34,413] [database.py] [line:75] [INFO] # 退款订单id列表：['20241122111043772833', '']
[2024-11-22 11:20:34,413] [database.py] [line:80] [INFO] # 
退款订单号：20241122111043772833
[2024-11-22 11:20:34,458] [database.py] [line:102] [INFO] # v2_work_crm_order_main 数据列表：
()

[2024-11-22 11:20:34,492] [database.py] [line:109] [INFO] # v2_work_crm_order_main_son 数据列表：
()

[2024-11-22 11:20:34,520] [database.py] [line:116] [INFO] # v2_work_crm_order_main_status 数据列表：
()

[2024-11-22 11:20:34,537] [database.py] [line:122] [INFO] # v2_work_crm_hegui 数据列表：
()

[2024-11-22 11:20:34,554] [database.py] [line:128] [INFO] # v2_work_crm_order_contract 数据列表：
()

[2024-11-22 14:32:56,033] [log.py] [line:31] [INFO] # ======Start printing logs======
[2024-11-22 14:33:22,213] [log.py] [line:31] [INFO] # ======Start printing logs======
[2024-11-22 14:33:24,790] [database.py] [line:75] [INFO] # 退款订单id列表：['20241122112203256985']
[2024-11-22 14:33:24,790] [database.py] [line:80] [INFO] # 
退款订单号：20241122112203256985
[2024-11-22 14:33:24,811] [database.py] [line:92] [INFO] # 退款订单unionid：oAESl0QRB8mndRVJFs69e5o8JZi0，kill_order：
[2024-11-22 14:33:24,849] [database.py] [line:102] [INFO] # v2_work_crm_order_main 数据列表：
((48828, '20241122112203256985', 10126, 7, 7, 1, 3, '1732245931', '', 'oAESl0QRB8mndRVJFs69e5o8JZi0', '赵楠', 'H4qNWOvOwe$$$$A$$$$rqaPhQyIw==', None, None, 1, 0, None, None, None, None, 0, datetime.datetime(2024, 11, 22, 11, 22, 3), datetime.datetime(2024, 11, 22, 11, 22, 3)),)

[2024-11-22 14:33:24,871] [database.py] [line:109] [INFO] # v2_work_crm_order_main_son 数据列表：
()

[2024-11-22 14:33:24,909] [database.py] [line:116] [INFO] # v2_work_crm_order_main_status 数据列表：
((48985, '20241122112203256985', 1, 1, 2, 4, datetime.datetime(2024, 11, 22, 11, 25, 47), 2, 0, 888910, 888910, 'ww559fe0cfbd65d9b8', '水相知天下', 'ChengGongJin', 'ChengGongJin', 1, 2, 0, '趋势智投-钻石版', 7, 'qszt-2', '这是趋势智投-钻石版的描述', 1, 7, 0, '20241022205440773255', '', 0, 0, 'oAESl0QRB8mndRVJFs69e5o8JZi0', 7, 7, '1732245931', 1, 7, '', '', 0, datetime.datetime(2024, 11, 22, 11, 22, 3), None, None, 0, '888889', '888924', '888925', '888926', '888910', '888924', '888925', '888926', '101766,888906,888907', ',888918', ',888919', ',888920'),)

[2024-11-22 14:33:24,931] [database.py] [line:122] [INFO] # v2_work_crm_hegui 数据列表：
((702, '20241122112203256985', 'oAESl0QRB8mndRVJFs69e5o8JZi0', 4, 101371, 's', 0, 0, 0, None, None, 1, None, None, None, None, 1, datetime.datetime(2024, 11, 22, 11, 23, 21), datetime.datetime(2024, 11, 22, 11, 25, 47)),)

[2024-11-22 14:33:24,953] [database.py] [line:128] [INFO] # v2_work_crm_order_contract 数据列表：
((43802, '20241122112203256985', 'bd54a98ff48c4d7aa45e2c41d029bb3d', '1770b594aedc4b389d9ea1db88e05de4', 'd28a3fcb2e7c461cb483222be426f433', 1, '产品服务协议-测试', None, '5VFbtjRSP9c7CZnanI3IRNPGIqL3XO9ADgf2Ad7asTUreGnYBhwAgq@@@@S4FYiYM3p6b0hcvjWVIlKuGYAqR9D9tpC5mcKwnEXdhmkErMdRUqMwzcFpqBip8vZHUX2Q@@@@vWU6EOOickthV1s40cs6w8JgsnlKpKWTeMz2eqZ8eIw3jnRBl$$$$Lj82YvcKevwDYCGnGgfeaz3lmtjs0a8tP0Hii9Nu12e1FsS7CC2lV948DuExbziphEHR3E@@@@LHOCy@@@@QOnGf2jW$$$$mX7NlBsyqE24POxnuWEW3h5jS@@@@qy6FE1j1hJpVJXW$$$$7zoxzXzTH$$$$pRiUjbFkfYCtH8YtcCV2PqqZdWlvkplKFaAOPyW7Ve2JM21oyiy@@@@pKnkd5zxzU06HjGIGCOAim2nTtqeq3KvobV0MdNKlgsvT4nFUgrU95Jbj6pBNB2jY$$$$Noee3CTLIb59Z4HPdDeFKSFmf2a5@@@@Ih9WvJ1zudVt2x1i2S9YlUmnn51SJRyvpDpV4Bv2norLVY6Nz6FHjcfjITwOcORXhZYOSq$$$$HToLPMPZtl9HwDVfkjESGvuA$$$$H2EWPPY5WSKoo59XTaPdQZTSXsxzFAHHjwu@@@@Rk3JbBfpxevFVazyd5YepzcXt0LHPjOUmzCi$$$$1bBaKF1$$$$wp', None, '2024-11-22 11:23:05', 'YSTG10A24112200003', None, None, datetime.datetime(2024, 11, 22, 11, 23, 21), datetime.datetime(2024, 11, 22, 11, 23, 21)),)

[2024-11-22 14:33:24,975] [database.py] [line:139] [INFO] # 风险测评id：41115
[2024-11-22 14:33:25,019] [database.py] [line:152] [INFO] # 退款id：844
[2024-11-22 14:33:25,416] [database.py] [line:232] [INFO] # app `stock-rubik-cube`.contract_new数据列表：
((218905, '20241122112203256985', 3338203510512787459, 'YSTG10A24112200003', 0, 'service', 0, datetime.date(2024, 11, 22), '1770b594aedc4b389d9ea1db88e05de4', 'bd54a98ff48c4d7aa45e2c41d029bb3d', 'AAAAAAq8uroAAAAAAAfQz1Eeb2agKyY8QRBWXbJZ1MvX2vwdGX68IeEeJ3JNIYjvXP+5EyVD9X+doX2vbIb2+IW9p4uahD/WvXrrmnzMvp0Z/JnKGMtNZgRIQTqV6b1JuNw7oZMJ8sle0E1pA35hAhKZ8jdNjHExtAfp3E5DgW6OT2JkC0X3oKLyQjh2jeTI6FYUaXlxUScCBvfWWSEbuVFV7QnNDKyPB5QLdV/fkhTjApIkbnZMf+y9bWtgL4MPMpCDPgfzgXXOkEsPYHChnNrZOsgiyNtj9XHMB4dOc44M8VwJqJpRjeFBl5D6LkqzWsWZ4cpivSoR2wSUhaFK14bupFRlKfKje9v+mNODVSgA7iG+UqbST4U6KwW2gh8iECgca9rrf2tfbParnn7jAZE0aGjInR4t1lmvzLe17M9+bnEa++1+1c3sucbtXek+SZfjA8P2kXyb4Whkp6Ty6GxmrwqfZzBILopAg6iv/Y6nrsSK5OkJGvSFFPFHBfwZIpjmi+sHf4nxoGvIdGwFI1jAqacuhJd6716AByCdI0u54VydeEx6ewlnpg3NDfQEGddfpBp0ldZ+178MUD7Wa0dE1K4H58yNjaFnnMOkU4diZHJ8GOklHPKpBkFbwyoO8vzJgj9Yp+JvFMeu3fzXZwAHr7jTXaGSeH0=', '', datetime.datetime(2024, 11, 22, 11, 23, 5), datetime.datetime(2024, 11, 22, 11, 22, 7), datetime.datetime(2024, 11, 22, 11, 23, 20), 0, '', 2, ''),)

[2024-11-22 14:33:25,416] [database.py] [line:236] [INFO] # app `stock-rubik-cube`.contract_new数据：
(218905, '20241122112203256985', 3338203510512787459, 'YSTG10A24112200003', 0, 'service', 0, datetime.date(2024, 11, 22), '1770b594aedc4b389d9ea1db88e05de4', 'bd54a98ff48c4d7aa45e2c41d029bb3d', 'AAAAAAq8uroAAAAAAAfQz1Eeb2agKyY8QRBWXbJZ1MvX2vwdGX68IeEeJ3JNIYjvXP+5EyVD9X+doX2vbIb2+IW9p4uahD/WvXrrmnzMvp0Z/JnKGMtNZgRIQTqV6b1JuNw7oZMJ8sle0E1pA35hAhKZ8jdNjHExtAfp3E5DgW6OT2JkC0X3oKLyQjh2jeTI6FYUaXlxUScCBvfWWSEbuVFV7QnNDKyPB5QLdV/fkhTjApIkbnZMf+y9bWtgL4MPMpCDPgfzgXXOkEsPYHChnNrZOsgiyNtj9XHMB4dOc44M8VwJqJpRjeFBl5D6LkqzWsWZ4cpivSoR2wSUhaFK14bupFRlKfKje9v+mNODVSgA7iG+UqbST4U6KwW2gh8iECgca9rrf2tfbParnn7jAZE0aGjInR4t1lmvzLe17M9+bnEa++1+1c3sucbtXek+SZfjA8P2kXyb4Whkp6Ty6GxmrwqfZzBILopAg6iv/Y6nrsSK5OkJGvSFFPFHBfwZIpjmi+sHf4nxoGvIdGwFI1jAqacuhJd6716AByCdI0u54VydeEx6ewlnpg3NDfQEGddfpBp0ldZ+178MUD7Wa0dE1K4H58yNjaFnnMOkU4diZHJ8GOklHPKpBkFbwyoO8vzJgj9Yp+JvFMeu3fzXZwAHr7jTXaGSeH0=', '', datetime.datetime(2024, 11, 22, 11, 23, 5), datetime.datetime(2024, 11, 22, 11, 22, 7), datetime.datetime(2024, 11, 22, 11, 23, 20), 0, '', 2, '')

[2024-11-22 14:33:25,440] [database.py] [line:243] [INFO] # app `stock-rubik-cube`.`order`数据列表：
((633, '20241122112203256985', 3338203510512787459, '20241022205440773255', '趋势智投-钻石版', '10126', '趋势智投-钻石版', '29800', '0.07', 1, datetime.datetime(2024, 11, 22, 11, 25, 31), 'R3', 9, 0, None, 0, '', None, '', 0, None, None, datetime.datetime(2024, 11, 22, 11, 22, 3), datetime.datetime(2024, 11, 22, 14, 33, 25), 1, None, '', '', 'YSTG10H24112200003', 0, None, 0, 0, '', '', 1, '', 0),)

[2024-11-22 14:33:25,440] [database.py] [line:251] [INFO] # app用户id：3338203510512787459

[2024-11-22 14:33:25,582] [database.py] [line:279] [INFO] # app `stock-rubik-cube`.user_order_product数据列表：
()

[2024-11-22 14:33:25,636] [database.py] [line:303] [INFO] # 更新work_crm_base_user表u_expire_date成功！
[2024-11-22 14:33:52,601] [log.py] [line:31] [INFO] # ======Start printing logs======
[2024-11-22 14:33:55,078] [database.py] [line:75] [INFO] # 退款订单id列表：['20241122111043772833']
[2024-11-22 14:33:55,078] [database.py] [line:80] [INFO] # 
退款订单号：20241122111043772833
[2024-11-22 14:33:55,125] [database.py] [line:102] [INFO] # v2_work_crm_order_main 数据列表：
()

[2024-11-22 14:33:55,154] [database.py] [line:109] [INFO] # v2_work_crm_order_main_son 数据列表：
()

[2024-11-22 14:33:55,182] [database.py] [line:116] [INFO] # v2_work_crm_order_main_status 数据列表：
()

[2024-11-22 14:33:55,200] [database.py] [line:122] [INFO] # v2_work_crm_hegui 数据列表：
()

[2024-11-22 14:33:55,217] [database.py] [line:128] [INFO] # v2_work_crm_order_contract 数据列表：
()

[2024-11-22 14:34:19,231] [log.py] [line:31] [INFO] # ======Start printing logs======
[2024-11-22 14:34:21,509] [database.py] [line:75] [INFO] # 退款订单id列表：['20241122111043772833']
[2024-11-22 14:34:21,510] [database.py] [line:80] [INFO] # 
退款订单号：20241122111043772833
[2024-11-22 14:34:21,567] [database.py] [line:102] [INFO] # v2_work_crm_order_main 数据列表：
()

[2024-11-22 14:34:21,603] [database.py] [line:109] [INFO] # v2_work_crm_order_main_son 数据列表：
()

[2024-11-22 14:34:21,639] [database.py] [line:116] [INFO] # v2_work_crm_order_main_status 数据列表：
()

[2024-11-22 14:34:21,660] [database.py] [line:122] [INFO] # v2_work_crm_hegui 数据列表：
()

[2024-11-22 14:34:21,681] [database.py] [line:128] [INFO] # v2_work_crm_order_contract 数据列表：
()

[2024-11-22 14:34:22,062] [database.py] [line:232] [INFO] # app `stock-rubik-cube`.contract_new数据列表：
((218904, '20241122111043772833', 3338203510512787459, 'YSTG10A24112200002', 0, 'service', 0, datetime.date(2024, 11, 22), '1cc70a9ecc1c4e80930df9173771b1af', '44385bbe500b4efdb4ef8bfedfd43e47', 'AAAAAAq8uroAAAAAAAfQze5zHzi3blhS/1N9ZYfYrXCDMl0kaHtxcmVES2/rG/8hIe2vjFtYINxKf5KYu/srDr4uu2L0LiuO1x1xqcMV229LDTtGvX8TWd5ggUARKnLi5mR5TAf7v5XFev0w5jfJ34jnHdAVLYsfzUMRTfvkOG9fFNyiBNmIOwCUKU9+zMg61SoqkDH7AXywbNo7NlrqxwBwm8LfbnEYMV8eSjH9ZXumtQfMbxzRqm3wO+d7tvu16cCNrAAWV7RgfaAKbrh+rf5Fenb2Rl6F9qYGbwy8LEbkNiZbEl0TADQIdpeR02BtikwSEaAyxuvYr79qEBplcwfDBNxMq1/NrLYRM4xBxXzEaOuDKoFJuykfG4gtOXOpyqOHdd9XqRDHHxdLTLJib6bBbm1tFcOmxODrayRuUGjAcFbCP6R3xMcUhfz1yHaaotsL8k+QiWjtY622iXRrGFN5Wa6wiU2hn77N1lX1HurAdNElmy1nF+wX7Z1J1O12G9LRHp8WLVMnHbfm+kel7XTiH+RcRIucrEY/SLsnyNJ7T5RJ+nB+dLjdQrNfK0EsJtNTOaVby4GeFconwd0wjuDYnv6SXE0flNiYT32KRYkxLfNhaT7qwrkMexV0BkjwSVEhfv+YgsSb2q/BN+Jpvtpzn9bBhgAvsZNbLIANGkdTAJMRYI8=', '', datetime.datetime(2024, 11, 22, 11, 11, 42), datetime.datetime(2024, 11, 22, 11, 10, 49), datetime.datetime(2024, 11, 22, 11, 12), 0, '', 2, ''),)

[2024-11-22 14:34:22,063] [database.py] [line:236] [INFO] # app `stock-rubik-cube`.contract_new数据：
(218904, '20241122111043772833', 3338203510512787459, 'YSTG10A24112200002', 0, 'service', 0, datetime.date(2024, 11, 22), '1cc70a9ecc1c4e80930df9173771b1af', '44385bbe500b4efdb4ef8bfedfd43e47', 'AAAAAAq8uroAAAAAAAfQze5zHzi3blhS/1N9ZYfYrXCDMl0kaHtxcmVES2/rG/8hIe2vjFtYINxKf5KYu/srDr4uu2L0LiuO1x1xqcMV229LDTtGvX8TWd5ggUARKnLi5mR5TAf7v5XFev0w5jfJ34jnHdAVLYsfzUMRTfvkOG9fFNyiBNmIOwCUKU9+zMg61SoqkDH7AXywbNo7NlrqxwBwm8LfbnEYMV8eSjH9ZXumtQfMbxzRqm3wO+d7tvu16cCNrAAWV7RgfaAKbrh+rf5Fenb2Rl6F9qYGbwy8LEbkNiZbEl0TADQIdpeR02BtikwSEaAyxuvYr79qEBplcwfDBNxMq1/NrLYRM4xBxXzEaOuDKoFJuykfG4gtOXOpyqOHdd9XqRDHHxdLTLJib6bBbm1tFcOmxODrayRuUGjAcFbCP6R3xMcUhfz1yHaaotsL8k+QiWjtY622iXRrGFN5Wa6wiU2hn77N1lX1HurAdNElmy1nF+wX7Z1J1O12G9LRHp8WLVMnHbfm+kel7XTiH+RcRIucrEY/SLsnyNJ7T5RJ+nB+dLjdQrNfK0EsJtNTOaVby4GeFconwd0wjuDYnv6SXE0flNiYT32KRYkxLfNhaT7qwrkMexV0BkjwSVEhfv+YgsSb2q/BN+Jpvtpzn9bBhgAvsZNbLIANGkdTAJMRYI8=', '', datetime.datetime(2024, 11, 22, 11, 11, 42), datetime.datetime(2024, 11, 22, 11, 10, 49), datetime.datetime(2024, 11, 22, 11, 12), 0, '', 2, '')

[2024-11-22 14:34:22,085] [database.py] [line:243] [INFO] # app `stock-rubik-cube`.`order`数据列表：
((632, '20241122111043772833', 3338203510512787459, '20241022205440773255', '趋势智投-钻石版', '10126', '趋势智投-钻石版', '29800', '0.07', 1, datetime.datetime(2024, 11, 22, 11, 12, 38), 'R3', 9, 0, None, 0, '', None, '', 0, None, None, datetime.datetime(2024, 11, 22, 11, 10, 43), datetime.datetime(2024, 11, 22, 14, 34, 20), 1, None, '', '', 'YSTG10H24112200002', 0, None, 0, 0, '', '', 1, '', 0),)

[2024-11-22 14:34:22,085] [database.py] [line:251] [INFO] # app用户id：3338203510512787459

[2024-11-22 14:34:22,122] [database.py] [line:279] [INFO] # app `stock-rubik-cube`.user_order_product数据列表：
()

[2024-11-22 14:34:39,961] [log.py] [line:31] [INFO] # ======Start printing logs======
[2024-11-22 14:34:42,317] [database.py] [line:75] [INFO] # 退款订单id列表：['20241122111043772833']
[2024-11-22 14:34:42,318] [database.py] [line:80] [INFO] # 
退款订单号：20241122111043772833
[2024-11-22 14:34:42,371] [database.py] [line:102] [INFO] # v2_work_crm_order_main 数据列表：
()

[2024-11-22 14:34:42,405] [database.py] [line:109] [INFO] # v2_work_crm_order_main_son 数据列表：
()

[2024-11-22 14:34:42,439] [database.py] [line:116] [INFO] # v2_work_crm_order_main_status 数据列表：
()

[2024-11-22 14:34:42,459] [database.py] [line:122] [INFO] # v2_work_crm_hegui 数据列表：
()

[2024-11-22 14:34:42,478] [database.py] [line:128] [INFO] # v2_work_crm_order_contract 数据列表：
()

[2024-11-22 14:34:42,837] [database.py] [line:232] [INFO] # app `stock-rubik-cube`.contract_new数据列表：
()

[2024-11-22 14:34:42,863] [database.py] [line:243] [INFO] # app `stock-rubik-cube`.`order`数据列表：
()

[2024-11-22 14:34:42,875] [database.py] [line:279] [INFO] # app `stock-rubik-cube`.user_order_product数据列表：
()

