[2025-06-27 14:38:04,712] [log.py] [line:31] [INFO] # ======Start printing logs======
[2025-06-27 14:38:04,807] [database.py] [line:343] [ERROR] # 数据库操作时发生错误: (1045, 'can not get backend info,POST http://jms-k8s-jumpserver-jms-core:8080/api/v1/authentication/super-connection-token/secret/ failed, get code: 403, {"detail":"连接令牌过期: 2025-06-25 17:33:05.144534+08:00","code":"permission_denied"} ')
[2025-06-27 14:38:04,807] [database.py] [line:344] [ERROR] # Error occurred: (1045, 'can not get backend info,POST http://jms-k8s-jumpserver-jms-core:8080/api/v1/authentication/super-connection-token/secret/ failed, get code: 403, {"detail":"连接令牌过期: 2025-06-25 17:33:05.144534+08:00","code":"permission_denied"} ')
Traceback (most recent call last):
  File "D:\WorkSpaces\CRM\db\database.py", line 38, in database
    db = pymysql.connect(host=config_data['mysql']['host'], port=config_data['mysql']['port'], user=config_data['mysql']['user_sim'],
  File "D:\WorkSpaces\CRM\venv\lib\site-packages\pymysql\connections.py", line 358, in __init__
    self.connect()
  File "D:\WorkSpaces\CRM\venv\lib\site-packages\pymysql\connections.py", line 664, in connect
    self._request_authentication()
  File "D:\WorkSpaces\CRM\venv\lib\site-packages\pymysql\connections.py", line 954, in _request_authentication
    auth_packet = self._read_packet()
  File "D:\WorkSpaces\CRM\venv\lib\site-packages\pymysql\connections.py", line 772, in _read_packet
    packet.raise_for_error()
  File "D:\WorkSpaces\CRM\venv\lib\site-packages\pymysql\protocol.py", line 221, in raise_for_error
    err.raise_mysql_exception(self._data)
  File "D:\WorkSpaces\CRM\venv\lib\site-packages\pymysql\err.py", line 143, in raise_mysql_exception
    raise errorclass(errno, errval)
pymysql.err.OperationalError: (1045, 'can not get backend info,POST http://jms-k8s-jumpserver-jms-core:8080/api/v1/authentication/super-connection-token/secret/ failed, get code: 403, {"detail":"连接令牌过期: 2025-06-25 17:33:05.144534+08:00","code":"permission_denied"} ')
[2025-06-27 14:38:19,866] [log.py] [line:31] [INFO] # ======Start printing logs======
[2025-06-27 14:38:22,324] [database.py] [line:80] [INFO] # 退款订单id列表：['20250623160421926160', '20250623160716793681', '20250625132122553628', '20250627141914504629']
[2025-06-27 14:38:22,324] [database.py] [line:85] [INFO] # 
退款订单号：20250623160421926160
[2025-06-27 14:38:22,345] [database.py] [line:97] [INFO] # 退款订单unionid：o1ELc6LrAZOqCjYiOZur5A-sVzYc，kill_order：
[2025-06-27 14:38:22,382] [database.py] [line:107] [INFO] # v2_work_crm_order_main 数据列表：
((49321, '20250623160421926160', 10125, 5, 5, 1, 3, '1750665983', '', 'o1ELc6LrAZOqCjYiOZur5A-sVzYc', '赵楠', 'H4qNWOvOwe$$$$A$$$$rqaPhQyIw==', datetime.datetime(2025, 6, 23, 16, 6, 37), datetime.datetime(2025, 6, 24, 16, 6, 37), 1, 3, datetime.datetime(2025, 6, 23, 16, 6, 37), None, None, None, 0, datetime.datetime(2025, 6, 23, 16, 4, 21), datetime.datetime(2025, 6, 23, 16, 4, 21)),)

[2025-06-27 14:38:22,403] [database.py] [line:114] [INFO] # v2_work_crm_order_main_son 数据列表：
()

[2025-06-27 14:38:22,440] [database.py] [line:121] [INFO] # v2_work_crm_order_main_status 数据列表：
((49480, '20250623160421926160', 1, 1, 2, 1, datetime.datetime(2025, 6, 23, 16, 6, 37), 3, 0, 889009, 889009, 'wwec9bda2817108582', '百灵智投', 'cheng', 'cheng', 1, 2, 1, '趋势智投-铂金版', 5, 'qszt-2', '这是趋势智投-铂金版的描述', 1, 6, 0, '20250623141919528554', '', 0, 0, 'o1ELc6LrAZOqCjYiOZur5A-sVzYc', 5, 5, '1750665983', 1, 0, '', '', 0, datetime.datetime(2025, 6, 23, 16, 4, 21), None, datetime.datetime(2025, 6, 23, 16, 6, 37), 0, '888996', None, None, None, '889009', None, None, None, '889003,889013,889017', None, None, None),)

[2025-06-27 14:38:22,461] [database.py] [line:127] [INFO] # v2_work_crm_hegui 数据列表：
((1031, '20250623160421926160', 'o1ELc6LrAZOqCjYiOZur5A-sVzYc', 1, 101371, '', 1, 0, 1, None, None, 1, None, None, None, None, -1, 1, '', 1, datetime.datetime(2025, 6, 23, 16, 5, 42), datetime.datetime(2025, 6, 23, 16, 6, 37)),)

[2025-06-27 14:38:22,482] [database.py] [line:133] [INFO] # v2_work_crm_order_contract 数据列表：
((44304, '20250623160421926160', 'f4fe61e7e20d4bebb2e5165a5b921c90', 'f9d7430e44784fb9a03d3760c116582c', 'd28a3fcb2e7c461cb483222be426f433', 1, '产品服务协议', 'eeZRyEm7vbDA0Lxi1n6NDNDfMbS3FBKFV1I5u28WftFIskiH4SusbdejbsUQMFXYeTZ7DiuHw1qOgFp85WOTrHc5Tpeeu2ImlZVHCnkly3TKc@@@@lCM6kGFw==', '5VFbtjRSP9eHX@@@@3H$$$$LTFZHMFWXdll9IAoUrn7BPXz2yXtq3TplNQwvXJ@@@@yh5@@@@XRKsF5R58jYF0zSk4TgP44@@@@wmZj8$$$$f9iRei7Rn6ux68ISiTrLsa7YUbZw==', datetime.datetime(2025, 6, 23, 16, 6, 37), '2025-06-23 16:05:35', 'YSTG10A25062300004', None, 'eqoh5xxl$$$$ZHJkZo7HfytjEyYA801VLRe$$$$pS78cSF3nsGRbaNikpsiSE1WU2duLjukCxhu6DZB852D2oIq8h6Tjgfi3ceE1SyRWRX8bnOJrIp87DyX6e9metVfGj2T0WoXDDix47TcowNW1Zd59ToaPXD3r69j7AYsP8qFtsHIDi5qVn14z3VgcAL$$$$tubvjpyWSjyKotZtA4L3dphwNqvHHk2ew4rh8NajoBafOVjk6x3OU6XnrtiJpWVRwp5Jct0d@@@@NrlySjKXplUsGwiHEE2wvd2mHA2q8ceTZ7DiuHw1qOgFp85WOTrHc5Tpeeu2ImlZVHCnkly3RVciKiMhbRwQ==', 0, '', datetime.datetime(2025, 6, 23, 16, 5, 42), datetime.datetime(2025, 6, 23, 16, 5, 42)),)

[2025-06-27 14:38:22,504] [database.py] [line:144] [INFO] # 风险测评id：41478
[2025-06-27 14:38:22,910] [database.py] [line:241] [INFO] # app `stock-rubik-cube`.contract_new数据列表：
((219485, '20250623160421926160', 3338203510512787459, 'YSTG10A25062300004', 0, 'service', 0, datetime.date(2025, 6, 23), 'f9d7430e44784fb9a03d3760c116582c', 'f4fe61e7e20d4bebb2e5165a5b921c90', 'AAAAAAq8uroAAAAAAAgqN9BQdpprGs/cuNJm+q7dkhQe58GISEx+9bhn31MT4i9cCZqeBrGWJt0LBdbSaCRCh7jGckMrlr8NkPLsymc9xAMHZPy/kPIQ0Qg04PgajqStOJp8GroJnEFVJjvlZG/FZ+ivl2Efcu/UxyUd/n0kX0nu6EpEUZuXzHPbhOwwqlKqsP4mZLSXR335V9EeYjQyAdxRk2YPMOQwZhGZs2Pz0AcYZN4eNS5af4lvK9tU9XFYZh2xCO+WlUiUufXW0Ha//SpA7kh0lZdm5HFTEPe1oBkkQBnlSi2yHOXH5DmbUceiPdZbSm2REYg5Cf+TM2k7SFgNqPJ6KDe5NqrScb54JO1QIrBdIEty4mZG8hD9rVPazxXMKiO3X5PIBvYoxTUx3wP3mqTuh941UpfWVR8eo0ecLvatTBR2mvZvoDynpH1V3ePi1Cjen2VFcjD4zW/tJRaAZ7AhJRdFlrTVO1nes5IuVVfv0PQ57cQpoioLnO2I1w15BnvG5cHXE2GVyciHdcXqn5ZzODsdIghBdMoSnUCBzvwPKrOX4kHHjSb8QNJj3LzihzVFw9z7+BczwDhrNPwkxkaxc2996F7H9KR4djjMwwADU37nKjD77TiuXny08kCfB7SaRZn10g9ZrANPS+Nu27gtHWwKNuqg', 'AAAAAAq8uroAAAAAAAgqOGJGip/fFZ0cwg4vGfIyKjRZ+Odz1ZmiS8lJeFybjxMgHzdMY2aAKM43UtKeOYvMisLvgenPwxfDKVdTi6q4p1Ss3BPhrUSfg56i/Mxb5RJVXOzDw+PduzWUIuKb810HZmxfBBs=', datetime.datetime(2025, 6, 23, 16, 5, 35), datetime.datetime(2025, 6, 23, 16, 4, 36), datetime.datetime(2025, 6, 23, 16, 6, 38), 0, '', 2, ''),)

[2025-06-27 14:38:22,910] [database.py] [line:245] [INFO] # app `stock-rubik-cube`.contract_new数据：
(219485, '20250623160421926160', 3338203510512787459, 'YSTG10A25062300004', 0, 'service', 0, datetime.date(2025, 6, 23), 'f9d7430e44784fb9a03d3760c116582c', 'f4fe61e7e20d4bebb2e5165a5b921c90', 'AAAAAAq8uroAAAAAAAgqN9BQdpprGs/cuNJm+q7dkhQe58GISEx+9bhn31MT4i9cCZqeBrGWJt0LBdbSaCRCh7jGckMrlr8NkPLsymc9xAMHZPy/kPIQ0Qg04PgajqStOJp8GroJnEFVJjvlZG/FZ+ivl2Efcu/UxyUd/n0kX0nu6EpEUZuXzHPbhOwwqlKqsP4mZLSXR335V9EeYjQyAdxRk2YPMOQwZhGZs2Pz0AcYZN4eNS5af4lvK9tU9XFYZh2xCO+WlUiUufXW0Ha//SpA7kh0lZdm5HFTEPe1oBkkQBnlSi2yHOXH5DmbUceiPdZbSm2REYg5Cf+TM2k7SFgNqPJ6KDe5NqrScb54JO1QIrBdIEty4mZG8hD9rVPazxXMKiO3X5PIBvYoxTUx3wP3mqTuh941UpfWVR8eo0ecLvatTBR2mvZvoDynpH1V3ePi1Cjen2VFcjD4zW/tJRaAZ7AhJRdFlrTVO1nes5IuVVfv0PQ57cQpoioLnO2I1w15BnvG5cHXE2GVyciHdcXqn5ZzODsdIghBdMoSnUCBzvwPKrOX4kHHjSb8QNJj3LzihzVFw9z7+BczwDhrNPwkxkaxc2996F7H9KR4djjMwwADU37nKjD77TiuXny08kCfB7SaRZn10g9ZrANPS+Nu27gtHWwKNuqg', 'AAAAAAq8uroAAAAAAAgqOGJGip/fFZ0cwg4vGfIyKjRZ+Odz1ZmiS8lJeFybjxMgHzdMY2aAKM43UtKeOYvMisLvgenPwxfDKVdTi6q4p1Ss3BPhrUSfg56i/Mxb5RJVXOzDw+PduzWUIuKb810HZmxfBBs=', datetime.datetime(2025, 6, 23, 16, 5, 35), datetime.datetime(2025, 6, 23, 16, 4, 36), datetime.datetime(2025, 6, 23, 16, 6, 38), 0, '', 2, '')

[2025-06-27 14:38:22,923] [database.py] [line:252] [INFO] # app `stock-rubik-cube`.`order`数据列表：
((3338203510512787459,),)

[2025-06-27 14:38:22,923] [database.py] [line:259] [INFO] # app用户id：3338203510512787459

[2025-06-27 14:38:23,207] [database.py] [line:287] [INFO] # app `stock-rubik-cube`.user_order_product数据列表：
()

[2025-06-27 14:38:23,222] [database.py] [line:85] [INFO] # 
退款订单号：20250623160716793681
[2025-06-27 14:38:23,244] [database.py] [line:97] [INFO] # 退款订单unionid：o1ELc6LrAZOqCjYiOZur5A-sVzYc，kill_order：
[2025-06-27 14:38:23,265] [database.py] [line:107] [INFO] # v2_work_crm_order_main 数据列表：
((49322, '20250623160716793681', 10174, 3, 3, 1, 3, '1750666151', '', 'o1ELc6LrAZOqCjYiOZur5A-sVzYc', '赵楠', 'H4qNWOvOwe$$$$A$$$$rqaPhQyIw==', datetime.datetime(2025, 6, 23, 16, 9, 27), datetime.datetime(2025, 12, 20, 16, 9, 27), 180, 0, datetime.datetime(2025, 12, 20, 16, 9, 27), None, None, None, 0, datetime.datetime(2025, 6, 23, 16, 7, 16), datetime.datetime(2025, 6, 23, 16, 7, 16)),)

[2025-06-27 14:38:23,287] [database.py] [line:114] [INFO] # v2_work_crm_order_main_son 数据列表：
()

[2025-06-27 14:38:23,309] [database.py] [line:121] [INFO] # v2_work_crm_order_main_status 数据列表：
((49481, '20250623160716793681', 1, 1, 2, 1, datetime.datetime(2025, 6, 23, 16, 9, 27), 1, 4, 889017, 889017, 'wwec9bda2817108582', '百灵智投', 'ZhaoNan', 'ZhaoNan', 1, 2, 1, '趋势智投', 3, 'qszt-4-2', '这是趋势智投-四合一的描述', 180, 11, 0, '20250623160421926160', '', 0, 0, 'o1ELc6LrAZOqCjYiOZur5A-sVzYc', 3, 3, '1750666151', 1, 0, '', '', 0, datetime.datetime(2025, 6, 23, 16, 7, 16), None, datetime.datetime(2025, 6, 23, 16, 9, 27), 0, '888996', None, None, None, '889009', None, None, None, '889003,889013,889017', None, None, None),)

[2025-06-27 14:38:23,330] [database.py] [line:127] [INFO] # v2_work_crm_hegui 数据列表：
((1032, '20250623160716793681', 'o1ELc6LrAZOqCjYiOZur5A-sVzYc', 1, 101371, '', 1, 0, 1, None, None, 1, None, None, None, None, 10, 0, '', 0, datetime.datetime(2025, 6, 23, 16, 8, 26), datetime.datetime(2025, 6, 23, 16, 9, 27)),)

[2025-06-27 14:38:23,353] [database.py] [line:133] [INFO] # v2_work_crm_order_contract 数据列表：
((44305, '20250623160716793681', 'aa108ff79c9d4d3ab1fa009cc4765ca2', '7c6073281442423980f4d029c9cea12b', 'd28a3fcb2e7c461cb483222be426f433', 1, '产品服务协议', 'eeZRyEm7vbDA0Lxi1n6NDNDfMbS3FBKFV1I5u28WftFIskiH4SusbdejbsUQMFXYeTZ7DiuHw1qOgFp85WOTrLa$$$$NMYkXIpqlZVHCnkly3TKc@@@@lCM6kGFw==', '5VFbtjRSP9eHX@@@@3H$$$$LTFZHMFWXdll9IAoUrn7BPXz2yXtq3TplNQwvXJ@@@@yh5@@@@XRKsF5R58jYF0zSk4TgP44@@@@whd13J64ZFqL7Rn6ux68ISiTrLsa7YUbZw==', datetime.datetime(2025, 6, 23, 16, 9, 27), '2025-06-23 16:08:22', 'YSTG10A25062300005', None, 'eqoh5xxl$$$$ZHJkZo7HfytjEyYA801VLRe$$$$pS78cSF3nsGRbaNikpsiSE1WU2duLjukCxhu6DZB852D2oIq8h6Tjgfi3ceE1SyRWRX8bnOJrIEjDUwmwXxretVfGj2T0WoXDDix47TcowNW1Zd59ToaPXD3r69j7AYsP8qFtsHIDi5qVn14z3VgcAL$$$$tubvjpyWSjyKotZtA4L3dphwNqvHHk2ew4rh8NajoBafOVjk6y2vjTGJFyKapWVRwp5Jct0d@@@@NrlySjKXplUsGwiHEE2wvd2mHA2q8ceTZ7DiuHw1qOgFp85WOTrLa$$$$NMYkXIpqlZVHCnkly3RVciKiMhbRwQ==', 0, '', datetime.datetime(2025, 6, 23, 16, 8, 26), datetime.datetime(2025, 6, 23, 16, 8, 26)), (44306, '20250623160716793681', None, None, '25bac2457ecca220659f6ad26630ce15', 2, '产品服务协议之补充协议', None, '5VFbtjRSP9eHX@@@@3H$$$$LTFZHMFWXdll9IAoUrn7BPXz2yXtq3TplNQwvXJ@@@@yh5@@@@XRK8tSNLnCqs$$$$ta2ini2yuNAhWRIC$$$$TVANUApUqRevEtHI=', datetime.datetime(2025, 6, 23, 16, 13, 3), '2025-06-23 16:13:03', 'cc', None, None, 11, '2025-06-23 00:00:00 - 2025-07-23 23:59:59', datetime.datetime(2025, 6, 23, 16, 12, 40), datetime.datetime(2025, 6, 23, 16, 12, 40)))

[2025-06-27 14:38:23,375] [database.py] [line:144] [INFO] # 风险测评id：41479
[2025-06-27 14:38:23,421] [database.py] [line:157] [INFO] # 退款id：1176
[2025-06-27 14:38:23,806] [database.py] [line:241] [INFO] # app `stock-rubik-cube`.contract_new数据列表：
((219486, '20250623160716793681', 3338203510512787459, 'YSTG10A25062300005', 0, 'service', 0, datetime.date(2025, 6, 23), '7c6073281442423980f4d029c9cea12b', 'aa108ff79c9d4d3ab1fa009cc4765ca2', 'AAAAAAq8uroAAAAAAAgqOa3fBfwP4xLrTJ8p+tpou17H9oS8UPLkXbvzzNlRbbwUjxDKOmFh3+lf7UpVXBwGrlVAp+LT6vtCqqwNL3/jBKbGbXTs8amIPkhoYt6SGd1Vd7Cj4WE+or/SBzuXSqJYCp8QztLGg98IstDdrkFrOQIBU3QGjH+z0WNZfLBMUegCS1BV0MevLonEFpDndVVI3K9+IpmyALq8bISqf1FqWaQcWbvhMMaNMzZYwWzUM7WM5gumBfNCwsHkA+vOceDwKZBu2tH8zz2doLexDzR1rCkApZQArYfXAN4xh8vI1d6bXreLO6Hx3j5BS1bvbGI3lm5ygN187u+0+hU7OfVAQR3Ftz1MUYWB3Xzznwh8BN2F+jFbJuiDncg+vzznxbV/gu3MSM23HULiLaUL3xfXRV5qRC/vuSX7gAXCKAN9JmudZRP/PqC3hQ+AdQRuKrNoJm+B3adN4KAqLgeWqfMbT2Iq4wqqHTyYL9OeprJL34twa4B2ORL+11X3VKipMfzUSxKIa+6bNjRGxQQLGptODN3UXAQCobAzxGS02RQxX2fQjSB23nYyK/vqrDp9VuVfBv/iD79v385j9sjFde2y2JU17CniKc5D15XG+ukbDawo2eIa7/6IBk0N5MXeeOoyvZJQc6zZPdo=', 'AAAAAAq8uroAAAAAAAgqOo+gvkI65bjifFxBT3PxW31AiDyAj7vs3b0BVXYD/AINGWhvjl+T9HMmaIVY4/Owa/YfBDqPNuf5xXcv7Y30ZFyHri6ckq/NzSsn+hJrPJu9WdyyiWg+hnzlPeo4fqeHz6lZeg8=', datetime.datetime(2025, 6, 23, 16, 8, 22), datetime.datetime(2025, 6, 23, 16, 7, 20), datetime.datetime(2025, 6, 23, 16, 9, 27), 0, '', 2, ''),)

[2025-06-27 14:38:23,806] [database.py] [line:245] [INFO] # app `stock-rubik-cube`.contract_new数据：
(219486, '20250623160716793681', 3338203510512787459, 'YSTG10A25062300005', 0, 'service', 0, datetime.date(2025, 6, 23), '7c6073281442423980f4d029c9cea12b', 'aa108ff79c9d4d3ab1fa009cc4765ca2', 'AAAAAAq8uroAAAAAAAgqOa3fBfwP4xLrTJ8p+tpou17H9oS8UPLkXbvzzNlRbbwUjxDKOmFh3+lf7UpVXBwGrlVAp+LT6vtCqqwNL3/jBKbGbXTs8amIPkhoYt6SGd1Vd7Cj4WE+or/SBzuXSqJYCp8QztLGg98IstDdrkFrOQIBU3QGjH+z0WNZfLBMUegCS1BV0MevLonEFpDndVVI3K9+IpmyALq8bISqf1FqWaQcWbvhMMaNMzZYwWzUM7WM5gumBfNCwsHkA+vOceDwKZBu2tH8zz2doLexDzR1rCkApZQArYfXAN4xh8vI1d6bXreLO6Hx3j5BS1bvbGI3lm5ygN187u+0+hU7OfVAQR3Ftz1MUYWB3Xzznwh8BN2F+jFbJuiDncg+vzznxbV/gu3MSM23HULiLaUL3xfXRV5qRC/vuSX7gAXCKAN9JmudZRP/PqC3hQ+AdQRuKrNoJm+B3adN4KAqLgeWqfMbT2Iq4wqqHTyYL9OeprJL34twa4B2ORL+11X3VKipMfzUSxKIa+6bNjRGxQQLGptODN3UXAQCobAzxGS02RQxX2fQjSB23nYyK/vqrDp9VuVfBv/iD79v385j9sjFde2y2JU17CniKc5D15XG+ukbDawo2eIa7/6IBk0N5MXeeOoyvZJQc6zZPdo=', 'AAAAAAq8uroAAAAAAAgqOo+gvkI65bjifFxBT3PxW31AiDyAj7vs3b0BVXYD/AINGWhvjl+T9HMmaIVY4/Owa/YfBDqPNuf5xXcv7Y30ZFyHri6ckq/NzSsn+hJrPJu9WdyyiWg+hnzlPeo4fqeHz6lZeg8=', datetime.datetime(2025, 6, 23, 16, 8, 22), datetime.datetime(2025, 6, 23, 16, 7, 20), datetime.datetime(2025, 6, 23, 16, 9, 27), 0, '', 2, '')

[2025-06-27 14:38:23,819] [database.py] [line:252] [INFO] # app `stock-rubik-cube`.`order`数据列表：
((3338203510512787459,),)

[2025-06-27 14:38:23,820] [database.py] [line:259] [INFO] # app用户id：3338203510512787459

[2025-06-27 14:38:23,859] [database.py] [line:287] [INFO] # app `stock-rubik-cube`.user_order_product数据列表：
()

[2025-06-27 14:38:23,873] [database.py] [line:85] [INFO] # 
退款订单号：20250625132122553628
[2025-06-27 14:38:23,895] [database.py] [line:97] [INFO] # 退款订单unionid：o1ELc6LrAZOqCjYiOZur5A-sVzYc，kill_order：
[2025-06-27 14:38:23,917] [database.py] [line:107] [INFO] # v2_work_crm_order_main 数据列表：
((49323, '20250625132122553628', 10174, 3, 3, 1, 3, '1750829035', '', 'o1ELc6LrAZOqCjYiOZur5A-sVzYc', '赵楠', 'H4qNWOvOwe$$$$A$$$$rqaPhQyIw==', datetime.datetime(2025, 6, 25, 13, 24, 8), datetime.datetime(2025, 12, 22, 13, 24, 8), 180, 0, datetime.datetime(2025, 12, 22, 13, 24, 8), None, None, None, 0, datetime.datetime(2025, 6, 25, 13, 21, 22), datetime.datetime(2025, 6, 25, 13, 21, 22)),)

[2025-06-27 14:38:23,938] [database.py] [line:114] [INFO] # v2_work_crm_order_main_son 数据列表：
()

[2025-06-27 14:38:23,960] [database.py] [line:121] [INFO] # v2_work_crm_order_main_status 数据列表：
((49482, '20250625132122553628', 1, 1, 2, 1, datetime.datetime(2025, 6, 25, 13, 24, 8), 1, 4, 889017, 889017, 'wwec9bda2817108582', '百灵智投', 'ZhaoNan', 'ZhaoNan', 1, 2, 1, '趋势智投', 3, 'qszt-4-2', '这是趋势智投-四合一的描述', 180, 11, 0, '20250623160716793681', '', 0, 0, 'o1ELc6LrAZOqCjYiOZur5A-sVzYc', 3, 3, '1750829035', 1, 0, '', '', 0, datetime.datetime(2025, 6, 25, 13, 21, 22), None, datetime.datetime(2025, 6, 25, 13, 24, 8), 0, '888996', None, None, None, '889009', None, None, None, '889003,889013,889017', None, None, None),)

[2025-06-27 14:38:23,981] [database.py] [line:127] [INFO] # v2_work_crm_hegui 数据列表：
((1033, '20250625132122553628', 'o1ELc6LrAZOqCjYiOZur5A-sVzYc', 1, 101371, '', 1, 0, 1, None, None, 1, None, None, None, None, -1, 0, '', 0, datetime.datetime(2025, 6, 25, 13, 23, 16), datetime.datetime(2025, 6, 25, 13, 24, 8)),)

[2025-06-27 14:38:24,003] [database.py] [line:133] [INFO] # v2_work_crm_order_contract 数据列表：
((44307, '20250625132122553628', '9f1b09c79a984180abc0ae0aa3c95b32', '9664ffae8e684ee1a474a79adb328e0c', 'd28a3fcb2e7c461cb483222be426f433', 1, '产品服务协议', 'eeZRyEm7vbDA0Lxi1n6NDNDfMbS3FBKFV1I5u28WftFIskiH4SusbdejbsUQMFXYeTZ7DiuHw1qOgFp85WOTrOJ9w9yEIjralZVHCnkly3TKc@@@@lCM6kGFw==', '5VFbtjRSP9eHX@@@@3H$$$$LTFZHMFWXdll9IAoUrn7BPXz2yXtq3TplNQwvXJ@@@@yh5@@@@XRKsF5R58jYF0zSk4TgP44@@@@wlL66iBCf4lB7Rn6ux68ISiTrLsa7YUbZw==', datetime.datetime(2025, 6, 25, 13, 24, 8), '2025-06-25 13:23:09', 'YSTG10A25062500001', None, 'eqoh5xxl$$$$ZHJkZo7HfytjEyYA801VLRe$$$$pS78cSF3nsGRbaNikpsiSE1WU2duLjukCxhu6DZB852D2oIq8h6Tjgfi3ceE1SyOhXFAuyu@@@@A7AKeUirii3i$$$$tVfGj2T0WoXDDix47TcowNW1Zd59ToaPXD3r69j7AYsP8qFtsHIDi5qVn14z3VgcAL$$$$tubvjpyWSjyKotZtA4L3dphwNqvHHk2ew4rh8NajoBafOVjk6zifcPchCI62pWVRwp5Jct0d@@@@NrlySjKXplUsGwiHEE2wvd2mHA2q8ceTZ7DiuHw1qOgFp85WOTrOJ9w9yEIjralZVHCnkly3RVciKiMhbRwQ==', 0, '', datetime.datetime(2025, 6, 25, 13, 23, 16), datetime.datetime(2025, 6, 25, 13, 23, 16)), (44321, '20250625132122553628', None, None, 'dc588181a755439aace7955f2b6da66b', 2, '终止协议-测试', None, '5VFbtjRSP9eHX@@@@3H$$$$LTFZHMFWXdll9IAoUrn7BPXz2yXtq3TplNQwvXJ@@@@yh5@@@@XRKtdxtggvPysrlhLihRAZK11sfQUJJ$$$$q9n', datetime.datetime(2025, 6, 27, 14, 10, 17), '2025-06-27 14:10:17', 'c', None, None, 0, '', datetime.datetime(2025, 6, 27, 14, 9, 41), datetime.datetime(2025, 6, 27, 14, 9, 41)))

[2025-06-27 14:38:24,025] [database.py] [line:144] [INFO] # 风险测评id：41480
[2025-06-27 14:38:24,069] [database.py] [line:157] [INFO] # 退款id：1181
[2025-06-27 14:38:24,455] [database.py] [line:241] [INFO] # app `stock-rubik-cube`.contract_new数据列表：
((219487, '20250625132122553628', 3338203510512787459, 'YSTG10A25062500001', 0, 'service', 0, datetime.date(2025, 6, 25), '9664ffae8e684ee1a474a79adb328e0c', '9f1b09c79a984180abc0ae0aa3c95b32', 'AAAAAAq8uroAAAAAAAgqRFtfpftUfDLVdhg9QziJ4Aursq/6gmpTTG6FAcorMQLED0oHHllR+7MNVr67Ek8Uy4c/RAmmbB8fT32dtUnzyl7iKDeU/AaWYjyvp3PXMn2CZlBezY1yZ05uiQEy0x3zHzndBS5zbfNaBrrWs2AF4oUBg7Y//Nw5LedoWGvuSqq4xEGImcCSna5ACQimA+of4V+dIcQmNF6D6C6vfcj/okXHAJkfc0YYqfkH2p6E9kkb/CZBgSE4G2ct1C4T9ORckhWIlmlmj3TJu+2ZMFn1KNI8QGllmSD76qjTB/R36etLBU8LqHQQWYv4dPpCzqp4fKibW4+KkM2rGE93mixLGb1+JDgMEnrE8SRKGD1sLm8jPai2B5OXTVYx8YJDhMRkgOWJTrw5i8VzHTHxK9KXK8KkuOWqtEX62CucsW6ctelYEF8NuiFXYoS+/PofuEM3vma0uKYyAOrnPlGBdQwQKfTC9aYGdg3o0K5GAfjleBduc7nkNrtILlT6L1DPDZ/qCjadsZre9a3TmI/3eVcvjrNs44EvUpELvUZrI7vRU4SX54OOTzsUXBQQFhEox9Rp6SASR2ECbbvH+ophqDG9mq756rLSk8nJNCEqPZTtIEQmEiooDzZLZU9s9ZVBPAB3fiDitmLOQDo=', 'AAAAAAq8uroAAAAAAAgqRVjkfv1E7HRR2nduRUpGUpNyjThPTlvzDs/KIg35+dE+TyxVb5TzHuz5YjQk8sU5/99P7JH9or9ZupciTIvy6bo0gPc33v6zTrOHXZxbmyaufeyUIw4vYQJ/5FPNqPxf2lPgQSA=', datetime.datetime(2025, 6, 25, 13, 23, 9), datetime.datetime(2025, 6, 25, 13, 22, 18), datetime.datetime(2025, 6, 25, 13, 24, 8), 0, '', 2, ''), (219502, '20250625132122553628', 3338203510512787459, '', 1, 'termination', 0, None, '', '', '', '', None, datetime.datetime(2025, 6, 27, 14, 9, 42), datetime.datetime(2025, 6, 27, 14, 9, 42), 0, '', 2, ''))

[2025-06-27 14:38:24,456] [database.py] [line:245] [INFO] # app `stock-rubik-cube`.contract_new数据：
(219487, '20250625132122553628', 3338203510512787459, 'YSTG10A25062500001', 0, 'service', 0, datetime.date(2025, 6, 25), '9664ffae8e684ee1a474a79adb328e0c', '9f1b09c79a984180abc0ae0aa3c95b32', 'AAAAAAq8uroAAAAAAAgqRFtfpftUfDLVdhg9QziJ4Aursq/6gmpTTG6FAcorMQLED0oHHllR+7MNVr67Ek8Uy4c/RAmmbB8fT32dtUnzyl7iKDeU/AaWYjyvp3PXMn2CZlBezY1yZ05uiQEy0x3zHzndBS5zbfNaBrrWs2AF4oUBg7Y//Nw5LedoWGvuSqq4xEGImcCSna5ACQimA+of4V+dIcQmNF6D6C6vfcj/okXHAJkfc0YYqfkH2p6E9kkb/CZBgSE4G2ct1C4T9ORckhWIlmlmj3TJu+2ZMFn1KNI8QGllmSD76qjTB/R36etLBU8LqHQQWYv4dPpCzqp4fKibW4+KkM2rGE93mixLGb1+JDgMEnrE8SRKGD1sLm8jPai2B5OXTVYx8YJDhMRkgOWJTrw5i8VzHTHxK9KXK8KkuOWqtEX62CucsW6ctelYEF8NuiFXYoS+/PofuEM3vma0uKYyAOrnPlGBdQwQKfTC9aYGdg3o0K5GAfjleBduc7nkNrtILlT6L1DPDZ/qCjadsZre9a3TmI/3eVcvjrNs44EvUpELvUZrI7vRU4SX54OOTzsUXBQQFhEox9Rp6SASR2ECbbvH+ophqDG9mq756rLSk8nJNCEqPZTtIEQmEiooDzZLZU9s9ZVBPAB3fiDitmLOQDo=', 'AAAAAAq8uroAAAAAAAgqRVjkfv1E7HRR2nduRUpGUpNyjThPTlvzDs/KIg35+dE+TyxVb5TzHuz5YjQk8sU5/99P7JH9or9ZupciTIvy6bo0gPc33v6zTrOHXZxbmyaufeyUIw4vYQJ/5FPNqPxf2lPgQSA=', datetime.datetime(2025, 6, 25, 13, 23, 9), datetime.datetime(2025, 6, 25, 13, 22, 18), datetime.datetime(2025, 6, 25, 13, 24, 8), 0, '', 2, '')

[2025-06-27 14:38:24,456] [database.py] [line:245] [INFO] # app `stock-rubik-cube`.contract_new数据：
(219502, '20250625132122553628', 3338203510512787459, '', 1, 'termination', 0, None, '', '', '', '', None, datetime.datetime(2025, 6, 27, 14, 9, 42), datetime.datetime(2025, 6, 27, 14, 9, 42), 0, '', 2, '')

[2025-06-27 14:38:24,472] [database.py] [line:252] [INFO] # app `stock-rubik-cube`.`order`数据列表：
((3338203510512787459,),)

[2025-06-27 14:38:24,472] [database.py] [line:259] [INFO] # app用户id：3338203510512787459

[2025-06-27 14:38:24,519] [database.py] [line:287] [INFO] # app `stock-rubik-cube`.user_order_product数据列表：
()

[2025-06-27 14:38:24,533] [database.py] [line:85] [INFO] # 
退款订单号：20250627141914504629
[2025-06-27 14:38:24,554] [database.py] [line:97] [INFO] # 退款订单unionid：o1ELc6LrAZOqCjYiOZur5A-sVzYc，kill_order：
[2025-06-27 14:38:24,577] [database.py] [line:107] [INFO] # v2_work_crm_order_main 数据列表：
((49337, '20250627141914504629', 10174, 3, 3, 1, 3, '1751005315', '', 'o1ELc6LrAZOqCjYiOZur5A-sVzYc', '赵楠', 'H4qNWOvOwe$$$$A$$$$rqaPhQyIw==', datetime.datetime(2025, 6, 27, 14, 23, 44), datetime.datetime(2025, 12, 27, 14, 23, 44), 183, 0, datetime.datetime(2025, 12, 27, 14, 23, 44), None, None, None, 0, datetime.datetime(2025, 6, 27, 14, 19, 14), datetime.datetime(2025, 6, 27, 14, 19, 14)),)

[2025-06-27 14:38:24,599] [database.py] [line:114] [INFO] # v2_work_crm_order_main_son 数据列表：
()

[2025-06-27 14:38:24,621] [database.py] [line:121] [INFO] # v2_work_crm_order_main_status 数据列表：
((49496, '20250627141914504629', 1, 1, 2, 1, datetime.datetime(2025, 6, 27, 14, 23, 44), 1, 4, 889017, 889017, 'wwec9bda2817108582', '百灵智投', 'ZhaoNan', 'ZhaoNan', 1, 2, 1, '趋势智投', 3, 'qszt-4-2', '这是趋势智投-四合一的描述', 183, 11, 0, '20250625132122553628', '', 0, 0, 'o1ELc6LrAZOqCjYiOZur5A-sVzYc', 3, 3, '1751005315', 1, 0, '', '', 0, datetime.datetime(2025, 6, 27, 14, 19, 14), None, datetime.datetime(2025, 6, 27, 14, 23, 44), 0, '888996', None, None, None, '889009', None, None, None, '889003,889013,889017', None, None, None),)

[2025-06-27 14:38:24,643] [database.py] [line:127] [INFO] # v2_work_crm_hegui 数据列表：
((1045, '20250627141914504629', 'o1ELc6LrAZOqCjYiOZur5A-sVzYc', 1, 101371, '', 1, 0, 1, None, None, 1, None, None, None, None, -1, 0, '', 0, datetime.datetime(2025, 6, 27, 14, 20, 16), datetime.datetime(2025, 6, 27, 14, 23, 44)),)

[2025-06-27 14:38:24,665] [database.py] [line:133] [INFO] # v2_work_crm_order_contract 数据列表：
((44322, '20250627141914504629', 'bbf336f77c1d47a68161159d6fb16246', '0934d68046484920b2c281a20d97800a', 'd28a3fcb2e7c461cb483222be426f433', 1, '产品服务协议', 'eeZRyEm7vbDA0Lxi1n6NDNDfMbS3FBKFV1I5u28WftFIskiH4SusbdejbsUQMFXYeTZ7DiuHw1qOgFp85WOTrAfwL1JcFl0TlZVHCnkly3TKc@@@@lCM6kGFw==', '5VFbtjRSP9eHX@@@@3H$$$$LTFZHMFWXdll9IAoUrn7BPXz2yXtq3TplNQwvXJ@@@@yh5@@@@XRKsF5R58jYF0zSk4TgP44@@@@wv8SYltGw4fJ7Rn6ux68ISiTrLsa7YUbZw==', datetime.datetime(2025, 6, 27, 14, 23, 44), '2025-06-27 14:20:10', 'YSTG10A25062700001', None, 'eqoh5xxl$$$$ZHJkZo7HfytjEyYA801VLRe$$$$pS78cSF3nsGRbaNikpsiSE1WU2duLjukCxhu6DZB852D2oIq8h6Tjgfi3ceE1SyAZ3rcKDT0srAKeUirii3i$$$$tVfGj2T0WoXDDix47TcowNW1Zd59ToaPXD3r69j7AYsP8qFtsHIDi5qVn14z3VgcAL$$$$tubvjpyWSjyKotZtA4L3dphwNqvHHk2ew4rh8NajoBafOVjk6wH8C9SXBZdE5WVRwp5Jct0d@@@@NrlySjKXplUsGwiHEE2wvd2mHA2q8ceTZ7DiuHw1qOgFp85WOTrAfwL1JcFl0TlZVHCnkly3RVciKiMhbRwQ==', 0, '', datetime.datetime(2025, 6, 27, 14, 20, 16), datetime.datetime(2025, 6, 27, 14, 20, 16)), (44323, '20250627141914504629', None, None, 'dc588181a755439aace7955f2b6da66b', 2, '终止协议-测试', None, '5VFbtjRSP9eHX@@@@3H$$$$LTFZHMFWXdll9IAoUrn7BPXz2yXtq3TplNQwvXJ@@@@yh5@@@@XRKtdxtggvPysrlhLihRAZK11sfQUJJ$$$$q9n', datetime.datetime(2025, 6, 27, 14, 35, 41), '2025-06-27 14:35:41', 'c', None, None, 0, '', datetime.datetime(2025, 6, 27, 14, 35, 13), datetime.datetime(2025, 6, 27, 14, 35, 13)))

[2025-06-27 14:38:24,687] [database.py] [line:144] [INFO] # 风险测评id：41493
[2025-06-27 14:38:24,731] [database.py] [line:157] [INFO] # 退款id：1182
[2025-06-27 14:38:25,171] [database.py] [line:241] [INFO] # app `stock-rubik-cube`.contract_new数据列表：
((219503, '20250627141914504629', 3338203510512787459, 'YSTG10A25062700001', 0, 'service', 0, datetime.date(2025, 6, 27), '0934d68046484920b2c281a20d97800a', 'bbf336f77c1d47a68161159d6fb16246', 'AAAAAAq8uroAAAAAAAgqgEKxtJBNpjO5jIB3TNtyWomKoC8iF/ZTHHHMKlgEvsmx0D3cikYsmedx7KjBWnbaWeUZFQz0MpqEH/oZHgyxTQOrqmqnTuRbpXHW+fyoTl9XDsrlgBhXRHNYE8l4K0fJ3RbL+B1MBTBGsIuXrTIgWxLFohPi7+/B4AuB3OPNGEl7fhTbXbBrw+xXm1sfwC7vUfbQ5Uw+X6LWcLZSifa05jA4Hm6sHYa/kPJvZoPpk/oUh2z6JaBC8AYlmcmUm3BOWmsv7EGHZtHpcCwWTVNQaTtA0YwaQtNkjb7MbEA67QxYA169OYXQfg2sLVx9WqqYnZQnCJX+bRMY94cAHInVaZl6oWtkiuC+g7cBxMNknpoDjHPOHu5ooB+HY2YlxjEUv5529SiQ1RqLtaGZqGPqB0xMcckZjMIlR4tVS9w66ulPq9jxDhDtXVx18e3fLPiaXY+LvlO7FauY1hbGDBL0p8dYcHifxqxSxA0eZQ6+y+to19MCzI5EvvJmQZ5xl4n+w8D4zzlDcFZR7t9+vHRr4SfFHU5Uo+Weq5BmyQiqEaJjwSdmG0jkz51uU+NCGUbfG/uhm5Khcz/DiSjKE4ISTsy4ygE2X0nNl+JAncmB49qBwSNayzB32YhjsCmqKSfdO16QkxFK', 'AAAAAAq8uroAAAAAAAgqgcnS8rxUdQrkZIezRMlBjktKOt42yGNUA6TnJzVC/bNOIv+g0PlbcuqGwBXo6qxkMheSjqOuTzrYIcv+aHEEYwdfgVgomwVxGx40YFQKrvRdm8yXnv9xiYuj9EjX1BYlyJdEOxw=', datetime.datetime(2025, 6, 27, 14, 20, 10), datetime.datetime(2025, 6, 27, 14, 19, 19), datetime.datetime(2025, 6, 27, 14, 23, 45), 0, '', 2, ''), (219504, '20250627141914504629', 3338203510512787459, '', 1, 'termination', 0, None, '', '', '', '', None, datetime.datetime(2025, 6, 27, 14, 35, 13), datetime.datetime(2025, 6, 27, 14, 35, 13), 0, '', 2, ''))

[2025-06-27 14:38:25,171] [database.py] [line:245] [INFO] # app `stock-rubik-cube`.contract_new数据：
(219503, '20250627141914504629', 3338203510512787459, 'YSTG10A25062700001', 0, 'service', 0, datetime.date(2025, 6, 27), '0934d68046484920b2c281a20d97800a', 'bbf336f77c1d47a68161159d6fb16246', 'AAAAAAq8uroAAAAAAAgqgEKxtJBNpjO5jIB3TNtyWomKoC8iF/ZTHHHMKlgEvsmx0D3cikYsmedx7KjBWnbaWeUZFQz0MpqEH/oZHgyxTQOrqmqnTuRbpXHW+fyoTl9XDsrlgBhXRHNYE8l4K0fJ3RbL+B1MBTBGsIuXrTIgWxLFohPi7+/B4AuB3OPNGEl7fhTbXbBrw+xXm1sfwC7vUfbQ5Uw+X6LWcLZSifa05jA4Hm6sHYa/kPJvZoPpk/oUh2z6JaBC8AYlmcmUm3BOWmsv7EGHZtHpcCwWTVNQaTtA0YwaQtNkjb7MbEA67QxYA169OYXQfg2sLVx9WqqYnZQnCJX+bRMY94cAHInVaZl6oWtkiuC+g7cBxMNknpoDjHPOHu5ooB+HY2YlxjEUv5529SiQ1RqLtaGZqGPqB0xMcckZjMIlR4tVS9w66ulPq9jxDhDtXVx18e3fLPiaXY+LvlO7FauY1hbGDBL0p8dYcHifxqxSxA0eZQ6+y+to19MCzI5EvvJmQZ5xl4n+w8D4zzlDcFZR7t9+vHRr4SfFHU5Uo+Weq5BmyQiqEaJjwSdmG0jkz51uU+NCGUbfG/uhm5Khcz/DiSjKE4ISTsy4ygE2X0nNl+JAncmB49qBwSNayzB32YhjsCmqKSfdO16QkxFK', 'AAAAAAq8uroAAAAAAAgqgcnS8rxUdQrkZIezRMlBjktKOt42yGNUA6TnJzVC/bNOIv+g0PlbcuqGwBXo6qxkMheSjqOuTzrYIcv+aHEEYwdfgVgomwVxGx40YFQKrvRdm8yXnv9xiYuj9EjX1BYlyJdEOxw=', datetime.datetime(2025, 6, 27, 14, 20, 10), datetime.datetime(2025, 6, 27, 14, 19, 19), datetime.datetime(2025, 6, 27, 14, 23, 45), 0, '', 2, '')

[2025-06-27 14:38:25,171] [database.py] [line:245] [INFO] # app `stock-rubik-cube`.contract_new数据：
(219504, '20250627141914504629', 3338203510512787459, '', 1, 'termination', 0, None, '', '', '', '', None, datetime.datetime(2025, 6, 27, 14, 35, 13), datetime.datetime(2025, 6, 27, 14, 35, 13), 0, '', 2, '')

[2025-06-27 14:38:25,184] [database.py] [line:252] [INFO] # app `stock-rubik-cube`.`order`数据列表：
((3338203510512787459,),)

[2025-06-27 14:38:25,184] [database.py] [line:259] [INFO] # app用户id：3338203510512787459

[2025-06-27 14:38:25,224] [database.py] [line:287] [INFO] # app `stock-rubik-cube`.user_order_product数据列表：
()

[2025-06-27 14:38:25,283] [database.py] [line:308] [INFO] # o1ELc6LrAZOqCjYiOZur5A-sVzYc用户到期时间：(datetime.datetime(2025, 6, 24, 14, 20, 50),)
[2025-06-27 14:38:25,310] [database.py] [line:322] [INFO] # 更新work_crm_base_user表u_expire_date成功！
