[2026-01-13 10:19:04,968] [log.py] [line:31] [INFO] # ======Start printing logs======
[2026-01-13 10:19:16,181] [database.py] [line:82] [INFO] # 退款订单id列表：['20251219154324110285']
[2026-01-13 10:19:16,181] [database.py] [line:87] [INFO] # 
退款订单号：20251219154324110285
[2026-01-13 10:19:16,247] [database.py] [line:109] [INFO] # v2_work_crm_order_main 数据列表：
()

[2026-01-13 10:19:16,288] [database.py] [line:116] [INFO] # v2_work_crm_order_main_son 数据列表：
()

[2026-01-13 10:19:16,330] [database.py] [line:123] [INFO] # v2_work_crm_order_main_status 数据列表：
()

[2026-01-13 10:19:16,356] [database.py] [line:129] [INFO] # v2_work_crm_hegui 数据列表：
()

[2026-01-13 10:19:16,387] [database.py] [line:135] [INFO] # v2_work_crm_order_contract 数据列表：
()

[2026-01-13 10:19:16,914] [database.py] [line:238] [INFO] # app订单号：20251219154324110285
[2026-01-13 10:19:16,940] [database.py] [line:366] [ERROR] # 数据库操作时发生错误: (1146, "Table 'stock-rubik-cube.v2_work_crm_order_contract' doesn't exist")
[2026-01-13 10:19:16,941] [database.py] [line:367] [ERROR] # Error occurred: (1146, "Table 'stock-rubik-cube.v2_work_crm_order_contract' doesn't exist")
Traceback (most recent call last):
  File "D:\WorkSpaces\CRM\db\database.py", line 241, in database
    cursor_app.execute(query_contract, order_value)
  File "D:\WorkSpaces\CRM\venv\lib\site-packages\pymysql\cursors.py", line 153, in execute
    result = self._query(query)
  File "D:\WorkSpaces\CRM\venv\lib\site-packages\pymysql\cursors.py", line 322, in _query
    conn.query(q)
  File "D:\WorkSpaces\CRM\venv\lib\site-packages\pymysql\connections.py", line 558, in query
    self._affected_rows = self._read_query_result(unbuffered=unbuffered)
  File "D:\WorkSpaces\CRM\venv\lib\site-packages\pymysql\connections.py", line 822, in _read_query_result
    result.read()
  File "D:\WorkSpaces\CRM\venv\lib\site-packages\pymysql\connections.py", line 1200, in read
    first_packet = self.connection._read_packet()
  File "D:\WorkSpaces\CRM\venv\lib\site-packages\pymysql\connections.py", line 772, in _read_packet
    packet.raise_for_error()
  File "D:\WorkSpaces\CRM\venv\lib\site-packages\pymysql\protocol.py", line 221, in raise_for_error
    err.raise_mysql_exception(self._data)
  File "D:\WorkSpaces\CRM\venv\lib\site-packages\pymysql\err.py", line 143, in raise_mysql_exception
    raise errorclass(errno, errval)
pymysql.err.ProgrammingError: (1146, "Table 'stock-rubik-cube.v2_work_crm_order_contract' doesn't exist")
[2026-01-13 10:22:54,986] [log.py] [line:31] [INFO] # ======Start printing logs======
[2026-01-13 10:22:57,293] [database.py] [line:82] [INFO] # 退款订单id列表：['20251219154324110285']
[2026-01-13 10:22:57,294] [database.py] [line:87] [INFO] # 
退款订单号：20251219154324110285
[2026-01-13 10:22:57,356] [database.py] [line:109] [INFO] # v2_work_crm_order_main 数据列表：
()

[2026-01-13 10:22:57,401] [database.py] [line:116] [INFO] # v2_work_crm_order_main_son 数据列表：
()

[2026-01-13 10:22:57,439] [database.py] [line:123] [INFO] # v2_work_crm_order_main_status 数据列表：
()

[2026-01-13 10:22:57,466] [database.py] [line:129] [INFO] # v2_work_crm_hegui 数据列表：
()

[2026-01-13 10:22:57,494] [database.py] [line:135] [INFO] # v2_work_crm_order_contract 数据列表：
()

[2026-01-13 10:22:57,906] [database.py] [line:238] [INFO] # app订单号：20251219154324110285
[2026-01-13 10:22:57,924] [database.py] [line:255] [INFO] # app `stock-rubik-cube`.app_order数据列表：
()

[2026-01-13 10:22:57,981] [database.py] [line:290] [INFO] # app `stock-rubik-cube`.user_order_product数据列表：
()

[2026-01-13 10:22:58,047] [database.py] [line:366] [ERROR] # 数据库操作时发生错误: (1292, "Truncated incorrect DOUBLE value: 'owAkH6pzIm8b-ToOmC0cz7p2IomI'")
[2026-01-13 10:22:58,047] [database.py] [line:367] [ERROR] # Error occurred: (1292, "Truncated incorrect DOUBLE value: 'owAkH6pzIm8b-ToOmC0cz7p2IomI'")
Traceback (most recent call last):
  File "D:\WorkSpaces\CRM\db\database.py", line 307, in database
    cursor_app.execute(sql, blacklists)
  File "D:\WorkSpaces\CRM\venv\lib\site-packages\pymysql\cursors.py", line 153, in execute
    result = self._query(query)
  File "D:\WorkSpaces\CRM\venv\lib\site-packages\pymysql\cursors.py", line 322, in _query
    conn.query(q)
  File "D:\WorkSpaces\CRM\venv\lib\site-packages\pymysql\connections.py", line 558, in query
    self._affected_rows = self._read_query_result(unbuffered=unbuffered)
  File "D:\WorkSpaces\CRM\venv\lib\site-packages\pymysql\connections.py", line 822, in _read_query_result
    result.read()
  File "D:\WorkSpaces\CRM\venv\lib\site-packages\pymysql\connections.py", line 1200, in read
    first_packet = self.connection._read_packet()
  File "D:\WorkSpaces\CRM\venv\lib\site-packages\pymysql\connections.py", line 772, in _read_packet
    packet.raise_for_error()
  File "D:\WorkSpaces\CRM\venv\lib\site-packages\pymysql\protocol.py", line 221, in raise_for_error
    err.raise_mysql_exception(self._data)
  File "D:\WorkSpaces\CRM\venv\lib\site-packages\pymysql\err.py", line 143, in raise_mysql_exception
    raise errorclass(errno, errval)
pymysql.err.OperationalError: (1292, "Truncated incorrect DOUBLE value: 'owAkH6pzIm8b-ToOmC0cz7p2IomI'")
[2026-01-13 10:25:02,875] [log.py] [line:31] [INFO] # ======Start printing logs======
[2026-01-13 10:25:04,827] [database.py] [line:82] [INFO] # 退款订单id列表：['20251219154324110285']
[2026-01-13 10:25:04,827] [database.py] [line:87] [INFO] # 
退款订单号：20251219154324110285
[2026-01-13 10:25:04,880] [database.py] [line:109] [INFO] # v2_work_crm_order_main 数据列表：
()

[2026-01-13 10:25:04,913] [database.py] [line:116] [INFO] # v2_work_crm_order_main_son 数据列表：
()

[2026-01-13 10:25:04,945] [database.py] [line:123] [INFO] # v2_work_crm_order_main_status 数据列表：
()

[2026-01-13 10:25:04,968] [database.py] [line:129] [INFO] # v2_work_crm_hegui 数据列表：
()

[2026-01-13 10:25:04,991] [database.py] [line:135] [INFO] # v2_work_crm_order_contract 数据列表：
()

[2026-01-13 10:25:05,333] [database.py] [line:238] [INFO] # app订单号：20251219154324110285
[2026-01-13 10:25:05,350] [database.py] [line:255] [INFO] # app `stock-rubik-cube`.app_order数据列表：
()

[2026-01-13 10:25:05,383] [database.py] [line:290] [INFO] # app `stock-rubik-cube`.user_order_product数据列表：
()

[2026-01-13 10:25:05,439] [database.py] [line:308] [INFO] # 删除app黑名单成功
[2026-01-13 10:25:05,481] [database.py] [line:352] [INFO] # 删除crm黑名单成功！
[2026-01-13 13:48:07,564] [log.py] [line:31] [INFO] # ======Start printing logs======
[2026-01-13 14:07:02,515] [log.py] [line:31] [INFO] # ======Start printing logs======
[2026-01-13 14:07:02,515] [database.py] [line:369] [ERROR] # 数据库操作时发生错误: 'YAML' object has no attribute 'safe_load'
[2026-01-13 14:07:02,515] [database.py] [line:370] [ERROR] # Error occurred: 'YAML' object has no attribute 'safe_load'
Traceback (most recent call last):
  File "D:\WorkSpaces\CRM\db\database.py", line 29, in database
    config_data = yaml.safe_load(file)
AttributeError: 'YAML' object has no attribute 'safe_load'
[2026-01-13 14:07:16,087] [log.py] [line:31] [INFO] # ======Start printing logs======
[2026-01-13 14:07:40,116] [log.py] [line:31] [INFO] # ======Start printing logs======
[2026-01-13 14:07:54,716] [log.py] [line:31] [INFO] # ======Start printing logs======
[2026-01-13 14:08:07,231] [log.py] [line:31] [INFO] # ======Start printing logs======
[2026-01-13 14:11:53,565] [log.py] [line:31] [INFO] # ======Start printing logs======
[2026-01-13 14:13:07,914] [log.py] [line:31] [INFO] # ======Start printing logs======
[2026-01-13 14:17:25,767] [log.py] [line:31] [INFO] # ======Start printing logs======
[2026-01-13 14:18:15,742] [log.py] [line:31] [INFO] # ======Start printing logs======
[2026-01-13 14:19:16,602] [log.py] [line:31] [INFO] # ======Start printing logs======
[2026-01-13 14:19:16,614] [database.py] [line:370] [ERROR] # 数据库操作时发生错误: string indices must be integers
[2026-01-13 14:19:16,614] [database.py] [line:371] [ERROR] # Error occurred: string indices must be integers
Traceback (most recent call last):
  File "D:\WorkSpaces\CRM\db\database.py", line 36, in database
    print("配置文件内容：{}".format(config_data)['blacklist'])
TypeError: string indices must be integers
[2026-01-13 14:35:17,863] [log.py] [line:31] [INFO] # ======Start printing logs======
[2026-01-13 14:35:20,106] [database.py] [line:84] [INFO] # 退款订单id列表：['20251219154324110285', '3425345', '2156461']
[2026-01-13 14:35:20,106] [database.py] [line:89] [INFO] # 
退款订单号：20251219154324110285
[2026-01-13 14:35:20,173] [database.py] [line:111] [INFO] # v2_work_crm_order_main 数据列表：
()

[2026-01-13 14:35:20,211] [database.py] [line:118] [INFO] # v2_work_crm_order_main_son 数据列表：
()

[2026-01-13 14:35:20,249] [database.py] [line:125] [INFO] # v2_work_crm_order_main_status 数据列表：
()

[2026-01-13 14:35:20,279] [database.py] [line:131] [INFO] # v2_work_crm_hegui 数据列表：
()

[2026-01-13 14:35:20,306] [database.py] [line:137] [INFO] # v2_work_crm_order_contract 数据列表：
()

[2026-01-13 14:35:20,715] [database.py] [line:240] [INFO] # app订单号：20251219154324110285
[2026-01-13 14:35:20,764] [database.py] [line:257] [INFO] # app `stock-rubik-cube`.app_order数据列表：
()

[2026-01-13 14:35:21,243] [database.py] [line:292] [INFO] # app `stock-rubik-cube`.user_order_product数据列表：
()

[2026-01-13 14:35:21,289] [database.py] [line:89] [INFO] # 
退款订单号：3425345
[2026-01-13 14:35:21,352] [database.py] [line:111] [INFO] # v2_work_crm_order_main 数据列表：
()

[2026-01-13 14:35:21,383] [database.py] [line:118] [INFO] # v2_work_crm_order_main_son 数据列表：
()

[2026-01-13 14:35:21,434] [database.py] [line:125] [INFO] # v2_work_crm_order_main_status 数据列表：
()

[2026-01-13 14:35:21,466] [database.py] [line:131] [INFO] # v2_work_crm_hegui 数据列表：
()

[2026-01-13 14:35:21,495] [database.py] [line:137] [INFO] # v2_work_crm_order_contract 数据列表：
()

[2026-01-13 14:35:21,909] [database.py] [line:240] [INFO] # app订单号：3425345
[2026-01-13 14:35:21,928] [database.py] [line:257] [INFO] # app `stock-rubik-cube`.app_order数据列表：
()

[2026-01-13 14:35:21,983] [database.py] [line:292] [INFO] # app `stock-rubik-cube`.user_order_product数据列表：
()

[2026-01-13 14:35:22,036] [database.py] [line:89] [INFO] # 
退款订单号：2156461
[2026-01-13 14:35:22,088] [database.py] [line:111] [INFO] # v2_work_crm_order_main 数据列表：
()

[2026-01-13 14:35:22,117] [database.py] [line:118] [INFO] # v2_work_crm_order_main_son 数据列表：
()

[2026-01-13 14:35:22,153] [database.py] [line:125] [INFO] # v2_work_crm_order_main_status 数据列表：
()

[2026-01-13 14:35:22,183] [database.py] [line:131] [INFO] # v2_work_crm_hegui 数据列表：
()

[2026-01-13 14:35:22,213] [database.py] [line:137] [INFO] # v2_work_crm_order_contract 数据列表：
()

[2026-01-13 14:35:22,643] [database.py] [line:240] [INFO] # app订单号：2156461
[2026-01-13 14:35:22,662] [database.py] [line:257] [INFO] # app `stock-rubik-cube`.app_order数据列表：
()

[2026-01-13 14:35:22,722] [database.py] [line:292] [INFO] # app `stock-rubik-cube`.user_order_product数据列表：
()

[2026-01-13 14:35:22,805] [database.py] [line:310] [INFO] # 删除app黑名单成功
[2026-01-13 14:35:22,853] [database.py] [line:356] [INFO] # 删除crm黑名单成功！
[2026-01-13 14:38:27,420] [log.py] [line:31] [INFO] # ======Start printing logs======
[2026-01-13 14:38:29,932] [database.py] [line:82] [INFO] # 退款订单id列表：['20251219154324110285']
[2026-01-13 14:38:29,932] [database.py] [line:87] [INFO] # 
退款订单号：20251219154324110285
[2026-01-13 14:38:30,006] [database.py] [line:109] [INFO] # v2_work_crm_order_main 数据列表：
()

[2026-01-13 14:38:30,050] [database.py] [line:116] [INFO] # v2_work_crm_order_main_son 数据列表：
()

[2026-01-13 14:38:30,096] [database.py] [line:123] [INFO] # v2_work_crm_order_main_status 数据列表：
()

[2026-01-13 14:38:30,123] [database.py] [line:129] [INFO] # v2_work_crm_hegui 数据列表：
()

[2026-01-13 14:38:30,151] [database.py] [line:135] [INFO] # v2_work_crm_order_contract 数据列表：
()

[2026-01-13 14:38:30,598] [database.py] [line:238] [INFO] # app订单号：20251219154324110285
[2026-01-13 14:38:30,623] [database.py] [line:255] [INFO] # app `stock-rubik-cube`.app_order数据列表：
()

[2026-01-13 14:38:30,659] [database.py] [line:290] [INFO] # app `stock-rubik-cube`.user_order_product数据列表：
()

[2026-01-13 14:38:30,753] [database.py] [line:308] [INFO] # 删除app黑名单成功
[2026-01-13 14:38:30,811] [database.py] [line:354] [INFO] # 删除crm黑名单成功！
