[2025-06-10 14:05:47,837] [log.py] [line:31] [INFO] # ======Start printing logs======
[2025-06-10 14:05:59,128] [log.py] [line:31] [INFO] # ======Start printing logs======
[2025-06-10 14:06:02,510] [database.py] [line:80] [INFO] # 退款订单id列表：['20250610131518040274']
[2025-06-10 14:06:02,510] [database.py] [line:85] [INFO] # 
退款订单号：20250610131518040274
[2025-06-10 14:06:02,565] [database.py] [line:107] [INFO] # v2_work_crm_order_main 数据列表：
()

[2025-06-10 14:06:02,598] [database.py] [line:114] [INFO] # v2_work_crm_order_main_son 数据列表：
()

[2025-06-10 14:06:02,632] [database.py] [line:121] [INFO] # v2_work_crm_order_main_status 数据列表：
()

[2025-06-10 14:06:02,653] [database.py] [line:127] [INFO] # v2_work_crm_hegui 数据列表：
()

[2025-06-10 14:06:02,675] [database.py] [line:133] [INFO] # v2_work_crm_order_contract 数据列表：
()

[2025-06-10 14:06:03,079] [database.py] [line:241] [INFO] # app `stock-rubik-cube`.contract_new数据列表：
((219410, '20250610131518040274', 3338203510512787459, 'YSTG10A25061000002', 0, 'service', 0, datetime.date(2025, 6, 10), '711a625384b246c7807a512e7be69c22', '3d2a35fde9974604aedae080aa841728', 'AAAAAAq8uroAAAAAAAgpbxmhuIJ9X16wMdE4GKZV30+bZiGmdDPG1Qi4AKK2+lRrlGr++krKqQQagtqmngVFdDCSK5LGf2jHEfemkp7yX9t1EvP11U2kfuoSt+Bw70lRf6HIbRxKlFoOrr6E/QVgPQIo5mUHLzOqCrccSwNM5+mIHhPsEWjsNlZvM8CnbjfYmkPigzidorMPSMMa6L5vUQfToGP+akP7/jsw+LzswAcKIXWPVA5Gm3a2C99JBCaMvp7rQvGIh2O6YmSTJLuvCAuGc8ghbYJN4Y+8J14uB/98TXUX0F8nRTKKjlWhsY99MRSWz9DUUrsadTDoBuOwyOrKJwm7n30em2ofPnxYGigZgBd9Zk8AOMg0s1GbsNweJj/+NO/vSyGLEyMV5B1ZY/Af2KMzgjS+/zL3x5Ai0Qg3FZvCj5oTNMPno5ocE2aDyS9hghFs9OUiU9Gnj2kaJN24ZJ4iUkdzdZ3nBhtqXjTfg2AH/7BVWgptt0MYzADiRdeYVVnet6DSyiYF9Xrd75lw4VGAzQsguBJ7yAHMI9HoksdU7Bq2tKO/HKzckK2Fd73QJ+vGhpN0eVBwVswrVFmWj+VBAmgdqAOPe16biezOy/dKEqZ6823/AH62wmlskAW3vVbxP8daYNTaU2WhD2yuIaOUTpLMkJzm', 'AAAAAAq8uroAAAAAAAgpcGInc+ocMOsKXI/RAtx+RWLGp/kEFWr3dSQzoiPdWsGWkH5MWRzMyM1eKRJ9ZgFLjc+Mgxzkc10rcQwXHY5OW4kID1HqfWKnPaffypDpx16Jk6ZparcMS5ZMaUA1H03ac5Y8l8M=', datetime.datetime(2025, 6, 10, 13, 34, 51), datetime.datetime(2025, 6, 10, 13, 16, 11), datetime.datetime(2025, 6, 10, 13, 35, 31), 0, '', 2, ''),)

[2025-06-10 14:06:03,079] [database.py] [line:245] [INFO] # app `stock-rubik-cube`.contract_new数据：
(219410, '20250610131518040274', 3338203510512787459, 'YSTG10A25061000002', 0, 'service', 0, datetime.date(2025, 6, 10), '711a625384b246c7807a512e7be69c22', '3d2a35fde9974604aedae080aa841728', 'AAAAAAq8uroAAAAAAAgpbxmhuIJ9X16wMdE4GKZV30+bZiGmdDPG1Qi4AKK2+lRrlGr++krKqQQagtqmngVFdDCSK5LGf2jHEfemkp7yX9t1EvP11U2kfuoSt+Bw70lRf6HIbRxKlFoOrr6E/QVgPQIo5mUHLzOqCrccSwNM5+mIHhPsEWjsNlZvM8CnbjfYmkPigzidorMPSMMa6L5vUQfToGP+akP7/jsw+LzswAcKIXWPVA5Gm3a2C99JBCaMvp7rQvGIh2O6YmSTJLuvCAuGc8ghbYJN4Y+8J14uB/98TXUX0F8nRTKKjlWhsY99MRSWz9DUUrsadTDoBuOwyOrKJwm7n30em2ofPnxYGigZgBd9Zk8AOMg0s1GbsNweJj/+NO/vSyGLEyMV5B1ZY/Af2KMzgjS+/zL3x5Ai0Qg3FZvCj5oTNMPno5ocE2aDyS9hghFs9OUiU9Gnj2kaJN24ZJ4iUkdzdZ3nBhtqXjTfg2AH/7BVWgptt0MYzADiRdeYVVnet6DSyiYF9Xrd75lw4VGAzQsguBJ7yAHMI9HoksdU7Bq2tKO/HKzckK2Fd73QJ+vGhpN0eVBwVswrVFmWj+VBAmgdqAOPe16biezOy/dKEqZ6823/AH62wmlskAW3vVbxP8daYNTaU2WhD2yuIaOUTpLMkJzm', 'AAAAAAq8uroAAAAAAAgpcGInc+ocMOsKXI/RAtx+RWLGp/kEFWr3dSQzoiPdWsGWkH5MWRzMyM1eKRJ9ZgFLjc+Mgxzkc10rcQwXHY5OW4kID1HqfWKnPaffypDpx16Jk6ZparcMS5ZMaUA1H03ac5Y8l8M=', datetime.datetime(2025, 6, 10, 13, 34, 51), datetime.datetime(2025, 6, 10, 13, 16, 11), datetime.datetime(2025, 6, 10, 13, 35, 31), 0, '', 2, '')

[2025-06-10 14:06:03,114] [database.py] [line:252] [INFO] # app `stock-rubik-cube`.`order`数据列表：
((1046, '20250610131518040274', 3338203510512787459, '20250605150811369326', '研选量投', '10105', '研选量投', '2980', '0.01', 2, None, 'R2', 6, 0, datetime.datetime(2025, 6, 10, 13, 35, 31), 0, '', None, '', 0, datetime.datetime(2025, 6, 10, 0, 0), datetime.datetime(2025, 6, 12, 23, 59, 59), datetime.datetime(2025, 6, 10, 13, 15, 18), datetime.datetime(2025, 6, 10, 13, 35, 57), 0, None, '程恭谨', '', 'YSTG10H25061000002', 0, datetime.datetime(2025, 6, 12, 23, 59, 59), 0, 0, '', '', 1, '', 0),)

[2025-06-10 14:06:03,115] [database.py] [line:260] [INFO] # app用户id：3338203510512787459

[2025-06-10 14:06:03,474] [database.py] [line:288] [INFO] # app `stock-rubik-cube`.user_order_product数据列表：
((56905, 3338203510512787459, '20250610131518040274', '3', datetime.datetime(2025, 6, 10, 0, 0), datetime.datetime(2025, 6, 12, 23, 59, 59), 0, datetime.datetime(2025, 6, 10, 13, 35, 57), datetime.datetime(2025, 6, 10, 13, 35, 57)),)

[2025-06-10 14:27:08,843] [log.py] [line:31] [INFO] # ======Start printing logs======
[2025-06-10 14:27:11,333] [database.py] [line:80] [INFO] # 退款订单id列表：['20250610140634188598']
[2025-06-10 14:27:11,333] [database.py] [line:85] [INFO] # 
退款订单号：20250610140634188598
[2025-06-10 14:27:11,355] [database.py] [line:97] [INFO] # 退款订单unionid：o1ELc6LrAZOqCjYiOZur5A-sVzYc，kill_order：
[2025-06-10 14:27:11,392] [database.py] [line:107] [INFO] # v2_work_crm_order_main 数据列表：
((49274, '20250610140634188598', 10105, 1, 1, 0, 0, '1744869666', '', 'o1ELc6LrAZOqCjYiOZur5A-sVzYc', '赵楠', 'H4qNWOvOwe$$$$A$$$$rqaPhQyIw==', datetime.datetime(2025, 6, 14, 13, 35, 30), datetime.datetime(2025, 6, 16, 13, 35, 30), 2, 0, datetime.datetime(2025, 6, 16, 13, 35, 30), None, None, None, 0, datetime.datetime(2025, 6, 10, 14, 6, 34), datetime.datetime(2025, 6, 10, 14, 6, 34)),)

[2025-06-10 14:27:11,414] [database.py] [line:114] [INFO] # v2_work_crm_order_main_son 数据列表：
()

[2025-06-10 14:27:11,451] [database.py] [line:121] [INFO] # v2_work_crm_order_main_status 数据列表：
((49432, '20250610140634188598', 1, 1, 2, 0, datetime.datetime(2025, 6, 10, 14, 8, 5), 3, 0, 889009, 889009, 'wwec9bda2817108582', '百灵智投', 'cheng', 'cheng', 1, 3, 0, '研选量投', 1, 'yxlt', '这是研选量投的描述', 2, 3, 0, '20250605150811369326', '', 0, 0, 'o1ELc6LrAZOqCjYiOZur5A-sVzYc', 1, 1, '1744869666', 0, 7, '', '', 0, datetime.datetime(2025, 6, 10, 14, 6, 34), None, datetime.datetime(2025, 6, 10, 14, 8, 5), 0, '888996', None, None, None, '889009', None, None, None, '889003,889013,889017', None, None, None),)

[2025-06-10 14:27:11,474] [database.py] [line:127] [INFO] # v2_work_crm_hegui 数据列表：
((987, '20250610140634188598', 'o1ELc6LrAZOqCjYiOZur5A-sVzYc', 1, 0, '', 0, 0, 2, None, None, 1, None, None, None, None, -1, '', 0, datetime.datetime(2025, 6, 10, 14, 8, 1), datetime.datetime(2025, 6, 10, 14, 8, 5)),)

[2025-06-10 14:27:11,496] [database.py] [line:133] [INFO] # v2_work_crm_order_contract 数据列表：
((44224, '20250610140634188598', '8150b7c6775d45829eceb6526d28859b', 'e1c4e9eac15741b6910bcf2f7b399e01', 'd28a3fcb2e7c461cb483222be426f433', 1, '产品服务协议', 'eeZRyEm7vbDA0Lxi1n6NDNDfMbS3FBKFV1I5u28WftFIskiH4SusbdejbsUQMFXYeTZ7DiuHw1q$$$$WFWpPus3jpnwFP4S5FYylZVHCnkly3TKc@@@@lCM6kGFw==', '5VFbtjRSP9eHX@@@@3H$$$$LTFZHMFWXdll9IAoUrn7BPXz2yXtq3TplNQwvXJ@@@@yh5@@@@XRKsF5R58jYF0zSk4TgP44@@@@wjpaR@@@@W0atTV7Rn6ux68ISiTrLsa7YUbZw==', datetime.datetime(2025, 6, 10, 14, 8, 5), '2025-06-10 14:07:37', 'YSTG10A25061000005', None, 'eqoh5xxl$$$$ZHJkZo7HfytjEyYA801VLRe$$$$pS78cSF3nsGRbaNikpsiSE1WU2duLjukCxhu6DZB852D2oIq8h6Tjgfi3ceE1Syl4epkmC2GJIEjDUwmwXxretVfGj2T0WoXDDix47TcowNW1Zd59ToaPXD3r69j7AYsP8qFtsHIDi5qVn14z3VgcAL$$$$tubvjpyWSjyKotZtA4L3dphwNqvHHk2ew4rh8NavlhVqT7rN46Z8BT$$$$EuRWMpWVRwp5Jct0d@@@@NrlySjKXplUsGwiHEE2wvd2mHA2q8ceTZ7DiuHw1q$$$$WFWpPus3jpnwFP4S5FYylZVHCnkly3RVciKiMhbRwQ==', '', '', datetime.datetime(2025, 6, 10, 14, 8, 1), datetime.datetime(2025, 6, 10, 14, 8, 1)),)

[2025-06-10 14:27:11,517] [database.py] [line:144] [INFO] # 风险测评id：41423
[2025-06-10 14:27:11,943] [database.py] [line:241] [INFO] # app `stock-rubik-cube`.contract_new数据列表：
((219413, '20250610140634188598', 3338203510512787459, 'YSTG10A25061000005', 0, 'service', 0, datetime.date(2025, 6, 10), 'e1c4e9eac15741b6910bcf2f7b399e01', '8150b7c6775d45829eceb6526d28859b', 'AAAAAAq8uroAAAAAAAgpftMu0TDZMrjssKpEYVMiUZJRJsg0Omz/8ItBioK5bUxUaMCblafxrAeLwewoNTUZA7p0/5E0/TKTFh5H2pcYNNpLarApUc3hlUnwA47lmf68rAX8tZ0bzWi3ozXLkGUjCRDF7aNZJkh1/Xx0Lmt/WlpTODlm7rSqk7newDqvGmzFw9T2HrdE4kL7ISVJcWk2LlcWY40nzLlyLum4b8VjkVpECyiz+ixBYN5tT1zSal1pbvc/i5JgfAdiFAhbg6Q2jjNosuiEDW5oafeOUkRR5jrlzyzxtCQ6wL5AdJ3jpPqnLsrQvt9qMiIuEcrk7dh+WYi8kqoXJC+3XDlTAa/GBsfu1eR7qRMSaJkrX/nmSZ2vjtkFeB8J6Np7z+th8qylQN7dcZmEBtidsM8PAseZAxDpgVE4auQjJsYBa6JWVUAhgYJv0l5rI2wOAV5eCRQ+bqT/qX5WI6XnttH4Q1GllyDgIn9wqPHLObfASjMnAFuVbtOh+jAaG4JbXkNwonG1XbYyMiycLNtjCqPsBNd0VJNtfqHsCGTkcjhV7WGEHQqIWvCER6CMlRTu5xyARrwaz8ZhKX5rJCmOgQFGZ8D189Hv0/hJpHO7OPITHJNbF3AqS775s1EGvqzWwkx1tJtGHj4jHLtL0Bqzrw==', 'AAAAAAq8uroAAAAAAAgpfzHaWumULEB1XjRnEo/Qvyf/lJfDkava2/pStysgNoLW6nh+YrRwwu5+F2a+LKtl015cJpkX2oPugNCWDg19w7VilE9IeDRQuywPEBr+wcUFYWYQM3BnOL3LJXVlCaax/TRL/TY=', datetime.datetime(2025, 6, 10, 14, 7, 37), datetime.datetime(2025, 6, 10, 14, 6, 42), datetime.datetime(2025, 6, 10, 14, 8, 5), 0, '', 2, ''),)

[2025-06-10 14:27:11,943] [database.py] [line:245] [INFO] # app `stock-rubik-cube`.contract_new数据：
(219413, '20250610140634188598', 3338203510512787459, 'YSTG10A25061000005', 0, 'service', 0, datetime.date(2025, 6, 10), 'e1c4e9eac15741b6910bcf2f7b399e01', '8150b7c6775d45829eceb6526d28859b', 'AAAAAAq8uroAAAAAAAgpftMu0TDZMrjssKpEYVMiUZJRJsg0Omz/8ItBioK5bUxUaMCblafxrAeLwewoNTUZA7p0/5E0/TKTFh5H2pcYNNpLarApUc3hlUnwA47lmf68rAX8tZ0bzWi3ozXLkGUjCRDF7aNZJkh1/Xx0Lmt/WlpTODlm7rSqk7newDqvGmzFw9T2HrdE4kL7ISVJcWk2LlcWY40nzLlyLum4b8VjkVpECyiz+ixBYN5tT1zSal1pbvc/i5JgfAdiFAhbg6Q2jjNosuiEDW5oafeOUkRR5jrlzyzxtCQ6wL5AdJ3jpPqnLsrQvt9qMiIuEcrk7dh+WYi8kqoXJC+3XDlTAa/GBsfu1eR7qRMSaJkrX/nmSZ2vjtkFeB8J6Np7z+th8qylQN7dcZmEBtidsM8PAseZAxDpgVE4auQjJsYBa6JWVUAhgYJv0l5rI2wOAV5eCRQ+bqT/qX5WI6XnttH4Q1GllyDgIn9wqPHLObfASjMnAFuVbtOh+jAaG4JbXkNwonG1XbYyMiycLNtjCqPsBNd0VJNtfqHsCGTkcjhV7WGEHQqIWvCER6CMlRTu5xyARrwaz8ZhKX5rJCmOgQFGZ8D189Hv0/hJpHO7OPITHJNbF3AqS775s1EGvqzWwkx1tJtGHj4jHLtL0Bqzrw==', 'AAAAAAq8uroAAAAAAAgpfzHaWumULEB1XjRnEo/Qvyf/lJfDkava2/pStysgNoLW6nh+YrRwwu5+F2a+LKtl015cJpkX2oPugNCWDg19w7VilE9IeDRQuywPEBr+wcUFYWYQM3BnOL3LJXVlCaax/TRL/TY=', datetime.datetime(2025, 6, 10, 14, 7, 37), datetime.datetime(2025, 6, 10, 14, 6, 42), datetime.datetime(2025, 6, 10, 14, 8, 5), 0, '', 2, '')

[2025-06-10 14:27:11,974] [database.py] [line:252] [INFO] # app `stock-rubik-cube`.`order`数据列表：
((1049, '20250610140634188598', 3338203510512787459, '20250605150811369326', '研选量投', '10105', '研选量投', '2980', '0.01', 2, None, 'R2', 6, 0, datetime.datetime(2025, 6, 10, 14, 8, 5), 0, '', None, '', 0, datetime.datetime(2025, 6, 14, 0, 0), datetime.datetime(2025, 6, 16, 23, 59, 59), datetime.datetime(2025, 6, 10, 14, 6, 34), datetime.datetime(2025, 6, 10, 14, 8, 27), 0, None, '程恭谨', '', 'YSTG10H25061000005', 0, datetime.datetime(2025, 6, 16, 23, 59, 59), 0, 0, '', '', 1, '', 0),)

[2025-06-10 14:27:11,974] [database.py] [line:260] [INFO] # app用户id：3338203510512787459

[2025-06-10 14:27:12,172] [database.py] [line:288] [INFO] # app `stock-rubik-cube`.user_order_product数据列表：
((56909, 3338203510512787459, '20250610140634188598', '3', datetime.datetime(2025, 6, 14, 0, 0), datetime.datetime(2025, 6, 16, 23, 59, 59), 0, datetime.datetime(2025, 6, 10, 14, 8, 27), datetime.datetime(2025, 6, 10, 14, 8, 27)),)

[2025-06-10 14:27:12,245] [database.py] [line:309] [INFO] # o1ELc6LrAZOqCjYiOZur5A-sVzYc用户到期时间：(datetime.datetime(2025, 6, 14, 14, 25, 34),)
[2025-06-10 14:27:12,267] [database.py] [line:323] [INFO] # 更新work_crm_base_user表u_expire_date成功！
[2025-06-10 14:31:43,421] [log.py] [line:31] [INFO] # ======Start printing logs======
[2025-06-10 14:31:47,729] [database.py] [line:80] [INFO] # 退款订单id列表：['20250605150811369326', '20250610141035632946', '20250610142305920648']
[2025-06-10 14:31:47,729] [database.py] [line:85] [INFO] # 
退款订单号：20250605150811369326
[2025-06-10 14:31:47,751] [database.py] [line:97] [INFO] # 退款订单unionid：o1ELc6LrAZOqCjYiOZur5A-sVzYc，kill_order：
[2025-06-10 14:31:47,787] [database.py] [line:107] [INFO] # v2_work_crm_order_main 数据列表：
((49252, '20250605150811369326', 10100, 1, 1, 1, 1, '1749107301', '4200002756202506059022612504', 'o1ELc6LrAZOqCjYiOZur5A-sVzYc', '赵楠', 'H4qNWOvOwe$$$$A$$$$rqaPhQyIw==', datetime.datetime(2025, 6, 5, 16, 18, 17), datetime.datetime(2025, 6, 6, 16, 18, 17), 1, 0, datetime.datetime(2025, 6, 6, 16, 18, 17), None, None, None, 0, datetime.datetime(2025, 6, 5, 15, 8, 11), datetime.datetime(2025, 6, 5, 15, 8, 11)),)

[2025-06-10 14:31:47,809] [database.py] [line:114] [INFO] # v2_work_crm_order_main_son 数据列表：
((14803, '20250605150811369326', 'SOD20250605150815991935', 1, 1, 1, '1749107301', '4200002756202506059022612504', None, '50302403542025060670550881643', '20250606111245026897', datetime.datetime(2025, 6, 6, 11, 12, 46), None, None, None, None, None, None, datetime.datetime(2025, 6, 5, 15, 8, 15)),)

[2025-06-10 14:31:47,847] [database.py] [line:121] [INFO] # v2_work_crm_order_main_status 数据列表：
((49410, '20250605150811369326', 1, 1, 2, 1, datetime.datetime(2025, 6, 5, 16, 18, 17), 1, 4, 888996, 888996, 'wwec9bda2817108582', '百灵智投', 'LiYongLei', 'LiYongLei', 1, 1, 1, '研选量投', 1, 'yxlt', '这是研选量投的描述', 1, 3, 0, '', '', 0, 0, 'o1ELc6LrAZOqCjYiOZur5A-sVzYc', 1, 1, '1749107301', 1, 7, '', '', 0, datetime.datetime(2025, 6, 5, 15, 8, 11), None, datetime.datetime(2025, 6, 5, 16, 18, 17), 0, '888996', None, None, None, '889009', None, None, None, '889003,889013,889017', None, None, None),)

[2025-06-10 14:31:47,868] [database.py] [line:127] [INFO] # v2_work_crm_hegui 数据列表：
((972, '20250605150811369326', 'o1ELc6LrAZOqCjYiOZur5A-sVzYc', 1, 101371, '', 1, 0, 1, None, None, 1, None, None, None, None, -1, '', 0, datetime.datetime(2025, 6, 5, 15, 9, 35), datetime.datetime(2025, 6, 5, 16, 18, 17)),)

[2025-06-10 14:31:47,890] [database.py] [line:133] [INFO] # v2_work_crm_order_contract 数据列表：
((44194, '20250605150811369326', '02a6de79c50142c7937faab980b89cd3', '23acc4678f4d49baa9b58c8eae2ec9a1', 'd28a3fcb2e7c461cb483222be426f433', 1, '产品服务协议', 'eeZRyEm7vbDA0Lxi1n6NDNDfMbS3FBKFV1I5u28WftFIskiH4SusbdejbsUQMFXYeTZ7DiuHw1osqv2VuV6zfGCVvaYCFNellZVHCnkly3TKc@@@@lCM6kGFw==', '5VFbtjRSP9eHX@@@@3H$$$$LTFZHMFWXdll9IAoUrn7BPXz2yXtq3TplNQwvXJ@@@@yh5@@@@XRKsF5R58jYF0zSk4TgP44@@@@wi9v353wnFtF7Rn6ux68ISiTrLsa7YUbZw==', datetime.datetime(2025, 6, 5, 16, 18, 17), '2025-06-05 15:09:16', 'YSTG10A25060500004', None, 'eqoh5xxl$$$$ZHJkZo7HfytjEyYA801VLRe$$$$pS78cSF3nsGRbaNikpsiSE1WU2duLjukCxhu6DZB852D2oIq8h6Tjgfi3ceE1SywvQIilbNzIsp87DyX6e9metVfGj2T0WoXDDix47TcowNW1Zd59ToaPXD3r69j7AYsP8qFtsHIDi5qVn14z3VgcAL$$$$tubvjpyWSjyKotZtA4L3dphwNqvHHk2ew4rh8NaLKr9lbles3xglb2mAhTXpZWVRwp5Jct0d@@@@NrlySjKXplUsGwiHEE2wvd2mHA2q8ceTZ7DiuHw1osqv2VuV6zfGCVvaYCFNellZVHCnkly3RVciKiMhbRwQ==', '', '', datetime.datetime(2025, 6, 5, 15, 9, 34), datetime.datetime(2025, 6, 5, 15, 9, 34)), (44204, '20250605150811369326', None, None, 'dc588181a755439aace7955f2b6da66b', 2, '终止协议-测试', None, '5VFbtjRSP9eHX@@@@3H$$$$LTFZHMFWXdll9IAoUrn7BPXz2yXtq3TplNQwvXJ@@@@yh5@@@@XRKtdxtggvPysrlhLihRAZK11sfQUJJ$$$$q9n', datetime.datetime(2025, 6, 6, 11, 12, 22), '2025-06-06 11:12:22', 'c', None, None, '', '', datetime.datetime(2025, 6, 6, 11, 11, 33), datetime.datetime(2025, 6, 6, 11, 11, 33)))

[2025-06-10 14:31:47,911] [database.py] [line:144] [INFO] # 风险测评id：41404
[2025-06-10 14:31:47,953] [database.py] [line:157] [INFO] # 退款id：1137
[2025-06-10 14:31:48,359] [database.py] [line:241] [INFO] # app `stock-rubik-cube`.contract_new数据列表：
((219369, '20250605150811369326', 3338203510512787459, 'YSTG10A25060500004', 0, 'service', 0, datetime.date(2025, 6, 5), '23acc4678f4d49baa9b58c8eae2ec9a1', '02a6de79c50142c7937faab980b89cd3', 'AAAAAAq8uroAAAAAAAgEfau6BO4VaO7XLQhAtqppA4XYlgf9WxtWVj6ofqrcQWwECCZAntUOXp97lMKEM91mlHk9LXFz4CZIbzYbWn3tnFISN8LNuvIEobzWskMvPNQBmJLNSDxY4YXSIqTKGS5aM6I4pG9RCl22+3pEtq0HYZgyysataTjqf6yJYWJr0beXZm54oy3XRTsZsTHlw226dtYIpBOF5y5lTqgM2gXCGG8EFJ7FLjSG5K+nc/mUlL/q0nj/Yy9uIrfup7/SO+My7TLhH+3597eXmvzgZwWGjYK/O8K7GRapZeFi3TsqqCy683AcbEVezAhJusFDvkhPAaBxC+E3OnP2/l8TO86iS7anahlVoN3RC+owDYzJpG2/e/TTRhpjzKECmZpZKrgGCh8SaQudn068eUsujqFoo9ebZe1AYZ1THcpsuM4ZUHu5SP+F27AelDApgqxiFcgJAcJtBMnJT+okon12SDe9b5GoxKf2oDLlshBoAIiknEoRgJo7FT5qXJzoyr1TsaO2lwnvrNC142U+bQ3WP3ifV7BSrK7nMZI6a5Xrn6Occw0Isx+a0Ql82F19woLWjXE+VvQMCxSiDz/bCZkiInlgARFTBcr84JFFRfNBykxGmonsdGcvDsc1C6ZToRSPSsD6H22eP1tWePw=', 'AAAAAAq8uroAAAAAAAgEfuRVZo9DyCJ5WzzxYNAw90WaAeS5/rF+td0NVyGKxdXvzRnTv4f+r8vRhwmm+3nE8eW+XE7UgZzbpwU43pVKwwj3LdOABHrSJzsv3hulB0HbupyL9BTXIGq3RnCY2cpPLroSDgI=', datetime.datetime(2025, 6, 5, 15, 9, 16), datetime.datetime(2025, 6, 5, 15, 8, 25), datetime.datetime(2025, 6, 5, 16, 18, 17), 0, '', 2, ''), (219391, '20250605150811369326', 3338203510512787459, '', 1, 'termination', 0, None, '', '', '', '', None, datetime.datetime(2025, 6, 6, 11, 11, 33), datetime.datetime(2025, 6, 6, 11, 11, 33), 0, '', 2, ''))

[2025-06-10 14:31:48,366] [database.py] [line:245] [INFO] # app `stock-rubik-cube`.contract_new数据：
(219369, '20250605150811369326', 3338203510512787459, 'YSTG10A25060500004', 0, 'service', 0, datetime.date(2025, 6, 5), '23acc4678f4d49baa9b58c8eae2ec9a1', '02a6de79c50142c7937faab980b89cd3', 'AAAAAAq8uroAAAAAAAgEfau6BO4VaO7XLQhAtqppA4XYlgf9WxtWVj6ofqrcQWwECCZAntUOXp97lMKEM91mlHk9LXFz4CZIbzYbWn3tnFISN8LNuvIEobzWskMvPNQBmJLNSDxY4YXSIqTKGS5aM6I4pG9RCl22+3pEtq0HYZgyysataTjqf6yJYWJr0beXZm54oy3XRTsZsTHlw226dtYIpBOF5y5lTqgM2gXCGG8EFJ7FLjSG5K+nc/mUlL/q0nj/Yy9uIrfup7/SO+My7TLhH+3597eXmvzgZwWGjYK/O8K7GRapZeFi3TsqqCy683AcbEVezAhJusFDvkhPAaBxC+E3OnP2/l8TO86iS7anahlVoN3RC+owDYzJpG2/e/TTRhpjzKECmZpZKrgGCh8SaQudn068eUsujqFoo9ebZe1AYZ1THcpsuM4ZUHu5SP+F27AelDApgqxiFcgJAcJtBMnJT+okon12SDe9b5GoxKf2oDLlshBoAIiknEoRgJo7FT5qXJzoyr1TsaO2lwnvrNC142U+bQ3WP3ifV7BSrK7nMZI6a5Xrn6Occw0Isx+a0Ql82F19woLWjXE+VvQMCxSiDz/bCZkiInlgARFTBcr84JFFRfNBykxGmonsdGcvDsc1C6ZToRSPSsD6H22eP1tWePw=', 'AAAAAAq8uroAAAAAAAgEfuRVZo9DyCJ5WzzxYNAw90WaAeS5/rF+td0NVyGKxdXvzRnTv4f+r8vRhwmm+3nE8eW+XE7UgZzbpwU43pVKwwj3LdOABHrSJzsv3hulB0HbupyL9BTXIGq3RnCY2cpPLroSDgI=', datetime.datetime(2025, 6, 5, 15, 9, 16), datetime.datetime(2025, 6, 5, 15, 8, 25), datetime.datetime(2025, 6, 5, 16, 18, 17), 0, '', 2, '')

[2025-06-10 14:31:48,366] [database.py] [line:245] [INFO] # app `stock-rubik-cube`.contract_new数据：
(219391, '20250605150811369326', 3338203510512787459, '', 1, 'termination', 0, None, '', '', '', '', None, datetime.datetime(2025, 6, 6, 11, 11, 33), datetime.datetime(2025, 6, 6, 11, 11, 33), 0, '', 2, '')

[2025-06-10 14:31:48,398] [database.py] [line:252] [INFO] # app `stock-rubik-cube`.`order`数据列表：
((1026, '20250605150811369326', 3338203510512787459, '', '研选量投', '10100', '研选量投', '2980', '0.01', 1, datetime.datetime(2025, 6, 5, 15, 8, 21), 'R2', 11, 0, datetime.datetime(2025, 6, 5, 16, 18, 17), 0, '', datetime.datetime(2025, 6, 6, 11, 12, 52), '0.01', 0, datetime.datetime(2025, 6, 5, 0, 0), datetime.datetime(2025, 6, 6, 23, 59, 59), datetime.datetime(2025, 6, 5, 15, 8, 11), datetime.datetime(2025, 6, 6, 11, 12, 52), 1, None, '李永蕾', '', 'YSTG10H25060500004', 0, datetime.datetime(2025, 6, 6, 23, 59, 59), 1, 0, '', '0', 1, '', 0),)

[2025-06-10 14:31:48,398] [database.py] [line:260] [INFO] # app用户id：3338203510512787459

[2025-06-10 14:31:48,597] [database.py] [line:288] [INFO] # app `stock-rubik-cube`.user_order_product数据列表：
()

[2025-06-10 14:31:48,615] [database.py] [line:85] [INFO] # 
退款订单号：20250610141035632946
[2025-06-10 14:31:48,636] [database.py] [line:97] [INFO] # 退款订单unionid：o1ELc6LrAZOqCjYiOZur5A-sVzYc，kill_order：
[2025-06-10 14:31:48,658] [database.py] [line:107] [INFO] # v2_work_crm_order_main 数据列表：
((49275, '20250610141035632946', 10105, 1, 1, 1, 1, '1749536011', '4200002673202506108199096455', 'o1ELc6LrAZOqCjYiOZur5A-sVzYc', '赵楠', 'H4qNWOvOwe$$$$A$$$$rqaPhQyIw==', datetime.datetime(2025, 6, 16, 13, 35, 30), datetime.datetime(2025, 6, 18, 13, 35, 30), 2, 0, datetime.datetime(2025, 6, 18, 13, 35, 30), None, None, None, 0, datetime.datetime(2025, 6, 10, 14, 10, 35), datetime.datetime(2025, 6, 10, 14, 10, 35)),)

[2025-06-10 14:31:48,680] [database.py] [line:114] [INFO] # v2_work_crm_order_main_son 数据列表：
((14814, '20250610141035632946', 'SOD20250610141326434108', 1, 1, 1, '1749536011', '4200002673202506108199096455', None, '50301903652025061046934099632', '20250610142910245427', datetime.datetime(2025, 6, 10, 14, 29, 11), None, None, None, None, None, None, datetime.datetime(2025, 6, 10, 14, 13, 26)),)

[2025-06-10 14:31:48,702] [database.py] [line:121] [INFO] # v2_work_crm_order_main_status 数据列表：
((49433, '20250610141035632946', 1, 1, 2, 1, datetime.datetime(2025, 6, 10, 14, 13, 50), 3, 0, 889009, 889009, 'wwec9bda2817108582', '百灵智投', 'cheng', 'cheng', 1, 3, 1, '研选量投', 1, 'yxlt', '这是研选量投的描述', 2, 3, 1, '20250610140634188598', '', 0, 0, 'o1ELc6LrAZOqCjYiOZur5A-sVzYc', 1, 1, '1749536011', 1, 7, '', '', 0, datetime.datetime(2025, 6, 10, 14, 10, 35), None, datetime.datetime(2025, 6, 10, 14, 13, 50), 0, '888996', None, None, None, '889009', None, None, None, '889003,889013,889017', None, None, None),)

[2025-06-10 14:31:48,723] [database.py] [line:127] [INFO] # v2_work_crm_hegui 数据列表：
((988, '20250610141035632946', 'o1ELc6LrAZOqCjYiOZur5A-sVzYc', 1, 0, '', 0, 0, 2, None, None, 1, None, None, None, None, -1, '', 0, datetime.datetime(2025, 6, 10, 14, 13, 46), datetime.datetime(2025, 6, 10, 14, 13, 50)),)

[2025-06-10 14:31:48,745] [database.py] [line:133] [INFO] # v2_work_crm_order_contract 数据列表：
((44225, '20250610141035632946', 'ed1cb2bb4845415e80290754ca3cdc5b', 'a04e49d9839449b6b9283cb5fc163c29', 'd28a3fcb2e7c461cb483222be426f433', 1, '产品服务协议', 'eeZRyEm7vbDA0Lxi1n6NDNDfMbS3FBKFV1I5u28WftFIskiH4SusbdejbsUQMFXYeTZ7DiuHw1q$$$$WFWpPus3jsQVx@@@@C7TCZUlZVHCnkly3TKc@@@@lCM6kGFw==', '5VFbtjRSP9eHX@@@@3H$$$$LTFZHMFWXdll9IAoUrn7BPXz2yXtq3TplNQwvXJ@@@@yh5@@@@XRKsF5R58jYF0zSk4TgP44@@@@wmJUuhxBSiKB7Rn6ux68ISiTrLsa7YUbZw==', datetime.datetime(2025, 6, 10, 14, 13, 50), '2025-06-10 14:13:20', 'YSTG10A25061000006', None, 'eqoh5xxl$$$$ZHJkZo7HfytjEyYA801VLRe$$$$pS78cSF3nsGRbaNikpsiSE1WU2duLjukCxhu6DZB852D2oIq8h6Tjgfi3ceE1Syl4epkmC2GJIiMqyPpgkt1OtVfGj2T0WoXDDix47TcowNW1Zd59ToaPXD3r69j7AYsP8qFtsHIDi5qVn14z3VgcAL$$$$tubvjpyWSjyKotZtA4L3dphwNqvHHk2ew4rh8NavlhVqT7rN47EFcfwu0wmVJWVRwp5Jct0d@@@@NrlySjKXplUsGwiHEE2wvd2mHA2q8ceTZ7DiuHw1q$$$$WFWpPus3jsQVx@@@@C7TCZUlZVHCnkly3RVciKiMhbRwQ==', '', '', datetime.datetime(2025, 6, 10, 14, 13, 46), datetime.datetime(2025, 6, 10, 14, 13, 46)),)

[2025-06-10 14:31:48,767] [database.py] [line:144] [INFO] # 风险测评id：41424
[2025-06-10 14:31:49,178] [database.py] [line:241] [INFO] # app `stock-rubik-cube`.contract_new数据列表：
((219414, '20250610141035632946', 3338203510512787459, 'YSTG10A25061000006', 0, 'service', 0, datetime.date(2025, 6, 10), 'a04e49d9839449b6b9283cb5fc163c29', 'ed1cb2bb4845415e80290754ca3cdc5b', 'AAAAAAq8uroAAAAAAAgpgCvC+gCdMl9eTqXyYBo4cQKHsDweE1cp/SVSfppvKplmlxzOwYRMYUln7DzHL7xgAAxJjW82oTAq8lHylA+VgZ5hYvJmpG5FAjlKW30sj9fo6KBaOfhByX7zg2tvWjmeRmzgXT84om4UCSyWlAPEjIFAVSfJKbNn3hu0R7UELO06Md20G1iR03tKg7sNAZa5g2BUQG4KKrxmiRx4C+9rpThpUNjN+VqTYmB8nM4WJ/17tOiTMxtsTpEV72op5FUBYsJvaXyAqYX+xjt0FH8BDj2KcHzJMjMv2VJvh2NlNLigoP61d2A1grEpyYJYPJ4I9qvxCGfJbRKiPtJq1wEgEBb2COsclt1a2qcT7eQ+oy28ygzj6Ff1MDJlKIVKA7MCe4PHugiz1pzRbftR+jI6Fd1IjL8HscfpTQ1z8SPCmBtMygodgSbhamAMwIXP0HR5WNb0C4vPFE6XispleCxUfR6510jH8P2EVPPNPgFwSRu4h0gjVrOP8bjwRhM2meI/NMFnJ5ltPUpRmueNNfF0g33ckK7I3HG9ENkXHkjNMa59up8F4IzMcHQl9fPtlN0GnFu3oBdpP5Zj7QGLcJw70XIANPzoOnx1xI6fOIJEbYZwFJZXEI7ibavFUCtzbUxOsn8FgNSNy0KFXtaK', 'AAAAAAq8uroAAAAAAAgpgcnxd7dv5YMc2PWfUPsYrcnAIyQE1x1Krg8XTIWNPDIWo9whMho5Mr8+J1RS3t30jTSoDbaDI96b9YbTx/Mi13Ur0o8xJg9DXIlCM6Sc/08wX9YQstjQ/HzOo4TIc9EMfNIkBzY=', datetime.datetime(2025, 6, 10, 14, 13, 20), datetime.datetime(2025, 6, 10, 14, 11, 55), datetime.datetime(2025, 6, 10, 14, 13, 51), 0, '', 2, ''),)

[2025-06-10 14:31:49,179] [database.py] [line:245] [INFO] # app `stock-rubik-cube`.contract_new数据：
(219414, '20250610141035632946', 3338203510512787459, 'YSTG10A25061000006', 0, 'service', 0, datetime.date(2025, 6, 10), 'a04e49d9839449b6b9283cb5fc163c29', 'ed1cb2bb4845415e80290754ca3cdc5b', 'AAAAAAq8uroAAAAAAAgpgCvC+gCdMl9eTqXyYBo4cQKHsDweE1cp/SVSfppvKplmlxzOwYRMYUln7DzHL7xgAAxJjW82oTAq8lHylA+VgZ5hYvJmpG5FAjlKW30sj9fo6KBaOfhByX7zg2tvWjmeRmzgXT84om4UCSyWlAPEjIFAVSfJKbNn3hu0R7UELO06Md20G1iR03tKg7sNAZa5g2BUQG4KKrxmiRx4C+9rpThpUNjN+VqTYmB8nM4WJ/17tOiTMxtsTpEV72op5FUBYsJvaXyAqYX+xjt0FH8BDj2KcHzJMjMv2VJvh2NlNLigoP61d2A1grEpyYJYPJ4I9qvxCGfJbRKiPtJq1wEgEBb2COsclt1a2qcT7eQ+oy28ygzj6Ff1MDJlKIVKA7MCe4PHugiz1pzRbftR+jI6Fd1IjL8HscfpTQ1z8SPCmBtMygodgSbhamAMwIXP0HR5WNb0C4vPFE6XispleCxUfR6510jH8P2EVPPNPgFwSRu4h0gjVrOP8bjwRhM2meI/NMFnJ5ltPUpRmueNNfF0g33ckK7I3HG9ENkXHkjNMa59up8F4IzMcHQl9fPtlN0GnFu3oBdpP5Zj7QGLcJw70XIANPzoOnx1xI6fOIJEbYZwFJZXEI7ibavFUCtzbUxOsn8FgNSNy0KFXtaK', 'AAAAAAq8uroAAAAAAAgpgcnxd7dv5YMc2PWfUPsYrcnAIyQE1x1Krg8XTIWNPDIWo9whMho5Mr8+J1RS3t30jTSoDbaDI96b9YbTx/Mi13Ur0o8xJg9DXIlCM6Sc/08wX9YQstjQ/HzOo4TIc9EMfNIkBzY=', datetime.datetime(2025, 6, 10, 14, 13, 20), datetime.datetime(2025, 6, 10, 14, 11, 55), datetime.datetime(2025, 6, 10, 14, 13, 51), 0, '', 2, '')

[2025-06-10 14:31:49,209] [database.py] [line:252] [INFO] # app `stock-rubik-cube`.`order`数据列表：
((1050, '20250610141035632946', 3338203510512787459, '20250610140634188598', '研选量投', '10105', '研选量投', '2980', '0.01', 2, datetime.datetime(2025, 6, 10, 14, 13, 31), 'R2', 12, 0, datetime.datetime(2025, 6, 10, 14, 13, 51), 0, '', None, '', 0, datetime.datetime(2025, 6, 16, 0, 0), datetime.datetime(2025, 6, 18, 23, 59, 59), datetime.datetime(2025, 6, 10, 14, 10, 35), datetime.datetime(2025, 6, 10, 14, 29, 45), 1, None, '程恭谨', '', 'YSTG10H25061000006', 0, datetime.datetime(2025, 6, 18, 23, 59, 59), 1, 0, '', '0', 1, '', 0),)

[2025-06-10 14:31:49,209] [database.py] [line:260] [INFO] # app用户id：3338203510512787459

[2025-06-10 14:31:49,260] [database.py] [line:288] [INFO] # app `stock-rubik-cube`.user_order_product数据列表：
()

[2025-06-10 14:31:49,279] [database.py] [line:85] [INFO] # 
退款订单号：20250610142305920648
[2025-06-10 14:31:49,301] [database.py] [line:97] [INFO] # 退款订单unionid：o1ELc6LrAZOqCjYiOZur5A-sVzYc，kill_order：20250610141035632946
[2025-06-10 14:31:49,322] [database.py] [line:107] [INFO] # v2_work_crm_order_main 数据列表：
((49276, '20250610142305920648', 10125, 4, 4, 1, 1, '1749536685', '4200002748202506105865945988', 'o1ELc6LrAZOqCjYiOZur5A-sVzYc', '赵楠', 'H4qNWOvOwe$$$$A$$$$rqaPhQyIw==', datetime.datetime(2025, 6, 10, 14, 25, 34), datetime.datetime(2025, 6, 11, 14, 25, 34), 1, 3, datetime.datetime(2025, 6, 14, 14, 25, 34), None, None, None, 0, datetime.datetime(2025, 6, 10, 14, 23, 5), datetime.datetime(2025, 6, 10, 14, 23, 5)),)

[2025-06-10 14:31:49,344] [database.py] [line:114] [INFO] # v2_work_crm_order_main_son 数据列表：
((14816, '20250610142305920648', 'SOD20250610142440029223', 4, 1, 1, '1749536685', '4200002748202506105865945988', None, '50301103582025061066907081176', '20250610142928698262', datetime.datetime(2025, 6, 10, 14, 29, 29), None, None, None, None, None, None, datetime.datetime(2025, 6, 10, 14, 24, 40)),)

[2025-06-10 14:31:49,366] [database.py] [line:121] [INFO] # v2_work_crm_order_main_status 数据列表：
((49434, '20250610142305920648', 1, 1, 2, 1, datetime.datetime(2025, 6, 10, 14, 25, 34), 1, 4, 889009, 889009, 'wwec9bda2817108582', '百灵智投', 'cheng', 'cheng', 1, 2, 1, '趋势智投-铂金版', 5, 'qszt-2', '这是趋势智投-铂金版的描述', 1, 6, 0, '20250610141035632946', '20250610141035632946', 0, 0, 'o1ELc6LrAZOqCjYiOZur5A-sVzYc', 4, 4, '1749536685', 1, 7, '', '', 0, datetime.datetime(2025, 6, 10, 14, 23, 5), None, datetime.datetime(2025, 6, 10, 14, 25, 34), 0, '888996', None, None, None, '889009', None, None, None, '889003,889013,889017', None, None, None),)

[2025-06-10 14:31:49,388] [database.py] [line:127] [INFO] # v2_work_crm_hegui 数据列表：
((989, '20250610142305920648', 'o1ELc6LrAZOqCjYiOZur5A-sVzYc', 1, 101371, '', 1, 0, 1, None, None, 1, None, None, None, None, -1, '', 1, datetime.datetime(2025, 6, 10, 14, 25, 1), datetime.datetime(2025, 6, 10, 14, 25, 34)),)

[2025-06-10 14:31:49,409] [database.py] [line:133] [INFO] # v2_work_crm_order_contract 数据列表：
((44228, '20250610142305920648', '2282aae1a8d24deeb55ae90e0f016446', '7c3ab6a9b3aa47b3afe1c2673e7eb1b6', 'd28a3fcb2e7c461cb483222be426f433', 1, '产品服务协议', 'eeZRyEm7vbDA0Lxi1n6NDNDfMbS3FBKFV1I5u28WftFIskiH4SusbdejbsUQMFXYeTZ7DiuHw1q$$$$WFWpPus3jrKZV3q9SW4OlZVHCnkly3TKc@@@@lCM6kGFw==', '5VFbtjRSP9eHX@@@@3H$$$$LTFZHMFWXdll9IAoUrn7BPXz2yXtq3TplNQwvXJ@@@@yh5@@@@XRKsF5R58jYF0zSk4TgP44@@@@wknXx7jdkuPo7Rn6ux68ISiTrLsa7YUbZw==', datetime.datetime(2025, 6, 10, 14, 25, 34), '2025-06-10 14:24:21', 'YSTG10A25061000007', None, 'eqoh5xxl$$$$ZHJkZo7HfytjEyYA801VLRe$$$$pS78cSF3nsGRbaNikpsiSE1WU2duLjukCxhu6DZB852D2oIq8h6Tjgfi3ceE1Syl4epkmC2GJI5jefU4sptC$$$$tVfGj2T0WoXDDix47TcowNW1Zd59ToaPXD3r69j7AYsP8qFtsHIDi5qVn14z3VgcAL$$$$tubvjpyWSjyKotZtA4L3dphwNqvHHk2ew4rh8NavlhVqT7rN46ymVd6vUluDpWVRwp5Jct0d@@@@NrlySjKXplUsGwiHEE2wvd2mHA2q8ceTZ7DiuHw1q$$$$WFWpPus3jrKZV3q9SW4OlZVHCnkly3RVciKiMhbRwQ==', '', '', datetime.datetime(2025, 6, 10, 14, 25, 1), datetime.datetime(2025, 6, 10, 14, 25, 1)), (44229, '20250610142305920648', None, None, 'dc588181a755439aace7955f2b6da66b', 2, '终止协议-测试', None, '5VFbtjRSP9eHX@@@@3H$$$$LTFZHMFWXdll9IAoUrn7BPXz2yXtq3TplNQwvXJ@@@@yh5@@@@XRKtdxtggvPysrlhLihRAZK11sfQUJJ$$$$q9n', datetime.datetime(2025, 6, 10, 14, 28, 54), '2025-06-10 14:28:54', 'c', None, None, '', '', datetime.datetime(2025, 6, 10, 14, 28, 35), datetime.datetime(2025, 6, 10, 14, 28, 35)))

[2025-06-10 14:31:49,431] [database.py] [line:144] [INFO] # 风险测评id：41425
[2025-06-10 14:31:49,474] [database.py] [line:157] [INFO] # 退款id：1148
[2025-06-10 14:31:49,803] [database.py] [line:214] [INFO] # order_ids:('20250610141035632946',)
[2025-06-10 14:31:49,824] [database.py] [line:217] [INFO] # 更新v2_work_crm_order_main_status表is_cancellation成功！
[2025-06-10 14:31:49,952] [database.py] [line:241] [INFO] # app `stock-rubik-cube`.contract_new数据列表：
((219417, '20250610142305920648', 3338203510512787459, 'YSTG10A25061000007', 0, 'service', 0, datetime.date(2025, 6, 10), '7c3ab6a9b3aa47b3afe1c2673e7eb1b6', '2282aae1a8d24deeb55ae90e0f016446', 'AAAAAAq8uroAAAAAAAgpgsZVKq2g6/Psa0JBxgfdHz5IGiJbIpiz+uqNayfAjhYRE25wQbRxvSgENSQD8546SuVxj2gmB/NEyXiS46FbkIZcZ7i5U6LTzk9m+TOBS2kR/lt8DPYuTIjGg/gVbDOYq7YMeVTMjXb2lMRocTSbIsPlC/OnEtUscYz0thrji3kSDa8AVvQHY3qLfWC3V/FfR1ZX27+ip8efKrpfmA2uddVS0IeTd0uC4D9Rlh0b5o3Yemcmfvf4pA12Aa3olc9Ff2kgM0kk84iVig+RTvDWoaMGMPY2BYh7XLeBt0icBU1DtLAB/r8NbxSs6FVa29EGIaI2Txsy5mdqLsMQY91uuQKC0CVQE5ffLBsaB9onM/2k7u0MwkYB6nflStP3gyRJVhXCWsa24EBwJcHeOLHyO1qYVglOKi2Ex+hn1NX91giFhMSRF2bBe9LS8QqvdEWb51XhvIREnqXryQC8tnPEfWpTRT/ITK0bHAVxXVHmioQOcYcw1k2vokNSxmmfqqkzpPE/vPcdFFLOMcEUu8s6eUzNIsZiRYt7BzL3kjqXhUm21macCwRFo7Jcdgqgf/3azSGxsFxKAXDUNVB4pTvgQPU9TeIpDembZWMnc7ThFvbTxh+oxjsvwMP3M3ESJNO1nKoRFW5W', 'AAAAAAq8uroAAAAAAAgpg9NuJQNrn2nFgXmVUfUt979C4R+I6c4C/KyDeXi2iF5sET8YoFOHS8m6tjX6VyZK6ujwjNqiBuft39WCGHIeFK5+n/xO0OpSJr3taZDv9Hl56rscDTnC7tKw68gPcaBzh5xXjDY=', datetime.datetime(2025, 6, 10, 14, 24, 21), datetime.datetime(2025, 6, 10, 14, 23, 29), datetime.datetime(2025, 6, 10, 14, 25, 35), 0, '', 2, ''), (219418, '20250610142305920648', 3338203510512787459, '', 1, 'termination', 0, None, '', '', '', '', None, datetime.datetime(2025, 6, 10, 14, 28, 36), datetime.datetime(2025, 6, 10, 14, 28, 36), 0, '', 2, ''))

[2025-06-10 14:31:49,952] [database.py] [line:245] [INFO] # app `stock-rubik-cube`.contract_new数据：
(219417, '20250610142305920648', 3338203510512787459, 'YSTG10A25061000007', 0, 'service', 0, datetime.date(2025, 6, 10), '7c3ab6a9b3aa47b3afe1c2673e7eb1b6', '2282aae1a8d24deeb55ae90e0f016446', 'AAAAAAq8uroAAAAAAAgpgsZVKq2g6/Psa0JBxgfdHz5IGiJbIpiz+uqNayfAjhYRE25wQbRxvSgENSQD8546SuVxj2gmB/NEyXiS46FbkIZcZ7i5U6LTzk9m+TOBS2kR/lt8DPYuTIjGg/gVbDOYq7YMeVTMjXb2lMRocTSbIsPlC/OnEtUscYz0thrji3kSDa8AVvQHY3qLfWC3V/FfR1ZX27+ip8efKrpfmA2uddVS0IeTd0uC4D9Rlh0b5o3Yemcmfvf4pA12Aa3olc9Ff2kgM0kk84iVig+RTvDWoaMGMPY2BYh7XLeBt0icBU1DtLAB/r8NbxSs6FVa29EGIaI2Txsy5mdqLsMQY91uuQKC0CVQE5ffLBsaB9onM/2k7u0MwkYB6nflStP3gyRJVhXCWsa24EBwJcHeOLHyO1qYVglOKi2Ex+hn1NX91giFhMSRF2bBe9LS8QqvdEWb51XhvIREnqXryQC8tnPEfWpTRT/ITK0bHAVxXVHmioQOcYcw1k2vokNSxmmfqqkzpPE/vPcdFFLOMcEUu8s6eUzNIsZiRYt7BzL3kjqXhUm21macCwRFo7Jcdgqgf/3azSGxsFxKAXDUNVB4pTvgQPU9TeIpDembZWMnc7ThFvbTxh+oxjsvwMP3M3ESJNO1nKoRFW5W', 'AAAAAAq8uroAAAAAAAgpg9NuJQNrn2nFgXmVUfUt979C4R+I6c4C/KyDeXi2iF5sET8YoFOHS8m6tjX6VyZK6ujwjNqiBuft39WCGHIeFK5+n/xO0OpSJr3taZDv9Hl56rscDTnC7tKw68gPcaBzh5xXjDY=', datetime.datetime(2025, 6, 10, 14, 24, 21), datetime.datetime(2025, 6, 10, 14, 23, 29), datetime.datetime(2025, 6, 10, 14, 25, 35), 0, '', 2, '')

[2025-06-10 14:31:49,952] [database.py] [line:245] [INFO] # app `stock-rubik-cube`.contract_new数据：
(219418, '20250610142305920648', 3338203510512787459, '', 1, 'termination', 0, None, '', '', '', '', None, datetime.datetime(2025, 6, 10, 14, 28, 36), datetime.datetime(2025, 6, 10, 14, 28, 36), 0, '', 2, '')

[2025-06-10 14:31:49,984] [database.py] [line:252] [INFO] # app `stock-rubik-cube`.`order`数据列表：
((1051, '20250610142305920648', 3338203510512787459, '20250610141035632946', '趋势智投-铂金版', '10125', '趋势智投-铂金版', '23800', '0.05', 1, datetime.datetime(2025, 6, 10, 14, 24, 45), 'R3', 11, 0, datetime.datetime(2025, 6, 10, 14, 25, 35), 0, '', datetime.datetime(2025, 6, 10, 14, 29, 44), '0.05', 0, datetime.datetime(2025, 6, 10, 0, 0), datetime.datetime(2025, 6, 14, 23, 59, 59), datetime.datetime(2025, 6, 10, 14, 23, 5), datetime.datetime(2025, 6, 10, 14, 29, 45), 1, None, '程恭谨', '', 'YSTG10H25061000007', 3, datetime.datetime(2025, 6, 11, 23, 59, 59), 1, 0, '', '0', 1, '', 0),)

[2025-06-10 14:31:49,984] [database.py] [line:260] [INFO] # app用户id：3338203510512787459

[2025-06-10 14:31:50,033] [database.py] [line:288] [INFO] # app `stock-rubik-cube`.user_order_product数据列表：
()

[2025-06-10 14:31:50,111] [database.py] [line:309] [INFO] # o1ELc6LrAZOqCjYiOZur5A-sVzYc用户到期时间：None
[2025-06-10 17:03:23,066] [log.py] [line:31] [INFO] # ======Start printing logs======
[2025-06-10 17:03:23,238] [database.py] [line:344] [ERROR] # 数据库操作时发生错误: (1045, 'can not get backend info,POST http://jms-k8s-jumpserver-jms-core:8080/api/v1/authentication/super-connection-token/secret/ failed, get code: 403, {"detail":"连接令牌过期: 2025-06-10 15:05:32.492533+08:00","code":"permission_denied"} ')
[2025-06-10 17:03:23,238] [database.py] [line:345] [ERROR] # Error occurred: (1045, 'can not get backend info,POST http://jms-k8s-jumpserver-jms-core:8080/api/v1/authentication/super-connection-token/secret/ failed, get code: 403, {"detail":"连接令牌过期: 2025-06-10 15:05:32.492533+08:00","code":"permission_denied"} ')
Traceback (most recent call last):
  File "D:\WorkSpaces\CRM\db\database.py", line 38, in database
    db = pymysql.connect(host=config_data['mysql']['host'], port=config_data['mysql']['port'], user=config_data['mysql']['user_sim'],
  File "D:\WorkSpaces\CRM\venv\lib\site-packages\pymysql\connections.py", line 358, in __init__
    self.connect()
  File "D:\WorkSpaces\CRM\venv\lib\site-packages\pymysql\connections.py", line 664, in connect
    self._request_authentication()
  File "D:\WorkSpaces\CRM\venv\lib\site-packages\pymysql\connections.py", line 954, in _request_authentication
    auth_packet = self._read_packet()
  File "D:\WorkSpaces\CRM\venv\lib\site-packages\pymysql\connections.py", line 772, in _read_packet
    packet.raise_for_error()
  File "D:\WorkSpaces\CRM\venv\lib\site-packages\pymysql\protocol.py", line 221, in raise_for_error
    err.raise_mysql_exception(self._data)
  File "D:\WorkSpaces\CRM\venv\lib\site-packages\pymysql\err.py", line 143, in raise_mysql_exception
    raise errorclass(errno, errval)
pymysql.err.OperationalError: (1045, 'can not get backend info,POST http://jms-k8s-jumpserver-jms-core:8080/api/v1/authentication/super-connection-token/secret/ failed, get code: 403, {"detail":"连接令牌过期: 2025-06-10 15:05:32.492533+08:00","code":"permission_denied"} ')
[2025-06-10 17:03:58,673] [log.py] [line:31] [INFO] # ======Start printing logs======
[2025-06-10 17:04:02,189] [database.py] [line:80] [INFO] # 退款订单id列表：['20250610143221036953', '20250610143947657315', '20250610144410964765', '20250610153827415818', '20250610153916008540', '20250610154442159451', '20250610154814955000']
[2025-06-10 17:04:02,189] [database.py] [line:85] [INFO] # 
退款订单号：20250610143221036953
[2025-06-10 17:04:02,207] [database.py] [line:97] [INFO] # 退款订单unionid：o1ELc6LrAZOqCjYiOZur5A-sVzYc，kill_order：
[2025-06-10 17:04:02,237] [database.py] [line:107] [INFO] # v2_work_crm_order_main 数据列表：
((49277, '20250610143221036953', 10100, 1, 1, 1, 1, '1749537237', '4200002712202506109916981681', 'o1ELc6LrAZOqCjYiOZur5A-sVzYc', '赵楠', 'H4qNWOvOwe$$$$A$$$$rqaPhQyIw==', datetime.datetime(2025, 6, 10, 14, 36, 45), datetime.datetime(2025, 6, 11, 14, 36, 45), 1, 30, datetime.datetime(2025, 7, 11, 14, 36, 45), None, None, None, 0, datetime.datetime(2025, 6, 10, 14, 32, 21), datetime.datetime(2025, 6, 10, 14, 32, 21)),)

[2025-06-10 17:04:02,255] [database.py] [line:114] [INFO] # v2_work_crm_order_main_son 数据列表：
((14817, '20250610143221036953', 'SOD20250610143352020836', 1, 1, 1, '1749537237', '4200002712202506109916981681', None, '50301703762025061072036244752', '20250610143837589105', datetime.datetime(2025, 6, 10, 14, 38, 38), None, None, None, None, None, None, datetime.datetime(2025, 6, 10, 14, 33, 52)),)

[2025-06-10 17:04:02,273] [database.py] [line:121] [INFO] # v2_work_crm_order_main_status 数据列表：
((49435, '20250610143221036953', 1, 1, 2, 1, datetime.datetime(2025, 6, 10, 14, 36, 45), 1, 4, 888996, 888996, 'wwec9bda2817108582', '百灵智投', 'LiYongLei', 'LiYongLei', 1, 1, 1, '研选量投', 1, 'yxlt', '这是研选量投的描述', 1, 3, 0, '', '', 0, 0, 'o1ELc6LrAZOqCjYiOZur5A-sVzYc', 1, 1, '1749537237', 1, 7, '', '', 0, datetime.datetime(2025, 6, 10, 14, 32, 21), None, datetime.datetime(2025, 6, 10, 14, 36, 45), 0, '888996', None, None, None, '889009', None, None, None, '889003,889013,889017', None, None, None),)

[2025-06-10 17:04:02,292] [database.py] [line:127] [INFO] # v2_work_crm_hegui 数据列表：
((990, '20250610143221036953', 'o1ELc6LrAZOqCjYiOZur5A-sVzYc', 1, 0, '', 0, 0, 2, None, None, 1, None, None, None, None, -1, '', 0, datetime.datetime(2025, 6, 10, 14, 36, 41), datetime.datetime(2025, 6, 10, 14, 36, 45)),)

[2025-06-10 17:04:02,310] [database.py] [line:133] [INFO] # v2_work_crm_order_contract 数据列表：
((44230, '20250610143221036953', '4e01550989c74b438c6437adaf0c3595', 'f653cce15602454cb6a1fc319128fc67', 'd28a3fcb2e7c461cb483222be426f433', 1, '产品服务协议', 'eeZRyEm7vbDA0Lxi1n6NDNDfMbS3FBKFV1I5u28WftFIskiH4SusbdejbsUQMFXYeTZ7DiuHw1q$$$$WFWpPus3jjCXDTLrpi1PlZVHCnkly3TKc@@@@lCM6kGFw==', '5VFbtjRSP9eHX@@@@3H$$$$LTFZHMFWXdll9IAoUrn7BPXz2yXtq3TplNQwvXJ@@@@yh5@@@@XRKsF5R58jYF0zSk4TgP44@@@@wiYYrTGc41OW7Rn6ux68ISiTrLsa7YUbZw==', datetime.datetime(2025, 6, 10, 14, 36, 45), '2025-06-10 14:36:03', 'YSTG10A25061000008', None, 'eqoh5xxl$$$$ZHJkZo7HfytjEyYA801VLRe$$$$pS78cSF3nsGRbaNikpsiSE1WU2duLjukCxhu6DZB852D2oIq8h6Tjgfi3ceE1Syl4epkmC2GJJ1KE457RhzGOtVfGj2T0WoXDDix47TcowNW1Zd59ToaPXD3r69j7AYsP8qFtsHIDi5qVn14z3VgcAL$$$$tubvjpyWSjyKotZtA4L3dphwNqvHHk2ew4rh8NavlhVqT7rN44wlw0y66YtT5WVRwp5Jct0d@@@@NrlySjKXplUsGwiHEE2wvd2mHA2q8ceTZ7DiuHw1q$$$$WFWpPus3jjCXDTLrpi1PlZVHCnkly3RVciKiMhbRwQ==', '', '', datetime.datetime(2025, 6, 10, 14, 36, 41), datetime.datetime(2025, 6, 10, 14, 36, 41)), (44231, '20250610143221036953', None, None, 'dc588181a755439aace7955f2b6da66b', 2, '终止协议-测试', None, '5VFbtjRSP9eHX@@@@3H$$$$LTFZHMFWXdll9IAoUrn7BPXz2yXtq3TplNQwvXJ@@@@yh5@@@@XRKtdxtggvPysrlhLihRAZK11sfQUJJ$$$$q9n', datetime.datetime(2025, 6, 10, 14, 38, 18), '2025-06-10 14:38:18', 'c', None, None, '', '', datetime.datetime(2025, 6, 10, 14, 38, 5), datetime.datetime(2025, 6, 10, 14, 38, 5)))

[2025-06-10 17:04:02,329] [database.py] [line:144] [INFO] # 风险测评id：41426
[2025-06-10 17:04:02,365] [database.py] [line:157] [INFO] # 退款id：1149
[2025-06-10 17:04:02,689] [database.py] [line:241] [INFO] # app `stock-rubik-cube`.contract_new数据列表：
((219419, '20250610143221036953', 3338203510512787459, 'YSTG10A25061000008', 0, 'service', 0, datetime.date(2025, 6, 10), 'f653cce15602454cb6a1fc319128fc67', '4e01550989c74b438c6437adaf0c3595', 'AAAAAAq8uroAAAAAAAgpiGs4PYkkbNOvi1xxz7Tz0uGTFB6V0jiP8gairya7vYuX9vwF72HZRX4B9sjsWmtpuibBQ46ECtuIo36IMnV7OQ8+tulsSrkjhIhh+qE1Qnxtlb4mJjC4sHVIjfQFsb6Wp/04PV7+ahdhNSZgOmDP8sJMd68EMVa4bLuOnQM2KKePgKKHtMCPUkCigO78ihKar/XYcubMZx+FBxDcK8tv5WSDXcGh7Au9lL+76Vuka7jctgpgGNcr7iE5lBl49B47PO2avCvtEQtJLJRMgqLPBhKd+ERWVWWZ84fVS+da4SkaFydiieaV0+UtQwTSnKxYOqlDu+ZbzRcK7R4oO4R5rgvnbDWNxV6kkdtqsMHKdhNWSpzLPLQWn3EXgz8fCOw9Mvz189M5K3g4D3PD3cSvSrpqOF3J1fNy92yV6K0NIn4yoRA5+ThiqVNaBXHbFzyG2knQDxV2MLK5FeDwak56MtIiMLoQ/9hwFmTLXp2fYAy4RMWfsmPu7pibWLirgTBvc2BQSKhd5C9w+Yn0w/UIPNh1ShVuQqofMFWTKipdP4oG+kVoEbhCVPnrB1miOO5hwvfJexg1ObPXMusdKNGWICH+wyZKTqFrWF8jCsm9s8B/ISBZu8WL8/rOmXVoagiki8qILTtliuuFNF2bViAfCg==', 'AAAAAAq8uroAAAAAAAgpiVtrtS7wIiAmjmOa1wPWrXUnzOT3duBYg3ALSsmuUockYbP3MhDZX69cqla+dtO3JrZZ54WZ6CxCs48MzcCk9VGrEg1+gLt1U7/dA/sSxLf/jWXysB8SE0NxR5qvQJNYbpSYPmU=', datetime.datetime(2025, 6, 10, 14, 36, 3), datetime.datetime(2025, 6, 10, 14, 34, 55), datetime.datetime(2025, 6, 10, 14, 36, 45), 0, '', 2, ''), (219420, '20250610143221036953', 3338203510512787459, '', 1, 'termination', 0, None, '', '', '', '', None, datetime.datetime(2025, 6, 10, 14, 38, 6), datetime.datetime(2025, 6, 10, 14, 38, 6), 0, '', 2, ''))

[2025-06-10 17:04:02,689] [database.py] [line:245] [INFO] # app `stock-rubik-cube`.contract_new数据：
(219419, '20250610143221036953', 3338203510512787459, 'YSTG10A25061000008', 0, 'service', 0, datetime.date(2025, 6, 10), 'f653cce15602454cb6a1fc319128fc67', '4e01550989c74b438c6437adaf0c3595', 'AAAAAAq8uroAAAAAAAgpiGs4PYkkbNOvi1xxz7Tz0uGTFB6V0jiP8gairya7vYuX9vwF72HZRX4B9sjsWmtpuibBQ46ECtuIo36IMnV7OQ8+tulsSrkjhIhh+qE1Qnxtlb4mJjC4sHVIjfQFsb6Wp/04PV7+ahdhNSZgOmDP8sJMd68EMVa4bLuOnQM2KKePgKKHtMCPUkCigO78ihKar/XYcubMZx+FBxDcK8tv5WSDXcGh7Au9lL+76Vuka7jctgpgGNcr7iE5lBl49B47PO2avCvtEQtJLJRMgqLPBhKd+ERWVWWZ84fVS+da4SkaFydiieaV0+UtQwTSnKxYOqlDu+ZbzRcK7R4oO4R5rgvnbDWNxV6kkdtqsMHKdhNWSpzLPLQWn3EXgz8fCOw9Mvz189M5K3g4D3PD3cSvSrpqOF3J1fNy92yV6K0NIn4yoRA5+ThiqVNaBXHbFzyG2knQDxV2MLK5FeDwak56MtIiMLoQ/9hwFmTLXp2fYAy4RMWfsmPu7pibWLirgTBvc2BQSKhd5C9w+Yn0w/UIPNh1ShVuQqofMFWTKipdP4oG+kVoEbhCVPnrB1miOO5hwvfJexg1ObPXMusdKNGWICH+wyZKTqFrWF8jCsm9s8B/ISBZu8WL8/rOmXVoagiki8qILTtliuuFNF2bViAfCg==', 'AAAAAAq8uroAAAAAAAgpiVtrtS7wIiAmjmOa1wPWrXUnzOT3duBYg3ALSsmuUockYbP3MhDZX69cqla+dtO3JrZZ54WZ6CxCs48MzcCk9VGrEg1+gLt1U7/dA/sSxLf/jWXysB8SE0NxR5qvQJNYbpSYPmU=', datetime.datetime(2025, 6, 10, 14, 36, 3), datetime.datetime(2025, 6, 10, 14, 34, 55), datetime.datetime(2025, 6, 10, 14, 36, 45), 0, '', 2, '')

[2025-06-10 17:04:02,689] [database.py] [line:245] [INFO] # app `stock-rubik-cube`.contract_new数据：
(219420, '20250610143221036953', 3338203510512787459, '', 1, 'termination', 0, None, '', '', '', '', None, datetime.datetime(2025, 6, 10, 14, 38, 6), datetime.datetime(2025, 6, 10, 14, 38, 6), 0, '', 2, '')

[2025-06-10 17:04:02,710] [database.py] [line:252] [INFO] # app `stock-rubik-cube`.`order`数据列表：
((1052, '20250610143221036953', 3338203510512787459, '', '研选量投', '10100', '研选量投', '2980', '0.01', 1, datetime.datetime(2025, 6, 10, 14, 33, 57), 'R2', 11, 0, datetime.datetime(2025, 6, 10, 14, 36, 45), 0, '', datetime.datetime(2025, 6, 10, 14, 38, 41), '0.01', 0, datetime.datetime(2025, 6, 10, 0, 0), datetime.datetime(2025, 7, 11, 23, 59, 59), datetime.datetime(2025, 6, 10, 14, 32, 21), datetime.datetime(2025, 6, 10, 14, 38, 41), 1, None, '李永蕾', '', 'YSTG10H25061000008', 30, datetime.datetime(2025, 6, 11, 23, 59, 59), 1, 0, '', '0', 1, '', 0),)

[2025-06-10 17:04:02,710] [database.py] [line:260] [INFO] # app用户id：3338203510512787459

[2025-06-10 17:04:03,013] [database.py] [line:288] [INFO] # app `stock-rubik-cube`.user_order_product数据列表：
()

[2025-06-10 17:04:03,026] [database.py] [line:85] [INFO] # 
退款订单号：20250610143947657315
[2025-06-10 17:04:03,044] [database.py] [line:97] [INFO] # 退款订单unionid：o1ELc6LrAZOqCjYiOZur5A-sVzYc，kill_order：
[2025-06-10 17:04:03,062] [database.py] [line:107] [INFO] # v2_work_crm_order_main 数据列表：
((49278, '20250610143947657315', 10105, 1, 1, 1, 1, '1749537649', '4200002673202506102030783936', 'o1ELc6LrAZOqCjYiOZur5A-sVzYc', '赵楠', 'H4qNWOvOwe$$$$A$$$$rqaPhQyIw==', datetime.datetime(2025, 6, 10, 14, 41, 15), datetime.datetime(2025, 6, 12, 14, 41, 15), 2, 0, datetime.datetime(2025, 6, 12, 14, 41, 15), None, None, None, 0, datetime.datetime(2025, 6, 10, 14, 39, 47), datetime.datetime(2025, 6, 10, 14, 39, 47)),)

[2025-06-10 17:04:03,081] [database.py] [line:114] [INFO] # v2_work_crm_order_main_son 数据列表：
((14818, '20250610143947657315', 'SOD20250610144044403562', 1, 1, 1, '1749537649', '4200002673202506102030783936', None, '50300603772025061007677103970', '20250610144234486920', datetime.datetime(2025, 6, 10, 14, 42, 35), None, None, None, None, None, None, datetime.datetime(2025, 6, 10, 14, 40, 44)),)

[2025-06-10 17:04:03,100] [database.py] [line:121] [INFO] # v2_work_crm_order_main_status 数据列表：
((49436, '20250610143947657315', 1, 1, 2, 1, datetime.datetime(2025, 6, 10, 14, 41, 15), 1, 4, 889009, 889009, 'wwec9bda2817108582', '百灵智投', 'cheng', 'cheng', 1, 3, 1, '研选量投', 1, 'yxlt', '这是研选量投的描述', 2, 3, 0, '20250610143221036953', '', 0, 0, 'o1ELc6LrAZOqCjYiOZur5A-sVzYc', 1, 1, '1749537649', 1, 7, '', '', 0, datetime.datetime(2025, 6, 10, 14, 39, 47), None, datetime.datetime(2025, 6, 10, 14, 41, 15), 0, '888996', None, None, None, '889009', None, None, None, '889003,889013,889017', None, None, None),)

[2025-06-10 17:04:03,122] [database.py] [line:127] [INFO] # v2_work_crm_hegui 数据列表：
((991, '20250610143947657315', 'o1ELc6LrAZOqCjYiOZur5A-sVzYc', 1, 0, '', 0, 0, 2, None, None, 1, None, None, None, None, -1, '', 0, datetime.datetime(2025, 6, 10, 14, 41, 11), datetime.datetime(2025, 6, 10, 14, 41, 15)),)

[2025-06-10 17:04:03,140] [database.py] [line:133] [INFO] # v2_work_crm_order_contract 数据列表：
((44232, '20250610143947657315', '2d08d196e59f461f897e94e35cb47d28', '5504411475fc4fa98572caa798bd0d53', 'd28a3fcb2e7c461cb483222be426f433', 1, '产品服务协议', 'eeZRyEm7vbDA0Lxi1n6NDNDfMbS3FBKFV1I5u28WftFIskiH4SusbdejbsUQMFXYeTZ7DiuHw1q$$$$WFWpPus3jpiVBoMdFd$$$$ZlZVHCnkly3TKc@@@@lCM6kGFw==', '5VFbtjRSP9eHX@@@@3H$$$$LTFZHMFWXdll9IAoUrn7BPXz2yXtq3TplNQwvXJ@@@@yh5@@@@XRKsF5R58jYF0zSk4TgP44@@@@whkNHRtzEKPx7Rn6ux68ISiTrLsa7YUbZw==', datetime.datetime(2025, 6, 10, 14, 41, 15), '2025-06-10 14:40:37', 'YSTG10A25061000009', None, 'eqoh5xxl$$$$ZHJkZo7HfytjEyYA801VLRe$$$$pS78cSF3nsGRbaNikpsiSE1WU2duLjukCxhu6DZB852D2oIq8h6Tjgfi3ceE1Syl4epkmC2GJJZBu3faXmoJ$$$$tVfGj2T0WoXDDix47TcowNW1Zd59ToaPXD3r69j7AYsP8qFtsHIDi5qVn14z3VgcAL$$$$tubvjpyWSjyKotZtA4L3dphwNqvHHk2ew4rh8NavlhVqT7rN46YlQaDHRXfmZWVRwp5Jct0d@@@@NrlySjKXplUsGwiHEE2wvd2mHA2q8ceTZ7DiuHw1q$$$$WFWpPus3jpiVBoMdFd$$$$ZlZVHCnkly3RVciKiMhbRwQ==', '', '', datetime.datetime(2025, 6, 10, 14, 41, 11), datetime.datetime(2025, 6, 10, 14, 41, 11)), (44233, '20250610143947657315', None, None, 'dc588181a755439aace7955f2b6da66b', 2, '终止协议-测试', None, '5VFbtjRSP9eHX@@@@3H$$$$LTFZHMFWXdll9IAoUrn7BPXz2yXtq3TplNQwvXJ@@@@yh5@@@@XRKtdxtggvPysrlhLihRAZK11sfQUJJ$$$$q9n', datetime.datetime(2025, 6, 10, 14, 42, 20), '2025-06-10 14:42:20', 'c', None, None, '', '', datetime.datetime(2025, 6, 10, 14, 42, 8), datetime.datetime(2025, 6, 10, 14, 42, 8)))

[2025-06-10 17:04:03,158] [database.py] [line:144] [INFO] # 风险测评id：41427
[2025-06-10 17:04:03,195] [database.py] [line:157] [INFO] # 退款id：1150
[2025-06-10 17:04:03,618] [database.py] [line:241] [INFO] # app `stock-rubik-cube`.contract_new数据列表：
((219421, '20250610143947657315', 3338203510512787459, 'YSTG10A25061000009', 0, 'service', 0, datetime.date(2025, 6, 10), '5504411475fc4fa98572caa798bd0d53', '2d08d196e59f461f897e94e35cb47d28', 'AAAAAAq8uroAAAAAAAgpiuvXa0bJIlQB1DiqUt10DJzTaO6UatZXByxjy2Axg4YpoSLzS8miCOEi5A0Jwfolp6gtcgj3AeJhWBE/CdXjqKvNywG2vTmXQfhANBIjMABM/H6xhUzjDxyiVbMt+3EBk0yvZP041afZovy3cf/YqtkTBHBov+4/ic3ZSu6KBUas8WzGHNhXwsD9/7m/nRfph89I4B11oOMFv/lKdRILWskfhfNCPwpBlDduo14h2un7OZ0tFU7pzm9iBCLYbCP4eoqmKPR8MQVae0yQOne5q/AMQUqFHagcYxpgHBt7/ANFRIprOHcAml01Keny08AWHQ5Omuee6o61N+cxL9MT3lhIuul2WUmPqFN7WozXObiMmyPaxqOflamM02WSLVtkGYRJOHQjJN8XqlWkwsH2Flhj/SREIC3Sz96EqsJ9DPxr6aEfYcA+azrfKncGkuba/YuCsvGn0mBZPSZeOrwJedcZwAWyR4/BQV0jGSLhMUg0xPItE2gI6tLzwfEGCgcXv/x/YNurcxDZM3BBSFJFNSj6CX6+/X2okLVLwUJ8dCuckFRva9Au6Xl4DPmrmAgUrP91LjBeRqzacrE3hKljI4p+OksBo3UQqf4Wxj2/XzTiN8ZYy8Oo7mL+7EIH1mSS/kaLUHypZfzCE7cNfR3fYqfe7dU=', 'AAAAAAq8uroAAAAAAAgpixszBnZUOGvNCjMnPCC61jqjGZlgZRA+OO8udLsxDs55oiiU3wOxONVKiauWjbed8m4AhRz8/oc33Fv+L/Y9goIbjxuJruOmU8uIneY0XZCRTNEw9dZ+pbLvPPe3otmgDGdI974=', datetime.datetime(2025, 6, 10, 14, 40, 37), datetime.datetime(2025, 6, 10, 14, 39, 53), datetime.datetime(2025, 6, 10, 14, 41, 15), 0, '', 2, ''), (219422, '20250610143947657315', 3338203510512787459, '', 1, 'termination', 0, None, '', '', '', '', None, datetime.datetime(2025, 6, 10, 14, 42, 8), datetime.datetime(2025, 6, 10, 14, 42, 8), 0, '', 2, ''))

[2025-06-10 17:04:03,619] [database.py] [line:245] [INFO] # app `stock-rubik-cube`.contract_new数据：
(219421, '20250610143947657315', 3338203510512787459, 'YSTG10A25061000009', 0, 'service', 0, datetime.date(2025, 6, 10), '5504411475fc4fa98572caa798bd0d53', '2d08d196e59f461f897e94e35cb47d28', 'AAAAAAq8uroAAAAAAAgpiuvXa0bJIlQB1DiqUt10DJzTaO6UatZXByxjy2Axg4YpoSLzS8miCOEi5A0Jwfolp6gtcgj3AeJhWBE/CdXjqKvNywG2vTmXQfhANBIjMABM/H6xhUzjDxyiVbMt+3EBk0yvZP041afZovy3cf/YqtkTBHBov+4/ic3ZSu6KBUas8WzGHNhXwsD9/7m/nRfph89I4B11oOMFv/lKdRILWskfhfNCPwpBlDduo14h2un7OZ0tFU7pzm9iBCLYbCP4eoqmKPR8MQVae0yQOne5q/AMQUqFHagcYxpgHBt7/ANFRIprOHcAml01Keny08AWHQ5Omuee6o61N+cxL9MT3lhIuul2WUmPqFN7WozXObiMmyPaxqOflamM02WSLVtkGYRJOHQjJN8XqlWkwsH2Flhj/SREIC3Sz96EqsJ9DPxr6aEfYcA+azrfKncGkuba/YuCsvGn0mBZPSZeOrwJedcZwAWyR4/BQV0jGSLhMUg0xPItE2gI6tLzwfEGCgcXv/x/YNurcxDZM3BBSFJFNSj6CX6+/X2okLVLwUJ8dCuckFRva9Au6Xl4DPmrmAgUrP91LjBeRqzacrE3hKljI4p+OksBo3UQqf4Wxj2/XzTiN8ZYy8Oo7mL+7EIH1mSS/kaLUHypZfzCE7cNfR3fYqfe7dU=', 'AAAAAAq8uroAAAAAAAgpixszBnZUOGvNCjMnPCC61jqjGZlgZRA+OO8udLsxDs55oiiU3wOxONVKiauWjbed8m4AhRz8/oc33Fv+L/Y9goIbjxuJruOmU8uIneY0XZCRTNEw9dZ+pbLvPPe3otmgDGdI974=', datetime.datetime(2025, 6, 10, 14, 40, 37), datetime.datetime(2025, 6, 10, 14, 39, 53), datetime.datetime(2025, 6, 10, 14, 41, 15), 0, '', 2, '')

[2025-06-10 17:04:03,619] [database.py] [line:245] [INFO] # app `stock-rubik-cube`.contract_new数据：
(219422, '20250610143947657315', 3338203510512787459, '', 1, 'termination', 0, None, '', '', '', '', None, datetime.datetime(2025, 6, 10, 14, 42, 8), datetime.datetime(2025, 6, 10, 14, 42, 8), 0, '', 2, '')

[2025-06-10 17:04:03,639] [database.py] [line:252] [INFO] # app `stock-rubik-cube`.`order`数据列表：
((1053, '20250610143947657315', 3338203510512787459, '20250610143221036953', '研选量投', '10105', '研选量投', '2980', '0.01', 2, datetime.datetime(2025, 6, 10, 14, 40, 49), 'R2', 11, 0, datetime.datetime(2025, 6, 10, 14, 41, 15), 0, '', datetime.datetime(2025, 6, 10, 14, 42, 49), '0.01', 0, datetime.datetime(2025, 6, 10, 0, 0), datetime.datetime(2025, 6, 12, 23, 59, 59), datetime.datetime(2025, 6, 10, 14, 39, 47), datetime.datetime(2025, 6, 10, 14, 42, 49), 1, None, '程恭谨', '', 'YSTG10H25061000009', 0, datetime.datetime(2025, 6, 12, 23, 59, 59), 1, 0, '', '0', 1, '', 0),)

[2025-06-10 17:04:03,639] [database.py] [line:260] [INFO] # app用户id：3338203510512787459

[2025-06-10 17:04:03,671] [database.py] [line:288] [INFO] # app `stock-rubik-cube`.user_order_product数据列表：
()

[2025-06-10 17:04:03,684] [database.py] [line:85] [INFO] # 
退款订单号：20250610144410964765
[2025-06-10 17:04:03,702] [database.py] [line:97] [INFO] # 退款订单unionid：o1ELc6LrAZOqCjYiOZur5A-sVzYc，kill_order：
[2025-06-10 17:04:03,719] [database.py] [line:107] [INFO] # v2_work_crm_order_main 数据列表：
((49279, '20250610144410964765', 10125, 5, 5, 1, 3, '1749538055', '', 'o1ELc6LrAZOqCjYiOZur5A-sVzYc', '赵楠', 'H4qNWOvOwe$$$$A$$$$rqaPhQyIw==', datetime.datetime(2025, 6, 10, 15, 32, 52), datetime.datetime(2025, 6, 11, 15, 32, 52), 1, 3, datetime.datetime(2025, 6, 14, 15, 32, 52), None, None, None, 0, datetime.datetime(2025, 6, 10, 14, 44, 10), datetime.datetime(2025, 6, 10, 14, 44, 10)),)

[2025-06-10 17:04:03,738] [database.py] [line:114] [INFO] # v2_work_crm_order_main_son 数据列表：
()

[2025-06-10 17:04:03,756] [database.py] [line:121] [INFO] # v2_work_crm_order_main_status 数据列表：
((49437, '20250610144410964765', 1, 1, 2, 1, datetime.datetime(2025, 6, 10, 15, 32, 52), 3, 0, 889009, 889009, 'wwec9bda2817108582', '百灵智投', 'cheng', 'cheng', 1, 2, 1, '趋势智投-铂金版', 5, 'qszt-2', '这是趋势智投-铂金版的描述', 1, 6, 1, '20250610143947657315', '', 0, 0, 'o1ELc6LrAZOqCjYiOZur5A-sVzYc', 5, 5, '1749538055', 1, 7, '', '', 0, datetime.datetime(2025, 6, 10, 14, 44, 10), None, datetime.datetime(2025, 6, 10, 15, 32, 52), 0, '888996', None, None, None, '889009', None, None, None, '889003,889013,889017', None, None, None),)

[2025-06-10 17:04:03,775] [database.py] [line:127] [INFO] # v2_work_crm_hegui 数据列表：
((992, '20250610144410964765', 'o1ELc6LrAZOqCjYiOZur5A-sVzYc', 1, 101371, '', 1, 0, 1, None, None, 1, None, None, None, None, -1, '', 1, datetime.datetime(2025, 6, 10, 14, 45, 51), datetime.datetime(2025, 6, 10, 15, 32, 52)),)

[2025-06-10 17:04:03,794] [database.py] [line:133] [INFO] # v2_work_crm_order_contract 数据列表：
((44234, '20250610144410964765', '6664e39aecb64670962f9aaa5ff9525e', '1316d17202154b608cc994b58d35e866', 'd28a3fcb2e7c461cb483222be426f433', 1, '产品服务协议', 'eeZRyEm7vbDA0Lxi1n6NDNDfMbS3FBKFV1I5u28WftFIskiH4SusbdejbsUQMFXYeTZ7DiuHw1q$$$$WFWpPus3jn2tfb5OJjezlZVHCnkly3TKc@@@@lCM6kGFw==', '5VFbtjRSP9eHX@@@@3H$$$$LTFZHMFWXdll9IAoUrn7BPXz2yXtq3TplNQwvXJ@@@@yh5@@@@XRKsF5R58jYF0zSk4TgP44@@@@wvSbIv1ubD8S7Rn6ux68ISiTrLsa7YUbZw==', datetime.datetime(2025, 6, 10, 15, 32, 52), '2025-06-10 14:45:26', 'YSTG10A25061000010', None, 'eqoh5xxl$$$$ZHJkZo7HfytjEyYA801VLRe$$$$pS78cSF3nsGRbaNikpsiSE1WU2duLjukCxhu6DZB852D2oIq8h6Tjgfi3ceE1Syl4epkmC2GJJ00N0JT0mSTutVfGj2T0WoXDDix47TcowNW1Zd59ToaPXD3r69j7AYsP8qFtsHIDi5qVn14z3VgcAL$$$$tubvjpyWSjyKotZtA4L3dphwNqvHHk2ew4rh8NavlhVqT7rN459rX2$$$$TiY3s5WVRwp5Jct0d@@@@NrlySjKXplUsGwiHEE2wvd2mHA2q8ceTZ7DiuHw1q$$$$WFWpPus3jn2tfb5OJjezlZVHCnkly3RVciKiMhbRwQ==', '', '', datetime.datetime(2025, 6, 10, 14, 45, 51), datetime.datetime(2025, 6, 10, 14, 45, 51)),)

[2025-06-10 17:04:03,812] [database.py] [line:144] [INFO] # 风险测评id：41428
[2025-06-10 17:04:04,165] [database.py] [line:241] [INFO] # app `stock-rubik-cube`.contract_new数据列表：
((219423, '20250610144410964765', 3338203510512787459, 'YSTG10A25061000010', 0, 'service', 0, datetime.date(2025, 6, 10), '1316d17202154b608cc994b58d35e866', '6664e39aecb64670962f9aaa5ff9525e', 'AAAAAAq8uroAAAAAAAgpjJrfAorTSg/QXW4l6GAYL6eutaROjFUNB7KPWhWD8qLuIK+0Mj6vbEXy5kuPQ9IsFArQq6iWBHovSYKYCW+DOSWV73WQEjh+KbOt/sSvF/fepKrP8TfJTd1gYJWOn+lOBX/3Xht1qmv16qhhk7g7zD5Xj6mWG5Y6RlEdEGcrLqRqs/J9dDL7i9nb0E8CC2lUB52Xh0I66jQ7USAi7wRCu4QeXvqG06tEkbHpa2phs8kpZt4Jnma+hgRJ4WEIOQxqfngr0QssaOB51z/spOWZWB6tmpu0mApK97yzypeNHPOFopXDKFUoQP9MVu/+LAilvwLID4QiDcwLGZuglYL581msNqvW46ge3deo9VUR0slg0tr9Ysi4dtfQgHstKMpqmxATQmmsxkH3S4GarLbzXuAsPa8gsTENOOkGvAkrBq5GG+Rq4QAzI7j+cZes+xQnuFfC/chpijd8VBS0Z3QK/SdvKamKfdsf3BTbHqSyLw432d8HFzVoARjho+8sTeJayHsHLaadXauT4jC/7gy36Rm4IxhgsfqI7zH0NQAamXYAobLPgELfK1Jxk87FE5HKP1BTJ5/b7exSlAAElKh69IKopJk0vHSEhcuvAro38/DTBbqH2mjQOeZL8a4l2mcfOuYKtUj6NRHsfXYakJZeDKOMpZDJJg==', 'AAAAAAq8uroAAAAAAAgpjXvS8oBeYEt7VXpW3a8ibtFvxPioLKjy+l8TliC6vO91gUWtZ9aK3tvO90W406TWQqii3Qf+7+XJGZy79KMT/T6JvNGnhp4OSYyi/AGrk5o7l9rSPWUbMxYlvtiyulHDbD0fVrU=', datetime.datetime(2025, 6, 10, 14, 45, 26), datetime.datetime(2025, 6, 10, 14, 44, 33), datetime.datetime(2025, 6, 10, 15, 32, 52), 0, '', 2, ''),)

[2025-06-10 17:04:04,165] [database.py] [line:245] [INFO] # app `stock-rubik-cube`.contract_new数据：
(219423, '20250610144410964765', 3338203510512787459, 'YSTG10A25061000010', 0, 'service', 0, datetime.date(2025, 6, 10), '1316d17202154b608cc994b58d35e866', '6664e39aecb64670962f9aaa5ff9525e', 'AAAAAAq8uroAAAAAAAgpjJrfAorTSg/QXW4l6GAYL6eutaROjFUNB7KPWhWD8qLuIK+0Mj6vbEXy5kuPQ9IsFArQq6iWBHovSYKYCW+DOSWV73WQEjh+KbOt/sSvF/fepKrP8TfJTd1gYJWOn+lOBX/3Xht1qmv16qhhk7g7zD5Xj6mWG5Y6RlEdEGcrLqRqs/J9dDL7i9nb0E8CC2lUB52Xh0I66jQ7USAi7wRCu4QeXvqG06tEkbHpa2phs8kpZt4Jnma+hgRJ4WEIOQxqfngr0QssaOB51z/spOWZWB6tmpu0mApK97yzypeNHPOFopXDKFUoQP9MVu/+LAilvwLID4QiDcwLGZuglYL581msNqvW46ge3deo9VUR0slg0tr9Ysi4dtfQgHstKMpqmxATQmmsxkH3S4GarLbzXuAsPa8gsTENOOkGvAkrBq5GG+Rq4QAzI7j+cZes+xQnuFfC/chpijd8VBS0Z3QK/SdvKamKfdsf3BTbHqSyLw432d8HFzVoARjho+8sTeJayHsHLaadXauT4jC/7gy36Rm4IxhgsfqI7zH0NQAamXYAobLPgELfK1Jxk87FE5HKP1BTJ5/b7exSlAAElKh69IKopJk0vHSEhcuvAro38/DTBbqH2mjQOeZL8a4l2mcfOuYKtUj6NRHsfXYakJZeDKOMpZDJJg==', 'AAAAAAq8uroAAAAAAAgpjXvS8oBeYEt7VXpW3a8ibtFvxPioLKjy+l8TliC6vO91gUWtZ9aK3tvO90W406TWQqii3Qf+7+XJGZy79KMT/T6JvNGnhp4OSYyi/AGrk5o7l9rSPWUbMxYlvtiyulHDbD0fVrU=', datetime.datetime(2025, 6, 10, 14, 45, 26), datetime.datetime(2025, 6, 10, 14, 44, 33), datetime.datetime(2025, 6, 10, 15, 32, 52), 0, '', 2, '')

[2025-06-10 17:04:04,186] [database.py] [line:252] [INFO] # app `stock-rubik-cube`.`order`数据列表：
((1054, '20250610144410964765', 3338203510512787459, '20250610143947657315', '趋势智投-铂金版', '10125', '趋势智投-铂金版', '23800', '0.05', 1, datetime.datetime(2025, 6, 10, 14, 47, 36), 'R3', 12, 0, datetime.datetime(2025, 6, 10, 15, 32, 52), 0, '', None, '', 0, datetime.datetime(2025, 6, 10, 0, 0), datetime.datetime(2025, 6, 14, 23, 59, 59), datetime.datetime(2025, 6, 10, 14, 44, 10), datetime.datetime(2025, 6, 10, 15, 47, 57), 1, None, '程恭谨', '', 'YSTG10H25061000010', 3, datetime.datetime(2025, 6, 11, 23, 59, 59), 0, 0, '', '0.05', 1, '', 0),)

[2025-06-10 17:04:04,186] [database.py] [line:260] [INFO] # app用户id：3338203510512787459

[2025-06-10 17:04:04,219] [database.py] [line:288] [INFO] # app `stock-rubik-cube`.user_order_product数据列表：
()

[2025-06-10 17:04:04,231] [database.py] [line:85] [INFO] # 
退款订单号：20250610153827415818
[2025-06-10 17:04:04,249] [database.py] [line:97] [INFO] # 退款订单unionid：o1ELc6LrAZOqCjYiOZur5A-sVzYc，kill_order：
[2025-06-10 17:04:04,268] [database.py] [line:107] [INFO] # v2_work_crm_order_main 数据列表：
((49280, '20250610153827415818', 10105, 1, 1, 0, 0, '', '', 'o1ELc6LrAZOqCjYiOZur5A-sVzYc', '赵楠', 'H4qNWOvOwe$$$$A$$$$rqaPhQyIw==', None, None, 2, 0, None, None, None, None, 0, datetime.datetime(2025, 6, 10, 15, 38, 27), datetime.datetime(2025, 6, 10, 15, 38, 27)),)

[2025-06-10 17:04:04,286] [database.py] [line:114] [INFO] # v2_work_crm_order_main_son 数据列表：
()

[2025-06-10 17:04:04,307] [database.py] [line:121] [INFO] # v2_work_crm_order_main_status 数据列表：
((49438, '20250610153827415818', 1, 0, 2, 0, None, 3, 0, 889009, 889009, 'wwec9bda2817108582', '百灵智投', 'cheng', 'cheng', 1, 3, 0, '研选量投', 1, 'yxlt', '这是研选量投的描述', 2, 3, 0, '20250610144410964765', '', 0, 0, 'o1ELc6LrAZOqCjYiOZur5A-sVzYc', 1, 1, '', 0, 7, '', '', 0, datetime.datetime(2025, 6, 10, 15, 38, 27), None, None, 0, '888996', None, None, None, '889009', None, None, None, '889003,889013,889017', None, None, None),)

[2025-06-10 17:04:04,326] [database.py] [line:127] [INFO] # v2_work_crm_hegui 数据列表：
()

[2025-06-10 17:04:04,344] [database.py] [line:133] [INFO] # v2_work_crm_order_contract 数据列表：
()

[2025-06-10 17:04:04,363] [database.py] [line:144] [INFO] # 风险测评id：41429
[2025-06-10 17:04:04,707] [database.py] [line:241] [INFO] # app `stock-rubik-cube`.contract_new数据列表：
((219424, '20250610153827415818', 3338203510512787459, 'YSTG10A25061000011', 0, 'service', 0, None, '', '', '', '', None, datetime.datetime(2025, 6, 10, 15, 38, 51), datetime.datetime(2025, 6, 10, 15, 38, 51), 0, '', 2, ''),)

[2025-06-10 17:04:04,707] [database.py] [line:245] [INFO] # app `stock-rubik-cube`.contract_new数据：
(219424, '20250610153827415818', 3338203510512787459, 'YSTG10A25061000011', 0, 'service', 0, None, '', '', '', '', None, datetime.datetime(2025, 6, 10, 15, 38, 51), datetime.datetime(2025, 6, 10, 15, 38, 51), 0, '', 2, '')

[2025-06-10 17:04:04,729] [database.py] [line:252] [INFO] # app `stock-rubik-cube`.`order`数据列表：
((1055, '20250610153827415818', 3338203510512787459, '20250610144410964765', '研选量投', '10105', '研选量投', '2980', '0.01', 2, None, 'R2', 0, 0, None, 0, '', None, '', 0, None, None, datetime.datetime(2025, 6, 10, 15, 38, 27), datetime.datetime(2025, 6, 10, 15, 38, 47), 0, None, '', '', 'YSTG10H25061000011', 0, None, 0, 0, '', '', 1, '', 0),)

[2025-06-10 17:04:04,729] [database.py] [line:260] [INFO] # app用户id：3338203510512787459

[2025-06-10 17:04:04,762] [database.py] [line:288] [INFO] # app `stock-rubik-cube`.user_order_product数据列表：
()

[2025-06-10 17:04:04,774] [database.py] [line:85] [INFO] # 
退款订单号：20250610153916008540
[2025-06-10 17:04:04,793] [database.py] [line:97] [INFO] # 退款订单unionid：o1ELc6LrAZOqCjYiOZur5A-sVzYc，kill_order：
[2025-06-10 17:04:04,811] [database.py] [line:107] [INFO] # v2_work_crm_order_main 数据列表：
((49281, '20250610153916008540', 10133, 5, 5, 1, 3, '1749541311', '', 'o1ELc6LrAZOqCjYiOZur5A-sVzYc', '赵楠', 'H4qNWOvOwe$$$$A$$$$rqaPhQyIw==', datetime.datetime(2025, 6, 14, 15, 32, 52), datetime.datetime(2025, 6, 15, 15, 32, 52), 1, 0, datetime.datetime(2025, 6, 15, 15, 32, 52), None, None, None, 0, datetime.datetime(2025, 6, 10, 15, 39, 16), datetime.datetime(2025, 6, 10, 15, 39, 16)),)

[2025-06-10 17:04:04,829] [database.py] [line:114] [INFO] # v2_work_crm_order_main_son 数据列表：
()

[2025-06-10 17:04:04,848] [database.py] [line:121] [INFO] # v2_work_crm_order_main_status 数据列表：
((49439, '20250610153916008540', 1, 1, 2, 1, datetime.datetime(2025, 6, 10, 15, 42, 21), 3, 0, 889003, 889003, 'wwec9bda2817108582', '百灵智投', 'WangSong', 'WangSong', 1, 3, 1, '趋势智投-铂金版', 5, 'qszt-2', '这是趋势智投-铂金版的描述', 1, 6, 1, '20250610144410964765', '', 0, 0, 'o1ELc6LrAZOqCjYiOZur5A-sVzYc', 5, 5, '1749541311', 1, 7, '', '', 0, datetime.datetime(2025, 6, 10, 15, 39, 16), None, datetime.datetime(2025, 6, 10, 15, 42, 21), 0, '888996', None, None, None, '889009', None, None, None, '889003,889013,889017', None, None, None),)

[2025-06-10 17:04:04,867] [database.py] [line:127] [INFO] # v2_work_crm_hegui 数据列表：
((993, '20250610153916008540', 'o1ELc6LrAZOqCjYiOZur5A-sVzYc', 1, 101371, '', 1, 0, 1, None, None, 1, None, None, None, None, -1, '', 1, datetime.datetime(2025, 6, 10, 15, 41, 16), datetime.datetime(2025, 6, 10, 15, 42, 21)),)

[2025-06-10 17:04:04,885] [database.py] [line:133] [INFO] # v2_work_crm_order_contract 数据列表：
((44235, '20250610153916008540', '5b02fa70a1de430e8a0c5e4d82664184', '7213877331dc43deae8b2c007ab415d2', 'd28a3fcb2e7c461cb483222be426f433', 1, '产品服务协议', 'eeZRyEm7vbDA0Lxi1n6NDNDfMbS3FBKFV1I5u28WftFIskiH4SusbdejbsUQMFXYeTZ7DiuHw1q$$$$WFWpPus3jsZ$$$$C1O$$$$OevOlZVHCnkly3TKc@@@@lCM6kGFw==', '5VFbtjRSP9eHX@@@@3H$$$$LTFZHMFWXdll9IAoUrn7BPXz2yXtq3TplNQwvXJ@@@@yh5@@@@XRKsF5R58jYF0zSk4TgP44@@@@wg0lHnUvCLrY7Rn6ux68ISiTrLsa7YUbZw==', datetime.datetime(2025, 6, 10, 15, 42, 21), '2025-06-10 15:40:47', 'YSTG10A25061000012', None, 'eqoh5xxl$$$$ZHJkZo7HfytjEyYA801VLRe$$$$pS78cSF3nsGRbaNikpsiSE1WU2duLjukCxhu6DZB852D2oIq8h6Tjgfi3ceE1Syl4epkmC2GJJViSEWdJw2ButVfGj2T0WoXDDix47TcowNW1Zd59ToaPXD3r69j7AYsP8qFtsHIDi5qVn14z3VgcAL$$$$tubvjpyWSjyKotZtA4L3dphwNqvHHk2ew4rh8NavlhVqT7rN47GfgtTvjnrzpWVRwp5Jct0d@@@@NrlySjKXplUsGwiHEE2wvd2mHA2q8ceTZ7DiuHw1q$$$$WFWpPus3jsZ$$$$C1O$$$$OevOlZVHCnkly3RVciKiMhbRwQ==', '', '', datetime.datetime(2025, 6, 10, 15, 41, 16), datetime.datetime(2025, 6, 10, 15, 41, 16)),)

[2025-06-10 17:04:04,903] [database.py] [line:144] [INFO] # 风险测评id：41430
[2025-06-10 17:04:05,246] [database.py] [line:241] [INFO] # app `stock-rubik-cube`.contract_new数据列表：
((219425, '20250610153916008540', 3338203510512787459, 'YSTG10A25061000012', 0, 'service', 0, datetime.date(2025, 6, 10), '7213877331dc43deae8b2c007ab415d2', '5b02fa70a1de430e8a0c5e4d82664184', 'AAAAAAq8uroAAAAAAAgpkT000AdNykRxxKvLltYC5gZLEC+OjtlN3DOZoM7briTf0Pb8GvJgiNtOAwgt+Kg2ouNvR7fU675M6paHfRQgtsY6jHBBOnR2cv0BUWZBCp5bQqu/P8sSBfL5dPfBGcvPk4W2GUlvWBEy/a0RIlI/xg2BCeqab6yMZFLWSAmucHIK3C2PkVOzKYrz6BhUYl+uravaQmMr2qFZXgGy6NqohGBk27CXYE0O0Peag/Sg9vpQhXuDFYvj2CT/j596io5SToB/uCMfBfaca2g1eOHl0ryM54zEY4ipjVtiPhuASXbQcs4qzGrPTDQPz5naMRBVEZjbcvZoPubR7XU++wG20VURuWV+MeWLiKVlJdtrnkK29rvc//4tMXMFWmCOKxEWnumQ2HOCva84ZYsVWOrCnLgwayS4CrGNMcC0R8dgTWSiLaE43iifydaJgAulSCo+WvI7EC7d7SIf5LB5N4X/GVZsbQM7q7pq4x3tuXxxBd1dQsEtdVb/NkmLlp8fLeCzn7THkIMXWyue2ZAGX4+RIT5EXIHRJIEX0AVc1KxNuaytSBE/mOsCrG5wvb71njMLQnyR9dCIfrkYeAXIUj6z81y2MQ+Us77WjnT7owbVS/ytLnK3flVWXeEZqLQ+kJa6qAa6li7HBO6g8/WqXERGhPOOrx4=', 'AAAAAAq8uroAAAAAAAgpkpiL55p2CGQW0V0HYi0NQmutrEynYmUi9po7QVjFy/ETKSvkNaIXtEO4xcfNi1h9J6HxQDp7gbZea8ZS2z+WTXSl5NgT23WfCPR9eQYUJNvzDMc8iJyIkU7Y71WUK/U29bxPqsA=', datetime.datetime(2025, 6, 10, 15, 40, 47), datetime.datetime(2025, 6, 10, 15, 39, 20), datetime.datetime(2025, 6, 10, 15, 42, 22), 0, '', 2, ''),)

[2025-06-10 17:04:05,247] [database.py] [line:245] [INFO] # app `stock-rubik-cube`.contract_new数据：
(219425, '20250610153916008540', 3338203510512787459, 'YSTG10A25061000012', 0, 'service', 0, datetime.date(2025, 6, 10), '7213877331dc43deae8b2c007ab415d2', '5b02fa70a1de430e8a0c5e4d82664184', 'AAAAAAq8uroAAAAAAAgpkT000AdNykRxxKvLltYC5gZLEC+OjtlN3DOZoM7briTf0Pb8GvJgiNtOAwgt+Kg2ouNvR7fU675M6paHfRQgtsY6jHBBOnR2cv0BUWZBCp5bQqu/P8sSBfL5dPfBGcvPk4W2GUlvWBEy/a0RIlI/xg2BCeqab6yMZFLWSAmucHIK3C2PkVOzKYrz6BhUYl+uravaQmMr2qFZXgGy6NqohGBk27CXYE0O0Peag/Sg9vpQhXuDFYvj2CT/j596io5SToB/uCMfBfaca2g1eOHl0ryM54zEY4ipjVtiPhuASXbQcs4qzGrPTDQPz5naMRBVEZjbcvZoPubR7XU++wG20VURuWV+MeWLiKVlJdtrnkK29rvc//4tMXMFWmCOKxEWnumQ2HOCva84ZYsVWOrCnLgwayS4CrGNMcC0R8dgTWSiLaE43iifydaJgAulSCo+WvI7EC7d7SIf5LB5N4X/GVZsbQM7q7pq4x3tuXxxBd1dQsEtdVb/NkmLlp8fLeCzn7THkIMXWyue2ZAGX4+RIT5EXIHRJIEX0AVc1KxNuaytSBE/mOsCrG5wvb71njMLQnyR9dCIfrkYeAXIUj6z81y2MQ+Us77WjnT7owbVS/ytLnK3flVWXeEZqLQ+kJa6qAa6li7HBO6g8/WqXERGhPOOrx4=', 'AAAAAAq8uroAAAAAAAgpkpiL55p2CGQW0V0HYi0NQmutrEynYmUi9po7QVjFy/ETKSvkNaIXtEO4xcfNi1h9J6HxQDp7gbZea8ZS2z+WTXSl5NgT23WfCPR9eQYUJNvzDMc8iJyIkU7Y71WUK/U29bxPqsA=', datetime.datetime(2025, 6, 10, 15, 40, 47), datetime.datetime(2025, 6, 10, 15, 39, 20), datetime.datetime(2025, 6, 10, 15, 42, 22), 0, '', 2, '')

[2025-06-10 17:04:05,267] [database.py] [line:252] [INFO] # app `stock-rubik-cube`.`order`数据列表：
((1056, '20250610153916008540', 3338203510512787459, '20250610144410964765', '趋势智投-铂金版', '10133', '趋势智投-铂金版', '23800', '0.05', 1, datetime.datetime(2025, 6, 10, 15, 41, 51), 'R3', 13, 0, datetime.datetime(2025, 6, 10, 15, 42, 22), 0, '', None, '', 0, datetime.datetime(2025, 6, 14, 0, 0), datetime.datetime(2025, 6, 15, 23, 59, 59), datetime.datetime(2025, 6, 10, 15, 39, 16), datetime.datetime(2025, 6, 10, 15, 47, 57), 1, None, '王松', '', 'YSTG10H25061000012', 0, datetime.datetime(2025, 6, 15, 23, 59, 59), 0, 0, '', '0.05', 1, '', 0),)

[2025-06-10 17:04:05,267] [database.py] [line:260] [INFO] # app用户id：3338203510512787459

[2025-06-10 17:04:05,300] [database.py] [line:288] [INFO] # app `stock-rubik-cube`.user_order_product数据列表：
()

[2025-06-10 17:04:05,313] [database.py] [line:85] [INFO] # 
退款订单号：20250610154442159451
[2025-06-10 17:04:05,331] [database.py] [line:97] [INFO] # 退款订单unionid：o1ELc6LrAZOqCjYiOZur5A-sVzYc，kill_order：20250610144410964765,20250610153916008540
[2025-06-10 17:04:05,350] [database.py] [line:107] [INFO] # v2_work_crm_order_main 数据列表：
((49282, '20250610154442159451', 10131, 1, 1, 1, 3, '1749541647', '', 'o1ELc6LrAZOqCjYiOZur5A-sVzYc', '赵楠', 'H4qNWOvOwe$$$$A$$$$rqaPhQyIw==', datetime.datetime(2025, 6, 10, 15, 47, 51), datetime.datetime(2025, 6, 11, 15, 47, 51), 1, 0, datetime.datetime(2025, 6, 11, 15, 47, 51), None, None, None, 0, datetime.datetime(2025, 6, 10, 15, 44, 42), datetime.datetime(2025, 6, 10, 15, 44, 42)),)

[2025-06-10 17:04:05,368] [database.py] [line:114] [INFO] # v2_work_crm_order_main_son 数据列表：
()

[2025-06-10 17:04:05,388] [database.py] [line:121] [INFO] # v2_work_crm_order_main_status 数据列表：
((49440, '20250610154442159451', 1, 1, 2, 1, datetime.datetime(2025, 6, 10, 15, 47, 51), 3, 0, 889003, 889003, 'wwec9bda2817108582', '百灵智投', 'WangSong', 'WangSong', 1, 2, 1, '趋势智投-大师版', 11, 'qszt-4', '这是趋势智投-大师版的描述', 1, 8, 1, '20250610144410964765', '20250610144410964765,20250610153916008540', 0, 0, 'o1ELc6LrAZOqCjYiOZur5A-sVzYc', 1, 1, '1749541647', 1, 7, '', '', 0, datetime.datetime(2025, 6, 10, 15, 44, 42), None, datetime.datetime(2025, 6, 10, 15, 47, 51), 0, '888996', None, None, None, '889009', None, None, None, '889003,889013,889017', None, None, None),)

[2025-06-10 17:04:05,406] [database.py] [line:127] [INFO] # v2_work_crm_hegui 数据列表：
((994, '20250610154442159451', 'o1ELc6LrAZOqCjYiOZur5A-sVzYc', 1, 101371, '', 1, 0, 1, None, None, 1, None, None, None, None, -1, '', 1, datetime.datetime(2025, 6, 10, 15, 46, 46), datetime.datetime(2025, 6, 10, 15, 47, 51)),)

[2025-06-10 17:04:05,424] [database.py] [line:133] [INFO] # v2_work_crm_order_contract 数据列表：
((44236, '20250610154442159451', '6034e01cc5ad4bc0b9d469a479b38ac3', 'b33f76f9226b43948c28f63119f85f56', 'd28a3fcb2e7c461cb483222be426f433', 1, '产品服务协议', 'eeZRyEm7vbDA0Lxi1n6NDNDfMbS3FBKFV1I5u28WftFIskiH4SusbdejbsUQMFXYeTZ7DiuHw1q$$$$WFWpPus3jlxhKYRGEe6PlZVHCnkly3TKc@@@@lCM6kGFw==', '5VFbtjRSP9eHX@@@@3H$$$$LTFZHMFWXdll9IAoUrn7BPXz2yXtq3TplNQwvXJ@@@@yh5@@@@XRKsF5R58jYF0zSk4TgP44@@@@wuOBMKeUtd$$$$A7Rn6ux68ISiTrLsa7YUbZw==', datetime.datetime(2025, 6, 10, 15, 47, 51), '2025-06-10 15:46:09', 'YSTG10A25061000013', None, 'eqoh5xxl$$$$ZHJkZo7HfytjEyYA801VLRe$$$$pS78cSF3nsGRbaNikpsiSE1WU2duLjukCxhu6DZB852D2oIq8h6Tjgfi3ceE1Syl4epkmC2GJI3eyR4ENuT@@@@utVfGj2T0WoXDDix47TcowNW1Zd59ToaPXD3r69j7AYsP8qFtsHIDi5qVn14z3VgcAL$$$$tubvjpyWSjyKotZtA4L3dphwNqvHHk2ew4rh8NavlhVqT7rN45cYSmERhHuj5WVRwp5Jct0d@@@@NrlySjKXplUsGwiHEE2wvd2mHA2q8ceTZ7DiuHw1q$$$$WFWpPus3jlxhKYRGEe6PlZVHCnkly3RVciKiMhbRwQ==', '', '', datetime.datetime(2025, 6, 10, 15, 46, 46), datetime.datetime(2025, 6, 10, 15, 46, 46)),)

[2025-06-10 17:04:05,442] [database.py] [line:144] [INFO] # 风险测评id：41431
[2025-06-10 17:04:05,730] [database.py] [line:214] [INFO] # order_ids:('20250610144410964765', '20250610153916008540')
[2025-06-10 17:04:05,748] [database.py] [line:217] [INFO] # 更新v2_work_crm_order_main_status表is_cancellation成功！
[2025-06-10 17:04:05,805] [database.py] [line:241] [INFO] # app `stock-rubik-cube`.contract_new数据列表：
((219426, '20250610154442159451', 3338203510512787459, 'YSTG10A25061000013', 0, 'service', 0, datetime.date(2025, 6, 10), 'b33f76f9226b43948c28f63119f85f56', '6034e01cc5ad4bc0b9d469a479b38ac3', 'AAAAAAq8uroAAAAAAAgpk3x+KQc77jALfGVP8iCk8pFmndNa8HuwJ/rt1DTx76R3FGBohZcAx+LlO6KSAQSGnFHx4omWNuvWj7VtrXbTYoSDynhUJ3jW/W9nFMLIK/Pe0QvZfipnMW4+u5rojKJfoZfhuQVz4J+XNt5dxgmjABjFN6OwH22VASt8LdiLgmGk+aA/8HbMLm0z0dgkxsvAsx6dSg6BPNXHpY+XM44p8lqiLOZpFuHZcyFbFhNkvpOKGlyKFRJWr3YvJObL5hvN/j0WxmVSZd1APcnRE4kZHmXZ0px1MoaC3xp3OxHNKDrMXa6+GUvKX71oUv5TrzzDJozcopPgnG+1Li5lZp+GlFnj4rQPHRATiUeydcEjp5iHV0X1ZleOi82H+Nh6cnDmHlDSEs8wbF/V8gpewAhMb0XLzFMKtlQI9gIjhFJ8ONe4sEIlhlo5p8LLpXYGs7azSY4X8u8nMnP7So0VqGO7JYEK1yrDobgMyvZSaR5Ie4DK8NIjpyDJRm/2ml7po0IcV2tJx/3PAcGnsoxWJAyFu1HMhz/9Se9TWzEeJFgRe2uSu0hVExzZeNUNQgonJNBWZfXhRbFcocO3Ky7PX5N5pLf4Zez06nTfxaBZ9tlHONKa5avZijGDOK/nJ5eb4XgtR2lE9e2S7XyOVOa6JZ4=', 'AAAAAAq8uroAAAAAAAgplPFBaSLcwF6KLHEZrSm/tAVQZWjUZZNpBtnPAKTWlbf4NKnJdzlVa2P7PH+T5r9EdfY+HjyapXqM7ey3xbmvEj/KdnA8+ZB2sCWF+tsH0cQesur184IWIlPddu1/yGaJNRZWRYw=', datetime.datetime(2025, 6, 10, 15, 46, 9), datetime.datetime(2025, 6, 10, 15, 45, 18), datetime.datetime(2025, 6, 10, 15, 47, 51), 0, '', 2, ''),)

[2025-06-10 17:04:05,805] [database.py] [line:245] [INFO] # app `stock-rubik-cube`.contract_new数据：
(219426, '20250610154442159451', 3338203510512787459, 'YSTG10A25061000013', 0, 'service', 0, datetime.date(2025, 6, 10), 'b33f76f9226b43948c28f63119f85f56', '6034e01cc5ad4bc0b9d469a479b38ac3', 'AAAAAAq8uroAAAAAAAgpk3x+KQc77jALfGVP8iCk8pFmndNa8HuwJ/rt1DTx76R3FGBohZcAx+LlO6KSAQSGnFHx4omWNuvWj7VtrXbTYoSDynhUJ3jW/W9nFMLIK/Pe0QvZfipnMW4+u5rojKJfoZfhuQVz4J+XNt5dxgmjABjFN6OwH22VASt8LdiLgmGk+aA/8HbMLm0z0dgkxsvAsx6dSg6BPNXHpY+XM44p8lqiLOZpFuHZcyFbFhNkvpOKGlyKFRJWr3YvJObL5hvN/j0WxmVSZd1APcnRE4kZHmXZ0px1MoaC3xp3OxHNKDrMXa6+GUvKX71oUv5TrzzDJozcopPgnG+1Li5lZp+GlFnj4rQPHRATiUeydcEjp5iHV0X1ZleOi82H+Nh6cnDmHlDSEs8wbF/V8gpewAhMb0XLzFMKtlQI9gIjhFJ8ONe4sEIlhlo5p8LLpXYGs7azSY4X8u8nMnP7So0VqGO7JYEK1yrDobgMyvZSaR5Ie4DK8NIjpyDJRm/2ml7po0IcV2tJx/3PAcGnsoxWJAyFu1HMhz/9Se9TWzEeJFgRe2uSu0hVExzZeNUNQgonJNBWZfXhRbFcocO3Ky7PX5N5pLf4Zez06nTfxaBZ9tlHONKa5avZijGDOK/nJ5eb4XgtR2lE9e2S7XyOVOa6JZ4=', 'AAAAAAq8uroAAAAAAAgplPFBaSLcwF6KLHEZrSm/tAVQZWjUZZNpBtnPAKTWlbf4NKnJdzlVa2P7PH+T5r9EdfY+HjyapXqM7ey3xbmvEj/KdnA8+ZB2sCWF+tsH0cQesur184IWIlPddu1/yGaJNRZWRYw=', datetime.datetime(2025, 6, 10, 15, 46, 9), datetime.datetime(2025, 6, 10, 15, 45, 18), datetime.datetime(2025, 6, 10, 15, 47, 51), 0, '', 2, '')

[2025-06-10 17:04:05,825] [database.py] [line:252] [INFO] # app `stock-rubik-cube`.`order`数据列表：
((1057, '20250610154442159451', 3338203510512787459, '20250610144410964765', '趋势智投-大师版', '10131', '趋势智投-大师版', '49800', '0.11', 1, datetime.datetime(2025, 6, 10, 15, 47, 28), 'R3', 12, 0, datetime.datetime(2025, 6, 10, 15, 47, 51), 0, '', None, '', 0, datetime.datetime(2025, 6, 10, 0, 0), datetime.datetime(2025, 6, 11, 23, 59, 59), datetime.datetime(2025, 6, 10, 15, 44, 42), datetime.datetime(2025, 6, 10, 17, 3, 8), 1, None, '王松', '', 'YSTG10H25061000013', 0, datetime.datetime(2025, 6, 11, 23, 59, 59), 1, 0, '', '0', 1, '', 0),)

[2025-06-10 17:04:05,825] [database.py] [line:260] [INFO] # app用户id：3338203510512787459

[2025-06-10 17:04:05,859] [database.py] [line:288] [INFO] # app `stock-rubik-cube`.user_order_product数据列表：
()

[2025-06-10 17:04:05,872] [database.py] [line:85] [INFO] # 
退款订单号：20250610154814955000
[2025-06-10 17:04:05,889] [database.py] [line:97] [INFO] # 退款订单unionid：o1ELc6LrAZOqCjYiOZur5A-sVzYc，kill_order：20250610154442159451
[2025-06-10 17:04:05,908] [database.py] [line:107] [INFO] # v2_work_crm_order_main 数据列表：
((49283, '20250610154814955000', 10122, 10, 10, 1, 3, '1749542815', '', 'o1ELc6LrAZOqCjYiOZur5A-sVzYc', '赵楠', 'H4qNWOvOwe$$$$A$$$$rqaPhQyIw==', datetime.datetime(2025, 6, 10, 16, 18, 2), datetime.datetime(2025, 6, 11, 16, 18, 2), 1, 0, datetime.datetime(2025, 6, 11, 16, 18, 2), None, None, None, 0, datetime.datetime(2025, 6, 10, 15, 48, 14), datetime.datetime(2025, 6, 10, 15, 48, 14)),)

[2025-06-10 17:04:05,926] [database.py] [line:114] [INFO] # v2_work_crm_order_main_son 数据列表：
()

[2025-06-10 17:04:05,945] [database.py] [line:121] [INFO] # v2_work_crm_order_main_status 数据列表：
((49441, '20250610154814955000', 1, 1, 2, 1, datetime.datetime(2025, 6, 10, 16, 18, 2), 1, 4, 889003, 889003, 'wwec9bda2817108582', '百灵智投', 'WangSong', 'WangSong', 1, 2, 1, '私人定制', 11800000, 'srdz', '这是私人定制的描述', 1, 4, 0, '20250610154442159451', '20250610154442159451', 0, 0, 'o1ELc6LrAZOqCjYiOZur5A-sVzYc', 10, 10, '1749542815', 1, 7, '', '44fa99278d9a1df9a42474fc1b4f47fb', 0, datetime.datetime(2025, 6, 10, 15, 48, 14), None, datetime.datetime(2025, 6, 10, 16, 18, 2), 0, '888996', None, None, None, '889009', None, None, None, '889003,889013,889017', None, None, None),)

[2025-06-10 17:04:05,964] [database.py] [line:127] [INFO] # v2_work_crm_hegui 数据列表：
((995, '20250610154814955000', 'o1ELc6LrAZOqCjYiOZur5A-sVzYc', 1, 101371, '', 1, 0, 1, None, None, 1, None, None, None, None, -1, '', 1, datetime.datetime(2025, 6, 10, 15, 50, 6), datetime.datetime(2025, 6, 10, 16, 18, 2)),)

[2025-06-10 17:04:05,982] [database.py] [line:133] [INFO] # v2_work_crm_order_contract 数据列表：
((44237, '20250610154814955000', '0b5f9a07fcd74712bd5709098f911376', '3e6cb124e1bb4adc97ea626d30b930db', 'd28a3fcb2e7c461cb483222be426f433', 1, '产品服务协议', 'eeZRyEm7vbDA0Lxi1n6NDNDfMbS3FBKFV1I5u28WftFIskiH4SusbdejbsUQMFXYeTZ7DiuHw1q$$$$WFWpPus3jr1bhI3jPFK8lZVHCnkly3TKc@@@@lCM6kGFw==', '5VFbtjRSP9eHX@@@@3H$$$$LTFZHMFWXdll9IAoUrn7BPXz2yXtq3TplNQwvXJ@@@@yh5@@@@XRKsF5R58jYF0zSk4TgP44@@@@wgtAJeSGYvpq7Rn6ux68ISiTrLsa7YUbZw==', datetime.datetime(2025, 6, 10, 16, 18, 2), '2025-06-10 15:49:39', 'YSTG10A25061000014', None, 'eqoh5xxl$$$$ZHJkZo7HfytjEyYA801VLRe$$$$pS78cSF3nsGRbaNikpsiSE1WU2duLjukCxhu6DZB852D2oIq8h6Tjgfi3ceE1Syl4epkmC2GJKhKTDb8s5qQ$$$$tVfGj2T0WoXDDix47TcowNW1Zd59ToaPXD3r69j7AYsP8qFtsHIDi5qVn14z3VgcAL$$$$tubvjpyWSjyKotZtA4L3dphwNqvHHk2ew4rh8NavlhVqT7rN469W4SN4zxSvJWVRwp5Jct0d@@@@NrlySjKXplUsGwiHEE2wvd2mHA2q8ceTZ7DiuHw1q$$$$WFWpPus3jr1bhI3jPFK8lZVHCnkly3RVciKiMhbRwQ==', '', '', datetime.datetime(2025, 6, 10, 15, 50, 6), datetime.datetime(2025, 6, 10, 15, 50, 6)), (44238, '20250610154814955000', None, None, 'dc588181a755439aace7955f2b6da66b', 2, '终止协议-测试', None, '5VFbtjRSP9eHX@@@@3H$$$$LTFZHMFWXdll9IAoUrn7BPXz2yXtq3TplNQwvXJ@@@@yh5@@@@XRKtdxtggvPysrlhLihRAZK11sfQUJJ$$$$q9n', datetime.datetime(2025, 6, 10, 16, 23, 17), '2025-06-10 16:23:17', 'c', None, None, '', '', datetime.datetime(2025, 6, 10, 16, 22, 54), datetime.datetime(2025, 6, 10, 16, 22, 54)))

[2025-06-10 17:04:06,001] [database.py] [line:144] [INFO] # 风险测评id：41432
[2025-06-10 17:04:06,038] [database.py] [line:157] [INFO] # 退款id：1151
[2025-06-10 17:04:06,311] [database.py] [line:214] [INFO] # order_ids:('20250610154442159451',)
[2025-06-10 17:04:06,329] [database.py] [line:217] [INFO] # 更新v2_work_crm_order_main_status表is_cancellation成功！
[2025-06-10 17:04:06,386] [database.py] [line:241] [INFO] # app `stock-rubik-cube`.contract_new数据列表：
((219427, '20250610154814955000', 3338203510512787459, 'YSTG10A25061000014', 0, 'service', 0, datetime.date(2025, 6, 10), '3e6cb124e1bb4adc97ea626d30b930db', '0b5f9a07fcd74712bd5709098f911376', 'AAAAAAq8uroAAAAAAAgpmOdeoefaSQL3Q1NhlmMbVheJHi/vbvt26M6ELmfP8yKGPrI9vAGzgVjzo7h0jsQNy/282laiEGCZ30aTXTCwpZQZRQ5V46RejTI+D8462p1NvTqiqLH3jIOrtViF3bXzSHDFk3hQ3H/sURNMlznMTDtrGV3b7HLtSPtAhxTjYCEkP3OC8jsU5Xg5D0fBOGxRj2d+Ef10YcteNoo1dn64m8ur0ZeiIde0derS0IjI5fVg+uRdjbc8U1YjWcIYwKANTpnMZgTZ3bhdUkGSRINjo2bp83v3OYiKkQq6ZduYSCxzeStNagw6JWeiYSX9K95J2c3XqUEQFxcf5qbodaVNEeluGlzFnkJBYKyAfiaj1tjb25yFtvn5ucAE0VOXFv9IGR3AdHRwAad2NodP9MSdxlPDA9djcYJB7QFrGTXTZMi+/vh4osVKfdTpxiMe0gVzA0GKP/AacNLOc10pGcNTZRAh0h19s1AlOYSe/DpXwnYkt6+Gbet6sSZ1v+3BHtwwuW8DA530RKF1IEDlBvOBXDWE4G5bh8wwO9DZn8UQDNDFKQ6jka5MIm9dFt3s2jGx+DgveAmbljuMG7EtreMKyr0R8n20crvKq6O8pFnCztySUG1LTAGOiCc3yoSG8P2Udhydq5VNPYu0lkkqRbogDtbt', 'AAAAAAq8uroAAAAAAAgpmUYMn4ZUzauoRgXNrfc0vygb79CQw4MsSkN6MZegORvmavQ4LX5+PnlMSSc1dFRQQCN6MStaXcQOKNFIgMnlIybHWRkGvd7N+KDW1wOsxyQYLL/v8QK2lDdEmKxNNR8lOf+Ur+U=', datetime.datetime(2025, 6, 10, 15, 49, 39), datetime.datetime(2025, 6, 10, 15, 48, 51), datetime.datetime(2025, 6, 10, 16, 18, 2), 0, '', 2, ''), (219428, '20250610154814955000', 3338203510512787459, '', 1, 'termination', 0, None, '', '', '', '', None, datetime.datetime(2025, 6, 10, 16, 23, 24), datetime.datetime(2025, 6, 10, 16, 23, 24), 0, '', 2, ''))

[2025-06-10 17:04:06,386] [database.py] [line:245] [INFO] # app `stock-rubik-cube`.contract_new数据：
(219427, '20250610154814955000', 3338203510512787459, 'YSTG10A25061000014', 0, 'service', 0, datetime.date(2025, 6, 10), '3e6cb124e1bb4adc97ea626d30b930db', '0b5f9a07fcd74712bd5709098f911376', 'AAAAAAq8uroAAAAAAAgpmOdeoefaSQL3Q1NhlmMbVheJHi/vbvt26M6ELmfP8yKGPrI9vAGzgVjzo7h0jsQNy/282laiEGCZ30aTXTCwpZQZRQ5V46RejTI+D8462p1NvTqiqLH3jIOrtViF3bXzSHDFk3hQ3H/sURNMlznMTDtrGV3b7HLtSPtAhxTjYCEkP3OC8jsU5Xg5D0fBOGxRj2d+Ef10YcteNoo1dn64m8ur0ZeiIde0derS0IjI5fVg+uRdjbc8U1YjWcIYwKANTpnMZgTZ3bhdUkGSRINjo2bp83v3OYiKkQq6ZduYSCxzeStNagw6JWeiYSX9K95J2c3XqUEQFxcf5qbodaVNEeluGlzFnkJBYKyAfiaj1tjb25yFtvn5ucAE0VOXFv9IGR3AdHRwAad2NodP9MSdxlPDA9djcYJB7QFrGTXTZMi+/vh4osVKfdTpxiMe0gVzA0GKP/AacNLOc10pGcNTZRAh0h19s1AlOYSe/DpXwnYkt6+Gbet6sSZ1v+3BHtwwuW8DA530RKF1IEDlBvOBXDWE4G5bh8wwO9DZn8UQDNDFKQ6jka5MIm9dFt3s2jGx+DgveAmbljuMG7EtreMKyr0R8n20crvKq6O8pFnCztySUG1LTAGOiCc3yoSG8P2Udhydq5VNPYu0lkkqRbogDtbt', 'AAAAAAq8uroAAAAAAAgpmUYMn4ZUzauoRgXNrfc0vygb79CQw4MsSkN6MZegORvmavQ4LX5+PnlMSSc1dFRQQCN6MStaXcQOKNFIgMnlIybHWRkGvd7N+KDW1wOsxyQYLL/v8QK2lDdEmKxNNR8lOf+Ur+U=', datetime.datetime(2025, 6, 10, 15, 49, 39), datetime.datetime(2025, 6, 10, 15, 48, 51), datetime.datetime(2025, 6, 10, 16, 18, 2), 0, '', 2, '')

[2025-06-10 17:04:06,386] [database.py] [line:245] [INFO] # app `stock-rubik-cube`.contract_new数据：
(219428, '20250610154814955000', 3338203510512787459, '', 1, 'termination', 0, None, '', '', '', '', None, datetime.datetime(2025, 6, 10, 16, 23, 24), datetime.datetime(2025, 6, 10, 16, 23, 24), 0, '', 2, '')

[2025-06-10 17:04:06,413] [database.py] [line:252] [INFO] # app `stock-rubik-cube`.`order`数据列表：
((1058, '20250610154814955000', 3338203510512787459, '20250610154442159451', '私人定制', '10122', '私人定制', '118000', '0.11', 1, datetime.datetime(2025, 6, 10, 16, 6, 56), 'R3', 11, 0, datetime.datetime(2025, 6, 10, 16, 18, 2), 0, '', datetime.datetime(2025, 6, 10, 17, 3, 8), '0.01', 0, datetime.datetime(2025, 6, 10, 0, 0), datetime.datetime(2025, 6, 11, 23, 59, 59), datetime.datetime(2025, 6, 10, 15, 48, 14), datetime.datetime(2025, 6, 10, 17, 3, 8), 1, None, '王松', '', 'YSTG10H25061000014', 0, datetime.datetime(2025, 6, 11, 23, 59, 59), 0, 0, '', '0.1', 1, '', 0),)

[2025-06-10 17:04:06,413] [database.py] [line:260] [INFO] # app用户id：3338203510512787459

[2025-06-10 17:04:06,450] [database.py] [line:288] [INFO] # app `stock-rubik-cube`.user_order_product数据列表：
()

[2025-06-10 17:04:06,512] [database.py] [line:309] [INFO] # o1ELc6LrAZOqCjYiOZur5A-sVzYc用户到期时间：None
