[2025-07-23 09:35:44,813] [log.py] [line:31] [INFO] # ======Start printing logs======
[2025-07-23 09:35:47,177] [database.py] [line:80] [INFO] # 退款订单id列表：['20250722163122250297']
[2025-07-23 09:35:47,177] [database.py] [line:85] [INFO] # 
退款订单号：20250722163122250297
[2025-07-23 09:35:47,199] [database.py] [line:97] [INFO] # 退款订单unionid：o1ELc6LrAZOqCjYiOZur5A-sVzYc，kill_order：
[2025-07-23 09:35:47,235] [database.py] [line:107] [INFO] # v2_work_crm_order_main 数据列表：
((49445, '20250722163122250297', 10148, 10, 10, 1, 3, '1753173206', '', 'o1ELc6LrAZOqCjYiOZur5A-sVzYc', '赵楠', 'H4qNWOvOwe$$$$A$$$$rqaPhQyIw==', None, None, 7, 0, None, None, None, None, 0, datetime.datetime(2025, 7, 22, 16, 31, 22), datetime.datetime(2025, 7, 22, 16, 31, 22)),)

[2025-07-23 09:35:47,257] [database.py] [line:114] [INFO] # v2_work_crm_order_main_son 数据列表：
()

[2025-07-23 09:35:47,294] [database.py] [line:121] [INFO] # v2_work_crm_order_main_status 数据列表：
((49604, '20250722163122250297', 1, 1, 2, 4, datetime.datetime(2025, 7, 23, 9, 34, 22), 1, 0, 889003, 889003, 'wwec9bda2817108582', '百灵智投', 'WangSong', 'WangSong', 1, 3, 1, '私人定制', 11800000, 'srdz', '这是私人定制的描述', 7, 4, 0, '20250718105649851076', '', 0, 0, 'o1ELc6LrAZOqCjYiOZur5A-sVzYc', 10, 10, '1753173206', 1, 0, '', '79c7bf9985e77e8fb1108f86a133f1dd', 0, datetime.datetime(2025, 7, 22, 16, 31, 22), None, None, 0, '888996', None, None, None, '889009', None, None, None, '889003,889013,889017,889095', None, None, None),)

[2025-07-23 09:35:47,317] [database.py] [line:127] [INFO] # v2_work_crm_hegui 数据列表：
((1146, '20250722163122250297', 'o1ELc6LrAZOqCjYiOZur5A-sVzYc', 4, 101371, '111', 0, 0, 0, None, None, 1, None, None, None, None, -1, 0, '', 1, datetime.datetime(2025, 7, 22, 16, 32, 36), datetime.datetime(2025, 7, 23, 9, 34, 22)),)

[2025-07-23 09:35:47,339] [database.py] [line:133] [INFO] # v2_work_crm_order_contract 数据列表：
((44461, '20250722163122250297', 'c276b71b7a2741cabcbf0d6e5410919f', '4cb8bdd5955a4d3f9aecfecce20c5840', '8c4a35b69d4d4dcdbe2885e0d279fdd8', 1, '产品服务协议-测试', None, '5VFbtjRSP9c7CZnanI3IRNPGIqL3XO9ADgf2Ad7asTUreGnYBhwAgja$$$$zLcngNFNHWyiXS$$$$WRYp9zhgIxTAp0KvgAotu$$$$zP$$$$gvOS6DZhgvaEqgIxrVEMpCAHdlaBQk@@@@SjXtbShg4YIvwCK89bG0Nm4Vd3q8@@@@vR7OfwPRCFihxL5cfT3Y$$$$f6qbf3b7zxZ4zVrCoqHLOxxOSlPyxzgsv0DpxMQjc4bFhl7Y5j04oP3ose6JwL0oEIe30rs30XqsDuOu$$$$jp9qUoNkr$$$$cDbZy6rjhDBeEUYw@@@@d6Jl4v0cx0ZuPG9KV4l@@@@lRkCuWW05KtMdxcOaE4MZrcqz8I9q0MnXw8VC1k2cAAkcJKWI86A9KPfZ9msaoA7Ceh3BzaWSLIVUanShbca17j2JCYcJ99GRnNuYBs$$$$8qYrWAURXQCK0OMBssDD0OXVVLNOWhQw@@@@FyN8BC@@@@h0QyHlN7SvucvkyRf@@@@tQwS78@@@@$$$$j1bD7gI@@@@3fETchB0pFq7C2liQKAVnDJk5T67uRoyf7jQ9@@@@aIXt4OdZQl9@@@@hSOnrYz3LkAOdKb2SHyfXYSG@@@@xSZMwziibrMcC@@@@zJLgTmbhNpTNKHPsFq7wwxsFWMiV2KD1RiMtZ5DLnlKWrmAD4HrL$$$$nloiQaeEM9vZZj1', None, '2025-07-22 16:32:28', 'YSTG10A25072200006', None, None, 0, '', datetime.datetime(2025, 7, 22, 16, 32, 36), datetime.datetime(2025, 7, 22, 16, 32, 36)),)

[2025-07-23 09:35:47,361] [database.py] [line:144] [INFO] # 风险测评id：41594
[2025-07-23 09:35:47,404] [database.py] [line:157] [INFO] # 退款id：1276
[2025-07-23 09:35:47,838] [database.py] [line:241] [INFO] # app `stock-rubik-cube`.contract_new数据列表：
((219636, '20250722163122250297', 3338203510512787459, 'YSTG10A25072200006', 0, 'service', 0, datetime.date(2025, 7, 22), '4cb8bdd5955a4d3f9aecfecce20c5840', 'c276b71b7a2741cabcbf0d6e5410919f', 'AAAAAAq8uroAAAAAAAgrTiIG5TrXfl70a9hVsvRnJbFwbNBIzK+FB4ib8qZo7734J4QEcoZ7wLh1yZqT6Ha1CB5mIZdTyZzZl3fgKGdJFUtbd14D1Dwd+y6Z68EMFulK4HrBwlrdiAhS761jReggMqrZXwlTiGNPRICebolRajdFVpgNDtcQOc9Tef09DBLnyOCDwc2kpa/rUZCRZgs1L24nuFOh6QkEdwHu9GDSJXdNTjEWKChzWaGvtJ5vEBLyxOLwzkJ1YVrl0t/eKrCNcH94LAhSZgQCOLy17lPClSNvGnFO+npLyHmJ/4hMJAqLxBYMIPezTQgXQfgDyAgVH5A+5tRRtsqFMWhiDx9sL6gOKmncyEXhdadlzUV9ZfEb6B4tY8RXEpVQdY9yvKROnHjVsdehSWJpcC4JrdKkpTVBfd0CfGmzXEvwEGGzH8xHrCFfxvcAF7k8gOd3a311qFnNbbfZ8mpfC/RVQTP7DTg8TqSidMBxyea4mdXnVXbJOsvXOPSXDrnAYhlurviQdttH+UnD9BA1WcqEV14BBlJiyDkoyr+0MRtk1Ucp0FLX3FLGZkZH+YTdbT6W8Cu7KrM/LsQGFzNB0pKSp5dAlO6Vzgbx97Gq//zYMUJd3cH/Pvd6+Wgu/2g0tihjxW3WDZ0YXJugrbKTeh/5OpE=', '', datetime.datetime(2025, 7, 22, 16, 32, 28), datetime.datetime(2025, 7, 22, 16, 31, 27), datetime.datetime(2025, 7, 22, 16, 32, 35), 0, '', 2, ''),)

[2025-07-23 09:35:47,838] [database.py] [line:245] [INFO] # app `stock-rubik-cube`.contract_new数据：
(219636, '20250722163122250297', 3338203510512787459, 'YSTG10A25072200006', 0, 'service', 0, datetime.date(2025, 7, 22), '4cb8bdd5955a4d3f9aecfecce20c5840', 'c276b71b7a2741cabcbf0d6e5410919f', 'AAAAAAq8uroAAAAAAAgrTiIG5TrXfl70a9hVsvRnJbFwbNBIzK+FB4ib8qZo7734J4QEcoZ7wLh1yZqT6Ha1CB5mIZdTyZzZl3fgKGdJFUtbd14D1Dwd+y6Z68EMFulK4HrBwlrdiAhS761jReggMqrZXwlTiGNPRICebolRajdFVpgNDtcQOc9Tef09DBLnyOCDwc2kpa/rUZCRZgs1L24nuFOh6QkEdwHu9GDSJXdNTjEWKChzWaGvtJ5vEBLyxOLwzkJ1YVrl0t/eKrCNcH94LAhSZgQCOLy17lPClSNvGnFO+npLyHmJ/4hMJAqLxBYMIPezTQgXQfgDyAgVH5A+5tRRtsqFMWhiDx9sL6gOKmncyEXhdadlzUV9ZfEb6B4tY8RXEpVQdY9yvKROnHjVsdehSWJpcC4JrdKkpTVBfd0CfGmzXEvwEGGzH8xHrCFfxvcAF7k8gOd3a311qFnNbbfZ8mpfC/RVQTP7DTg8TqSidMBxyea4mdXnVXbJOsvXOPSXDrnAYhlurviQdttH+UnD9BA1WcqEV14BBlJiyDkoyr+0MRtk1Ucp0FLX3FLGZkZH+YTdbT6W8Cu7KrM/LsQGFzNB0pKSp5dAlO6Vzgbx97Gq//zYMUJd3cH/Pvd6+Wgu/2g0tihjxW3WDZ0YXJugrbKTeh/5OpE=', '', datetime.datetime(2025, 7, 22, 16, 32, 28), datetime.datetime(2025, 7, 22, 16, 31, 27), datetime.datetime(2025, 7, 22, 16, 32, 35), 0, '', 2, '')

[2025-07-23 09:35:47,849] [database.py] [line:252] [INFO] # app `stock-rubik-cube`.`order`数据列表：
((3338203510512787459,),)

[2025-07-23 09:35:47,849] [database.py] [line:259] [INFO] # app用户id：3338203510512787459

[2025-07-23 09:35:48,166] [database.py] [line:287] [INFO] # app `stock-rubik-cube`.user_order_product数据列表：
()

[2025-07-23 09:35:48,223] [database.py] [line:308] [INFO] # o1ELc6LrAZOqCjYiOZur5A-sVzYc用户到期时间：(datetime.datetime(2025, 7, 19, 11, 10, 44),)
[2025-07-23 09:35:48,246] [database.py] [line:322] [INFO] # 更新work_crm_base_user表u_expire_date成功！
[2025-07-23 09:39:22,684] [log.py] [line:31] [INFO] # ======Start printing logs======
[2025-07-23 09:39:25,105] [database.py] [line:80] [INFO] # 退款订单id列表：['20250723093638353682']
[2025-07-23 09:39:25,105] [database.py] [line:85] [INFO] # 
退款订单号：20250723093638353682
[2025-07-23 09:39:25,129] [database.py] [line:97] [INFO] # 退款订单unionid：o1ELc6LrAZOqCjYiOZur5A-sVzYc，kill_order：
[2025-07-23 09:39:25,159] [database.py] [line:107] [INFO] # v2_work_crm_order_main 数据列表：
((49446, '20250723093638353682', 10148, 10, 10, 0, 0, None, '', 'o1ELc6LrAZOqCjYiOZur5A-sVzYc', '赵楠', 'H4qNWOvOwe$$$$A$$$$rqaPhQyIw==', None, None, 7, 0, None, None, None, None, 0, datetime.datetime(2025, 7, 23, 9, 36, 38), datetime.datetime(2025, 7, 23, 9, 36, 38)),)

[2025-07-23 09:39:25,178] [database.py] [line:114] [INFO] # v2_work_crm_order_main_son 数据列表：
()

[2025-07-23 09:39:25,206] [database.py] [line:121] [INFO] # v2_work_crm_order_main_status 数据列表：
((49605, '20250723093638353682', 0, 0, 2, 0, None, 3, 0, 889003, 889003, 'wwec9bda2817108582', '百灵智投', 'WangSong', 'WangSong', 1, 3, 0, '私人定制', 11800000, 'srdz', '这是私人定制的描述', 7, 4, 0, '20250718105649851076', '', 0, 0, 'o1ELc6LrAZOqCjYiOZur5A-sVzYc', 10, 10, None, 0, 0, '', '7b6550049704cd80b13329c8d513233f', 0, datetime.datetime(2025, 7, 23, 9, 36, 38), None, None, 0, '888996', None, None, None, '889009', None, None, None, '889003,889013,889017,889095', None, None, None),)

[2025-07-23 09:39:25,223] [database.py] [line:127] [INFO] # v2_work_crm_hegui 数据列表：
()

[2025-07-23 09:39:25,245] [database.py] [line:133] [INFO] # v2_work_crm_order_contract 数据列表：
()

[2025-07-23 09:39:25,607] [database.py] [line:241] [INFO] # app `stock-rubik-cube`.contract_new数据列表：
((219637, '20250723093638353682', 3338203510512787459, 'YSTG10A25072300001', 0, 'service', 0, datetime.date(2025, 7, 23), 'd33dc047b904491392a4535c8d330a89', 'ea39cef272a044dd8908d6b9a8cf9134', 'AAAAAAq8uroAAAAAAAgrT4y/EgnQvTqipUfUrDAKk0S7zejEw1qMSxo/1wxfviA0lzdj58dvIV7hhngED4euMyvv4xO26oiy2V5cpvsvxGgbCnf+I3yFvNEVNBXSquCkW8YSp8V4JUn1UIj8WgsUKSG5ZMT2JtCMAP24LamHWNVX8L6AL1G4GKdSKnSI+jHV0MShFBx38n55CfZVneAdBMOyNCWwrtwx00H5e7AR88i1extSFQlETbB7ye0hwTaJranlDS9dIHJ0bhxuH28dikjQy3u4SMutdgdZKEph3JcNpdEib6SX2iYjKKqozSnRRbu7Q5mQ4lp1u4p3vh4oN0nccZc3RjCz+KVGsggjzFx3hN9aOBxN5dkx7qMXjZNg3rZydlmZ2N0uypMIsnD+ltEUEPM0JfJOmxWtN3KVJ+W/UvCOCJGB/5WhcztHzxk6394FZUVFuizYRyLGVC1VJQ2n1fIE7RXFi3zugZjOm2GNcsTp/WxOI9o7ktrsIh1m5Uw56mq0LeFSOQyIA44Iev9yaYZYTxvNipQbHEoWbOmmLHaPQxwanQ2Pa209wKJWjwufVdAXRPFZWK9cJxgzK+1wp/PVTyrgg0ASCE3WlQ65wBbtaXlp5xrE/IyjPop/lRX+TJYgI9qzNo+lFyZRPeuJhC9HVGM=', '', None, datetime.datetime(2025, 7, 23, 9, 36, 53), datetime.datetime(2025, 7, 23, 9, 39, 25), 0, '', 0, ''),)

[2025-07-23 09:39:25,607] [database.py] [line:245] [INFO] # app `stock-rubik-cube`.contract_new数据：
(219637, '20250723093638353682', 3338203510512787459, 'YSTG10A25072300001', 0, 'service', 0, datetime.date(2025, 7, 23), 'd33dc047b904491392a4535c8d330a89', 'ea39cef272a044dd8908d6b9a8cf9134', 'AAAAAAq8uroAAAAAAAgrT4y/EgnQvTqipUfUrDAKk0S7zejEw1qMSxo/1wxfviA0lzdj58dvIV7hhngED4euMyvv4xO26oiy2V5cpvsvxGgbCnf+I3yFvNEVNBXSquCkW8YSp8V4JUn1UIj8WgsUKSG5ZMT2JtCMAP24LamHWNVX8L6AL1G4GKdSKnSI+jHV0MShFBx38n55CfZVneAdBMOyNCWwrtwx00H5e7AR88i1extSFQlETbB7ye0hwTaJranlDS9dIHJ0bhxuH28dikjQy3u4SMutdgdZKEph3JcNpdEib6SX2iYjKKqozSnRRbu7Q5mQ4lp1u4p3vh4oN0nccZc3RjCz+KVGsggjzFx3hN9aOBxN5dkx7qMXjZNg3rZydlmZ2N0uypMIsnD+ltEUEPM0JfJOmxWtN3KVJ+W/UvCOCJGB/5WhcztHzxk6394FZUVFuizYRyLGVC1VJQ2n1fIE7RXFi3zugZjOm2GNcsTp/WxOI9o7ktrsIh1m5Uw56mq0LeFSOQyIA44Iev9yaYZYTxvNipQbHEoWbOmmLHaPQxwanQ2Pa209wKJWjwufVdAXRPFZWK9cJxgzK+1wp/PVTyrgg0ASCE3WlQ65wBbtaXlp5xrE/IyjPop/lRX+TJYgI9qzNo+lFyZRPeuJhC9HVGM=', '', None, datetime.datetime(2025, 7, 23, 9, 36, 53), datetime.datetime(2025, 7, 23, 9, 39, 25), 0, '', 0, '')

[2025-07-23 09:39:25,674] [database.py] [line:252] [INFO] # app `stock-rubik-cube`.`order`数据列表：
((3338203510512787459,),)

[2025-07-23 09:39:25,675] [database.py] [line:259] [INFO] # app用户id：3338203510512787459

[2025-07-23 09:39:25,920] [database.py] [line:287] [INFO] # app `stock-rubik-cube`.user_order_product数据列表：
()

[2025-07-23 09:39:25,976] [database.py] [line:308] [INFO] # o1ELc6LrAZOqCjYiOZur5A-sVzYc用户到期时间：(datetime.datetime(2025, 7, 19, 11, 10, 44),)
[2025-07-23 09:39:25,993] [database.py] [line:322] [INFO] # 更新work_crm_base_user表u_expire_date成功！
[2025-07-23 10:20:05,477] [log.py] [line:31] [INFO] # ======Start printing logs======
[2025-07-23 10:20:10,335] [database.py] [line:80] [INFO] # 退款订单id列表：['20250723100522947094']
[2025-07-23 10:20:10,335] [database.py] [line:85] [INFO] # 
退款订单号：20250723100522947094
[2025-07-23 10:20:10,354] [database.py] [line:97] [INFO] # 退款订单unionid：o1ELc6LrAZOqCjYiOZur5A-sVzYc，kill_order：
[2025-07-23 10:20:10,385] [database.py] [line:107] [INFO] # v2_work_crm_order_main 数据列表：
((49447, '20250723100522947094', 10148, 10, 10, 0, 0, None, '', 'o1ELc6LrAZOqCjYiOZur5A-sVzYc', '赵楠', 'H4qNWOvOwe$$$$A$$$$rqaPhQyIw==', None, None, 7, 0, None, None, None, None, 0, datetime.datetime(2025, 7, 23, 10, 5, 22), datetime.datetime(2025, 7, 23, 10, 5, 22)),)

[2025-07-23 10:20:10,403] [database.py] [line:114] [INFO] # v2_work_crm_order_main_son 数据列表：
()

[2025-07-23 10:20:10,433] [database.py] [line:121] [INFO] # v2_work_crm_order_main_status 数据列表：
((49606, '20250723100522947094', 0, 0, 2, 0, None, 3, 0, 889003, 889003, 'wwec9bda2817108582', '百灵智投', 'WangSong', 'WangSong', 1, 3, 0, '私人定制', 11800000, 'srdz', '这是私人定制的描述', 7, 4, 0, '20250718105649851076', '', 0, 0, 'o1ELc6LrAZOqCjYiOZur5A-sVzYc', 10, 10, None, 0, 0, '', '86524ca6cac5b6020739d705f11da27d', 0, datetime.datetime(2025, 7, 23, 10, 5, 22), None, None, 0, '888996', None, None, None, '889009', None, None, None, '889003,889013,889017,889095', None, None, None),)

[2025-07-23 10:20:10,452] [database.py] [line:127] [INFO] # v2_work_crm_hegui 数据列表：
()

[2025-07-23 10:20:10,471] [database.py] [line:133] [INFO] # v2_work_crm_order_contract 数据列表：
()

[2025-07-23 10:20:10,905] [database.py] [line:241] [INFO] # app `stock-rubik-cube`.contract_new数据列表：
((219638, '20250723100522947094', 3338203510512787459, 'YSTG10A25072300002', 0, 'service', 0, datetime.date(2025, 7, 23), '2a1cebd61fff49e9bd86b98c3818b467', 'f0a454aecc2b4efa9aec2dcccc21807b', 'AAAAAAq8uroAAAAAAAgrUCPc89hKY7+fhBSHYRNkkteEwm0EzxMbTTvE6tuxx8K0b6b16/Zna6nPX2+cfz2ZmTODmxk3SpK/nWfbjXQwji8yaa3k182KPNSLpT4R5DpcrRT+pXlfltk2HN3Fm13qRo7gudBu61dUrrEesCJkdBdOEtoNUG7rMqrN9HSPuHTPaZQxpzUXMjOWZ42PXcDxugbFcOpc+UjF1liF93pUCgiA9Nm5i2v6sjfSxVyaY3PUQnOcwAz2sjSh0RpSXgSWvIV7RZDzMBfmEMbRq8CdiWbJPIeqQHOLR2kkPc1ZRPxWszV9qNGB8NW3vZrxRf1qmsABQLpUvpYwBh4NptXeWmINgZIMgk6mYJzCer6ZZnRch6vY6YWQ0kGtS8zcEV/UwCcYhZRQ4byvLJdG5aoOOBQPmYQ6xWdddBYvmDsfco+q588KFc0vxqabmfwmsy16FWP3olBo3kx5Sj1ia2l4I4+weJ1tunDN7QfFmXd2kYVC8mJ3BHAFMgJwkTRAa6bOCNFSGlDG5qPNoeNuGQurTL0wGMkXnvUDwFgTbBziePFA4PX/T/8rSWjdUUJsMhsuRfWX5U+YEBt9CHXxa6UvaomRxiBbjLUqTCzBMoWE6dmBESLKg8gvL+mo3XO5cGLteJztX3iv0H1rmw==', '', None, datetime.datetime(2025, 7, 23, 10, 5, 27), datetime.datetime(2025, 7, 23, 10, 20, 10), 0, '', 0, ''),)

[2025-07-23 10:20:10,905] [database.py] [line:245] [INFO] # app `stock-rubik-cube`.contract_new数据：
(219638, '20250723100522947094', 3338203510512787459, 'YSTG10A25072300002', 0, 'service', 0, datetime.date(2025, 7, 23), '2a1cebd61fff49e9bd86b98c3818b467', 'f0a454aecc2b4efa9aec2dcccc21807b', 'AAAAAAq8uroAAAAAAAgrUCPc89hKY7+fhBSHYRNkkteEwm0EzxMbTTvE6tuxx8K0b6b16/Zna6nPX2+cfz2ZmTODmxk3SpK/nWfbjXQwji8yaa3k182KPNSLpT4R5DpcrRT+pXlfltk2HN3Fm13qRo7gudBu61dUrrEesCJkdBdOEtoNUG7rMqrN9HSPuHTPaZQxpzUXMjOWZ42PXcDxugbFcOpc+UjF1liF93pUCgiA9Nm5i2v6sjfSxVyaY3PUQnOcwAz2sjSh0RpSXgSWvIV7RZDzMBfmEMbRq8CdiWbJPIeqQHOLR2kkPc1ZRPxWszV9qNGB8NW3vZrxRf1qmsABQLpUvpYwBh4NptXeWmINgZIMgk6mYJzCer6ZZnRch6vY6YWQ0kGtS8zcEV/UwCcYhZRQ4byvLJdG5aoOOBQPmYQ6xWdddBYvmDsfco+q588KFc0vxqabmfwmsy16FWP3olBo3kx5Sj1ia2l4I4+weJ1tunDN7QfFmXd2kYVC8mJ3BHAFMgJwkTRAa6bOCNFSGlDG5qPNoeNuGQurTL0wGMkXnvUDwFgTbBziePFA4PX/T/8rSWjdUUJsMhsuRfWX5U+YEBt9CHXxa6UvaomRxiBbjLUqTCzBMoWE6dmBESLKg8gvL+mo3XO5cGLteJztX3iv0H1rmw==', '', None, datetime.datetime(2025, 7, 23, 10, 5, 27), datetime.datetime(2025, 7, 23, 10, 20, 10), 0, '', 0, '')

[2025-07-23 10:20:10,957] [database.py] [line:252] [INFO] # app `stock-rubik-cube`.`order`数据列表：
((3338203510512787459,),)

[2025-07-23 10:20:10,957] [database.py] [line:259] [INFO] # app用户id：3338203510512787459

[2025-07-23 10:20:11,265] [database.py] [line:287] [INFO] # app `stock-rubik-cube`.user_order_product数据列表：
()

[2025-07-23 10:20:11,325] [database.py] [line:308] [INFO] # o1ELc6LrAZOqCjYiOZur5A-sVzYc用户到期时间：(datetime.datetime(2025, 7, 19, 11, 10, 44),)
[2025-07-23 10:20:11,344] [database.py] [line:322] [INFO] # 更新work_crm_base_user表u_expire_date成功！
