[2025-09-03 16:32:34,118] [log.py] [line:31] [INFO] # ======Start printing logs======
[2025-09-03 16:32:44,433] [database.py] [line:80] [INFO] # 退款订单id列表：['20250829100100312308', '20250829110631324006', '20250829140337649463']
[2025-09-03 16:32:44,433] [database.py] [line:85] [INFO] # 
退款订单号：20250829100100312308
[2025-09-03 16:32:44,454] [database.py] [line:97] [INFO] # 退款订单unionid：o1ELc6LrAZOqCjYiOZur5A-sVzYc，kill_order：
[2025-09-03 16:32:45,586] [database.py] [line:107] [INFO] # v2_work_crm_order_main 数据列表：
((49503, '20250829100100312308', 10100, 1, 1, 1, 1, '1756432875', '4200002828202508297637887844', 'o1ELc6LrAZOqCjYiOZur5A-sVzYc', '赵楠', 'H4qNWOvOwe$$$$A$$$$rqaPhQyIw==', datetime.datetime(2025, 3, 1, 10, 2, 59), datetime.datetime(2025, 8, 30, 10, 2, 59), 1, 0, datetime.datetime(2025, 12, 30, 10, 2, 59), None, None, None, 0, datetime.datetime(2025, 8, 29, 10, 1), datetime.datetime(2025, 8, 29, 10, 1)),)

[2025-09-03 16:32:45,620] [database.py] [line:114] [INFO] # v2_work_crm_order_main_son 数据列表：
((15089, '20250829100100312308', 'SOD20250829100109717534', 1, 1, 1, '1756432875', '4200002828202508297637887844', None, '50300404322025082994492333250', '20250829110455940501', datetime.datetime(2025, 8, 29, 11, 4, 56), None, None, None, None, None, None, None, None, datetime.datetime(2025, 8, 29, 10, 1, 9)),)

[2025-09-03 16:32:45,655] [database.py] [line:121] [INFO] # v2_work_crm_order_main_status 数据列表：
((49662, '20250829100100312308', 1, 1, 2, 1, datetime.datetime(2025, 8, 29, 10, 2, 59), 3, 4, 888996, 888996, 'wwec9bda2817108582', '百灵智投', 'LiYongLei', 'LiYongLei', 1, 1, 1, '研选量投', 1, 'yxlt', '这是研选量投的描述', 1, 3, 0, '', '', 0, 0, 'o1ELc6LrAZOqCjYiOZur5A-sVzYc', 1, 1, '1756432875', 1, 7, '', '', 0, datetime.datetime(2025, 8, 29, 10, 1), None, datetime.datetime(2025, 8, 29, 10, 2, 59), 0, '888996', None, None, None, '889009', None, None, None, '889003,889013,889017,889089,889095', None, None, None),)

[2025-09-03 16:32:45,690] [database.py] [line:127] [INFO] # v2_work_crm_hegui 数据列表：
((1185, '20250829100100312308', 'o1ELc6LrAZOqCjYiOZur5A-sVzYc', 1, 0, '', 0, 0, 2, None, None, 1, None, None, None, None, -1, 0, '', 0, datetime.datetime(2025, 8, 29, 10, 2, 55), datetime.datetime(2025, 8, 29, 10, 2, 59)),)

[2025-09-03 16:32:45,723] [database.py] [line:133] [INFO] # v2_work_crm_order_contract 数据列表：
((44528, '20250829100100312308', 'ebdc38eeb1d74ba6a4aaeea8d45cf763', 'cc464a7254ba482b997c26e679b6063b', '8c4a35b69d4d4dcdbe2885e0d279fdd8', 1, '产品服务协议', 'eeZRyEm7vbDA0Lxi1n6NDNDfMbS3FBKFV1I5u28WftFIskiH4SusbdejbsUQMFXYeTZ7DiuHw1pb57PDeYBRJEFx@@@@y93M0qMlZVHCnkly3TKc@@@@lCM6kGFw==', '5VFbtjRSP9eHX@@@@3H$$$$LTFZHMFWXdll9IAoUrn7BPXz2yXtq3TplNQwvXJ@@@@yh5@@@@XRKsF5R58jYF0zSk4TgP44@@@@wmEGWPNuTHie7Rn6ux68ISiTrLsa7YUbZw==', datetime.datetime(2025, 8, 29, 10, 2, 59), '2025-08-29 10:02:53', 'YSTG10A25082900001', None, 'eqoh5xxl$$$$ZHJkZo7HfytjEyYA801VLRe$$$$pS78cSF3nsGRbaNikpsiSE1WU2duLjukCxhu6DZB852D2oIq8h6Tjgfi3ceE1SyuL6dMs0LgjfAKeUirii3i$$$$tVfGj2T0WoXDDix47TcowNW1Zd59ToaPXD3r69j7AYsP8qFtsHIDi5qVn14z3VgcAL$$$$tubvjpyWSjyKotZtA4L3dphwNqvHHk2ew4rh8NaW$$$$ezw3mAUSRBcf8vdzNKjJWVRwp5Jct0d@@@@NrlySjKXplUsGwiHEE2wvd2mHA2q8ceTZ7DiuHw1pb57PDeYBRJEFx@@@@y93M0qMlZVHCnkly3RVciKiMhbRwQ==', 0, '', datetime.datetime(2025, 8, 29, 10, 2, 55), datetime.datetime(2025, 8, 29, 10, 2, 55)), (44529, '20250829100100312308', None, None, 'dc588181a755439aace7955f2b6da66b', 2, '终止协议-测试', None, '5VFbtjRSP9eHX@@@@3H$$$$LTFZHMFWXdll9IAoUrn7BPXz2yXtq3TplNQwvXJ@@@@yh5@@@@XRKtdxtggvPysrlhLihRAZK11sfQUJJ$$$$q9n', datetime.datetime(2025, 8, 29, 11, 0, 12), '2025-08-29 11:00:12', 'c', None, None, 0, '', datetime.datetime(2025, 8, 29, 10, 59, 56), datetime.datetime(2025, 8, 29, 10, 59, 56)))

[2025-09-03 16:32:45,743] [database.py] [line:144] [INFO] # 风险测评id：41633
[2025-09-03 16:32:45,785] [database.py] [line:157] [INFO] # 退款id：1316
[2025-09-03 16:32:46,156] [database.py] [line:241] [INFO] # app `stock-rubik-cube`.contract_new数据列表：
((219700, '20250829100100312308', 3338203510512787459, 'YSTG10A25082900001', 0, 'service', 0, datetime.date(2025, 8, 29), 'cc464a7254ba482b997c26e679b6063b', 'ebdc38eeb1d74ba6a4aaeea8d45cf763', 'AAAAAAq8uroAAAAAAAgryRgB2VNkXEvqeBWAZ9MUxHrllzT4zShbzi/wFQulOoTbcSXSWkutplUc9swcb7QH0zveoy/ZsR0Gwjlh9asTQbp/5MKf4HHDVcHBLTkyu092FD/XH/MRm+9WmZMTHpk4fbmGFbEDzPlx0PLqse3yflntk4cFh5Doeo0i3ctrx3rBUJfpJgQTyj0NJyX4wPhQLxFVjBqgLEccOS4/A+zNio+vLOXnDbN/wmsyfpm3rupz/95rVnJKO/hmGcJ4fmxYY6av55NnSXh6PqavWxHyN3ju1cR9SCRF1Q88NyR9w3XSFnp6vtxCRLdrWbyJmKwXs/TQGCeS+NFCSKYrF9DW9DtvJI4zCzZwMzGvLPwXtEF7ICVRuWjBAC6drjA4eiJ8oVfkUtlHbSBrkAeKWFj8Td63kV6uxt7BZ18MCAu55HJ70bQjGy6yk1xbtcR5j0XUZlvq51IrPSak4IF4JspH+xm1iNmXUPKL/YZdzgDlwqD57Gkx17Q/l7WCLL4PUVNfAFwn+Vx4LgaBiK2Qkc1+Q+79GnATkf0O+6UPC68gwOBpdbQrRUga2PY6JGTcqTAmtfIYpj1/8HRaCPHjib9sZ6Q+65hnjDrDH1O9gt/JRrQJCkOWJQF923frzR50ccRAD8BrRLBVIufMig==', 'AAAAAAq8uroAAAAAAAgryg7KUFgy00z0MevBMOPugRkrLeQblbZxunrhNSOFfB2YvQ1XOLhEK5vROCihgwQeIzl6WXf6h1QQjfRJYx1q0leUwLWhCPk+fQSckcO3Kpt1Gu92yDybB2V3dI7+JO+IukGn80M=', datetime.datetime(2025, 8, 29, 10, 2, 53), datetime.datetime(2025, 8, 29, 10, 2), datetime.datetime(2025, 8, 29, 10, 3), 0, '', 2, ''), (219701, '20250829100100312308', 3338203510512787459, '', 1, 'termination', 0, None, '', '', '', '', None, datetime.datetime(2025, 8, 29, 10, 59, 57), datetime.datetime(2025, 8, 29, 10, 59, 57), 0, '', 2, ''))

[2025-09-03 16:32:46,157] [database.py] [line:245] [INFO] # app `stock-rubik-cube`.contract_new数据：
(219700, '20250829100100312308', 3338203510512787459, 'YSTG10A25082900001', 0, 'service', 0, datetime.date(2025, 8, 29), 'cc464a7254ba482b997c26e679b6063b', 'ebdc38eeb1d74ba6a4aaeea8d45cf763', 'AAAAAAq8uroAAAAAAAgryRgB2VNkXEvqeBWAZ9MUxHrllzT4zShbzi/wFQulOoTbcSXSWkutplUc9swcb7QH0zveoy/ZsR0Gwjlh9asTQbp/5MKf4HHDVcHBLTkyu092FD/XH/MRm+9WmZMTHpk4fbmGFbEDzPlx0PLqse3yflntk4cFh5Doeo0i3ctrx3rBUJfpJgQTyj0NJyX4wPhQLxFVjBqgLEccOS4/A+zNio+vLOXnDbN/wmsyfpm3rupz/95rVnJKO/hmGcJ4fmxYY6av55NnSXh6PqavWxHyN3ju1cR9SCRF1Q88NyR9w3XSFnp6vtxCRLdrWbyJmKwXs/TQGCeS+NFCSKYrF9DW9DtvJI4zCzZwMzGvLPwXtEF7ICVRuWjBAC6drjA4eiJ8oVfkUtlHbSBrkAeKWFj8Td63kV6uxt7BZ18MCAu55HJ70bQjGy6yk1xbtcR5j0XUZlvq51IrPSak4IF4JspH+xm1iNmXUPKL/YZdzgDlwqD57Gkx17Q/l7WCLL4PUVNfAFwn+Vx4LgaBiK2Qkc1+Q+79GnATkf0O+6UPC68gwOBpdbQrRUga2PY6JGTcqTAmtfIYpj1/8HRaCPHjib9sZ6Q+65hnjDrDH1O9gt/JRrQJCkOWJQF923frzR50ccRAD8BrRLBVIufMig==', 'AAAAAAq8uroAAAAAAAgryg7KUFgy00z0MevBMOPugRkrLeQblbZxunrhNSOFfB2YvQ1XOLhEK5vROCihgwQeIzl6WXf6h1QQjfRJYx1q0leUwLWhCPk+fQSckcO3Kpt1Gu92yDybB2V3dI7+JO+IukGn80M=', datetime.datetime(2025, 8, 29, 10, 2, 53), datetime.datetime(2025, 8, 29, 10, 2), datetime.datetime(2025, 8, 29, 10, 3), 0, '', 2, '')

[2025-09-03 16:32:46,157] [database.py] [line:245] [INFO] # app `stock-rubik-cube`.contract_new数据：
(219701, '20250829100100312308', 3338203510512787459, '', 1, 'termination', 0, None, '', '', '', '', None, datetime.datetime(2025, 8, 29, 10, 59, 57), datetime.datetime(2025, 8, 29, 10, 59, 57), 0, '', 2, '')

[2025-09-03 16:32:46,173] [database.py] [line:252] [INFO] # app `stock-rubik-cube`.`order`数据列表：
((3338203510512787459,),)

[2025-09-03 16:32:46,173] [database.py] [line:259] [INFO] # app用户id：3338203510512787459

[2025-09-03 16:32:46,227] [database.py] [line:287] [INFO] # app `stock-rubik-cube`.user_order_product数据列表：
()

[2025-09-03 16:32:46,245] [database.py] [line:85] [INFO] # 
退款订单号：20250829110631324006
[2025-09-03 16:32:46,265] [database.py] [line:97] [INFO] # 退款订单unionid：o1ELc6LrAZOqCjYiOZur5A-sVzYc，kill_order：
[2025-09-03 16:32:46,299] [database.py] [line:107] [INFO] # v2_work_crm_order_main 数据列表：
((49504, '20250829110631324006', 10168, 2000000, 2000000, 1, 3, '1756436949', '', 'o1ELc6LrAZOqCjYiOZur5A-sVzYc', '赵楠', 'H4qNWOvOwe$$$$A$$$$rqaPhQyIw==', datetime.datetime(2025, 5, 29, 11, 9, 27), datetime.datetime(2025, 9, 5, 11, 9, 27), 183, 0, datetime.datetime(2025, 9, 2, 11, 9, 27), None, None, None, 0, datetime.datetime(2025, 8, 29, 11, 6, 31), datetime.datetime(2025, 8, 29, 11, 6, 31)),)

[2025-09-03 16:32:46,335] [database.py] [line:114] [INFO] # v2_work_crm_order_main_son 数据列表：
()

[2025-09-03 16:32:46,370] [database.py] [line:121] [INFO] # v2_work_crm_order_main_status 数据列表：
((49663, '20250829110631324006', 1, 1, 2, 1, datetime.datetime(2025, 8, 29, 11, 9, 27), 3, 4, 889009, 889017, 'wwec9bda2817108582', '百灵智投', 'cheng', 'ZhaoNan', 1, 2, 1, '趋势智投', 4, 'qszt-4-2', '这是趋势智投-四合一的描述', 7, 11, 0, '20250829100100312308', '', 0, 0, 'o1ELc6LrAZOqCjYiOZur5A-sVzYc', 2000000, 2000000, '1756436949', 1, 0, '', '', 0, datetime.datetime(2025, 8, 29, 11, 6, 31), None, datetime.datetime(2025, 8, 29, 11, 9, 27), 0, '888996', None, None, None, '889009', None, None, None, '889003,889013,889017,889089,889095', None, None, None),)

[2025-09-03 16:32:46,405] [database.py] [line:127] [INFO] # v2_work_crm_hegui 数据列表：
((1186, '20250829110631324006', 'o1ELc6LrAZOqCjYiOZur5A-sVzYc', 1, 101371, '', 1, 0, 1, None, None, 1, None, None, None, None, -1, 0, '', 1, datetime.datetime(2025, 8, 29, 11, 7, 21), datetime.datetime(2025, 8, 29, 11, 9, 27)),)

[2025-09-03 16:32:46,438] [database.py] [line:133] [INFO] # v2_work_crm_order_contract 数据列表：
((44530, '20250829110631324006', '3cd4e14b026546ab85ec9e1da2d58d45', 'fccc39cf7e9e4efa965775edf291d402', '8c4a35b69d4d4dcdbe2885e0d279fdd8', 1, '产品服务协议', 'eeZRyEm7vbDA0Lxi1n6NDNDfMbS3FBKFV1I5u28WftFIskiH4SusbdejbsUQMFXYeTZ7DiuHw1pb57PDeYBRJBC9YY1Ykz8slZVHCnkly3TKc@@@@lCM6kGFw==', '5VFbtjRSP9eHX@@@@3H$$$$LTFZHMFWXdll9IAoUrn7BPXz2yXtq3TplNQwvXJ@@@@yh5@@@@XRKsF5R58jYF0zSk4TgP44@@@@whQW2U80tF$$$$h7Rn6ux68ISiTrLsa7YUbZw==', datetime.datetime(2025, 8, 29, 11, 9, 27), '2025-08-29 11:07:19', 'YSTG10A25082900002', None, 'eqoh5xxl$$$$ZHJkZo7HfytjEyYA801VLRe$$$$pS78cSF3nsGRbaNikpsiSE1WU2duLjukCxhu6DZB852D2oIq8h6Tjgfi3ceE1SyuL6dMs0LgjfyfVzzlCog5$$$$tVfGj2T0WoXDDix47TcowNW1Zd59ToaPXD3r69j7AYsP8qFtsHIDi5qVn14z3VgcAL$$$$tubvjpyWSjyKotZtA4L3dphwNqvHHk2ew4rh8NaW$$$$ezw3mAUSQQvWGNWJM@@@@LJWVRwp5Jct0d@@@@NrlySjKXplUsGwiHEE2wvd2mHA2q8ceTZ7DiuHw1pb57PDeYBRJBC9YY1Ykz8slZVHCnkly3RVciKiMhbRwQ==', 0, '', datetime.datetime(2025, 8, 29, 11, 7, 21), datetime.datetime(2025, 8, 29, 11, 7, 21)), (44544, '20250829110631324006', None, None, 'dc588181a755439aace7955f2b6da66b', 2, '终止协议-测试', None, '5VFbtjRSP9eHX@@@@3H$$$$LTFZHMFWXdll9IAoUrn7BPXz2yXtq3TplNQwvXJ@@@@yh5@@@@XRKtdxtggvPysrlhLihRAZK11sfQUJJ$$$$q9n', datetime.datetime(2025, 9, 1, 15, 22, 17), '2025-09-01 15:22:17', 'c', None, None, 0, '', datetime.datetime(2025, 9, 1, 15, 22, 2), datetime.datetime(2025, 9, 1, 15, 22, 2)))

[2025-09-03 16:32:46,459] [database.py] [line:144] [INFO] # 风险测评id：41634
[2025-09-03 16:32:46,499] [database.py] [line:157] [INFO] # 退款id：1323
[2025-09-03 16:32:46,870] [database.py] [line:241] [INFO] # app `stock-rubik-cube`.contract_new数据列表：
((219702, '20250829110631324006', 3338203510512787459, 'YSTG10A25082900002', 0, 'service', 0, datetime.date(2025, 8, 29), 'fccc39cf7e9e4efa965775edf291d402', '3cd4e14b026546ab85ec9e1da2d58d45', 'AAAAAAq8uroAAAAAAAgr0/HjB8gyUBoUlYLpHZU0pZLJodhLwGe9WZr32xIKGrPftSug75ebBhOkRi42PGLgTAWguQ9WKPNtibt6afy2hr36w29MNEZl4BgP+dcBNEl6Ba9afvskp0Pe0/Lu7JlmrqW9tDoYZifZ/7tXFSzrzlLZvRk4W3TNUf7wn8M4MkqxiuYbiPZGT5PD/b24bqxiw7DUnA1dzSK94ge2ip8Hlb/A9UrXbWtWIaO/j6P9rV5xDEoDRWeCS3QqveF6vEmR/D2IuFEg09BxHpis93rymIkTV5Nc+zV6e3zTfoFy6KNf5unTXLLntx7TbfQ5FE7PeCJ8FXIvLTyC/t+OdmlZEQvJnUmCgdObMFvXopv//SmG+RdW1Co+mFRoKlmbbsj6cy/EuFl67FBQTLgE8uQZXS9EiZS5FpoxAhcIDwHESwqHFhp46ZYRMEnt8n5aJAzK/o3XG+6LcuG7y505LmNtYkCoJj+w3RSao0G4GgzSH/cRl1xsWAfpYWwve4SfgxX8P98GXm+NaGhKr6NBy+Xrc/Qbsb2MxwnrLREn2UmYO7aPmfGisknaTx+qmOR1fF2ucs4X+6gkqNKPNFHhv7f20MptCNUhqPAwsuPMImMqVxDgFCsHnTYz1e5Wm6pwSlMnT+tuo4YC+Sg2Dg==', 'AAAAAAq8uroAAAAAAAgr1MzEPAo5r4quaFE9uWCFgQomt0N/VpzcklAAEkjDl7/sQIQiSRXzY7n6tV0wyT2qBvPDU3F7VCLOh6Rxlfh7/W7e61jP048u5OW+vitaUM5Uq4dOMTZ5oTCIeOdX061m5E+C1/E=', datetime.datetime(2025, 8, 29, 11, 7, 19), datetime.datetime(2025, 8, 29, 11, 6, 34), datetime.datetime(2025, 8, 29, 11, 9, 28), 0, '', 2, ''), (219717, '20250829110631324006', 3338203510512787459, '', 1, 'termination', 0, None, '', '', '', '', None, datetime.datetime(2025, 9, 1, 15, 22, 2), datetime.datetime(2025, 9, 1, 15, 22, 2), 0, '', 2, ''))

[2025-09-03 16:32:46,870] [database.py] [line:245] [INFO] # app `stock-rubik-cube`.contract_new数据：
(219702, '20250829110631324006', 3338203510512787459, 'YSTG10A25082900002', 0, 'service', 0, datetime.date(2025, 8, 29), 'fccc39cf7e9e4efa965775edf291d402', '3cd4e14b026546ab85ec9e1da2d58d45', 'AAAAAAq8uroAAAAAAAgr0/HjB8gyUBoUlYLpHZU0pZLJodhLwGe9WZr32xIKGrPftSug75ebBhOkRi42PGLgTAWguQ9WKPNtibt6afy2hr36w29MNEZl4BgP+dcBNEl6Ba9afvskp0Pe0/Lu7JlmrqW9tDoYZifZ/7tXFSzrzlLZvRk4W3TNUf7wn8M4MkqxiuYbiPZGT5PD/b24bqxiw7DUnA1dzSK94ge2ip8Hlb/A9UrXbWtWIaO/j6P9rV5xDEoDRWeCS3QqveF6vEmR/D2IuFEg09BxHpis93rymIkTV5Nc+zV6e3zTfoFy6KNf5unTXLLntx7TbfQ5FE7PeCJ8FXIvLTyC/t+OdmlZEQvJnUmCgdObMFvXopv//SmG+RdW1Co+mFRoKlmbbsj6cy/EuFl67FBQTLgE8uQZXS9EiZS5FpoxAhcIDwHESwqHFhp46ZYRMEnt8n5aJAzK/o3XG+6LcuG7y505LmNtYkCoJj+w3RSao0G4GgzSH/cRl1xsWAfpYWwve4SfgxX8P98GXm+NaGhKr6NBy+Xrc/Qbsb2MxwnrLREn2UmYO7aPmfGisknaTx+qmOR1fF2ucs4X+6gkqNKPNFHhv7f20MptCNUhqPAwsuPMImMqVxDgFCsHnTYz1e5Wm6pwSlMnT+tuo4YC+Sg2Dg==', 'AAAAAAq8uroAAAAAAAgr1MzEPAo5r4quaFE9uWCFgQomt0N/VpzcklAAEkjDl7/sQIQiSRXzY7n6tV0wyT2qBvPDU3F7VCLOh6Rxlfh7/W7e61jP048u5OW+vitaUM5Uq4dOMTZ5oTCIeOdX061m5E+C1/E=', datetime.datetime(2025, 8, 29, 11, 7, 19), datetime.datetime(2025, 8, 29, 11, 6, 34), datetime.datetime(2025, 8, 29, 11, 9, 28), 0, '', 2, '')

[2025-09-03 16:32:46,870] [database.py] [line:245] [INFO] # app `stock-rubik-cube`.contract_new数据：
(219717, '20250829110631324006', 3338203510512787459, '', 1, 'termination', 0, None, '', '', '', '', None, datetime.datetime(2025, 9, 1, 15, 22, 2), datetime.datetime(2025, 9, 1, 15, 22, 2), 0, '', 2, '')

[2025-09-03 16:32:46,887] [database.py] [line:252] [INFO] # app `stock-rubik-cube`.`order`数据列表：
((3338203510512787459,),)

[2025-09-03 16:32:46,888] [database.py] [line:259] [INFO] # app用户id：3338203510512787459

[2025-09-03 16:32:46,935] [database.py] [line:287] [INFO] # app `stock-rubik-cube`.user_order_product数据列表：
()

[2025-09-03 16:32:46,953] [database.py] [line:85] [INFO] # 
退款订单号：20250829140337649463
[2025-09-03 16:32:46,972] [database.py] [line:97] [INFO] # 退款订单unionid：o1ELc6LrAZOqCjYiOZur5A-sVzYc，kill_order：
[2025-09-03 16:32:47,006] [database.py] [line:107] [INFO] # v2_work_crm_order_main 数据列表：
((49506, '20250829140337649463', 10122, 3000000, 3000000, 1, 3, '1756447562', '', 'o1ELc6LrAZOqCjYiOZur5A-sVzYc', '赵楠', 'H4qNWOvOwe$$$$A$$$$rqaPhQyIw==', datetime.datetime(2025, 8, 29, 14, 6, 35), datetime.datetime(2025, 8, 30, 14, 6, 35), 1, 0, datetime.datetime(2025, 8, 30, 14, 6, 35), None, None, None, 0, datetime.datetime(2025, 8, 29, 14, 3, 37), datetime.datetime(2025, 8, 29, 14, 3, 37)),)

[2025-09-03 16:32:47,039] [database.py] [line:114] [INFO] # v2_work_crm_order_main_son 数据列表：
()

[2025-09-03 16:32:47,074] [database.py] [line:121] [INFO] # v2_work_crm_order_main_status 数据列表：
((49665, '20250829140337649463', 1, 1, 2, 1, datetime.datetime(2025, 8, 29, 14, 6, 35), 3, 0, 889003, 889095, 'wwec9bda2817108582', '百灵智投', 'WangSong', 'ZhangYuZe', 1, 2, 1, '私人定制', 11800000, 'srdz', '这是私人定制的描述', 1, 4, 0, '20250829134417623643', '', 0, 0, 'o1ELc6LrAZOqCjYiOZur5A-sVzYc', 3000000, 3000000, '1756447562', 1, 0, '', '081d7b6e5ce654737bc78642baab1ad9', 0, datetime.datetime(2025, 8, 29, 14, 3, 37), None, datetime.datetime(2025, 8, 29, 14, 6, 35), 0, '888996', None, None, None, '889009', None, None, None, '889003,889013,889017,889089,889095', None, None, None),)

[2025-09-03 16:32:47,108] [database.py] [line:127] [INFO] # v2_work_crm_hegui 数据列表：
((1188, '20250829140337649463', 'o1ELc6LrAZOqCjYiOZur5A-sVzYc', 1, 101371, '', 1, 0, 1, None, None, 1, None, None, None, None, -1, 0, '', 1, datetime.datetime(2025, 8, 29, 14, 4, 30), datetime.datetime(2025, 8, 29, 14, 6, 35)),)

[2025-09-03 16:32:47,143] [database.py] [line:133] [INFO] # v2_work_crm_order_contract 数据列表：
((44533, '20250829140337649463', 'cf9e022b2ca442b7be4905333b023420', '8672e951475b49d4b8b35c9b0cf2e75d', '8c4a35b69d4d4dcdbe2885e0d279fdd8', 1, '产品服务协议', 'eeZRyEm7vbDA0Lxi1n6NDNDfMbS3FBKFV1I5u28WftFIskiH4SusbdejbsUQMFXYeTZ7DiuHw1pb57PDeYBRJMV@@@@M843JHO@@@@lZVHCnkly3TKc@@@@lCM6kGFw==', '5VFbtjRSP9eHX@@@@3H$$$$LTFZHMFWXdll9IAoUrn7BPXz2yXtq3TplNQwvXJ@@@@yh5@@@@XRKsF5R58jYF0zSk4TgP44@@@@wnYim6da6epC7Rn6ux68ISiTrLsa7YUbZw==', datetime.datetime(2025, 8, 29, 14, 6, 35), '2025-08-29 14:04:28', 'YSTG10A25082900004', None, 'eqoh5xxl$$$$ZHJkZo7HfytjEyYA801VLRe$$$$pS78cSF3nsGRbaNikpsiSE1WU2duLjukCxhu6DZB852D2oIq8h6Tjgfi3ceE1SyuL6dMs0Lgjcp87DyX6e9metVfGj2T0WoXDDix47TcowNW1Zd59ToaPXD3r69j7AYsP8qFtsHIDi5qVn14z3VgcAL$$$$tubvjpyWSjyKotZtA4L3dphwNqvHHk2ew4rh8NaW$$$$ezw3mAUSTFfzPONyRzv5WVRwp5Jct0d@@@@NrlySjKXplUsGwiHEE2wvd2mHA2q8ceTZ7DiuHw1pb57PDeYBRJMV@@@@M843JHO@@@@lZVHCnkly3RVciKiMhbRwQ==', 0, '', datetime.datetime(2025, 8, 29, 14, 4, 30), datetime.datetime(2025, 8, 29, 14, 4, 30)),)

[2025-09-03 16:32:47,162] [database.py] [line:144] [INFO] # 风险测评id：41636
[2025-09-03 16:32:47,553] [database.py] [line:241] [INFO] # app `stock-rubik-cube`.contract_new数据列表：
((219705, '20250829140337649463', 3338203510512787459, 'YSTG10A25082900004', 0, 'service', 0, datetime.date(2025, 8, 29), '8672e951475b49d4b8b35c9b0cf2e75d', 'cf9e022b2ca442b7be4905333b023420', 'AAAAAAq8uroAAAAAAAgr19WkpPvpfcSgTnNV/NdbyShsEVzsWnpRW69yWgP0Rm+vD4s38N9TXm8VjZgCmBN0xww132yoPj2N0TLdnretxv0e3DRGolWz53UC8hGocNXTg12+smfelwmfa/StbjLcHfn4RliLE5/w4Ap5RFj3LwrJDISGFz4Uqj4VyNOV6dSrIeNYle97veBmXZW25mWMuqKnG8KKdeuOmSdvzc7RU2D7zkoDvSS20irZFPf2q4ueyZY47ZknNQs0rzEm61nVN2d4pHkdUPuuMbcK0h+WRlBlY+23tcfVF8dh7b/aqsJMFATLKYfZ1c/HwwN/HzFZhDodNVSRxldEQctubkJhovnp9fqcPvCgQfrLlSwthNAIpJkyxlH1uDbPAQnWdqydXFAgD9WUx5whemnnFrHLv3PLDdyMsmCabMLQq46mMPfNpUSTv+9KK0fCIiBUfFn0cbDw3F28ZxLKbAbIyrniViM86PJDb07xEJTFMr/SVMEa+i3i2RRM6E57RRf7OJ/VrWnjgg754hN1xxvBpotWIyb+x1QwbaDebQxjT+UpCvDyhn4xY1qGgWTFRVO0qGFac9Eo/3nwdXHXMWXjEs/eSTfGrut6MwzBZfL5ga/vOuzIjKMc7dNUHghWjKK7uXKtIPLwjLfELT0=', 'AAAAAAq8uroAAAAAAAgr2OJNlbRCncUmAbvwpjC/VshHatfWapwh7KovsnI6ilKLq3ZYj9bBG7vlY+DTNzM3bqfdMseeSjUqDJDIF3NKO1pN2T2uf3e/Yjha+1H9r7cDVJVsZX/yQutFDhI8pBRX0e4xcTk=', datetime.datetime(2025, 8, 29, 14, 4, 28), datetime.datetime(2025, 8, 29, 14, 3, 45), datetime.datetime(2025, 8, 29, 14, 6, 35), 0, '', 2, ''), (219723, '20250829140337649463', 3338203510512787459, '', 1, 'termination', 0, None, '', '', '', '', None, datetime.datetime(2025, 9, 3, 15, 6, 20), datetime.datetime(2025, 9, 3, 15, 6, 20), 0, '', 2, ''))

[2025-09-03 16:32:47,553] [database.py] [line:245] [INFO] # app `stock-rubik-cube`.contract_new数据：
(219705, '20250829140337649463', 3338203510512787459, 'YSTG10A25082900004', 0, 'service', 0, datetime.date(2025, 8, 29), '8672e951475b49d4b8b35c9b0cf2e75d', 'cf9e022b2ca442b7be4905333b023420', 'AAAAAAq8uroAAAAAAAgr19WkpPvpfcSgTnNV/NdbyShsEVzsWnpRW69yWgP0Rm+vD4s38N9TXm8VjZgCmBN0xww132yoPj2N0TLdnretxv0e3DRGolWz53UC8hGocNXTg12+smfelwmfa/StbjLcHfn4RliLE5/w4Ap5RFj3LwrJDISGFz4Uqj4VyNOV6dSrIeNYle97veBmXZW25mWMuqKnG8KKdeuOmSdvzc7RU2D7zkoDvSS20irZFPf2q4ueyZY47ZknNQs0rzEm61nVN2d4pHkdUPuuMbcK0h+WRlBlY+23tcfVF8dh7b/aqsJMFATLKYfZ1c/HwwN/HzFZhDodNVSRxldEQctubkJhovnp9fqcPvCgQfrLlSwthNAIpJkyxlH1uDbPAQnWdqydXFAgD9WUx5whemnnFrHLv3PLDdyMsmCabMLQq46mMPfNpUSTv+9KK0fCIiBUfFn0cbDw3F28ZxLKbAbIyrniViM86PJDb07xEJTFMr/SVMEa+i3i2RRM6E57RRf7OJ/VrWnjgg754hN1xxvBpotWIyb+x1QwbaDebQxjT+UpCvDyhn4xY1qGgWTFRVO0qGFac9Eo/3nwdXHXMWXjEs/eSTfGrut6MwzBZfL5ga/vOuzIjKMc7dNUHghWjKK7uXKtIPLwjLfELT0=', 'AAAAAAq8uroAAAAAAAgr2OJNlbRCncUmAbvwpjC/VshHatfWapwh7KovsnI6ilKLq3ZYj9bBG7vlY+DTNzM3bqfdMseeSjUqDJDIF3NKO1pN2T2uf3e/Yjha+1H9r7cDVJVsZX/yQutFDhI8pBRX0e4xcTk=', datetime.datetime(2025, 8, 29, 14, 4, 28), datetime.datetime(2025, 8, 29, 14, 3, 45), datetime.datetime(2025, 8, 29, 14, 6, 35), 0, '', 2, '')

[2025-09-03 16:32:47,553] [database.py] [line:245] [INFO] # app `stock-rubik-cube`.contract_new数据：
(219723, '20250829140337649463', 3338203510512787459, '', 1, 'termination', 0, None, '', '', '', '', None, datetime.datetime(2025, 9, 3, 15, 6, 20), datetime.datetime(2025, 9, 3, 15, 6, 20), 0, '', 2, '')

[2025-09-03 16:32:47,569] [database.py] [line:252] [INFO] # app `stock-rubik-cube`.`order`数据列表：
((3338203510512787459,),)

[2025-09-03 16:32:47,570] [database.py] [line:259] [INFO] # app用户id：3338203510512787459

[2025-09-03 16:32:47,619] [database.py] [line:287] [INFO] # app `stock-rubik-cube`.user_order_product数据列表：
()

[2025-09-03 16:32:47,678] [database.py] [line:308] [INFO] # o1ELc6LrAZOqCjYiOZur5A-sVzYc用户到期时间：None
[2025-09-03 17:31:44,399] [log.py] [line:31] [INFO] # ======Start printing logs======
[2025-09-03 17:31:44,504] [database.py] [line:343] [ERROR] # 数据库操作时发生错误: (1045, 'can not get backend info,POST http://jumpserver-jms-core:8080/api/v1/authentication/super-connection-token/secret/ failed, get code: 403, {"detail":"连接令牌过期: 2025-09-03 16:32:34.070463+08:00","code":"permission_denied"} ')
[2025-09-03 17:31:44,504] [database.py] [line:344] [ERROR] # Error occurred: (1045, 'can not get backend info,POST http://jumpserver-jms-core:8080/api/v1/authentication/super-connection-token/secret/ failed, get code: 403, {"detail":"连接令牌过期: 2025-09-03 16:32:34.070463+08:00","code":"permission_denied"} ')
Traceback (most recent call last):
  File "D:\WorkSpaces\CRM\db\database.py", line 38, in database
    db = pymysql.connect(host=config_data['mysql']['host'], port=config_data['mysql']['port'], user=config_data['mysql']['user_sim'],
  File "D:\WorkSpaces\CRM\venv\lib\site-packages\pymysql\connections.py", line 358, in __init__
    self.connect()
  File "D:\WorkSpaces\CRM\venv\lib\site-packages\pymysql\connections.py", line 664, in connect
    self._request_authentication()
  File "D:\WorkSpaces\CRM\venv\lib\site-packages\pymysql\connections.py", line 954, in _request_authentication
    auth_packet = self._read_packet()
  File "D:\WorkSpaces\CRM\venv\lib\site-packages\pymysql\connections.py", line 772, in _read_packet
    packet.raise_for_error()
  File "D:\WorkSpaces\CRM\venv\lib\site-packages\pymysql\protocol.py", line 221, in raise_for_error
    err.raise_mysql_exception(self._data)
  File "D:\WorkSpaces\CRM\venv\lib\site-packages\pymysql\err.py", line 143, in raise_mysql_exception
    raise errorclass(errno, errval)
pymysql.err.OperationalError: (1045, 'can not get backend info,POST http://jumpserver-jms-core:8080/api/v1/authentication/super-connection-token/secret/ failed, get code: 403, {"detail":"连接令牌过期: 2025-09-03 16:32:34.070463+08:00","code":"permission_denied"} ')
[2025-09-03 17:32:35,752] [log.py] [line:31] [INFO] # ======Start printing logs======
[2025-09-03 17:32:46,314] [database.py] [line:80] [INFO] # 退款订单id列表：['20250903163958744423']
[2025-09-03 17:32:46,314] [database.py] [line:85] [INFO] # 
退款订单号：20250903163958744423
[2025-09-03 17:32:46,332] [database.py] [line:97] [INFO] # 退款订单unionid：o1ELc6LrAZOqCjYiOZur5A-sVzYc，kill_order：
[2025-09-03 17:32:46,362] [database.py] [line:107] [INFO] # v2_work_crm_order_main 数据列表：
((49519, '20250903163958744423', 10100, 1, 1, 1, 1, '1756888815', '4200002837202509037767145456', 'o1ELc6LrAZOqCjYiOZur5A-sVzYc', '赵楠', 'H4qNWOvOwe$$$$A$$$$rqaPhQyIw==', datetime.datetime(2025, 9, 3, 16, 41, 14), datetime.datetime(2025, 9, 4, 16, 41, 14), 1, 0, datetime.datetime(2025, 9, 4, 16, 41, 14), None, None, None, 0, datetime.datetime(2025, 9, 3, 16, 39, 58), datetime.datetime(2025, 9, 3, 16, 39, 58)),)

[2025-09-03 17:32:46,380] [database.py] [line:114] [INFO] # v2_work_crm_order_main_son 数据列表：
((15103, '20250903163958744423', 'SOD20250903164009605039', 1, 1, 1, '1756888815', '4200002837202509037767145456', None, '50301604652025090347648573976', '20250903172724078650', datetime.datetime(2025, 9, 3, 17, 27, 25), None, None, None, None, None, None, None, None, datetime.datetime(2025, 9, 3, 16, 40, 9)),)

[2025-09-03 17:32:46,410] [database.py] [line:121] [INFO] # v2_work_crm_order_main_status 数据列表：
((49678, '20250903163958744423', 1, 1, 2, 1, datetime.datetime(2025, 9, 3, 16, 41, 14), 1, 4, 888996, 888996, 'wwec9bda2817108582', '百灵智投', 'LiYongLei', 'LiYongLei', 1, 1, 1, '研选量投', 1, 'yxlt', '这是研选量投的描述', 1, 3, 0, '', '', 0, 0, 'o1ELc6LrAZOqCjYiOZur5A-sVzYc', 1, 1, '1756888815', 1, 7, '', '', 0, datetime.datetime(2025, 9, 3, 16, 39, 58), None, datetime.datetime(2025, 9, 3, 16, 41, 14), 0, '888996', None, None, None, '889009', None, None, None, '889003,889017,889089,889095', None, None, None),)

[2025-09-03 17:32:46,428] [database.py] [line:127] [INFO] # v2_work_crm_hegui 数据列表：
((1199, '20250903163958744423', 'o1ELc6LrAZOqCjYiOZur5A-sVzYc', 1, 0, '', 0, 0, 2, None, None, 1, None, None, None, None, -1, 0, '', 0, datetime.datetime(2025, 9, 3, 16, 41, 10), datetime.datetime(2025, 9, 3, 16, 41, 14)),)

[2025-09-03 17:32:46,446] [database.py] [line:133] [INFO] # v2_work_crm_order_contract 数据列表：
((44550, '20250903163958744423', '6bc81cd206724727bfa6c5eec92b73da', 'f712c78be1a540bca25525629e249437', '8c4a35b69d4d4dcdbe2885e0d279fdd8', 1, '产品服务协议', 'eeZRyEm7vbDA0Lxi1n6NDNDfMbS3FBKFV1I5u28WftFIskiH4SusbdejbsUQMFXYeTZ7DiuHw1ppothtjVmV4ny6K0HfpJ2JlZVHCnkly3TKc@@@@lCM6kGFw==', '5VFbtjRSP9eHX@@@@3H$$$$LTFZHMFWXdll9IAoUrn7BPXz2yXtq3TplNQwvXJ@@@@yh5@@@@XRKsF5R58jYF0zSk4TgP44@@@@wspFERPYXzKy7Rn6ux68ISiTrLsa7YUbZw==', datetime.datetime(2025, 9, 3, 16, 41, 14), '2025-09-03 16:41:05', 'YSTG10A25090300001', None, 'eqoh5xxl$$$$ZHJkZo7HfytjEyYA801VLRe$$$$pS78cSF3nsGRbaNikpsiSE1WU2duLjukCxhu6DZB852D2oIq8h6Tjgfi3ceE1SyC55XbRSTAzzAKeUirii3i$$$$tVfGj2T0WoXDDix47TcowNW1Zd59ToaPXD3r69j7AYsP8qFtsHIDi5qVn14z3VgcAL$$$$tubvjpyWSjyKotZtA4L3dphwNqvHHk2ew4rh8NaaaLYbY1ZleJ8uitB36SdiZWVRwp5Jct0d@@@@NrlySjKXplUsGwiHEE2wvd2mHA2q8ceTZ7DiuHw1ppothtjVmV4ny6K0HfpJ2JlZVHCnkly3RVciKiMhbRwQ==', 0, '', datetime.datetime(2025, 9, 3, 16, 41, 10), datetime.datetime(2025, 9, 3, 16, 41, 10)), (44551, '20250903163958744423', None, None, 'dc588181a755439aace7955f2b6da66b', 2, '终止协议-测试', None, '5VFbtjRSP9eHX@@@@3H$$$$LTFZHMFWXdll9IAoUrn7BPXz2yXtq3TplNQwvXJ@@@@yh5@@@@XRKtdxtggvPysrlhLihRAZK11sfQUJJ$$$$q9n', datetime.datetime(2025, 9, 3, 17, 26, 14), '2025-09-03 17:26:14', 'c', None, None, 0, '', datetime.datetime(2025, 9, 3, 17, 25, 34), datetime.datetime(2025, 9, 3, 17, 25, 34)))

[2025-09-03 17:32:46,464] [database.py] [line:144] [INFO] # 风险测评id：41647
[2025-09-03 17:32:46,501] [database.py] [line:157] [INFO] # 退款id：1327
[2025-09-03 17:32:46,833] [database.py] [line:241] [INFO] # app `stock-rubik-cube`.contract_new数据列表：
((219724, '20250903163958744423', 3338203510512787459, 'YSTG10A25090300001', 0, 'service', 0, datetime.date(2025, 9, 3), 'f712c78be1a540bca25525629e249437', '6bc81cd206724727bfa6c5eec92b73da', 'AAAAAAq8uroAAAAAAAgsB4FBcEde7ydZ9NrLqQ6dqDPXki1oztjBEpRBTR0HTbWd4itvqAqTbjV564vDg9Hu8MkfIekRmn1WcAnLHCeCumEYJKGGlt+COKl0biD7fTVTeINfxwiYya55DedlZJaiPb62SNVDmoyYavFAHNvEoggSlqto4ny3LJ3qL1Z3qS1m0jknFlE3FjqKCg7OUxa1FDRCTfqdjNd28ylkrtj+MxHCDupS6L4LPVd5KzR6lqOkOAsy5EIe7BWxN0Xr8pm/h2+y1QyRBLAwvyzHh5Tom4/b2/ZFuzHZ0jWTBA7h1/ScBhnXeD9X3EzJbsD/YEx6KNLCWa+47BCNLzhhXLJTHb7U6SZCjrEupWf8px80kARoo4uxmwt6qzDsd/psX6vk0myhCeSqsvkMit3tmzNzUhfWQCc1PFO7vRC0YhQuEgKzpH6sSX/+5MkKcxYsyGDcgaNNP7hnXV6fYqJ9QiJjPCAdgtZO4BLJzaBsh0WSLoyYenlaUo1+vRTbxeB8TTUwuDT99aQS0ztixUslQbJJuhG52zX6Mk4mer53eV9wFNeZQju1qpbAYbexibPkciSYeMb3upSCBXGOMxzmN+ZsTVR9D6i8L93vG9aLVNmKtmyE4Ezh1OFNbBorCwf0rt5fg8IwNjkx4N4ZzA==', 'AAAAAAq8uroAAAAAAAgsCOtQ0+ECTW6UyMtpTrqPlpisv+MAUtlslWECIIl/u1isR6C9KY0TwaQD1r9nIWBxK2l3aobpZxNpi7jJ447m2NzL7DB0m7Hul+QQA/mxwK/zZPlDOWE5WkpPZDREOg8YassT3Vo=', datetime.datetime(2025, 9, 3, 16, 41, 5), datetime.datetime(2025, 9, 3, 16, 40, 19), datetime.datetime(2025, 9, 3, 16, 41, 15), 0, '', 2, ''), (219725, '20250903163958744423', 3338203510512787459, '', 1, 'termination', 0, None, '', '', '', '', None, datetime.datetime(2025, 9, 3, 17, 25, 34), datetime.datetime(2025, 9, 3, 17, 25, 34), 0, '', 2, ''))

[2025-09-03 17:32:46,833] [database.py] [line:245] [INFO] # app `stock-rubik-cube`.contract_new数据：
(219724, '20250903163958744423', 3338203510512787459, 'YSTG10A25090300001', 0, 'service', 0, datetime.date(2025, 9, 3), 'f712c78be1a540bca25525629e249437', '6bc81cd206724727bfa6c5eec92b73da', 'AAAAAAq8uroAAAAAAAgsB4FBcEde7ydZ9NrLqQ6dqDPXki1oztjBEpRBTR0HTbWd4itvqAqTbjV564vDg9Hu8MkfIekRmn1WcAnLHCeCumEYJKGGlt+COKl0biD7fTVTeINfxwiYya55DedlZJaiPb62SNVDmoyYavFAHNvEoggSlqto4ny3LJ3qL1Z3qS1m0jknFlE3FjqKCg7OUxa1FDRCTfqdjNd28ylkrtj+MxHCDupS6L4LPVd5KzR6lqOkOAsy5EIe7BWxN0Xr8pm/h2+y1QyRBLAwvyzHh5Tom4/b2/ZFuzHZ0jWTBA7h1/ScBhnXeD9X3EzJbsD/YEx6KNLCWa+47BCNLzhhXLJTHb7U6SZCjrEupWf8px80kARoo4uxmwt6qzDsd/psX6vk0myhCeSqsvkMit3tmzNzUhfWQCc1PFO7vRC0YhQuEgKzpH6sSX/+5MkKcxYsyGDcgaNNP7hnXV6fYqJ9QiJjPCAdgtZO4BLJzaBsh0WSLoyYenlaUo1+vRTbxeB8TTUwuDT99aQS0ztixUslQbJJuhG52zX6Mk4mer53eV9wFNeZQju1qpbAYbexibPkciSYeMb3upSCBXGOMxzmN+ZsTVR9D6i8L93vG9aLVNmKtmyE4Ezh1OFNbBorCwf0rt5fg8IwNjkx4N4ZzA==', 'AAAAAAq8uroAAAAAAAgsCOtQ0+ECTW6UyMtpTrqPlpisv+MAUtlslWECIIl/u1isR6C9KY0TwaQD1r9nIWBxK2l3aobpZxNpi7jJ447m2NzL7DB0m7Hul+QQA/mxwK/zZPlDOWE5WkpPZDREOg8YassT3Vo=', datetime.datetime(2025, 9, 3, 16, 41, 5), datetime.datetime(2025, 9, 3, 16, 40, 19), datetime.datetime(2025, 9, 3, 16, 41, 15), 0, '', 2, '')

[2025-09-03 17:32:46,833] [database.py] [line:245] [INFO] # app `stock-rubik-cube`.contract_new数据：
(219725, '20250903163958744423', 3338203510512787459, '', 1, 'termination', 0, None, '', '', '', '', None, datetime.datetime(2025, 9, 3, 17, 25, 34), datetime.datetime(2025, 9, 3, 17, 25, 34), 0, '', 2, '')

[2025-09-03 17:32:46,848] [database.py] [line:252] [INFO] # app `stock-rubik-cube`.`order`数据列表：
((3338203510512787459,),)

[2025-09-03 17:32:46,848] [database.py] [line:259] [INFO] # app用户id：3338203510512787459

[2025-09-03 17:32:46,897] [database.py] [line:287] [INFO] # app `stock-rubik-cube`.user_order_product数据列表：
()

[2025-09-03 17:32:46,951] [database.py] [line:308] [INFO] # o1ELc6LrAZOqCjYiOZur5A-sVzYc用户到期时间：None
