[2025-04-08 18:00:12,784] [log.py] [line:31] [INFO] # ======Start printing logs======
[2025-04-08 18:00:12,859] [database.py] [line:344] [ERROR] # 数据库操作时发生错误: (1045, 'can not get backend info,POST http://jms-k8s-jumpserver-jms-core:8080/api/v1/authentication/super-connection-token/secret/ failed, get code: 403, {"detail":"连接令牌过期: 2025-04-08 16:23:57.345374+08:00","code":"permission_denied"} ')
[2025-04-08 18:00:12,859] [database.py] [line:345] [ERROR] # Error occurred: (1045, 'can not get backend info,POST http://jms-k8s-jumpserver-jms-core:8080/api/v1/authentication/super-connection-token/secret/ failed, get code: 403, {"detail":"连接令牌过期: 2025-04-08 16:23:57.345374+08:00","code":"permission_denied"} ')
Traceback (most recent call last):
  File "D:\WorkSpaces\CRM\db\database.py", line 38, in database
    db = pymysql.connect(host=config_data['mysql']['host'], port=config_data['mysql']['port'], user=config_data['mysql']['user_SimEnv'],
  File "D:\WorkSpaces\CRM\venv\lib\site-packages\pymysql\connections.py", line 358, in __init__
    self.connect()
  File "D:\WorkSpaces\CRM\venv\lib\site-packages\pymysql\connections.py", line 664, in connect
    self._request_authentication()
  File "D:\WorkSpaces\CRM\venv\lib\site-packages\pymysql\connections.py", line 954, in _request_authentication
    auth_packet = self._read_packet()
  File "D:\WorkSpaces\CRM\venv\lib\site-packages\pymysql\connections.py", line 772, in _read_packet
    packet.raise_for_error()
  File "D:\WorkSpaces\CRM\venv\lib\site-packages\pymysql\protocol.py", line 221, in raise_for_error
    err.raise_mysql_exception(self._data)
  File "D:\WorkSpaces\CRM\venv\lib\site-packages\pymysql\err.py", line 143, in raise_mysql_exception
    raise errorclass(errno, errval)
pymysql.err.OperationalError: (1045, 'can not get backend info,POST http://jms-k8s-jumpserver-jms-core:8080/api/v1/authentication/super-connection-token/secret/ failed, get code: 403, {"detail":"连接令牌过期: 2025-04-08 16:23:57.345374+08:00","code":"permission_denied"} ')
[2025-04-08 18:00:49,889] [log.py] [line:31] [INFO] # ======Start printing logs======
[2025-04-08 18:01:05,501] [database.py] [line:80] [INFO] # 退款订单id列表：['20250408163952723291']
[2025-04-08 18:01:05,501] [database.py] [line:85] [INFO] # 
退款订单号：20250408163952723291
[2025-04-08 18:01:05,524] [database.py] [line:97] [INFO] # 退款订单unionid：o1ELc6LrAZOqCjYiOZur5A-sVzYc，kill_order：
[2025-04-08 18:01:05,562] [database.py] [line:107] [INFO] # v2_work_crm_order_main 数据列表：
((48964, '20250408163952723291', 10125, 5, 5, 1, 3, '1744101898', '', 'o1ELc6LrAZOqCjYiOZur5A-sVzYc', '赵楠', 'H4qNWOvOwe$$$$A$$$$rqaPhQyIw==', datetime.datetime(2025, 4, 8, 17, 40, 9), datetime.datetime(2025, 4, 9, 17, 40, 9), 1, 0, datetime.datetime(2025, 4, 9, 17, 40, 9), None, None, None, 0, datetime.datetime(2025, 4, 8, 16, 39, 52), datetime.datetime(2025, 4, 8, 16, 39, 52)),)

[2025-04-08 18:01:05,584] [database.py] [line:114] [INFO] # v2_work_crm_order_main_son 数据列表：
()

[2025-04-08 18:01:05,623] [database.py] [line:121] [INFO] # v2_work_crm_order_main_status 数据列表：
((49121, '20250408163952723291', 1, 1, 2, 1, datetime.datetime(2025, 4, 8, 17, 40, 9), 3, 0, 889009, 889009, 'wwec9bda2817108582', '百灵智投', 'cheng', 'cheng', 1, 2, 1, '趋势智投-铂金版', 5, 'qszt-2', '这是趋势智投-铂金版的描述', 1, 6, 0, '20250408152800828245', '', 0, 0, 'o1ELc6LrAZOqCjYiOZur5A-sVzYc', 5, 5, '1744101898', 1, 7, '', '', 0, datetime.datetime(2025, 4, 8, 16, 39, 52), None, datetime.datetime(2025, 4, 8, 17, 40, 9), 0, '888996', None, None, None, '889009', None, None, None, '889003,889013,889017', None, None, None),)

[2025-04-08 18:01:05,646] [database.py] [line:127] [INFO] # v2_work_crm_hegui 数据列表：
((798, '20250408163952723291', 'o1ELc6LrAZOqCjYiOZur5A-sVzYc', 1, 101371, '', 1, 0, 1, None, None, 1, None, None, None, None, 0, '', 1, datetime.datetime(2025, 4, 8, 16, 41, 39), datetime.datetime(2025, 4, 8, 17, 40, 9)),)

[2025-04-08 18:01:05,668] [database.py] [line:133] [INFO] # v2_work_crm_order_contract 数据列表：
((43949, '20250408163952723291', '35140589e59c4a1eb3f12bcd01c3a6ab', '244638c4dadc4c63856b0f222819a50c', 'd28a3fcb2e7c461cb483222be426f433', 1, '产品服务协议', 'eeZRyEm7vbDA0Lxi1n6NDNDfMbS3FBKFV1I5u28WftFIskiH4SusbdejbsUQMFXYeTZ7DiuHw1p$$$$5oWOzf9N49yEu5svJtMLlZVHCnkly3TKc@@@@lCM6kGFw==', '5VFbtjRSP9eHX@@@@3H$$$$LTFZHMFWXdll9IAoUrn7BPXz2yXtq3TplNQwvXJ@@@@yh5@@@@XRKsF5R58jYF0zSk4TgP44@@@@wlwldF6TQwmO7Rn6ux68ISiTrLsa7YUbZw==', datetime.datetime(2025, 4, 8, 17, 40, 9), '2025-04-08 16:41:35', 'YSTG10A25040800003', None, 'eqoh5xxl$$$$ZHJkZo7HfytjEyYA801VLRe$$$$pS78cSF3nsGRbaNikpsiSE1WU2duLjukCxhu6DZB852D2oIq8h6Tjgfi3ceE1SyS4WfOJyhEoyUIOYvJETg2$$$$tVfGj2T0WoXDDix47TcowNW1Zd59ToaPXD3r69j7AYsP8qFtsHIDi5qVn14z3VgcAL$$$$tubvjpyWSjyKotZtA4L3dphwNqvHHk2ew4rh8NafuaFjs3@@@@TePchLubLybTC5WVRwp5Jct0d@@@@NrlySjKXplUsGwiHEE2wvd2mHA2q8ceTZ7DiuHw1p$$$$5oWOzf9N49yEu5svJtMLlZVHCnkly3RVciKiMhbRwQ==', datetime.datetime(2025, 4, 8, 16, 41, 39), datetime.datetime(2025, 4, 8, 16, 41, 39)),)

[2025-04-08 18:01:05,690] [database.py] [line:144] [INFO] # 风险测评id：41213
[2025-04-08 18:01:06,211] [database.py] [line:241] [INFO] # app `stock-rubik-cube`.contract_new数据列表：
((219095, '20250408163952723291', 3338203510512787459, 'YSTG10A25040800003', 0, 'service', 0, datetime.date(2025, 4, 8), '244638c4dadc4c63856b0f222819a50c', '35140589e59c4a1eb3f12bcd01c3a6ab', 'AAAAAAq8uroAAAAAAAfmnny2i7v4ybSiVCJgxp7QuqPuTDFOMOYxnHkGXXG6NttTOSG4RBDPC3h798ceGYy4KeNR7HLbf2Q6fQ0ep59Nm1IFczFRLpc/4opJ+CFwUdpBFbR85iiXiZJxJ8xwKhRFLwe2ytWvxcSInnnow63wUNibq1nMeMt8PqiE6LfbJp466CD4pspmKyDlRHelyNAXqy7LONtWGDNTHKGJ4CSi7f7yCRIwGkZePXDOADVCayJe4+nQlb4BT5c66mX9KhRW/1n6VHq5dpf3kj/0N5DK2DhCA5VzRUfwkyCSZOEOuqJd+sB0pxNhA3POb2XMppJDD3RV9pyN6lfFten0xyeyR29OKLlCQf4kMk2BWHRboychFypIcdB7Y0hWoYUlCKh97mT4RVBb0Rd3fEKAqqe2Ckpuefe+4Ek0GxjHMpUyRtTYzf20SHKwVhPpE/L0bUV5WylRMA1phSpp0//4+mVB2WPQmWtNrVUATkZbHa/GdR7/HDTvoKMUneyaL2HIn1Pwz5LtGyfCJ08OwTbhG5+uH+p9+x1oUPNs5LWTsGmqH7iXgfxaF24HJR1hxah3U5duez3dCqbKzwiYN61tFblgkDe2+rsp2n6VO9OPiDaE8Sl3Zw9OwhNLggV3ZU8GUjBLGT6dwM/xpwCbbd5Q', 'AAAAAAq8uroAAAAAAAfmnxR/8VV1oHMm55f/9lqiqOTD8WaLAkjyQswaTVUNUZ3Ggj4byz8A0uIgibvpkoMR/X7P5QHI3ZKdB4YY685o4c8LIkLLb/oDS7uHkNcZI1vPsTqBO/yWAAFNTTHk0UwXCuOg+DQ=', datetime.datetime(2025, 4, 8, 16, 41, 35), datetime.datetime(2025, 4, 8, 16, 40, 45), datetime.datetime(2025, 4, 8, 17, 40, 10), 0, '', 2, ''),)

[2025-04-08 18:01:06,211] [database.py] [line:245] [INFO] # app `stock-rubik-cube`.contract_new数据：
(219095, '20250408163952723291', 3338203510512787459, 'YSTG10A25040800003', 0, 'service', 0, datetime.date(2025, 4, 8), '244638c4dadc4c63856b0f222819a50c', '35140589e59c4a1eb3f12bcd01c3a6ab', 'AAAAAAq8uroAAAAAAAfmnny2i7v4ybSiVCJgxp7QuqPuTDFOMOYxnHkGXXG6NttTOSG4RBDPC3h798ceGYy4KeNR7HLbf2Q6fQ0ep59Nm1IFczFRLpc/4opJ+CFwUdpBFbR85iiXiZJxJ8xwKhRFLwe2ytWvxcSInnnow63wUNibq1nMeMt8PqiE6LfbJp466CD4pspmKyDlRHelyNAXqy7LONtWGDNTHKGJ4CSi7f7yCRIwGkZePXDOADVCayJe4+nQlb4BT5c66mX9KhRW/1n6VHq5dpf3kj/0N5DK2DhCA5VzRUfwkyCSZOEOuqJd+sB0pxNhA3POb2XMppJDD3RV9pyN6lfFten0xyeyR29OKLlCQf4kMk2BWHRboychFypIcdB7Y0hWoYUlCKh97mT4RVBb0Rd3fEKAqqe2Ckpuefe+4Ek0GxjHMpUyRtTYzf20SHKwVhPpE/L0bUV5WylRMA1phSpp0//4+mVB2WPQmWtNrVUATkZbHa/GdR7/HDTvoKMUneyaL2HIn1Pwz5LtGyfCJ08OwTbhG5+uH+p9+x1oUPNs5LWTsGmqH7iXgfxaF24HJR1hxah3U5duez3dCqbKzwiYN61tFblgkDe2+rsp2n6VO9OPiDaE8Sl3Zw9OwhNLggV3ZU8GUjBLGT6dwM/xpwCbbd5Q', 'AAAAAAq8uroAAAAAAAfmnxR/8VV1oHMm55f/9lqiqOTD8WaLAkjyQswaTVUNUZ3Ggj4byz8A0uIgibvpkoMR/X7P5QHI3ZKdB4YY685o4c8LIkLLb/oDS7uHkNcZI1vPsTqBO/yWAAFNTTHk0UwXCuOg+DQ=', datetime.datetime(2025, 4, 8, 16, 41, 35), datetime.datetime(2025, 4, 8, 16, 40, 45), datetime.datetime(2025, 4, 8, 17, 40, 10), 0, '', 2, '')

[2025-04-08 18:01:06,237] [database.py] [line:252] [INFO] # app `stock-rubik-cube`.`order`数据列表：
((769, '20250408163952723291', 3338203510512787459, '20250408152800828245', '趋势智投-铂金版', '10125', '趋势智投-铂金版', '23800', '0.05', 1, datetime.datetime(2025, 4, 8, 16, 44, 58), 'R3', 6, 0, datetime.datetime(2025, 4, 8, 17, 40, 10), 0, '', None, '', 0, datetime.datetime(2025, 4, 8, 0, 0), datetime.datetime(2025, 4, 9, 23, 59, 59), datetime.datetime(2025, 4, 8, 16, 39, 52), datetime.datetime(2025, 4, 8, 17, 40, 37), 1, None, '程恭谨', '', 'YSTG10H25040800003', 0, datetime.datetime(2025, 4, 9, 23, 59, 59), 0, 0, '', '0.05', 1, '', 0),)

[2025-04-08 18:01:06,237] [database.py] [line:260] [INFO] # app用户id：3338203510512787459

[2025-04-08 18:01:06,598] [database.py] [line:288] [INFO] # app `stock-rubik-cube`.user_order_product数据列表：
((56723, 3338203510512787459, '20250408163952723291', 'qsztbjb', datetime.datetime(2025, 4, 8, 0, 0), datetime.datetime(2025, 4, 9, 23, 59, 59), 0, datetime.datetime(2025, 4, 8, 17, 40, 37), datetime.datetime(2025, 4, 8, 17, 40, 37)),)

[2025-04-08 18:01:06,683] [database.py] [line:309] [INFO] # o1ELc6LrAZOqCjYiOZur5A-sVzYc用户到期时间：(datetime.datetime(2025, 5, 10, 16, 18, 31),)
[2025-04-08 18:01:06,706] [database.py] [line:323] [INFO] # 更新work_crm_base_user表u_expire_date成功！
