[2024-11-07 21:59:38,889] [log.py] [line:31] [INFO] # ======Start printing logs======
[2024-11-07 21:59:41,202] [database.py] [line:75] [INFO] # 退款订单id列表：['20241107215324621963']
[2024-11-07 21:59:41,202] [database.py] [line:80] [INFO] # 
退款订单号：20241107215324621963
[2024-11-07 21:59:41,221] [database.py] [line:92] [INFO] # 退款订单unionid：oAESl0QRB8mndRVJFs69e5o8JZi0，kill_order：20241022205440773255
[2024-11-07 21:59:41,254] [database.py] [line:102] [INFO] # v2_work_crm_order_main 数据列表：
((48808, '20241107215324621963', 10125, 2, 2, 0, 3, None, '', 'oAESl0QRB8mndRVJFs69e5o8JZi0', None, 'H4qNWOvOwe$$$$A$$$$rqaPhQyIw==', None, None, 1, 3, None, None, None, None, 0, datetime.datetime(2024, 11, 7, 21, 53, 24), datetime.datetime(2024, 11, 7, 21, 53, 24)),)

[2024-11-07 21:59:41,273] [database.py] [line:109] [INFO] # v2_work_crm_order_main_son 数据列表：
()

[2024-11-07 21:59:41,305] [database.py] [line:116] [INFO] # v2_work_crm_order_main_status 数据列表：
((48965, '20241107215324621963', 0, 0, 2, 0, None, 3, 0, 888910, 888910, 'ww559fe0cfbd65d9b8', '水相知天下', 'ChengGongJin', 'ChengGongJin', 1, 2, 0, '趋势智投-铂金版', 5, 'qszt-2', '这是趋势智投-铂金版的描述', 1, 6, 0, '20241022205440773255', '20241022205440773255', 0, 0, 'oAESl0QRB8mndRVJFs69e5o8JZi0', 2, 2, None, 0, 0, 'EMD20240923165836063685', '', 0, datetime.datetime(2024, 11, 7, 21, 53, 24), None, None, 0, '888889', '888912', '888913', '888914', '888910', '888915', '888916', '888917', '101766,888906,888907', ',888978', ',888951', ',888920'),)

[2024-11-07 21:59:41,327] [database.py] [line:122] [INFO] # v2_work_crm_hegui 数据列表：
()

[2024-11-07 21:59:41,347] [database.py] [line:128] [INFO] # v2_work_crm_order_contract 数据列表：
()

[2024-11-07 21:59:41,632] [database.py] [line:204] [INFO] # order_ids:('20241022205440773255',)
[2024-11-07 21:59:41,652] [database.py] [line:207] [INFO] # 更新v2_work_crm_order_main_status表is_cancellation成功！
[2024-11-07 21:59:41,721] [database.py] [line:231] [INFO] # app `stock-rubik-cube`.contract_new数据列表：
((218881, '20241107215324621963', 3338203510512787459, 'YSTG10A24110700001', 0, 'service', 0, datetime.date(2024, 11, 7), '7afaa2931b854136ac5d0d5584895ea0', '074c962ba05a48279310d8ddc0e0a677', 'AAAAAAq8uroAAAAAAAfQj5JMxr8bjN1ExlckJpgegm0zLZeJPybaluc5lffyT8SNhzOLPzj7np67D0d2SLimyCPj9CKvCvolA/syDaCWoK7Ouox+QOj0FkI241yM/JLQEooznS681QI57PoZQczaJtr3acaQNxrXB4MEPxMzrsby20L6QMixuU7OENoZDcM0l2hf5dTco0UFbT94tlOY7Z18JFR/lxx6Fz6tMK95oE+gf0we6zRu3ZmXMDwLmskdCWKfeVB0CQHcRRwpVz1sfI81HQQDBVKmFaEy3AenF/AqC7GCZECHt0ULw+2F7qvuXeLOhMoXtrolI8ggAQzzhLP3NbJBUN4mH/9nPJDjyIURrTMuxj3upLt9+1ZbISHCbz0ZLaPRaD/D/6vguY7/fkjOT9RJYvWjRzsglBdKLrXRTfIHewJYbJDsdle93N/pKbf8N2aALNHYLHCOKi1Xyevb0SDeAh8+dYnrnS3osGMatcCRQKXDEucTXdyFWaGkLp4cGUlvUYSJnH0nQfgqPT9hyFGamMCGMlm1834hl2OC16f2dJWiYss9KU+WgJlzaY/4PGYFo4tTmnLG9McdHJZbz68+8Hy655+fjmwnfZ9s6bhuRKOyVCoIyCqF1xLO3BNls1iYAYJMAH9YqCYFBu+ZWxgcVL3Q', '', datetime.datetime(2024, 11, 7, 21, 54, 24), datetime.datetime(2024, 11, 7, 21, 53, 35), datetime.datetime(2024, 11, 7, 21, 54, 40), 0, '', 2, ''),)

[2024-11-07 21:59:41,722] [database.py] [line:235] [INFO] # app `stock-rubik-cube`.contract_new数据：
(218881, '20241107215324621963', 3338203510512787459, 'YSTG10A24110700001', 0, 'service', 0, datetime.date(2024, 11, 7), '7afaa2931b854136ac5d0d5584895ea0', '074c962ba05a48279310d8ddc0e0a677', 'AAAAAAq8uroAAAAAAAfQj5JMxr8bjN1ExlckJpgegm0zLZeJPybaluc5lffyT8SNhzOLPzj7np67D0d2SLimyCPj9CKvCvolA/syDaCWoK7Ouox+QOj0FkI241yM/JLQEooznS681QI57PoZQczaJtr3acaQNxrXB4MEPxMzrsby20L6QMixuU7OENoZDcM0l2hf5dTco0UFbT94tlOY7Z18JFR/lxx6Fz6tMK95oE+gf0we6zRu3ZmXMDwLmskdCWKfeVB0CQHcRRwpVz1sfI81HQQDBVKmFaEy3AenF/AqC7GCZECHt0ULw+2F7qvuXeLOhMoXtrolI8ggAQzzhLP3NbJBUN4mH/9nPJDjyIURrTMuxj3upLt9+1ZbISHCbz0ZLaPRaD/D/6vguY7/fkjOT9RJYvWjRzsglBdKLrXRTfIHewJYbJDsdle93N/pKbf8N2aALNHYLHCOKi1Xyevb0SDeAh8+dYnrnS3osGMatcCRQKXDEucTXdyFWaGkLp4cGUlvUYSJnH0nQfgqPT9hyFGamMCGMlm1834hl2OC16f2dJWiYss9KU+WgJlzaY/4PGYFo4tTmnLG9McdHJZbz68+8Hy655+fjmwnfZ9s6bhuRKOyVCoIyCqF1xLO3BNls1iYAYJMAH9YqCYFBu+ZWxgcVL3Q', '', datetime.datetime(2024, 11, 7, 21, 54, 24), datetime.datetime(2024, 11, 7, 21, 53, 35), datetime.datetime(2024, 11, 7, 21, 54, 40), 0, '', 2, '')

[2024-11-07 21:59:41,768] [database.py] [line:242] [INFO] # app `stock-rubik-cube`.`order`数据列表：
((614, '20241107215324621963', 3338203510512787459, '20241022205440773255', '趋势智投-铂金版', '10125', '趋势智投-铂金版', '23800', '5', 1, None, 'R3', 3, 0, None, 0, '', None, '', 0, None, None, datetime.datetime(2024, 11, 7, 21, 53, 24), datetime.datetime(2024, 11, 7, 21, 54, 40), 0, None, '', '', 'YSTG10H24110700001', 3, None, 0, 0, '', '', 1, '', 0),)

[2024-11-07 21:59:41,768] [database.py] [line:250] [INFO] # app用户id：3338203510512787459

[2024-11-07 21:59:41,903] [database.py] [line:278] [INFO] # app `stock-rubik-cube`.user_order_product数据列表：
()

[2024-11-07 21:59:41,960] [database.py] [line:302] [INFO] # 更新work_crm_base_user表u_expire_date成功！
