[2025-08-19 13:26:21,736] [log.py] [line:31] [INFO] # ======Start printing logs======
[2025-08-19 13:26:26,842] [database.py] [line:80] [INFO] # 退款订单id列表：['20250819131814074584']
[2025-08-19 13:26:26,843] [database.py] [line:85] [INFO] # 
退款订单号：20250819131814074584
[2025-08-19 13:26:26,870] [database.py] [line:97] [INFO] # 退款订单unionid：o1ELc6LrAZOqCjYiOZur5A-sVzYc，kill_order：
[2025-08-19 13:26:26,911] [database.py] [line:107] [INFO] # v2_work_crm_order_main 数据列表：
((49486, '20250819131814074584', 10105, 1, 1, 1, 1, '1755580765', '4200002820202508199010742261', 'o1ELc6LrAZOqCjYiOZur5A-sVzYc', '赵楠', 'H4qNWOvOwe$$$$A$$$$rqaPhQyIw==', datetime.datetime(2025, 8, 25, 13, 50, 19), datetime.datetime(2025, 8, 27, 13, 50, 19), 2, 0, datetime.datetime(2025, 8, 27, 13, 50, 19), None, None, None, 0, datetime.datetime(2025, 8, 19, 13, 18, 14), datetime.datetime(2025, 8, 19, 13, 18, 14)),)

[2025-08-19 13:26:26,934] [database.py] [line:114] [INFO] # v2_work_crm_order_main_son 数据列表：
((15081, '20250819131814074584', 'SOD20250819131919709527', 1, 1, 1, '1755580765', '4200002820202508199010742261', None, '50302104342025081967468200764', '20250819132230813212', datetime.datetime(2025, 8, 19, 13, 22, 31), None, None, None, None, None, None, None, None, datetime.datetime(2025, 8, 19, 13, 19, 19)),)

[2025-08-19 13:26:26,970] [database.py] [line:121] [INFO] # v2_work_crm_order_main_status 数据列表：
((49645, '20250819131814074584', 1, 1, 2, 1, datetime.datetime(2025, 8, 19, 13, 19, 59), 1, 4, 889009, 889009, 'wwec9bda2817108582', '百灵智投', 'cheng', 'cheng', 1, 3, 1, '研选量投', 1, 'yxlt', '这是研选量投的描述', 2, 3, 0, '20250813135103870768', '', 0, 0, 'o1ELc6LrAZOqCjYiOZur5A-sVzYc', 1, 1, '1755580765', 1, 0, '', '', 0, datetime.datetime(2025, 8, 19, 13, 18, 14), None, datetime.datetime(2025, 8, 19, 13, 19, 59), 0, '888996', None, None, None, '889009', None, None, None, '889003,889013,889017,889089', None, None, None),)

[2025-08-19 13:26:26,993] [database.py] [line:127] [INFO] # v2_work_crm_hegui 数据列表：
((1172, '20250819131814074584', 'o1ELc6LrAZOqCjYiOZur5A-sVzYc', 1, 101371, '', 1, 0, 1, None, None, 1, None, None, None, None, -1, 0, '', 0, datetime.datetime(2025, 8, 19, 13, 19, 11), datetime.datetime(2025, 8, 19, 13, 19, 59)),)

[2025-08-19 13:26:27,015] [database.py] [line:133] [INFO] # v2_work_crm_order_contract 数据列表：
((44506, '20250819131814074584', '6c7e888696ec4b5e9306f0bdfd62aba6', '97fa20e230634cd2bcf70c820b69ea4e', '8c4a35b69d4d4dcdbe2885e0d279fdd8', 1, '产品服务协议', 'eeZRyEm7vbDA0Lxi1n6NDNDfMbS3FBKFV1I5u28WftFIskiH4SusbdejbsUQMFXYeTZ7DiuHw1p8Ld@@@@KCcEswUFx@@@@y93M0qMlZVHCnkly3TKc@@@@lCM6kGFw==', '5VFbtjRSP9eHX@@@@3H$$$$LTFZHMFWXdll9IAoUrn7BPXz2yXtq3TplNQwvXJ@@@@yh5@@@@XRKsF5R58jYF0zSk4TgP44@@@@wv1Skxl34nTU7Rn6ux68ISiTrLsa7YUbZw==', datetime.datetime(2025, 8, 19, 13, 19, 59), '2025-08-19 13:19:08', 'YSTG10A25081900001', None, 'eqoh5xxl$$$$ZHJkZo7HfytjEyYA801VLRe$$$$pS78cSF3nsGRbaNikpsiSE1WU2duLjukCxhu6DZB852D2oIq8h6Tjgfi3ceE1SyM3ETkQkANHLAKeUirii3i$$$$tVfGj2T0WoXDDix47TcowNW1Zd59ToaPXD3r69j7AYsP8qFtsHIDi5qVn14z3VgcAL$$$$tubvjpyWSjyKotZtA4L3dphwNqvHHk2ew4rh8NafC3fygnBLMFBcf8vdzNKjJWVRwp5Jct0d@@@@NrlySjKXplUsGwiHEE2wvd2mHA2q8ceTZ7DiuHw1p8Ld@@@@KCcEswUFx@@@@y93M0qMlZVHCnkly3RVciKiMhbRwQ==', 0, '', datetime.datetime(2025, 8, 19, 13, 19, 11), datetime.datetime(2025, 8, 19, 13, 19, 11)), (44507, '20250819131814074584', None, None, 'dc588181a755439aace7955f2b6da66b', 2, '终止协议-测试', None, '5VFbtjRSP9eHX@@@@3H$$$$LTFZHMFWXdll9IAoUrn7BPXz2yXtq3TplNQwvXJ@@@@yh5@@@@XRKtdxtggvPysrlhLihRAZK11sfQUJJ$$$$q9n', datetime.datetime(2025, 8, 19, 13, 22, 9), '2025-08-19 13:22:09', 'c', None, None, 0, '', datetime.datetime(2025, 8, 19, 13, 21, 40), datetime.datetime(2025, 8, 19, 13, 21, 40)))

[2025-08-19 13:26:27,036] [database.py] [line:144] [INFO] # 风险测评id：41620
[2025-08-19 13:26:27,079] [database.py] [line:157] [INFO] # 退款id：1304
[2025-08-19 13:26:27,471] [database.py] [line:241] [INFO] # app `stock-rubik-cube`.contract_new数据列表：
((219678, '20250819131814074584', 3338203510512787459, 'YSTG10A25081900001', 0, 'service', 0, datetime.date(2025, 8, 19), '97fa20e230634cd2bcf70c820b69ea4e', '6c7e888696ec4b5e9306f0bdfd62aba6', 'AAAAAAq8uroAAAAAAAgrim+6Akhjb7s3S/E23QULcOmNDPln1AcevjYCvqKTSqXARp3nvCoGyUuYMASiFtunTanlcacmkb/nvL9gOpWEdpBFk56PEwWFjrBRqyDkwbe6cdymsjqW7qwTgzdH0lGRju7e2w7xst09q6xADF1Hc1xBgKx5CxLAAYOd8kSSwDSw+kzVCeE6ySOcmsfFVh4tLh5ybaVjbdSSMe1rvXGhGh1YnFqRcBoUNEdXO7WqvOyVzIy7TQJpUuq8I/SnJpCFzYiPq4aU4c9EehFVz7HpATdKGdTfM4iB+CV2v7Mba5VLMWeAeBXxgIE8Vt8KCGdD/3IEi92czbmwci/cTUO8D/Vs8I2W8x+j2LXaKy1vIbkX5JinYcC8YCIf9rDF/qSyAyMoZxsQ8AQbjIkJaeatwd/aGZH2NrAi46RArF79mH29bvquf045s354GjsNfr1Ma5KKi5tueqdK+hsnPtGaNbdKBBjyKFxHqF2Y0o68jCeXRxP3j3KYSeZ2pPKMrks7EgcuJV2/YZmPikt2u8aKKtq8MyVIFbUKdjf+DPodZ6Gg7bjsVqbYHFIjME9MB20oxGsn/OmxTABvtycT27A4+AQcN0aGJ2vWbv7fVhm2CKkWW5niFtonOYgWR/4LBqk75WjKwiA4ejV2vNLT', 'AAAAAAq8uroAAAAAAAgri7nf/PeSTIW5wE6cJS5pQxG/zkGJWvpRymh9oF/7yuTf0UL0RNw7jJGJE3+odXAUnkGYR43P6ev+8BaAJ0KPGGgyOnx3bExAKJ9bxaqJswMj1fAmR3HB1c9RgihCsLFrrO+Fgmk=', datetime.datetime(2025, 8, 19, 13, 19, 8), datetime.datetime(2025, 8, 19, 13, 18, 18), datetime.datetime(2025, 8, 19, 13, 19, 59), 0, '', 2, ''), (219679, '20250819131814074584', 3338203510512787459, '', 1, 'termination', 0, None, '', '', '', '', None, datetime.datetime(2025, 8, 19, 13, 21, 41), datetime.datetime(2025, 8, 19, 13, 21, 41), 0, '', 2, ''))

[2025-08-19 13:26:27,472] [database.py] [line:245] [INFO] # app `stock-rubik-cube`.contract_new数据：
(219678, '20250819131814074584', 3338203510512787459, 'YSTG10A25081900001', 0, 'service', 0, datetime.date(2025, 8, 19), '97fa20e230634cd2bcf70c820b69ea4e', '6c7e888696ec4b5e9306f0bdfd62aba6', 'AAAAAAq8uroAAAAAAAgrim+6Akhjb7s3S/E23QULcOmNDPln1AcevjYCvqKTSqXARp3nvCoGyUuYMASiFtunTanlcacmkb/nvL9gOpWEdpBFk56PEwWFjrBRqyDkwbe6cdymsjqW7qwTgzdH0lGRju7e2w7xst09q6xADF1Hc1xBgKx5CxLAAYOd8kSSwDSw+kzVCeE6ySOcmsfFVh4tLh5ybaVjbdSSMe1rvXGhGh1YnFqRcBoUNEdXO7WqvOyVzIy7TQJpUuq8I/SnJpCFzYiPq4aU4c9EehFVz7HpATdKGdTfM4iB+CV2v7Mba5VLMWeAeBXxgIE8Vt8KCGdD/3IEi92czbmwci/cTUO8D/Vs8I2W8x+j2LXaKy1vIbkX5JinYcC8YCIf9rDF/qSyAyMoZxsQ8AQbjIkJaeatwd/aGZH2NrAi46RArF79mH29bvquf045s354GjsNfr1Ma5KKi5tueqdK+hsnPtGaNbdKBBjyKFxHqF2Y0o68jCeXRxP3j3KYSeZ2pPKMrks7EgcuJV2/YZmPikt2u8aKKtq8MyVIFbUKdjf+DPodZ6Gg7bjsVqbYHFIjME9MB20oxGsn/OmxTABvtycT27A4+AQcN0aGJ2vWbv7fVhm2CKkWW5niFtonOYgWR/4LBqk75WjKwiA4ejV2vNLT', 'AAAAAAq8uroAAAAAAAgri7nf/PeSTIW5wE6cJS5pQxG/zkGJWvpRymh9oF/7yuTf0UL0RNw7jJGJE3+odXAUnkGYR43P6ev+8BaAJ0KPGGgyOnx3bExAKJ9bxaqJswMj1fAmR3HB1c9RgihCsLFrrO+Fgmk=', datetime.datetime(2025, 8, 19, 13, 19, 8), datetime.datetime(2025, 8, 19, 13, 18, 18), datetime.datetime(2025, 8, 19, 13, 19, 59), 0, '', 2, '')

[2025-08-19 13:26:27,472] [database.py] [line:245] [INFO] # app `stock-rubik-cube`.contract_new数据：
(219679, '20250819131814074584', 3338203510512787459, '', 1, 'termination', 0, None, '', '', '', '', None, datetime.datetime(2025, 8, 19, 13, 21, 41), datetime.datetime(2025, 8, 19, 13, 21, 41), 0, '', 2, '')

[2025-08-19 13:26:27,490] [database.py] [line:252] [INFO] # app `stock-rubik-cube`.`order`数据列表：
((3338203510512787459,),)

[2025-08-19 13:26:27,490] [database.py] [line:259] [INFO] # app用户id：3338203510512787459

[2025-08-19 13:26:27,726] [database.py] [line:287] [INFO] # app `stock-rubik-cube`.user_order_product数据列表：
()

[2025-08-19 13:26:27,790] [database.py] [line:308] [INFO] # o1ELc6LrAZOqCjYiOZur5A-sVzYc用户到期时间：(datetime.datetime(2025, 8, 30, 13, 50, 19),)
[2025-08-19 13:26:27,814] [database.py] [line:322] [INFO] # 更新work_crm_base_user表u_expire_date成功！
