[2025-07-29 11:19:41,538] [log.py] [line:31] [INFO] # ======Start printing logs======
[2025-07-29 11:19:44,959] [database.py] [line:80] [INFO] # 退款订单id列表：['20250725151120497892']
[2025-07-29 11:19:44,959] [database.py] [line:85] [INFO] # 
退款订单号：20250725151120497892
[2025-07-29 11:19:44,979] [database.py] [line:97] [INFO] # 退款订单unionid：o1ELc6LrAZOqCjYiOZur5A-sVzYc，kill_order：
[2025-07-29 11:19:45,012] [database.py] [line:107] [INFO] # v2_work_crm_order_main 数据列表：
((49456, '20250725151120497892', 10168, 4, 4, 1, 3, '1753431814', '', 'o1ELc6LrAZOqCjYiOZur5A-sVzYc', '赵楠', 'H4qNWOvOwe$$$$A$$$$rqaPhQyIw==', datetime.datetime(2025, 1, 9, 16, 23, 57), datetime.datetime(2025, 8, 1, 16, 23, 57), 7, 0, datetime.datetime(2025, 8, 1, 16, 23, 57), None, None, None, 0, datetime.datetime(2025, 7, 25, 15, 11, 20), datetime.datetime(2025, 7, 25, 15, 11, 20)),)

[2025-07-29 11:19:45,037] [database.py] [line:114] [INFO] # v2_work_crm_order_main_son 数据列表：
()

[2025-07-29 11:19:45,071] [database.py] [line:121] [INFO] # v2_work_crm_order_main_status 数据列表：
((49615, '20250725151120497892', 1, 1, 2, 1, datetime.datetime(2025, 7, 25, 16, 23, 57), 1, 4, 889009, 889009, 'wwec9bda2817108582', '百灵智投', 'cheng', 'cheng', 1, 2, 1, '趋势智投', 4, 'qszt-4-2', '这是趋势智投-四合一的描述', 7, 5, 0, '20250707142943555361', '', 0, 0, 'o1ELc6LrAZOqCjYiOZur5A-sVzYc', 4, 4, '1753431814', 1, 0, '', '', 0, datetime.datetime(2025, 7, 25, 15, 11, 20), None, datetime.datetime(2025, 7, 25, 16, 23, 57), 0, '888996', None, None, None, '889009', None, None, None, '889003,889013,889017', None, None, None),)

[2025-07-29 11:19:45,094] [database.py] [line:127] [INFO] # v2_work_crm_hegui 数据列表：
((1153, '20250725151120497892', 'o1ELc6LrAZOqCjYiOZur5A-sVzYc', 1, 101371, '', 1, 0, 1, None, None, 1, None, None, None, None, -1, 0, '', 1, datetime.datetime(2025, 7, 25, 16, 21, 51), datetime.datetime(2025, 7, 25, 16, 23, 57)),)

[2025-07-29 11:19:45,116] [database.py] [line:133] [INFO] # v2_work_crm_order_contract 数据列表：
((44469, '20250725151120497892', '9d1de2cbc8f04b64a7898972325b01ce', '8c79bd0939a44938b4a0fb4d0163e9ac', '8c4a35b69d4d4dcdbe2885e0d279fdd8', 1, '产品服务协议', 'eeZRyEm7vbDA0Lxi1n6NDNDfMbS3FBKFV1I5u28WftFIskiH4SusbdejbsUQMFXYeTZ7DiuHw1oz7rtq0XLFPOJ9w9yEIjralZVHCnkly3TKc@@@@lCM6kGFw==', '5VFbtjRSP9eHX@@@@3H$$$$LTFZHMFWXdll9IAoUrn7BPXz2yXtq3TplNQwvXJ@@@@yh5@@@@XRKsF5R58jYF0zSk4TgP44@@@@wkXQohh9k1nT7Rn6ux68ISiTrLsa7YUbZw==', datetime.datetime(2025, 7, 25, 16, 23, 57), '2025-07-25 16:21:47', 'YSTG10A25072500001', None, 'eqoh5xxl$$$$ZHJkZo7HfytjEyYA801VLRe$$$$pS78cSF3nsGRbaNikpsiSE1WU2duLjukCxhu6DZB852D2oIq8h6Tjgfi3ceE1SyTY57gkZkgG7AKeUirii3i$$$$tVfGj2T0WoXDDix47TcowNW1Zd59ToaPXD3r69j7AYsP8qFtsHIDi5qVn14z3VgcAL$$$$tubvjpyWSjyKotZtA4L3dphwNqvHHk2ew4rh8NaM$$$$67atFyxTzifcPchCI62pWVRwp5Jct0d@@@@NrlySjKXplUsGwiHEE2wvd2mHA2q8ceTZ7DiuHw1oz7rtq0XLFPOJ9w9yEIjralZVHCnkly3RVciKiMhbRwQ==', 0, '', datetime.datetime(2025, 7, 25, 16, 21, 51), datetime.datetime(2025, 7, 25, 16, 21, 51)), (44476, '20250725151120497892', None, None, 'dc588181a755439aace7955f2b6da66b', 2, '终止协议-测试', None, '5VFbtjRSP9eHX@@@@3H$$$$LTFZHMFWXdll9IAoUrn7BPXz2yXtq3TplNQwvXJ@@@@yh5@@@@XRKtdxtggvPysrlhLihRAZK11sfQUJJ$$$$q9n', datetime.datetime(2025, 7, 29, 11, 18, 32), '2025-07-29 11:18:32', 'c', None, None, 0, '', datetime.datetime(2025, 7, 29, 11, 18, 13), datetime.datetime(2025, 7, 29, 11, 18, 13)))

[2025-07-29 11:19:45,138] [database.py] [line:144] [INFO] # 风险测评id：41601
[2025-07-29 11:19:45,182] [database.py] [line:157] [INFO] # 退款id：1284
[2025-07-29 11:19:45,614] [database.py] [line:241] [INFO] # app `stock-rubik-cube`.contract_new数据列表：
((219646, '20250725151120497892', 3338203510512787459, 'YSTG10A25072500001', 0, 'service', 0, datetime.date(2025, 7, 25), '8c79bd0939a44938b4a0fb4d0163e9ac', '9d1de2cbc8f04b64a7898972325b01ce', 'AAAAAAq8uroAAAAAAAgrWIixjOyCnn4a74egiLgDpLdiHDJiG8iBucVdGTBCBjid9yDxnwUEdXbzCor6JL9lf7YME4MolzYcQSL4jYP+qvKxz0GjxWpDgw+K9f0fOX7Hxuul14sbITsf/Dta2NFtzUt94nG0ELs60ftr4GWe7+mfXD3Cc8oWo8BfappZS8SbdwaAeQ5Y3E64dw5M4pz/ZyYaCh+zeL+/lFKz02pHUr8RkvRLwlMHs7czV6VclHpruCtuaJaI0GvuiyfIY9SYH8kK+XtlbXwbNk2TExgoBR4Zr4C4EB0G7G6cG606GKtOfkwlhzy+fgW68Tr8dhOTWyfixWXiDtPX/weHDMkqyMMUvX+MpuDRmZLVF6JbsdDyku0WqrCBRIHtmpDZHShH9xGpA8scUezVp/sy1dxA70gMghrbk9gDZjQpfEXy5CwFgJ98/Apq4Njp6MO2w7qzTDwtWzzc/BH9Hq8ygR3EOSGXAUZfjAu+O6C0wv255Ss4zfUoEez3sTvuVwFvpxmqdHOi5BC3F3dy03P65OcmU6AlpPSBV99LkpKfsloXEt8Jgca6abatZK8M+nkbRfrTfeqT6TR3oxMBNLqcKNKkmGcgN24eUGk6Tvh4WcDAAJB5xP8HTGUnln1p8QMTizoTRPJ64z2xdGxhPQ==', 'AAAAAAq8uroAAAAAAAgrWV4H+JsUQAtT5Nrv+7U+UNpbLaS3cFu5YKYvjFqneGEThQpfeHtxZJdYqGFZcioQwlkUCYcN9nfYSYHTbTaQWT2cdNs+xeU6M3/X4T6lIlLbgKZFEU0GIxWuH54KK9LsB1A04jA=', datetime.datetime(2025, 7, 25, 16, 21, 47), datetime.datetime(2025, 7, 25, 15, 11, 26), datetime.datetime(2025, 7, 25, 16, 23, 58), 0, '', 2, ''), (219651, '20250725151120497892', 3338203510512787459, '', 1, 'termination', 0, None, '', '', '', '', None, datetime.datetime(2025, 7, 29, 11, 18, 14), datetime.datetime(2025, 7, 29, 11, 18, 14), 0, '', 2, ''))

[2025-07-29 11:19:45,614] [database.py] [line:245] [INFO] # app `stock-rubik-cube`.contract_new数据：
(219646, '20250725151120497892', 3338203510512787459, 'YSTG10A25072500001', 0, 'service', 0, datetime.date(2025, 7, 25), '8c79bd0939a44938b4a0fb4d0163e9ac', '9d1de2cbc8f04b64a7898972325b01ce', 'AAAAAAq8uroAAAAAAAgrWIixjOyCnn4a74egiLgDpLdiHDJiG8iBucVdGTBCBjid9yDxnwUEdXbzCor6JL9lf7YME4MolzYcQSL4jYP+qvKxz0GjxWpDgw+K9f0fOX7Hxuul14sbITsf/Dta2NFtzUt94nG0ELs60ftr4GWe7+mfXD3Cc8oWo8BfappZS8SbdwaAeQ5Y3E64dw5M4pz/ZyYaCh+zeL+/lFKz02pHUr8RkvRLwlMHs7czV6VclHpruCtuaJaI0GvuiyfIY9SYH8kK+XtlbXwbNk2TExgoBR4Zr4C4EB0G7G6cG606GKtOfkwlhzy+fgW68Tr8dhOTWyfixWXiDtPX/weHDMkqyMMUvX+MpuDRmZLVF6JbsdDyku0WqrCBRIHtmpDZHShH9xGpA8scUezVp/sy1dxA70gMghrbk9gDZjQpfEXy5CwFgJ98/Apq4Njp6MO2w7qzTDwtWzzc/BH9Hq8ygR3EOSGXAUZfjAu+O6C0wv255Ss4zfUoEez3sTvuVwFvpxmqdHOi5BC3F3dy03P65OcmU6AlpPSBV99LkpKfsloXEt8Jgca6abatZK8M+nkbRfrTfeqT6TR3oxMBNLqcKNKkmGcgN24eUGk6Tvh4WcDAAJB5xP8HTGUnln1p8QMTizoTRPJ64z2xdGxhPQ==', 'AAAAAAq8uroAAAAAAAgrWV4H+JsUQAtT5Nrv+7U+UNpbLaS3cFu5YKYvjFqneGEThQpfeHtxZJdYqGFZcioQwlkUCYcN9nfYSYHTbTaQWT2cdNs+xeU6M3/X4T6lIlLbgKZFEU0GIxWuH54KK9LsB1A04jA=', datetime.datetime(2025, 7, 25, 16, 21, 47), datetime.datetime(2025, 7, 25, 15, 11, 26), datetime.datetime(2025, 7, 25, 16, 23, 58), 0, '', 2, '')

[2025-07-29 11:19:45,614] [database.py] [line:245] [INFO] # app `stock-rubik-cube`.contract_new数据：
(219651, '20250725151120497892', 3338203510512787459, '', 1, 'termination', 0, None, '', '', '', '', None, datetime.datetime(2025, 7, 29, 11, 18, 14), datetime.datetime(2025, 7, 29, 11, 18, 14), 0, '', 2, '')

[2025-07-29 11:19:45,651] [database.py] [line:252] [INFO] # app `stock-rubik-cube`.`order`数据列表：
((3338203510512787459,),)

[2025-07-29 11:19:45,651] [database.py] [line:259] [INFO] # app用户id：3338203510512787459

[2025-07-29 11:19:45,928] [database.py] [line:287] [INFO] # app `stock-rubik-cube`.user_order_product数据列表：
()

[2025-07-29 11:19:45,984] [database.py] [line:308] [INFO] # o1ELc6LrAZOqCjYiOZur5A-sVzYc用户到期时间：(datetime.datetime(2025, 8, 14, 14, 31, 26),)
[2025-07-29 11:19:46,006] [database.py] [line:322] [INFO] # 更新work_crm_base_user表u_expire_date成功！
[2025-07-29 15:25:36,140] [log.py] [line:31] [INFO] # ======Start printing logs======
[2025-07-29 15:25:39,302] [database.py] [line:80] [INFO] # 退款订单id列表：['20250729141355192967', '20250729141359875505', '20250729141417813714', '20250729141928735703', '20250729142304376735', '20250729143105718398', '20250729143130077794', '20250729143344225998', '20250729143355644532', '20250729143404760872', '20250729143414531213', '20250729143421205145']
[2025-07-29 15:25:39,302] [database.py] [line:85] [INFO] # 
退款订单号：20250729141355192967
[2025-07-29 15:25:39,320] [database.py] [line:97] [INFO] # 退款订单unionid：o1ELc6LrAZOqCjYiOZur5A-sVzYc，kill_order：20250707142943555361
[2025-07-29 15:25:39,348] [database.py] [line:107] [INFO] # v2_work_crm_order_main 数据列表：
((49459, '20250729141355192967', 10122, 10, 10, 0, 0, None, '', 'o1ELc6LrAZOqCjYiOZur5A-sVzYc', '赵楠', 'H4qNWOvOwe$$$$A$$$$rqaPhQyIw==', None, None, 1, 0, None, None, None, None, 0, datetime.datetime(2025, 7, 29, 14, 13, 55), datetime.datetime(2025, 7, 29, 14, 13, 55)),)

[2025-07-29 15:25:39,366] [database.py] [line:114] [INFO] # v2_work_crm_order_main_son 数据列表：
()

[2025-07-29 15:25:39,394] [database.py] [line:121] [INFO] # v2_work_crm_order_main_status 数据列表：
((49618, '20250729141355192967', 0, 0, 2, 0, None, 3, 0, 889095, 889095, 'wwec9bda2817108582', '百灵智投', 'ZhangYuZe', 'ZhangYuZe', 1, 2, 0, '私人定制', 11800000, 'srdz', '这是私人定制的描述', 1, 4, 0, '20250707142943555361', '20250707142943555361', 0, 0, 'o1ELc6LrAZOqCjYiOZur5A-sVzYc', 10, 10, None, 0, 0, '', '4e0772258849c8a7bff420058e5e9c04', 0, datetime.datetime(2025, 7, 29, 14, 13, 55), None, None, 0, '888996', None, None, None, '889009', None, None, None, '889003,889013,889017,889089,889095', None, None, None),)

[2025-07-29 15:25:39,412] [database.py] [line:127] [INFO] # v2_work_crm_hegui 数据列表：
()

[2025-07-29 15:25:39,430] [database.py] [line:133] [INFO] # v2_work_crm_order_contract 数据列表：
()

[2025-07-29 15:25:39,709] [database.py] [line:214] [INFO] # order_ids:('20250707142943555361',)
[2025-07-29 15:25:39,727] [database.py] [line:217] [INFO] # 更新v2_work_crm_order_main_status表is_cancellation成功！
[2025-07-29 15:25:39,808] [database.py] [line:241] [INFO] # app `stock-rubik-cube`.contract_new数据列表：
()

[2025-07-29 15:25:39,820] [database.py] [line:252] [INFO] # app `stock-rubik-cube`.`order`数据列表：
((3338203510512787459,),)

[2025-07-29 15:25:39,820] [database.py] [line:259] [INFO] # app用户id：3338203510512787459

[2025-07-29 15:25:40,236] [database.py] [line:287] [INFO] # app `stock-rubik-cube`.user_order_product数据列表：
()

[2025-07-29 15:25:40,250] [database.py] [line:85] [INFO] # 
退款订单号：20250729141359875505
[2025-07-29 15:25:40,267] [database.py] [line:97] [INFO] # 退款订单unionid：o1ELc6LrAZOqCjYiOZur5A-sVzYc，kill_order：20250707142943555361
[2025-07-29 15:25:40,286] [database.py] [line:107] [INFO] # v2_work_crm_order_main 数据列表：
((49460, '20250729141359875505', 10123, 15, 15, 1, 3, '1753771048', '', 'o1ELc6LrAZOqCjYiOZur5A-sVzYc', '赵楠', 'H4qNWOvOwe$$$$A$$$$rqaPhQyIw==', datetime.datetime(2025, 7, 29, 14, 38, 5), datetime.datetime(2025, 7, 30, 14, 38, 5), 1, 0, datetime.datetime(2025, 7, 30, 14, 38, 5), None, None, None, 0, datetime.datetime(2025, 7, 29, 14, 13, 59), datetime.datetime(2025, 7, 29, 14, 13, 59)),)

[2025-07-29 15:25:40,304] [database.py] [line:114] [INFO] # v2_work_crm_order_main_son 数据列表：
()

[2025-07-29 15:25:40,333] [database.py] [line:121] [INFO] # v2_work_crm_order_main_status 数据列表：
((49619, '20250729141359875505', 1, 1, 2, 1, datetime.datetime(2025, 7, 29, 14, 38, 5), 1, 4, 889095, 889095, 'wwec9bda2817108582', '百灵智投', 'ZhangYuZe', 'ZhangYuZe', 1, 2, 1, '私人定制', 16800000, 'srdz', '这是私人定制的描述', 1, 4, 0, '20250707142943555361', '20250707142943555361', 0, 0, 'o1ELc6LrAZOqCjYiOZur5A-sVzYc', 15, 15, '1753771048', 1, 0, '', '838e16006f86eaa70514f6a566bf1d8d', 0, datetime.datetime(2025, 7, 29, 14, 13, 59), None, datetime.datetime(2025, 7, 29, 14, 38, 5), 0, '888996', None, None, None, '889009', None, None, None, '889003,889013,889017,889089,889095', None, None, None),)

[2025-07-29 15:25:40,354] [database.py] [line:127] [INFO] # v2_work_crm_hegui 数据列表：
((1157, '20250729141359875505', 'o1ELc6LrAZOqCjYiOZur5A-sVzYc', 1, 101371, '', 1, 0, 1, None, None, 1, None, None, None, None, -1, 0, '', 1, datetime.datetime(2025, 7, 29, 14, 36, 41), datetime.datetime(2025, 7, 29, 14, 38, 5)),)

[2025-07-29 15:25:40,372] [database.py] [line:133] [INFO] # v2_work_crm_order_contract 数据列表：
((44478, '20250729141359875505', '7f203c503d914eefa7ac85788ef1849e', 'b3fe3f699c7c473a90ff918e3dca8a9c', '8c4a35b69d4d4dcdbe2885e0d279fdd8', 1, '产品服务协议', 'eeZRyEm7vbDA0Lxi1n6NDNDfMbS3FBKFV1I5u28WftFIskiH4SusbdejbsUQMFXYeTZ7DiuHw1oz7rtq0XLFPBC9YY1Ykz8slZVHCnkly3TKc@@@@lCM6kGFw==', '5VFbtjRSP9eHX@@@@3H$$$$LTFZHMFWXdll9IAoUrn7BPXz2yXtq3TplNQwvXJ@@@@yh5@@@@XRKsF5R58jYF0zSk4TgP44@@@@ws8cPX3NBsnZ7Rn6ux68ISiTrLsa7YUbZw==', datetime.datetime(2025, 7, 29, 14, 38, 5), '2025-07-29 14:36:36', 'YSTG10A25072900002', None, 'eqoh5xxl$$$$ZHJkZo7HfytjEyYA801VLRe$$$$pS78cSF3nsGRbaNikpsiSE1WU2duLjukCxhu6DZB852D2oIq8h6Tjgfi3ceE1SyRzOF8uilFaXyfVzzlCog5$$$$tVfGj2T0WoXDDix47TcowNW1Zd59ToaPXD3r69j7AYsP8qFtsHIDi5qVn14z3VgcAL$$$$tubvjpyWSjyKotZtA4L3dphwNqvHHk2ew4rh8NaM$$$$67atFyxTwQvWGNWJM@@@@LJWVRwp5Jct0d@@@@NrlySjKXplUsGwiHEE2wvd2mHA2q8ceTZ7DiuHw1oz7rtq0XLFPBC9YY1Ykz8slZVHCnkly3RVciKiMhbRwQ==', 0, '', datetime.datetime(2025, 7, 29, 14, 36, 41), datetime.datetime(2025, 7, 29, 14, 36, 41)), (44480, '20250729141359875505', None, None, 'dc588181a755439aace7955f2b6da66b', 2, '终止协议-测试', None, '5VFbtjRSP9eHX@@@@3H$$$$LTFZHMFWXdll9IAoUrn7BPXz2yXtq3TplNQwvXJ@@@@yh5@@@@XRKtdxtggvPysrlhLihRAZK11sfQUJJ$$$$q9n', datetime.datetime(2025, 7, 29, 15, 23, 44), '2025-07-29 15:23:44', 'c', None, None, 0, '', datetime.datetime(2025, 7, 29, 15, 23, 31), datetime.datetime(2025, 7, 29, 15, 23, 31)))

[2025-07-29 15:25:40,389] [database.py] [line:144] [INFO] # 风险测评id：41605
[2025-07-29 15:25:40,423] [database.py] [line:157] [INFO] # 退款id：1287
[2025-07-29 15:25:40,685] [database.py] [line:214] [INFO] # order_ids:('20250707142943555361',)
[2025-07-29 15:25:40,704] [database.py] [line:217] [INFO] # 更新v2_work_crm_order_main_status表is_cancellation成功！
[2025-07-29 15:25:40,765] [database.py] [line:241] [INFO] # app `stock-rubik-cube`.contract_new数据列表：
((219653, '20250729141359875505', 3338203510512787459, 'YSTG10A25072900002', 0, 'service', 0, datetime.date(2025, 7, 29), 'b3fe3f699c7c473a90ff918e3dca8a9c', '7f203c503d914eefa7ac85788ef1849e', 'AAAAAAq8uroAAAAAAAgrYosgOfpyO0zkd58NWfiyTxqneAln3slobYNR7l5nHJnhdtr0CAJ6aQbuX6uagBf8cV5NiUCVcyeIzBHBRe38jk7XOtSyPXrODLB9bfcBwNswgGRrt5G9Ow4ZX3qwUfUzLU+7kPf83u9CPHAtKfdhvOjWAz42NIufWYC2GiGeN5hQ4N/oRu0PH4IMVOMprYuGpffOyYjwLekBBpTSe7hsfKWdUcpmB1Fg6mh843h16Q4MpqbikbvfnCcee2VbsQHQHzsy9LQNsK06J3tcR8XWSHAmmC/U64IfeZMG3QrX+4+M2j71nHbdUcmHTnAYJjdKW5TEsR4ZQwc2Q7OQrxCKYK6xk9Set2xlQEc33PP58qzS/qb0+97VJJowh3coW+w1cSmY4tqM464uNG2Qc1CTPuNt9hwcwm3fk2VVyy2PFxPSI0k9AGZgDhtzvxKH5btSO+iBksunFXbRy6R1CPDCfLZ2aA85VYgLjcUf8OGz2FxSJish4gHqobHy2h7v8yWM+eaMBv2Z/Ic467pmwklwChj5CfukPxw8fmW9tL4M84WSB65QzBAUT931dYrGkxIB79j7yWKIVSMCYeKiNu2hGyMQ+yE5xYUqaT2Bi+9LqvWlU5xZqohp4M2lsnD2F43TQ7h71CN0zkA6/g==', 'AAAAAAq8uroAAAAAAAgrY+Ookb2SDnigz7y1rYorIJiAn3t648Pf0YGRWi608/KTWVjuR02wUSa4Pd9bXAxZ1WHvV+5cIVCL+zgTggw0zwtA5z4prZ0E22WQiOiOcGhAuJQ1rMJyTVM2MRfiiJ2hESpk0p8=', datetime.datetime(2025, 7, 29, 14, 36, 36), datetime.datetime(2025, 7, 29, 14, 35, 53), datetime.datetime(2025, 7, 29, 14, 38, 5), 0, '', 2, ''), (219654, '20250729141359875505', 3338203510512787459, '', 1, 'termination', 0, None, '', '', '', '', None, datetime.datetime(2025, 7, 29, 15, 23, 32), datetime.datetime(2025, 7, 29, 15, 23, 32), 0, '', 2, ''))

[2025-07-29 15:25:40,765] [database.py] [line:245] [INFO] # app `stock-rubik-cube`.contract_new数据：
(219653, '20250729141359875505', 3338203510512787459, 'YSTG10A25072900002', 0, 'service', 0, datetime.date(2025, 7, 29), 'b3fe3f699c7c473a90ff918e3dca8a9c', '7f203c503d914eefa7ac85788ef1849e', 'AAAAAAq8uroAAAAAAAgrYosgOfpyO0zkd58NWfiyTxqneAln3slobYNR7l5nHJnhdtr0CAJ6aQbuX6uagBf8cV5NiUCVcyeIzBHBRe38jk7XOtSyPXrODLB9bfcBwNswgGRrt5G9Ow4ZX3qwUfUzLU+7kPf83u9CPHAtKfdhvOjWAz42NIufWYC2GiGeN5hQ4N/oRu0PH4IMVOMprYuGpffOyYjwLekBBpTSe7hsfKWdUcpmB1Fg6mh843h16Q4MpqbikbvfnCcee2VbsQHQHzsy9LQNsK06J3tcR8XWSHAmmC/U64IfeZMG3QrX+4+M2j71nHbdUcmHTnAYJjdKW5TEsR4ZQwc2Q7OQrxCKYK6xk9Set2xlQEc33PP58qzS/qb0+97VJJowh3coW+w1cSmY4tqM464uNG2Qc1CTPuNt9hwcwm3fk2VVyy2PFxPSI0k9AGZgDhtzvxKH5btSO+iBksunFXbRy6R1CPDCfLZ2aA85VYgLjcUf8OGz2FxSJish4gHqobHy2h7v8yWM+eaMBv2Z/Ic467pmwklwChj5CfukPxw8fmW9tL4M84WSB65QzBAUT931dYrGkxIB79j7yWKIVSMCYeKiNu2hGyMQ+yE5xYUqaT2Bi+9LqvWlU5xZqohp4M2lsnD2F43TQ7h71CN0zkA6/g==', 'AAAAAAq8uroAAAAAAAgrY+Ookb2SDnigz7y1rYorIJiAn3t648Pf0YGRWi608/KTWVjuR02wUSa4Pd9bXAxZ1WHvV+5cIVCL+zgTggw0zwtA5z4prZ0E22WQiOiOcGhAuJQ1rMJyTVM2MRfiiJ2hESpk0p8=', datetime.datetime(2025, 7, 29, 14, 36, 36), datetime.datetime(2025, 7, 29, 14, 35, 53), datetime.datetime(2025, 7, 29, 14, 38, 5), 0, '', 2, '')

[2025-07-29 15:25:40,765] [database.py] [line:245] [INFO] # app `stock-rubik-cube`.contract_new数据：
(219654, '20250729141359875505', 3338203510512787459, '', 1, 'termination', 0, None, '', '', '', '', None, datetime.datetime(2025, 7, 29, 15, 23, 32), datetime.datetime(2025, 7, 29, 15, 23, 32), 0, '', 2, '')

[2025-07-29 15:25:40,777] [database.py] [line:252] [INFO] # app `stock-rubik-cube`.`order`数据列表：
((3338203510512787459,),)

[2025-07-29 15:25:40,777] [database.py] [line:259] [INFO] # app用户id：3338203510512787459

[2025-07-29 15:25:40,816] [database.py] [line:287] [INFO] # app `stock-rubik-cube`.user_order_product数据列表：
()

[2025-07-29 15:25:40,830] [database.py] [line:85] [INFO] # 
退款订单号：20250729141417813714
[2025-07-29 15:25:40,850] [database.py] [line:97] [INFO] # 退款订单unionid：o1ELc6LrAZOqCjYiOZur5A-sVzYc，kill_order：
[2025-07-29 15:25:40,868] [database.py] [line:107] [INFO] # v2_work_crm_order_main 数据列表：
((49461, '20250729141417813714', 10193, 1, 1, 0, 0, None, '', 'o1ELc6LrAZOqCjYiOZur5A-sVzYc', '赵楠', 'H4qNWOvOwe$$$$A$$$$rqaPhQyIw==', None, None, 1, 0, None, None, None, None, 0, datetime.datetime(2025, 7, 29, 14, 14, 17), datetime.datetime(2025, 7, 29, 14, 14, 17)),)

[2025-07-29 15:25:40,886] [database.py] [line:114] [INFO] # v2_work_crm_order_main_son 数据列表：
()

[2025-07-29 15:25:40,905] [database.py] [line:121] [INFO] # v2_work_crm_order_main_status 数据列表：
((49620, '20250729141417813714', 0, 0, 2, 0, None, 3, 0, 889095, 889095, 'wwec9bda2817108582', '百灵智投', 'ZhangYuZe', 'ZhangYuZe', 1, 3, 0, '研选量投', 1, 'yxlt', '这是研选量投的描述', 1, 3, 0, '20250707142943555361', '', 0, 0, 'o1ELc6LrAZOqCjYiOZur5A-sVzYc', 1, 1, None, 0, 0, '', '', 0, datetime.datetime(2025, 7, 29, 14, 14, 17), None, None, 0, '888996', None, None, None, '889009', None, None, None, '889003,889013,889017,889089,889095', None, None, None),)

[2025-07-29 15:25:40,924] [database.py] [line:127] [INFO] # v2_work_crm_hegui 数据列表：
()

[2025-07-29 15:25:40,943] [database.py] [line:133] [INFO] # v2_work_crm_order_contract 数据列表：
()

[2025-07-29 15:25:41,281] [database.py] [line:241] [INFO] # app `stock-rubik-cube`.contract_new数据列表：
()

[2025-07-29 15:25:41,293] [database.py] [line:252] [INFO] # app `stock-rubik-cube`.`order`数据列表：
((3338203510512787459,),)

[2025-07-29 15:25:41,293] [database.py] [line:259] [INFO] # app用户id：3338203510512787459

[2025-07-29 15:25:41,331] [database.py] [line:287] [INFO] # app `stock-rubik-cube`.user_order_product数据列表：
()

[2025-07-29 15:25:41,346] [database.py] [line:85] [INFO] # 
退款订单号：20250729141928735703
[2025-07-29 15:25:41,363] [database.py] [line:97] [INFO] # 退款订单unionid：o1ELc6LrAZOqCjYiOZur5A-sVzYc，kill_order：20250707142943555361
[2025-07-29 15:25:41,381] [database.py] [line:107] [INFO] # v2_work_crm_order_main 数据列表：
((49462, '20250729141928735703', 10168, 3, 3, 1, 3, '1753770123', '', 'o1ELc6LrAZOqCjYiOZur5A-sVzYc', '赵楠', 'H4qNWOvOwe$$$$A$$$$rqaPhQyIw==', datetime.datetime(2025, 7, 29, 14, 22, 16), datetime.datetime(2025, 8, 5, 14, 22, 16), 7, 0, datetime.datetime(2025, 8, 5, 14, 22, 16), None, None, None, 0, datetime.datetime(2025, 7, 29, 14, 19, 28), datetime.datetime(2025, 7, 29, 14, 19, 28)),)

[2025-07-29 15:25:41,399] [database.py] [line:114] [INFO] # v2_work_crm_order_main_son 数据列表：
()

[2025-07-29 15:25:41,418] [database.py] [line:121] [INFO] # v2_work_crm_order_main_status 数据列表：
((49621, '20250729141928735703', 1, 1, 2, 1, datetime.datetime(2025, 7, 29, 14, 22, 16), 1, 4, 889009, 889009, 'wwec9bda2817108582', '百灵智投', 'cheng', 'cheng', 1, 2, 1, '趋势智投', 4, 'qszt-4-2', '这是趋势智投-四合一的描述', 7, 11, 0, '20250707142943555361', '20250707142943555361', 0, 0, 'o1ELc6LrAZOqCjYiOZur5A-sVzYc', 3, 3, '1753770123', 1, 0, '', '', 0, datetime.datetime(2025, 7, 29, 14, 19, 28), None, datetime.datetime(2025, 7, 29, 14, 22, 16), 0, '888996', None, None, None, '889009', None, None, None, '889003,889013,889017,889089,889095', None, None, None),)

[2025-07-29 15:25:41,438] [database.py] [line:127] [INFO] # v2_work_crm_hegui 数据列表：
((1156, '20250729141928735703', 'o1ELc6LrAZOqCjYiOZur5A-sVzYc', 1, 101371, '', 1, 0, 1, None, None, 1, None, None, None, None, -1, 0, '', 1, datetime.datetime(2025, 7, 29, 14, 21, 11), datetime.datetime(2025, 7, 29, 14, 22, 16)),)

[2025-07-29 15:25:41,455] [database.py] [line:133] [INFO] # v2_work_crm_order_contract 数据列表：
((44477, '20250729141928735703', '5528c7791c624cbebbc182f1990e7050', '31ee038b540645a9816ad9c2f8e6429b', '8c4a35b69d4d4dcdbe2885e0d279fdd8', 1, '产品服务协议', 'eeZRyEm7vbDA0Lxi1n6NDNDfMbS3FBKFV1I5u28WftFIskiH4SusbdejbsUQMFXYeTZ7DiuHw1oz7rtq0XLFPEFx@@@@y93M0qMlZVHCnkly3TKc@@@@lCM6kGFw==', '5VFbtjRSP9eHX@@@@3H$$$$LTFZHMFWXdll9IAoUrn7BPXz2yXtq3TplNQwvXJ@@@@yh5@@@@XRKsF5R58jYF0zSk4TgP44@@@@wm2CZPnIeFC07Rn6ux68ISiTrLsa7YUbZw==', datetime.datetime(2025, 7, 29, 14, 22, 16), '2025-07-29 14:21:09', 'YSTG10A25072900001', None, 'eqoh5xxl$$$$ZHJkZo7HfytjEyYA801VLRe$$$$pS78cSF3nsGRbaNikpsiSE1WU2duLjukCxhu6DZB852D2oIq8h6Tjgfi3ceE1SyRzOF8uilFaXAKeUirii3i$$$$tVfGj2T0WoXDDix47TcowNW1Zd59ToaPXD3r69j7AYsP8qFtsHIDi5qVn14z3VgcAL$$$$tubvjpyWSjyKotZtA4L3dphwNqvHHk2ew4rh8NaM$$$$67atFyxTxBcf8vdzNKjJWVRwp5Jct0d@@@@NrlySjKXplUsGwiHEE2wvd2mHA2q8ceTZ7DiuHw1oz7rtq0XLFPEFx@@@@y93M0qMlZVHCnkly3RVciKiMhbRwQ==', 0, '', datetime.datetime(2025, 7, 29, 14, 21, 11), datetime.datetime(2025, 7, 29, 14, 21, 11)), (44479, '20250729141928735703', None, None, 'dc588181a755439aace7955f2b6da66b', 2, '终止协议-测试', None, '5VFbtjRSP9eHX@@@@3H$$$$LTFZHMFWXdll9IAoUrn7BPXz2yXtq3TplNQwvXJ@@@@yh5@@@@XRKtdxtggvPysrlhLihRAZK11sfQUJJ$$$$q9n', datetime.datetime(2025, 7, 29, 15, 21, 42), '2025-07-29 15:21:42', 'c', None, None, 0, '', datetime.datetime(2025, 7, 29, 15, 21, 18), datetime.datetime(2025, 7, 29, 15, 21, 18)))

[2025-07-29 15:25:41,473] [database.py] [line:144] [INFO] # 风险测评id：41604
[2025-07-29 15:25:41,508] [database.py] [line:157] [INFO] # 退款id：1285
[2025-07-29 15:25:41,771] [database.py] [line:214] [INFO] # order_ids:('20250707142943555361',)
[2025-07-29 15:25:41,790] [database.py] [line:217] [INFO] # 更新v2_work_crm_order_main_status表is_cancellation成功！
[2025-07-29 15:25:41,850] [database.py] [line:241] [INFO] # app `stock-rubik-cube`.contract_new数据列表：
((219652, '20250729141928735703', 3338203510512787459, 'YSTG10A25072900001', 0, 'service', 0, datetime.date(2025, 7, 29), '31ee038b540645a9816ad9c2f8e6429b', '5528c7791c624cbebbc182f1990e7050', 'AAAAAAq8uroAAAAAAAgrYGP4OwGJyI+RGTVHfr3s4JMYcl8D+/ii3nw1McFzNddxOBYj33tvSRRteeILh7hlNttBz87Y2/36PtMeaeFenzbyqmS9q2X0xwnrtcYKTc6uP8fQdwhUI+vM3+uusWrwu+tnJ3dMHrpAccbVt+5fpCZcQr/2arQsngAZSJTagE/Xe3bIuBzwq/878PN2/X2c4mbHGKa/HEzPlUYzemso9CAzNxFjNyGmmj/AVfbW84ng4D7YpJfj/GCXOqc4bI1Roc/h5QCQOmGLUK+OKFd470GV2cRk7mniNzx2/1ppN4mkilklVxYhpS3fvAVKtnkGvrbrcisA9Lqp+UOsZuptWNS167pB+Fx/SpK3OmGDedbs+2BS0XAEaCSh7FtFErlU/mxBT4UucaQRTI6cHttiJnzFcf4Y5PfmKx/8m0VmW+KrxGlG/ERxLS+sW06sB5I/aF+7p334t1vPYVfWpD6vetzUJgbbuZu1G04uYZbytAYQ9VPbPj22D3Nc8NGuOZnjeb75uGbcc7RnO9HgsQ2QChjfC8c4v1ilrbZ+f+uLJd0zTEyOCfx1KQqEoyEWoIs27OvDKoEEzC9MKJQ53w88UQpc4jpKulHzxignq0Cx+DAHoYKurh6Q1LTtXhs5iygL6IL5WAgzQXjLuw==', 'AAAAAAq8uroAAAAAAAgrYeJEG60THtLCpFoktPdNyOUkOM3BSB3TPI4mEzKsqyzNl0sEBXHl8o4+jvJUPdYkIOVMXkZZ5VbDDX2AOOvBTNtsowaymJ1++D9NjQiH1fUrenGGPpR1KlNaZerC+FdU7FXe86w=', datetime.datetime(2025, 7, 29, 14, 21, 9), datetime.datetime(2025, 7, 29, 14, 20, 24), datetime.datetime(2025, 7, 29, 14, 22, 16), 0, '', 2, ''),)

[2025-07-29 15:25:41,850] [database.py] [line:245] [INFO] # app `stock-rubik-cube`.contract_new数据：
(219652, '20250729141928735703', 3338203510512787459, 'YSTG10A25072900001', 0, 'service', 0, datetime.date(2025, 7, 29), '31ee038b540645a9816ad9c2f8e6429b', '5528c7791c624cbebbc182f1990e7050', 'AAAAAAq8uroAAAAAAAgrYGP4OwGJyI+RGTVHfr3s4JMYcl8D+/ii3nw1McFzNddxOBYj33tvSRRteeILh7hlNttBz87Y2/36PtMeaeFenzbyqmS9q2X0xwnrtcYKTc6uP8fQdwhUI+vM3+uusWrwu+tnJ3dMHrpAccbVt+5fpCZcQr/2arQsngAZSJTagE/Xe3bIuBzwq/878PN2/X2c4mbHGKa/HEzPlUYzemso9CAzNxFjNyGmmj/AVfbW84ng4D7YpJfj/GCXOqc4bI1Roc/h5QCQOmGLUK+OKFd470GV2cRk7mniNzx2/1ppN4mkilklVxYhpS3fvAVKtnkGvrbrcisA9Lqp+UOsZuptWNS167pB+Fx/SpK3OmGDedbs+2BS0XAEaCSh7FtFErlU/mxBT4UucaQRTI6cHttiJnzFcf4Y5PfmKx/8m0VmW+KrxGlG/ERxLS+sW06sB5I/aF+7p334t1vPYVfWpD6vetzUJgbbuZu1G04uYZbytAYQ9VPbPj22D3Nc8NGuOZnjeb75uGbcc7RnO9HgsQ2QChjfC8c4v1ilrbZ+f+uLJd0zTEyOCfx1KQqEoyEWoIs27OvDKoEEzC9MKJQ53w88UQpc4jpKulHzxignq0Cx+DAHoYKurh6Q1LTtXhs5iygL6IL5WAgzQXjLuw==', 'AAAAAAq8uroAAAAAAAgrYeJEG60THtLCpFoktPdNyOUkOM3BSB3TPI4mEzKsqyzNl0sEBXHl8o4+jvJUPdYkIOVMXkZZ5VbDDX2AOOvBTNtsowaymJ1++D9NjQiH1fUrenGGPpR1KlNaZerC+FdU7FXe86w=', datetime.datetime(2025, 7, 29, 14, 21, 9), datetime.datetime(2025, 7, 29, 14, 20, 24), datetime.datetime(2025, 7, 29, 14, 22, 16), 0, '', 2, '')

[2025-07-29 15:25:41,863] [database.py] [line:252] [INFO] # app `stock-rubik-cube`.`order`数据列表：
((3338203510512787459,),)

[2025-07-29 15:25:41,863] [database.py] [line:259] [INFO] # app用户id：3338203510512787459

[2025-07-29 15:25:41,901] [database.py] [line:287] [INFO] # app `stock-rubik-cube`.user_order_product数据列表：
()

[2025-07-29 15:25:41,915] [database.py] [line:85] [INFO] # 
退款订单号：20250729142304376735
[2025-07-29 15:25:41,932] [database.py] [line:97] [INFO] # 退款订单unionid：o1ELc6LrAZOqCjYiOZur5A-sVzYc，kill_order：
[2025-07-29 15:25:41,950] [database.py] [line:107] [INFO] # v2_work_crm_order_main 数据列表：
((49463, '20250729142304376735', 10178, 5, 5, 0, 0, None, '', 'o1ELc6LrAZOqCjYiOZur5A-sVzYc', '赵楠', 'H4qNWOvOwe$$$$A$$$$rqaPhQyIw==', None, None, 274, 0, None, None, None, None, 0, datetime.datetime(2025, 7, 29, 14, 23, 4), datetime.datetime(2025, 7, 29, 14, 23, 4)),)

[2025-07-29 15:25:41,968] [database.py] [line:114] [INFO] # v2_work_crm_order_main_son 数据列表：
()

[2025-07-29 15:25:41,986] [database.py] [line:121] [INFO] # v2_work_crm_order_main_status 数据列表：
((49622, '20250729142304376735', 0, 0, 2, 0, None, 3, 0, 889095, 889095, 'wwec9bda2817108582', '百灵智投', 'ZhangYuZe', 'ZhangYuZe', 1, 3, 0, '趋势智投', 5, 'qszt-4-2', '这是趋势智投-四合一的描述', 274, 11, 0, '20250729141928735703', '', 0, 0, 'o1ELc6LrAZOqCjYiOZur5A-sVzYc', 5, 5, None, 0, 0, '', '', 0, datetime.datetime(2025, 7, 29, 14, 23, 4), None, None, 0, '888996', None, None, None, '889009', None, None, None, '889003,889013,889017,889089,889095', None, None, None),)

[2025-07-29 15:25:42,004] [database.py] [line:127] [INFO] # v2_work_crm_hegui 数据列表：
()

[2025-07-29 15:25:42,022] [database.py] [line:133] [INFO] # v2_work_crm_order_contract 数据列表：
()

[2025-07-29 15:25:42,357] [database.py] [line:241] [INFO] # app `stock-rubik-cube`.contract_new数据列表：
()

[2025-07-29 15:25:42,370] [database.py] [line:252] [INFO] # app `stock-rubik-cube`.`order`数据列表：
((3338203510512787459,),)

[2025-07-29 15:25:42,370] [database.py] [line:259] [INFO] # app用户id：3338203510512787459

[2025-07-29 15:25:42,408] [database.py] [line:287] [INFO] # app `stock-rubik-cube`.user_order_product数据列表：
()

[2025-07-29 15:25:42,422] [database.py] [line:85] [INFO] # 
退款订单号：20250729143105718398
[2025-07-29 15:25:42,440] [database.py] [line:97] [INFO] # 退款订单unionid：o1ELc6LrAZOqCjYiOZur5A-sVzYc，kill_order：
[2025-07-29 15:25:42,459] [database.py] [line:107] [INFO] # v2_work_crm_order_main 数据列表：
((49464, '20250729143105718398', 10177, 3, 3, 0, 0, None, '', 'o1ELc6LrAZOqCjYiOZur5A-sVzYc', '赵楠', 'H4qNWOvOwe$$$$A$$$$rqaPhQyIw==', None, None, 183, 0, None, None, None, None, 0, datetime.datetime(2025, 7, 29, 14, 31, 5), datetime.datetime(2025, 7, 29, 14, 31, 5)),)

[2025-07-29 15:25:42,476] [database.py] [line:114] [INFO] # v2_work_crm_order_main_son 数据列表：
()

[2025-07-29 15:25:42,494] [database.py] [line:121] [INFO] # v2_work_crm_order_main_status 数据列表：
((49623, '20250729143105718398', 0, 0, 2, 0, None, 3, 0, 889095, 889095, 'wwec9bda2817108582', '百灵智投', 'ZhangYuZe', 'ZhangYuZe', 1, 3, 0, '趋势智投', 3, 'qszt-4-2', '这是趋势智投-四合一的描述', 183, 11, 0, '20250729141928735703', '', 0, 0, 'o1ELc6LrAZOqCjYiOZur5A-sVzYc', 3, 3, None, 0, 0, '', '', 0, datetime.datetime(2025, 7, 29, 14, 31, 5), None, None, 0, '888996', None, None, None, '889009', None, None, None, '889003,889013,889017,889089,889095', None, None, None),)

[2025-07-29 15:25:42,512] [database.py] [line:127] [INFO] # v2_work_crm_hegui 数据列表：
()

[2025-07-29 15:25:42,529] [database.py] [line:133] [INFO] # v2_work_crm_order_contract 数据列表：
()

[2025-07-29 15:25:42,863] [database.py] [line:241] [INFO] # app `stock-rubik-cube`.contract_new数据列表：
()

[2025-07-29 15:25:42,875] [database.py] [line:252] [INFO] # app `stock-rubik-cube`.`order`数据列表：
((3338203510512787459,),)

[2025-07-29 15:25:42,875] [database.py] [line:259] [INFO] # app用户id：3338203510512787459

[2025-07-29 15:25:42,913] [database.py] [line:287] [INFO] # app `stock-rubik-cube`.user_order_product数据列表：
()

[2025-07-29 15:25:42,926] [database.py] [line:85] [INFO] # 
退款订单号：20250729143130077794
[2025-07-29 15:25:42,943] [database.py] [line:97] [INFO] # 退款订单unionid：o1ELc6LrAZOqCjYiOZur5A-sVzYc，kill_order：
[2025-07-29 15:25:42,961] [database.py] [line:107] [INFO] # v2_work_crm_order_main 数据列表：
((49465, '20250729143130077794', 10179, 7, 7, 0, 0, None, '', 'o1ELc6LrAZOqCjYiOZur5A-sVzYc', '赵楠', 'H4qNWOvOwe$$$$A$$$$rqaPhQyIw==', None, None, 365, 0, None, None, None, None, 0, datetime.datetime(2025, 7, 29, 14, 31, 30), datetime.datetime(2025, 7, 29, 14, 31, 30)),)

[2025-07-29 15:25:42,980] [database.py] [line:114] [INFO] # v2_work_crm_order_main_son 数据列表：
()

[2025-07-29 15:25:42,998] [database.py] [line:121] [INFO] # v2_work_crm_order_main_status 数据列表：
((49624, '20250729143130077794', 0, 0, 2, 0, None, 3, 0, 889095, 889095, 'wwec9bda2817108582', '百灵智投', 'ZhangYuZe', 'ZhangYuZe', 1, 3, 0, '趋势智投', 7, 'qszt-4-2', '这是趋势智投-四合一的描述', 365, 11, 0, '20250729141928735703', '', 0, 0, 'o1ELc6LrAZOqCjYiOZur5A-sVzYc', 7, 7, None, 0, 0, '', '', 0, datetime.datetime(2025, 7, 29, 14, 31, 30), None, None, 0, '888996', None, None, None, '889009', None, None, None, '889003,889013,889017,889089,889095', None, None, None),)

[2025-07-29 15:25:43,016] [database.py] [line:127] [INFO] # v2_work_crm_hegui 数据列表：
()

[2025-07-29 15:25:43,033] [database.py] [line:133] [INFO] # v2_work_crm_order_contract 数据列表：
()

[2025-07-29 15:25:43,367] [database.py] [line:241] [INFO] # app `stock-rubik-cube`.contract_new数据列表：
()

[2025-07-29 15:25:43,380] [database.py] [line:252] [INFO] # app `stock-rubik-cube`.`order`数据列表：
((3338203510512787459,),)

[2025-07-29 15:25:43,380] [database.py] [line:259] [INFO] # app用户id：3338203510512787459

[2025-07-29 15:25:43,418] [database.py] [line:287] [INFO] # app `stock-rubik-cube`.user_order_product数据列表：
()

[2025-07-29 15:25:43,432] [database.py] [line:85] [INFO] # 
退款订单号：20250729143344225998
[2025-07-29 15:25:43,450] [database.py] [line:97] [INFO] # 退款订单unionid：o1ELc6LrAZOqCjYiOZur5A-sVzYc，kill_order：
[2025-07-29 15:25:43,468] [database.py] [line:107] [INFO] # v2_work_crm_order_main 数据列表：
((49466, '20250729143344225998', 10174, 3, 3, 0, 0, None, '', 'o1ELc6LrAZOqCjYiOZur5A-sVzYc', '赵楠', 'H4qNWOvOwe$$$$A$$$$rqaPhQyIw==', None, None, 183, 0, None, None, None, None, 0, datetime.datetime(2025, 7, 29, 14, 33, 44), datetime.datetime(2025, 7, 29, 14, 33, 44)),)

[2025-07-29 15:25:43,486] [database.py] [line:114] [INFO] # v2_work_crm_order_main_son 数据列表：
()

[2025-07-29 15:25:43,504] [database.py] [line:121] [INFO] # v2_work_crm_order_main_status 数据列表：
((49625, '20250729143344225998', 0, 0, 2, 0, None, 3, 0, 889017, 889017, 'wwec9bda2817108582', '百灵智投', 'ZhaoNan', 'ZhaoNan', 1, 2, 0, '趋势智投', 3, 'qszt-4-2', '这是趋势智投-四合一的描述', 183, 11, 0, '20250707142943555361', '', 0, 0, 'o1ELc6LrAZOqCjYiOZur5A-sVzYc', 3, 3, None, 0, 0, '', '', 0, datetime.datetime(2025, 7, 29, 14, 33, 44), None, None, 0, '888996', None, None, None, '889009', None, None, None, '889003,889013,889017,889089,889095', None, None, None),)

[2025-07-29 15:25:43,521] [database.py] [line:127] [INFO] # v2_work_crm_hegui 数据列表：
()

[2025-07-29 15:25:43,539] [database.py] [line:133] [INFO] # v2_work_crm_order_contract 数据列表：
()

[2025-07-29 15:25:43,876] [database.py] [line:241] [INFO] # app `stock-rubik-cube`.contract_new数据列表：
()

[2025-07-29 15:25:43,888] [database.py] [line:252] [INFO] # app `stock-rubik-cube`.`order`数据列表：
()

[2025-07-29 15:25:43,902] [database.py] [line:287] [INFO] # app `stock-rubik-cube`.user_order_product数据列表：
()

[2025-07-29 15:25:43,916] [database.py] [line:85] [INFO] # 
退款订单号：20250729143355644532
[2025-07-29 15:25:43,933] [database.py] [line:97] [INFO] # 退款订单unionid：o1ELc6LrAZOqCjYiOZur5A-sVzYc，kill_order：
[2025-07-29 15:25:43,952] [database.py] [line:107] [INFO] # v2_work_crm_order_main 数据列表：
((49467, '20250729143355644532', 10175, 5, 5, 0, 0, None, '', 'o1ELc6LrAZOqCjYiOZur5A-sVzYc', '赵楠', 'H4qNWOvOwe$$$$A$$$$rqaPhQyIw==', None, None, 274, 0, None, None, None, None, 0, datetime.datetime(2025, 7, 29, 14, 33, 55), datetime.datetime(2025, 7, 29, 14, 33, 55)),)

[2025-07-29 15:25:43,969] [database.py] [line:114] [INFO] # v2_work_crm_order_main_son 数据列表：
()

[2025-07-29 15:25:43,987] [database.py] [line:121] [INFO] # v2_work_crm_order_main_status 数据列表：
((49626, '20250729143355644532', 0, 0, 2, 0, None, 3, 0, 889017, 889017, 'wwec9bda2817108582', '百灵智投', 'ZhaoNan', 'ZhaoNan', 1, 2, 0, '趋势智投', 5, 'qszt-4-2', '这是趋势智投-四合一的描述', 274, 11, 0, '20250707142943555361', '', 0, 0, 'o1ELc6LrAZOqCjYiOZur5A-sVzYc', 5, 5, None, 0, 0, '', '', 0, datetime.datetime(2025, 7, 29, 14, 33, 55), None, None, 0, '888996', None, None, None, '889009', None, None, None, '889003,889013,889017,889089,889095', None, None, None),)

[2025-07-29 15:25:44,005] [database.py] [line:127] [INFO] # v2_work_crm_hegui 数据列表：
()

[2025-07-29 15:25:44,024] [database.py] [line:133] [INFO] # v2_work_crm_order_contract 数据列表：
()

[2025-07-29 15:25:44,359] [database.py] [line:241] [INFO] # app `stock-rubik-cube`.contract_new数据列表：
()

[2025-07-29 15:25:44,371] [database.py] [line:252] [INFO] # app `stock-rubik-cube`.`order`数据列表：
()

[2025-07-29 15:25:44,385] [database.py] [line:287] [INFO] # app `stock-rubik-cube`.user_order_product数据列表：
()

[2025-07-29 15:25:44,398] [database.py] [line:85] [INFO] # 
退款订单号：20250729143404760872
[2025-07-29 15:25:44,416] [database.py] [line:97] [INFO] # 退款订单unionid：o1ELc6LrAZOqCjYiOZur5A-sVzYc，kill_order：
[2025-07-29 15:25:44,434] [database.py] [line:107] [INFO] # v2_work_crm_order_main 数据列表：
((49468, '20250729143404760872', 10176, 7, 7, 0, 0, None, '', 'o1ELc6LrAZOqCjYiOZur5A-sVzYc', '赵楠', 'H4qNWOvOwe$$$$A$$$$rqaPhQyIw==', None, None, 365, 0, None, None, None, None, 0, datetime.datetime(2025, 7, 29, 14, 34, 4), datetime.datetime(2025, 7, 29, 14, 34, 4)),)

[2025-07-29 15:25:44,451] [database.py] [line:114] [INFO] # v2_work_crm_order_main_son 数据列表：
()

[2025-07-29 15:25:44,470] [database.py] [line:121] [INFO] # v2_work_crm_order_main_status 数据列表：
((49627, '20250729143404760872', 0, 0, 2, 0, None, 3, 0, 889017, 889017, 'wwec9bda2817108582', '百灵智投', 'ZhaoNan', 'ZhaoNan', 1, 2, 0, '趋势智投', 7, 'qszt-4-2', '这是趋势智投-四合一的描述', 365, 11, 0, '20250707142943555361', '', 0, 0, 'o1ELc6LrAZOqCjYiOZur5A-sVzYc', 7, 7, None, 0, 0, '', '', 0, datetime.datetime(2025, 7, 29, 14, 34, 4), None, None, 0, '888996', None, None, None, '889009', None, None, None, '889003,889013,889017,889089,889095', None, None, None),)

[2025-07-29 15:25:44,488] [database.py] [line:127] [INFO] # v2_work_crm_hegui 数据列表：
()

[2025-07-29 15:25:44,506] [database.py] [line:133] [INFO] # v2_work_crm_order_contract 数据列表：
()

[2025-07-29 15:25:44,844] [database.py] [line:241] [INFO] # app `stock-rubik-cube`.contract_new数据列表：
()

[2025-07-29 15:25:44,857] [database.py] [line:252] [INFO] # app `stock-rubik-cube`.`order`数据列表：
()

[2025-07-29 15:25:44,871] [database.py] [line:287] [INFO] # app `stock-rubik-cube`.user_order_product数据列表：
()

[2025-07-29 15:25:44,884] [database.py] [line:85] [INFO] # 
退款订单号：20250729143414531213
[2025-07-29 15:25:44,901] [database.py] [line:97] [INFO] # 退款订单unionid：o1ELc6LrAZOqCjYiOZur5A-sVzYc，kill_order：
[2025-07-29 15:25:44,919] [database.py] [line:107] [INFO] # v2_work_crm_order_main 数据列表：
((49469, '20250729143414531213', 10163, 10, 10, 0, 0, None, '', 'o1ELc6LrAZOqCjYiOZur5A-sVzYc', '赵楠', 'H4qNWOvOwe$$$$A$$$$rqaPhQyIw==', None, None, 183, 0, None, None, None, None, 0, datetime.datetime(2025, 7, 29, 14, 34, 14), datetime.datetime(2025, 7, 29, 14, 34, 14)),)

[2025-07-29 15:25:44,937] [database.py] [line:114] [INFO] # v2_work_crm_order_main_son 数据列表：
()

[2025-07-29 15:25:44,954] [database.py] [line:121] [INFO] # v2_work_crm_order_main_status 数据列表：
((49628, '20250729143414531213', 0, 0, 2, 0, None, 3, 0, 889017, 889017, 'wwec9bda2817108582', '百灵智投', 'ZhaoNan', 'ZhaoNan', 1, 2, 0, '私人定制', 11800000, 'srdz', '这是私人定制的描述', 183, 4, 0, '20250707142943555361', '', 0, 0, 'o1ELc6LrAZOqCjYiOZur5A-sVzYc', 10, 10, None, 0, 0, '', '2a04796f5a3b751f68f999877bd8401a', 0, datetime.datetime(2025, 7, 29, 14, 34, 14), None, None, 0, '888996', None, None, None, '889009', None, None, None, '889003,889013,889017,889089,889095', None, None, None),)

[2025-07-29 15:25:44,972] [database.py] [line:127] [INFO] # v2_work_crm_hegui 数据列表：
()

[2025-07-29 15:25:44,990] [database.py] [line:133] [INFO] # v2_work_crm_order_contract 数据列表：
()

[2025-07-29 15:25:45,324] [database.py] [line:241] [INFO] # app `stock-rubik-cube`.contract_new数据列表：
()

[2025-07-29 15:25:45,337] [database.py] [line:252] [INFO] # app `stock-rubik-cube`.`order`数据列表：
((3338203510512787459,),)

[2025-07-29 15:25:45,337] [database.py] [line:259] [INFO] # app用户id：3338203510512787459

[2025-07-29 15:25:45,380] [database.py] [line:287] [INFO] # app `stock-rubik-cube`.user_order_product数据列表：
()

[2025-07-29 15:25:45,394] [database.py] [line:85] [INFO] # 
退款订单号：20250729143421205145
[2025-07-29 15:25:45,412] [database.py] [line:97] [INFO] # 退款订单unionid：o1ELc6LrAZOqCjYiOZur5A-sVzYc，kill_order：
[2025-07-29 15:25:45,430] [database.py] [line:107] [INFO] # v2_work_crm_order_main 数据列表：
((49470, '20250729143421205145', 10164, 15, 15, 0, 0, None, '', 'o1ELc6LrAZOqCjYiOZur5A-sVzYc', '赵楠', 'H4qNWOvOwe$$$$A$$$$rqaPhQyIw==', None, None, 365, 0, None, None, None, None, 0, datetime.datetime(2025, 7, 29, 14, 34, 21), datetime.datetime(2025, 7, 29, 14, 34, 21)),)

[2025-07-29 15:25:45,448] [database.py] [line:114] [INFO] # v2_work_crm_order_main_son 数据列表：
()

[2025-07-29 15:25:45,466] [database.py] [line:121] [INFO] # v2_work_crm_order_main_status 数据列表：
((49629, '20250729143421205145', 0, 0, 2, 0, None, 3, 0, 889017, 889017, 'wwec9bda2817108582', '百灵智投', 'ZhaoNan', 'ZhaoNan', 1, 2, 0, '私人定制', 16800000, 'srdz', '这是私人定制的描述', 365, 4, 0, '20250707142943555361', '', 0, 0, 'o1ELc6LrAZOqCjYiOZur5A-sVzYc', 15, 15, None, 0, 0, '', '77da2c3f1525ce94d0aef527d72169b6', 0, datetime.datetime(2025, 7, 29, 14, 34, 21), None, None, 0, '888996', None, None, None, '889009', None, None, None, '889003,889013,889017,889089,889095', None, None, None),)

[2025-07-29 15:25:45,484] [database.py] [line:127] [INFO] # v2_work_crm_hegui 数据列表：
()

[2025-07-29 15:25:45,501] [database.py] [line:133] [INFO] # v2_work_crm_order_contract 数据列表：
()

[2025-07-29 15:25:45,834] [database.py] [line:241] [INFO] # app `stock-rubik-cube`.contract_new数据列表：
()

[2025-07-29 15:25:45,846] [database.py] [line:252] [INFO] # app `stock-rubik-cube`.`order`数据列表：
((3338203510512787459,),)

[2025-07-29 15:25:45,846] [database.py] [line:259] [INFO] # app用户id：3338203510512787459

[2025-07-29 15:25:45,884] [database.py] [line:287] [INFO] # app `stock-rubik-cube`.user_order_product数据列表：
()

[2025-07-29 15:25:45,937] [database.py] [line:308] [INFO] # o1ELc6LrAZOqCjYiOZur5A-sVzYc用户到期时间：(datetime.datetime(2025, 8, 14, 14, 31, 26),)
[2025-07-29 15:25:45,956] [database.py] [line:322] [INFO] # 更新work_crm_base_user表u_expire_date成功！
