[2025-09-02 10:31:12,793] [log.py] [line:31] [INFO] # ======Start printing logs======
[2025-09-02 10:31:16,044] [database.py] [line:80] [INFO] # 退款订单id列表：['20250902095655144460', '20250901171747885476', '20250901152609080225', '20250901150231463962', '20250901145950182372', '20250829152143102825', '20250829150813306378', '20250829134417623643']
[2025-09-02 10:31:16,044] [database.py] [line:85] [INFO] # 
退款订单号：20250902095655144460
[2025-09-02 10:31:16,065] [database.py] [line:97] [INFO] # 退款订单unionid：o1ELc6LrAZOqCjYiOZur5A-sVzYc，kill_order：
[2025-09-02 10:31:16,100] [database.py] [line:107] [INFO] # v2_work_crm_order_main 数据列表：
((49518, '20250902095655144460', 10105, 1, 1, 1, 1, '1756778338', '4200002830202509023429824038', 'o1ELc6LrAZOqCjYiOZur5A-sVzYc', '赵楠', 'H4qNWOvOwe$$$$A$$$$rqaPhQyIw==', datetime.datetime(2025, 9, 2, 15, 31, 3), datetime.datetime(2025, 9, 4, 15, 31, 3), 2, 0, datetime.datetime(2025, 9, 4, 15, 31, 3), None, None, None, 0, datetime.datetime(2025, 9, 2, 9, 56, 55), datetime.datetime(2025, 9, 2, 9, 56, 55)),)

[2025-09-02 10:31:16,121] [database.py] [line:114] [INFO] # v2_work_crm_order_main_son 数据列表：
((15102, '20250902095655144460', 'SOD20250902095853319581', 1, 1, 1, '1756778338', '4200002830202509023429824038', None, '50303804512025090207624801554', '20250902100458434600', datetime.datetime(2025, 9, 2, 10, 4, 59), None, None, None, None, None, None, None, None, datetime.datetime(2025, 9, 2, 9, 58, 53)),)

[2025-09-02 10:31:16,155] [database.py] [line:121] [INFO] # v2_work_crm_order_main_status 数据列表：
((49677, '20250902095655144460', 1, 1, 2, 1, datetime.datetime(2025, 9, 2, 10, 0, 7), 1, 4, 889009, 889009, 'wwec9bda2817108582', '百灵智投', 'cheng', 'cheng', 1, 3, 1, '研选量投', 1, 'yxlt', '这是研选量投的描述', 2, 3, 0, '20250901152609080225', '', 0, 0, 'o1ELc6LrAZOqCjYiOZur5A-sVzYc', 1, 1, '1756778338', 1, 0, '', '', 0, datetime.datetime(2025, 9, 2, 9, 56, 55), None, datetime.datetime(2025, 9, 2, 10, 0, 7), 0, '888996', None, None, None, '889009', None, None, None, '889003,889089,889095', None, None, None),)

[2025-09-02 10:31:16,175] [database.py] [line:127] [INFO] # v2_work_crm_hegui 数据列表：
((1198, '20250902095655144460', 'o1ELc6LrAZOqCjYiOZur5A-sVzYc', 1, 101371, '', 1, 0, 1, None, None, 1, None, None, None, None, -1, 0, '', 0, datetime.datetime(2025, 9, 2, 9, 58, 51), datetime.datetime(2025, 9, 2, 10, 0, 7)),)

[2025-09-02 10:31:16,196] [database.py] [line:133] [INFO] # v2_work_crm_order_contract 数据列表：
((44546, '20250902095655144460', '3b20d13effb3489bbfba3d63acfa3d6e', 'f3c4f90227914af4bfd8c962b5c80f92', '8c4a35b69d4d4dcdbe2885e0d279fdd8', 1, '产品服务协议', 'eeZRyEm7vbDA0Lxi1n6NDNDfMbS3FBKFV1I5u28WftFIskiH4SusbdejbsUQMFXYeTZ7DiuHw1ppothtjVmV4tlybifmd804lZVHCnkly3TKc@@@@lCM6kGFw==', '5VFbtjRSP9eHX@@@@3H$$$$LTFZHMFWXdll9IAoUrn7BPXz2yXtq3TplNQwvXJ@@@@yh5@@@@XRKsF5R58jYF0zSk4TgP44@@@@wtWKtPoYQ9y87Rn6ux68ISiTrLsa7YUbZw==', datetime.datetime(2025, 9, 2, 10, 0, 7), '2025-09-02 09:58:45', 'YSTG10A25090200001', None, 'eqoh5xxl$$$$ZHJkZo7HfytjEyYA801VLRe$$$$pS78cSF3nsGRbaNikpsiSE1WU2duLjukCxhu6DZB852D2oIq8h6Tjgfi3ceE1SyTuoxBy$$$$3O6rAKeUirii3i$$$$tVfGj2T0WoXDDix47TcowNW1Zd59ToaPXD3r69j7AYsP8qFtsHIDi5qVn14z3VgcAL$$$$tubvjpyWSjyKotZtA4L3dphwNqvHHk2ew4rh8NaaaLYbY1ZleLZcm4n5nfNOJWVRwp5Jct0d@@@@NrlySjKXplUsGwiHEE2wvd2mHA2q8ceTZ7DiuHw1ppothtjVmV4tlybifmd804lZVHCnkly3RVciKiMhbRwQ==', 0, '', datetime.datetime(2025, 9, 2, 9, 58, 51), datetime.datetime(2025, 9, 2, 9, 58, 51)), (44547, '20250902095655144460', 'b06eecded2e34b19819a64e35b285692', 'c1c70d56633542e1bc98f05d11c78915', 'dc588181a755439aace7955f2b6da66b', 2, '服务终止协议', 'eeZRyEm7vbDA0Lxi1n6NDNDfMbS3FBKFV1I5u28WftFIskiH4SusbdejbsUQMFXYeTZ7DiuHw1qMhEtrhCAm7CnkDwUwSAZD1ix3e5xilyCp$$$$TDnMmtL4Q==', '5VFbtjRSP9eHX@@@@3H$$$$LTFZHMFWXdll9IAoUrn7BPXz2yXtq3TplNQwvXJ@@@@yh5@@@@XRKsF5R58jYF0yzDQ@@@@e6YJtp9WKtPoYQ9y8Wtop4tsrjQIVkSAvk1QDVAKVKkXrxLRy', datetime.datetime(2025, 9, 2, 10, 4, 58), None, 'YSTG10Z25090200001', '5VFbtjRSP9c7CZnanI3IRNPGIqL3XO9ADgf2Ad7asTUreGnYBhwAgjgw3yiaXAlTRqc10T21bMKlKDbSW81jbjHekINqr1Pp90eAmeNh@@@@twHL4KeKpvGx@@@@TKJOj9XV5hjXtbShg4YIvwCK89bG0Nm4Vd3q8@@@@vR7OfwPRCFihxL5cfT3Y$$$$f6qbf3b7zxZ4zVrCoqHLOxxOSlPyxzgsv0DpxMQjc4bFhl7Y5j04oP3ose6JwL0oEIe30rs30XqsDuOu$$$$jp9qUoNkr$$$$cDbZy6rjhDBeEUYw@@@@d6Jl4v0cx0ZuPG9KV4l@@@@lRkCuWW05KtMdxcOaE4MZrcqz8I9q0MnXw8VC1k2cAAkcJKWI86A9KPfZ9msaoA7Ceh3BzaWSLIVUanShbca17j2JCYcJ99GRnNuYBs$$$$8qYrWAURXQCK0OMBssDD0OXVVLNOWhQw@@@@FyN8BC@@@@h0QyHlN7SvucvkyRf@@@@tQwS78@@@@$$$$j1bD7gI@@@@3fETchB0pFq7C2liQKAVnDJk5T67uRoyf7jQ9@@@@aIXt4OdZQl9@@@@p6Xc62HXIL0E8IAQbVAqtJu@@@@CW8gmhNsgys8jn9rd0yyuWxjqJBHy8zk6B5QhhNvXXo9UW8Q3BW$$$$nGG7VZ6fbjYq$$$$1AnNPFeg==', 'eqoh5xxl$$$$ZHJkZo7HfytjEyYA801VLRe$$$$pS78cSF3nsGRbaNikpsiSE1WU2duLjukCxhu6DZB852D2oIq8h6Tjgfi3ceE1Sy070a6NGSueq5ShRGC9ixGV$$$$z@@@@aVfTx@@@@5Ol8AO07dcEULyVV7tSKBLHFBWYaT3yCUh1@@@@9x@@@@i0xWRzBVl3ZZfSAKFK5$$$$wT189sMZloZa4v7S7Ci$$$$THkLTbpxjXEh$$$$c9kUBLHSQlhKqnELgwOrBp5guAX$$$$uTO84HwxzihG@@@@dvMqSFd382uXJKMpemVSwbCIcQTbC93aYcDarxx5NnsOK4fDWoyES2uEICbsKeQPBTBIBkPWLHd7nGKXINN91F$$$$BKU79ApUqRevEtHI=', 0, '', datetime.datetime(2025, 9, 2, 10, 2, 39), datetime.datetime(2025, 9, 2, 10, 2, 39)))

[2025-09-02 10:31:16,216] [database.py] [line:144] [INFO] # 风险测评id：41646
[2025-09-02 10:31:16,258] [database.py] [line:157] [INFO] # 退款id：1324
[2025-09-02 10:31:16,638] [database.py] [line:241] [INFO] # app `stock-rubik-cube`.contract_new数据列表：
((219720, '20250902095655144460', 3338203510512787459, 'YSTG10A25090200001', 0, 'service', 0, datetime.date(2025, 9, 2), 'f3c4f90227914af4bfd8c962b5c80f92', '3b20d13effb3489bbfba3d63acfa3d6e', 'AAAAAAq8uroAAAAAAAgsAq+Ztm2BySwTZj9hVJ3kE3GwB2aRZsN+IsbwhNOwpR3Sf6NNft0NZJlp6AntZ0QUxbSCS+K3kQybvz2yBIlPmuqiVDiE0xew26RoE1yXACIBo4L6gTuVZJoUhWeO4GDpjh7GVSeuqsIgUN6wK0XkuZfi6HbqmD3HnCJlAKXPBIZBGy/skKyzk/NY4jUD/DuFLKO8eoxp2Ynj3ho9BvEYks6C+Ybw8uN+x9XaKWx0cv+GXgUZNFUoM8et+Go3DdojNqZnoHjm7CX410LTFRZGedd0BF4SaXRq+l/OU0JC1px7RbRTFlyFhvLEb3bMOt77Jfew4WtQN6QRNyuxZgsLypGrsu62wysFm0Tlda+laeCShkfcDRLNo3j8VO0b+SmSLsIkd5QtdX4psAkSf2x2OfUur9g5nTDAdwPJbPOh3tQr6YFCdmXLK2VWZt8B7Srw2ZA5DJn/tEivTs145Gf0QAGJlQEI8EMwmFFviC7JSOhbaITWFzK0UvV/OPIpMsCYbz5hNZjv7V9BJPzClDzbiD94VpsmYB38lrHpQqW9pMHEYzLN+qKdDjmC6pE2/8x0HyjZDVOM8/f+HkqD70k0t7vAkam6LFxzZqDavkM2+gJ0XF+j0tiQrhI8sX+S6eC9jeJQDxVe', 'AAAAAAq8uroAAAAAAAgsAzdhXrQztiPZL5SAuLFWk3XHyI+LVqFdr1uJQkbEmWxoSUuUiATZUXY7xMYnGnf1tsaNyeZ+sz002ZB1wGGAaQrH9eLcFajoCM6SVV9kyOWhuGrpfprwNeH8ai5G1MG3JjC5MDk=', datetime.datetime(2025, 9, 2, 9, 58, 45), datetime.datetime(2025, 9, 2, 9, 57, 29), datetime.datetime(2025, 9, 2, 10, 0, 8), 0, '', 2, ''), (219721, '20250902095655144460', 3338203510512787459, 'YSTG10Z25090200001', 1, 'termination', 0, datetime.date(2025, 9, 2), 'c1c70d56633542e1bc98f05d11c78915', 'b06eecded2e34b19819a64e35b285692', 'AAAAAAq8uroAAAAAAAgsBId3UoFBHsPIamXKyY/aGNtUYuY9ceMYpAXwi2VkQvky6wqMuzB8ZkZhpZURW2P6M+8Thy1TI9sNITLtU2KAKuawN1HL1TKhNhrPOAyomdzUwuoQukWTJ/LqlOqwSxJIEbXJsXjvRgPkmUnxxhBCsEP1URzAhWh6ptdBvoSF+8Z8gxy1JbDwMo82Srm7GGPxoSpTFZyxP0ZBtBS7uokYnjFMCOL1MbNkkuBWfc9/kMpIRv9FtB1Oll6/TwJz5DHhl+IXX2qxYhclPt4X+Ndb6NajC/cntwR0+2NpVocI+mbOCrqeYh+qmGTY7Ehih3l1TxwAPCpPq/qGIfVO/90MZTXHqpVcXLp/mZMATrFfzyiJbH36nxKdROMigW3xHvUWoJho20FM/3OHwy980g8pM5m8kaxcgdRjIEcw69dQcSiLflNL3E8o3WN40RiGnqf3SKgJw2JaDQrXBW/7V90yq0I210Zc1OY7fp5YR3QfWbAoCBlzOytHD7uqu54QjIElKvB03N5ZYadfhfc7VcfM1QPZXbkVP7w5Jc6suxTeIDJ5toOu39/KgDPuHyeZv7U0SLoDOhC+sn90j8yF33hvwg5Bg2+R2D2YY3cQKRFnVMFP0R1X08v7vMy/whQHsPpZv8S5JWwq2o4=', 'AAAAAAq8uroAAAAAAAgsBf0+tTd0HhYQrwv9+tn3IqPTAceP8Pj6eHHSlsCR7eppi10B+PjQwPSlN/bpK2ejSwybXaJBCzesdkVeh4ueW1VpqN57+o0yE7Kijl/keTDJ/vLWVQ5Z0FQz5n7L6XZArMtFJL4If72G', datetime.datetime(2025, 9, 2, 10, 4, 20), datetime.datetime(2025, 9, 2, 10, 2, 39), datetime.datetime(2025, 9, 2, 10, 4, 58), 0, '', 2, ''))

[2025-09-02 10:31:16,638] [database.py] [line:245] [INFO] # app `stock-rubik-cube`.contract_new数据：
(219720, '20250902095655144460', 3338203510512787459, 'YSTG10A25090200001', 0, 'service', 0, datetime.date(2025, 9, 2), 'f3c4f90227914af4bfd8c962b5c80f92', '3b20d13effb3489bbfba3d63acfa3d6e', 'AAAAAAq8uroAAAAAAAgsAq+Ztm2BySwTZj9hVJ3kE3GwB2aRZsN+IsbwhNOwpR3Sf6NNft0NZJlp6AntZ0QUxbSCS+K3kQybvz2yBIlPmuqiVDiE0xew26RoE1yXACIBo4L6gTuVZJoUhWeO4GDpjh7GVSeuqsIgUN6wK0XkuZfi6HbqmD3HnCJlAKXPBIZBGy/skKyzk/NY4jUD/DuFLKO8eoxp2Ynj3ho9BvEYks6C+Ybw8uN+x9XaKWx0cv+GXgUZNFUoM8et+Go3DdojNqZnoHjm7CX410LTFRZGedd0BF4SaXRq+l/OU0JC1px7RbRTFlyFhvLEb3bMOt77Jfew4WtQN6QRNyuxZgsLypGrsu62wysFm0Tlda+laeCShkfcDRLNo3j8VO0b+SmSLsIkd5QtdX4psAkSf2x2OfUur9g5nTDAdwPJbPOh3tQr6YFCdmXLK2VWZt8B7Srw2ZA5DJn/tEivTs145Gf0QAGJlQEI8EMwmFFviC7JSOhbaITWFzK0UvV/OPIpMsCYbz5hNZjv7V9BJPzClDzbiD94VpsmYB38lrHpQqW9pMHEYzLN+qKdDjmC6pE2/8x0HyjZDVOM8/f+HkqD70k0t7vAkam6LFxzZqDavkM2+gJ0XF+j0tiQrhI8sX+S6eC9jeJQDxVe', 'AAAAAAq8uroAAAAAAAgsAzdhXrQztiPZL5SAuLFWk3XHyI+LVqFdr1uJQkbEmWxoSUuUiATZUXY7xMYnGnf1tsaNyeZ+sz002ZB1wGGAaQrH9eLcFajoCM6SVV9kyOWhuGrpfprwNeH8ai5G1MG3JjC5MDk=', datetime.datetime(2025, 9, 2, 9, 58, 45), datetime.datetime(2025, 9, 2, 9, 57, 29), datetime.datetime(2025, 9, 2, 10, 0, 8), 0, '', 2, '')

[2025-09-02 10:31:16,638] [database.py] [line:245] [INFO] # app `stock-rubik-cube`.contract_new数据：
(219721, '20250902095655144460', 3338203510512787459, 'YSTG10Z25090200001', 1, 'termination', 0, datetime.date(2025, 9, 2), 'c1c70d56633542e1bc98f05d11c78915', 'b06eecded2e34b19819a64e35b285692', 'AAAAAAq8uroAAAAAAAgsBId3UoFBHsPIamXKyY/aGNtUYuY9ceMYpAXwi2VkQvky6wqMuzB8ZkZhpZURW2P6M+8Thy1TI9sNITLtU2KAKuawN1HL1TKhNhrPOAyomdzUwuoQukWTJ/LqlOqwSxJIEbXJsXjvRgPkmUnxxhBCsEP1URzAhWh6ptdBvoSF+8Z8gxy1JbDwMo82Srm7GGPxoSpTFZyxP0ZBtBS7uokYnjFMCOL1MbNkkuBWfc9/kMpIRv9FtB1Oll6/TwJz5DHhl+IXX2qxYhclPt4X+Ndb6NajC/cntwR0+2NpVocI+mbOCrqeYh+qmGTY7Ehih3l1TxwAPCpPq/qGIfVO/90MZTXHqpVcXLp/mZMATrFfzyiJbH36nxKdROMigW3xHvUWoJho20FM/3OHwy980g8pM5m8kaxcgdRjIEcw69dQcSiLflNL3E8o3WN40RiGnqf3SKgJw2JaDQrXBW/7V90yq0I210Zc1OY7fp5YR3QfWbAoCBlzOytHD7uqu54QjIElKvB03N5ZYadfhfc7VcfM1QPZXbkVP7w5Jc6suxTeIDJ5toOu39/KgDPuHyeZv7U0SLoDOhC+sn90j8yF33hvwg5Bg2+R2D2YY3cQKRFnVMFP0R1X08v7vMy/whQHsPpZv8S5JWwq2o4=', 'AAAAAAq8uroAAAAAAAgsBf0+tTd0HhYQrwv9+tn3IqPTAceP8Pj6eHHSlsCR7eppi10B+PjQwPSlN/bpK2ejSwybXaJBCzesdkVeh4ueW1VpqN57+o0yE7Kijl/keTDJ/vLWVQ5Z0FQz5n7L6XZArMtFJL4If72G', datetime.datetime(2025, 9, 2, 10, 4, 20), datetime.datetime(2025, 9, 2, 10, 2, 39), datetime.datetime(2025, 9, 2, 10, 4, 58), 0, '', 2, '')

[2025-09-02 10:31:16,657] [database.py] [line:252] [INFO] # app `stock-rubik-cube`.`order`数据列表：
((3338203510512787459,),)

[2025-09-02 10:31:16,657] [database.py] [line:259] [INFO] # app用户id：3338203510512787459

[2025-09-02 10:31:16,708] [database.py] [line:287] [INFO] # app `stock-rubik-cube`.user_order_product数据列表：
()

[2025-09-02 10:31:16,726] [database.py] [line:85] [INFO] # 
退款订单号：20250901171747885476
[2025-09-02 10:31:16,746] [database.py] [line:97] [INFO] # 退款订单unionid：o1ELc6LrAZOqCjYiOZur5A-sVzYc，kill_order：
[2025-09-02 10:31:16,767] [database.py] [line:107] [INFO] # v2_work_crm_order_main 数据列表：
((49517, '20250901171747885476', 10153, 15, 15, 0, 0, None, '', 'o1ELc6LrAZOqCjYiOZur5A-sVzYc', '赵楠', 'H4qNWOvOwe$$$$A$$$$rqaPhQyIw==', None, None, 1, 0, None, None, None, None, 0, datetime.datetime(2025, 9, 1, 17, 17, 47), datetime.datetime(2025, 9, 1, 17, 17, 47)),)

[2025-09-02 10:31:16,788] [database.py] [line:114] [INFO] # v2_work_crm_order_main_son 数据列表：
()

[2025-09-02 10:31:16,809] [database.py] [line:121] [INFO] # v2_work_crm_order_main_status 数据列表：
((49676, '20250901171747885476', 0, 0, 2, 0, None, 3, 0, 889095, 889095, 'wwec9bda2817108582', '百灵智投', 'ZhangYuZe', 'ZhangYuZe', 1, 3, 0, '私人定制', 16800000, 'srdz', '这是私人定制的描述', 1, 4, 0, '20250901152609080225', '', 0, 0, 'o1ELc6LrAZOqCjYiOZur5A-sVzYc', 15, 15, None, 0, 0, '', '6d95a90f254b53a03d5392f101f039b2', 0, datetime.datetime(2025, 9, 1, 17, 17, 47), None, None, 0, '888996', None, None, None, '889009', None, None, None, '889003,889089,889095', None, None, None),)

[2025-09-02 10:31:16,829] [database.py] [line:127] [INFO] # v2_work_crm_hegui 数据列表：
()

[2025-09-02 10:31:16,850] [database.py] [line:133] [INFO] # v2_work_crm_order_contract 数据列表：
()

[2025-09-02 10:31:17,246] [database.py] [line:241] [INFO] # app `stock-rubik-cube`.contract_new数据列表：
((219719, '20250901171747885476', 3338203510512787459, 'YSTG10A25090100006', 0, 'service', 0, datetime.date(2025, 9, 1), '01c9c1b0092649fba354a9de412886b6', '02099ed77e4d435bb4662abed5174ce2', 'AAAAAAq8uroAAAAAAAgsAeMvJnj7jKCYNo80BzkNnIds86fv/XbtO4qVNu+EWc2uFs5w6HKafDhVUAMnjV6pGFfsMQWc5j9hGbYAtLJKalE1Jd0XXsgBigV/HvFb9QSVXcyIcVGuWZ8Bbf4eacJZh2TXO9JYloN36OoP+1wWbtWuBfVKk5JGF/mnNs7Sxq4yjMP0ivIMu/RLziWjzXidt3Jz/A5cudVBig602QAS11ioAEhFj7UCkx0kdvaF6aTpaj+zhTMCasasoXUp8TWDd9C42+4PCMvjZj5tqpM+84sK21J95CuHPH+g+vU5Fk7EqDeGPMfCe1Bt+A9u/R6r3wqGOuKIF0ye6X3UmOxp054OOovSiNX3orpU5OAXrar1Am7YPM34tM6jQryFqgCdXp5gGcZIYmnNDCgYWwmMdboG8eC7aFKl2PH3CE1wG2FK3uCbr5hNiZOIHKcsJfA2aJaxV7n2soqq6tCahHih2zDnGvPgYOSVZlcsrthFDXo5wItp6euv2tIJ5fW6pxiQhuzfQEF489rczGuPYahLGAaR8MRst6Kc/5pNoHzoPO4XNlOhkijNfjuxUyAD8wAjfTv0G+AAj9kG52eXIT805RZACzw0ow91pPbwGHJTAtnSL+ta85EqxPnRCem3a7sikxIpWLvbvPI=', '', None, datetime.datetime(2025, 9, 1, 17, 17, 56), datetime.datetime(2025, 9, 2, 10, 31, 9), 0, '', 0, ''),)

[2025-09-02 10:31:17,246] [database.py] [line:245] [INFO] # app `stock-rubik-cube`.contract_new数据：
(219719, '20250901171747885476', 3338203510512787459, 'YSTG10A25090100006', 0, 'service', 0, datetime.date(2025, 9, 1), '01c9c1b0092649fba354a9de412886b6', '02099ed77e4d435bb4662abed5174ce2', 'AAAAAAq8uroAAAAAAAgsAeMvJnj7jKCYNo80BzkNnIds86fv/XbtO4qVNu+EWc2uFs5w6HKafDhVUAMnjV6pGFfsMQWc5j9hGbYAtLJKalE1Jd0XXsgBigV/HvFb9QSVXcyIcVGuWZ8Bbf4eacJZh2TXO9JYloN36OoP+1wWbtWuBfVKk5JGF/mnNs7Sxq4yjMP0ivIMu/RLziWjzXidt3Jz/A5cudVBig602QAS11ioAEhFj7UCkx0kdvaF6aTpaj+zhTMCasasoXUp8TWDd9C42+4PCMvjZj5tqpM+84sK21J95CuHPH+g+vU5Fk7EqDeGPMfCe1Bt+A9u/R6r3wqGOuKIF0ye6X3UmOxp054OOovSiNX3orpU5OAXrar1Am7YPM34tM6jQryFqgCdXp5gGcZIYmnNDCgYWwmMdboG8eC7aFKl2PH3CE1wG2FK3uCbr5hNiZOIHKcsJfA2aJaxV7n2soqq6tCahHih2zDnGvPgYOSVZlcsrthFDXo5wItp6euv2tIJ5fW6pxiQhuzfQEF489rczGuPYahLGAaR8MRst6Kc/5pNoHzoPO4XNlOhkijNfjuxUyAD8wAjfTv0G+AAj9kG52eXIT805RZACzw0ow91pPbwGHJTAtnSL+ta85EqxPnRCem3a7sikxIpWLvbvPI=', '', None, datetime.datetime(2025, 9, 1, 17, 17, 56), datetime.datetime(2025, 9, 2, 10, 31, 9), 0, '', 0, '')

[2025-09-02 10:31:17,262] [database.py] [line:252] [INFO] # app `stock-rubik-cube`.`order`数据列表：
((3338203510512787459,),)

[2025-09-02 10:31:17,262] [database.py] [line:259] [INFO] # app用户id：3338203510512787459

[2025-09-02 10:31:17,310] [database.py] [line:287] [INFO] # app `stock-rubik-cube`.user_order_product数据列表：
()

[2025-09-02 10:31:17,328] [database.py] [line:85] [INFO] # 
退款订单号：20250901152609080225
[2025-09-02 10:31:17,348] [database.py] [line:97] [INFO] # 退款订单unionid：o1ELc6LrAZOqCjYiOZur5A-sVzYc，kill_order：
[2025-09-02 10:31:17,368] [database.py] [line:107] [INFO] # v2_work_crm_order_main 数据列表：
((49516, '20250901152609080225', 10123, 15, 15, 1, 3, '1756711750', '', 'o1ELc6LrAZOqCjYiOZur5A-sVzYc', '赵楠', 'H4qNWOvOwe$$$$A$$$$rqaPhQyIw==', datetime.datetime(2025, 9, 1, 15, 31, 3), datetime.datetime(2025, 9, 2, 15, 31, 3), 1, 0, datetime.datetime(2025, 9, 2, 15, 31, 3), None, None, None, 0, datetime.datetime(2025, 9, 1, 15, 26, 9), datetime.datetime(2025, 9, 1, 15, 26, 9)),)

[2025-09-02 10:31:17,390] [database.py] [line:114] [INFO] # v2_work_crm_order_main_son 数据列表：
()

[2025-09-02 10:31:17,411] [database.py] [line:121] [INFO] # v2_work_crm_order_main_status 数据列表：
((49675, '20250901152609080225', 1, 1, 2, 1, datetime.datetime(2025, 9, 1, 15, 31, 3), 2, 4, 889095, 889095, 'wwec9bda2817108582', '百灵智投', 'ZhangYuZe', 'ZhangYuZe', 1, 2, 1, '私人定制', 16800000, 'srdz', '这是私人定制的描述', 1, 4, 0, '20250829152143102825', '', 0, 0, 'o1ELc6LrAZOqCjYiOZur5A-sVzYc', 15, 15, '1756711750', 1, 0, '', 'b074c38d6b2048a31efdd98580639cc6', 0, datetime.datetime(2025, 9, 1, 15, 26, 9), None, datetime.datetime(2025, 9, 1, 15, 31, 3), 0, '888996', None, None, None, '889009', None, None, None, '889003,889017,889089,889095', None, None, None),)

[2025-09-02 10:31:17,432] [database.py] [line:127] [INFO] # v2_work_crm_hegui 数据列表：
((1197, '20250901152609080225', 'o1ELc6LrAZOqCjYiOZur5A-sVzYc', 1, 101371, '', 1, 0, 1, None, None, 1, None, None, None, None, -1, 0, '', 1, datetime.datetime(2025, 9, 1, 15, 28, 6), datetime.datetime(2025, 9, 1, 15, 31, 3)),)

[2025-09-02 10:31:17,452] [database.py] [line:133] [INFO] # v2_work_crm_order_contract 数据列表：
((44545, '20250901152609080225', 'b9c023419d5649cda36e720a23c51644', '5c64e5dc2c8344c3a783669b61020ff8', '8c4a35b69d4d4dcdbe2885e0d279fdd8', 1, '产品服务协议', 'eeZRyEm7vbDA0Lxi1n6NDNDfMbS3FBKFV1I5u28WftFIskiH4SusbdejbsUQMFXYeTZ7DiuHw1ppothtjVmV4voHS5WBoyxilZVHCnkly3TKc@@@@lCM6kGFw==', '5VFbtjRSP9eHX@@@@3H$$$$LTFZHMFWXdll9IAoUrn7BPXz2yXtq3TplNQwvXJ@@@@yh5@@@@XRKsF5R58jYF0zSk4TgP44@@@@wi8LKvqTk6Ar7Rn6ux68ISiTrLsa7YUbZw==', datetime.datetime(2025, 9, 1, 15, 31, 3), '2025-09-01 15:27:58', 'YSTG10A25090100005', None, 'eqoh5xxl$$$$ZHJkZo7HfytjEyYA801VLRe$$$$pS78cSF3nsGRbaNikpsiSE1WU2duLjukCxhu6DZB852D2oIq8h6Tjgfi3ceE1SyLUJXNNXB$$$$boEjDUwmwXxretVfGj2T0WoXDDix47TcowNW1Zd59ToaPXD3r69j7AYsP8qFtsHIDi5qVn14z3VgcAL$$$$tubvjpyWSjyKotZtA4L3dphwNqvHHk2ew4rh8NaaaLYbY1ZleL6B0uVgaMsYpWVRwp5Jct0d@@@@NrlySjKXplUsGwiHEE2wvd2mHA2q8ceTZ7DiuHw1ppothtjVmV4voHS5WBoyxilZVHCnkly3RVciKiMhbRwQ==', 0, '', datetime.datetime(2025, 9, 1, 15, 28, 6), datetime.datetime(2025, 9, 1, 15, 28, 6)), (44548, '20250901152609080225', None, None, 'dc588181a755439aace7955f2b6da66b', 2, '终止协议-测试', None, '5VFbtjRSP9eHX@@@@3H$$$$LTFZHMFWXdll9IAoUrn7BPXz2yXtq3TplNQwvXJ@@@@yh5@@@@XRKtdxtggvPysrlhLihRAZK11sfQUJJ$$$$q9n', datetime.datetime(2025, 9, 2, 10, 23, 11), '2025-09-02 10:23:11', 'c', None, None, 0, '', datetime.datetime(2025, 9, 2, 10, 22, 31), datetime.datetime(2025, 9, 2, 10, 22, 31)))

[2025-09-02 10:31:17,472] [database.py] [line:144] [INFO] # 风险测评id：41645
[2025-09-02 10:31:17,513] [database.py] [line:157] [INFO] # 退款id：1325
[2025-09-02 10:31:17,891] [database.py] [line:241] [INFO] # app `stock-rubik-cube`.contract_new数据列表：
((219718, '20250901152609080225', 3338203510512787459, 'YSTG10A25090100005', 0, 'service', 0, datetime.date(2025, 9, 1), '5c64e5dc2c8344c3a783669b61020ff8', 'b9c023419d5649cda36e720a23c51644', 'AAAAAAq8uroAAAAAAAgr/4eCeCQS4k3Dod+UIHCFsEZqTj5/jq4cEWZKd4iBFnxNZs9DCkLyUx6FZFRapvgNIhaJfiI90QwgDXL2Op+vilNoiPL/JSrHIkNcHWDas8b8ifUw0wgM+VSbS7zJjQFIyqvTpRVZ/hnCovpVCmYiup/jUMBPqASoWkVTCZoqO3thln9a4WNP+hpm68/Za/NIp76zGbWAQC6hKjsiq0XO8thhKUpOzh4IZy0fZxuuROtWFkNlIjk9QGLhLzyn4w8gn+oY3BzGHLSi5x6PoHL+HWYkyLZYsm94SOulb+veLIuj40o/G693Luxn1NnSQ0z4lw5zJZSsLXRFwYM7nHW9qgb2e+QRxCLhFn9zFfOwlA0Kd+Yxc0yuxv7fhI7Dy68xjfO0jeN6oYKQHpRx5tmY9oB5yvsAb5b5lgRlcADDea6XwX500qPtOEmVFpV74JIlbKVwjlq/O1/BFSYamHVjvYgtdzwquDRzZeny8PKzYt9IzWBIrN090fvKmhjidRkKApCQUOOwbSUbYUIfMOhY2jhXnj0jrKJWO0TahUF8QgJFD360vpslfB19uphVdhRFO9N5ia3GPm7S8GjOq+qz42hqKPezm9Raf/URby32JpZUVxpNAi48/3BL6Y/TitA/sIpWJk3lenE=', 'AAAAAAq8uroAAAAAAAgsAGeeYb/In8WhNpTIYD8F32HsZgIQTtCnsu61puaZwANmJUmpkU4v9N/vyCpQZXotVhxEe+cRyp4oVWCiXvoA3ihcp37alck3QvhKftlWOUtuAaMgZ5RbB8K/l5G8SHlpDE0FKCU=', datetime.datetime(2025, 9, 1, 15, 27, 58), datetime.datetime(2025, 9, 1, 15, 26, 15), datetime.datetime(2025, 9, 1, 15, 31, 3), 0, '', 2, ''), (219722, '20250901152609080225', 3338203510512787459, '', 1, 'termination', 0, None, '', '', '', '', None, datetime.datetime(2025, 9, 2, 10, 22, 32), datetime.datetime(2025, 9, 2, 10, 22, 32), 0, '', 2, ''))

[2025-09-02 10:31:17,891] [database.py] [line:245] [INFO] # app `stock-rubik-cube`.contract_new数据：
(219718, '20250901152609080225', 3338203510512787459, 'YSTG10A25090100005', 0, 'service', 0, datetime.date(2025, 9, 1), '5c64e5dc2c8344c3a783669b61020ff8', 'b9c023419d5649cda36e720a23c51644', 'AAAAAAq8uroAAAAAAAgr/4eCeCQS4k3Dod+UIHCFsEZqTj5/jq4cEWZKd4iBFnxNZs9DCkLyUx6FZFRapvgNIhaJfiI90QwgDXL2Op+vilNoiPL/JSrHIkNcHWDas8b8ifUw0wgM+VSbS7zJjQFIyqvTpRVZ/hnCovpVCmYiup/jUMBPqASoWkVTCZoqO3thln9a4WNP+hpm68/Za/NIp76zGbWAQC6hKjsiq0XO8thhKUpOzh4IZy0fZxuuROtWFkNlIjk9QGLhLzyn4w8gn+oY3BzGHLSi5x6PoHL+HWYkyLZYsm94SOulb+veLIuj40o/G693Luxn1NnSQ0z4lw5zJZSsLXRFwYM7nHW9qgb2e+QRxCLhFn9zFfOwlA0Kd+Yxc0yuxv7fhI7Dy68xjfO0jeN6oYKQHpRx5tmY9oB5yvsAb5b5lgRlcADDea6XwX500qPtOEmVFpV74JIlbKVwjlq/O1/BFSYamHVjvYgtdzwquDRzZeny8PKzYt9IzWBIrN090fvKmhjidRkKApCQUOOwbSUbYUIfMOhY2jhXnj0jrKJWO0TahUF8QgJFD360vpslfB19uphVdhRFO9N5ia3GPm7S8GjOq+qz42hqKPezm9Raf/URby32JpZUVxpNAi48/3BL6Y/TitA/sIpWJk3lenE=', 'AAAAAAq8uroAAAAAAAgsAGeeYb/In8WhNpTIYD8F32HsZgIQTtCnsu61puaZwANmJUmpkU4v9N/vyCpQZXotVhxEe+cRyp4oVWCiXvoA3ihcp37alck3QvhKftlWOUtuAaMgZ5RbB8K/l5G8SHlpDE0FKCU=', datetime.datetime(2025, 9, 1, 15, 27, 58), datetime.datetime(2025, 9, 1, 15, 26, 15), datetime.datetime(2025, 9, 1, 15, 31, 3), 0, '', 2, '')

[2025-09-02 10:31:17,891] [database.py] [line:245] [INFO] # app `stock-rubik-cube`.contract_new数据：
(219722, '20250901152609080225', 3338203510512787459, '', 1, 'termination', 0, None, '', '', '', '', None, datetime.datetime(2025, 9, 2, 10, 22, 32), datetime.datetime(2025, 9, 2, 10, 22, 32), 0, '', 2, '')

[2025-09-02 10:31:17,907] [database.py] [line:252] [INFO] # app `stock-rubik-cube`.`order`数据列表：
((3338203510512787459,),)

[2025-09-02 10:31:17,907] [database.py] [line:259] [INFO] # app用户id：3338203510512787459

[2025-09-02 10:31:17,956] [database.py] [line:287] [INFO] # app `stock-rubik-cube`.user_order_product数据列表：
()

[2025-09-02 10:31:17,974] [database.py] [line:85] [INFO] # 
退款订单号：20250901150231463962
[2025-09-02 10:31:17,995] [database.py] [line:97] [INFO] # 退款订单unionid：o1ELc6LrAZOqCjYiOZur5A-sVzYc，kill_order：
[2025-09-02 10:31:18,016] [database.py] [line:107] [INFO] # v2_work_crm_order_main 数据列表：
((49515, '20250901150231463962', 10105, 100, 100, 1, 6, '1758297601', '100159933048000512509010005222', 'o1ELc6LrAZOqCjYiOZur5A-sVzYc', '赵楠', 'H4qNWOvOwe$$$$A$$$$rqaPhQyIw==', None, None, 2, 0, None, None, None, None, 0, datetime.datetime(2025, 9, 1, 15, 2, 31), datetime.datetime(2025, 9, 1, 15, 2, 31)),)

[2025-09-02 10:31:18,037] [database.py] [line:114] [INFO] # v2_work_crm_order_main_son 数据列表：
((15100, '20250901150231463962', 'SOD20250901150347545475', 100, 1, 6, '1758297601', '100159933048000512509010005222', None, '100159933048000512509010005223', '20250901151034477920', datetime.datetime(2025, 9, 1, 15, 10, 39), None, None, None, None, None, None, '100159933048', '1001599330480201', datetime.datetime(2025, 9, 1, 15, 3, 47)),)

[2025-09-02 10:31:18,058] [database.py] [line:121] [INFO] # v2_work_crm_order_main_status 数据列表：
((49674, '20250901150231463962', 1, 1, 2, 4, datetime.datetime(2025, 9, 1, 15, 9, 49), 1, 0, 889009, 889009, 'wwec9bda2817108582', '百灵智投', 'cheng', 'cheng', 1, 3, 1, '研选量投', 500, 'yxlt', '这是研选量投的描述', 2, 3, 0, '20250829152143102825', '', 0, 0, 'o1ELc6LrAZOqCjYiOZur5A-sVzYc', 100, 100, '1758297601', 1, 0, '', '869ad3570a05e8ef444e2177bde4889a', 0, datetime.datetime(2025, 9, 1, 15, 2, 31), None, None, 0, '888996', None, None, None, '889009', None, None, None, '889003,889017,889089,889095', None, None, None),)

[2025-09-02 10:31:18,079] [database.py] [line:127] [INFO] # v2_work_crm_hegui 数据列表：
((1196, '20250901150231463962', 'o1ELc6LrAZOqCjYiOZur5A-sVzYc', 4, 101371, '1', 0, 0, 0, None, None, 1, None, None, None, None, -1, 0, '', 0, datetime.datetime(2025, 9, 1, 15, 3, 51), datetime.datetime(2025, 9, 1, 15, 9, 49)),)

[2025-09-02 10:31:18,099] [database.py] [line:133] [INFO] # v2_work_crm_order_contract 数据列表：
((44543, '20250901150231463962', '63ea7b2f9a7d4827becaff865f4d7cd6', 'fe393012026d433cb3020bd1610b79a1', '8c4a35b69d4d4dcdbe2885e0d279fdd8', 1, '产品服务协议-测试', None, '5VFbtjRSP9c7CZnanI3IRNPGIqL3XO9ADgf2Ad7asTUreGnYBhwAghS3$$$$bERYlyC3JMclYIi0iD06LChXvAi1wZEpoINlHgo0fvFUdXQ3dBsvRqaQGIYSTj8KnIQA08TjXtbShg4YIvwCK89bG0Nm4Vd3q8@@@@vR7OfwPRCFihxL5cfT3Y$$$$f6qbf3b7zxZ4zVrCoqHLOxxOSlPyxzgsv0DpxMQjc4bFhl7Y5j04oP3ose6JwL0oEIe30rs30XqsDuOu$$$$jp9qUoNkr$$$$cDbZy6rjhDBeEUYw@@@@d6Jl4v0cx0ZuPG9KV4l@@@@lRkCuWW05KtMdxcOaE4MZrcqz8I9q0MnXw8VC1k2cAAkcJKWI86A9KPfZ9msaoA7Ceh3BzaWSLIVUanShbca17j2JCYcJ99GRnNuYBs$$$$8qYrWAURXQCK0OMBssDD0OXVVLNOWhQw@@@@FyN8BC@@@@h0QyHlN7SvucvkyRf@@@@tQwS78@@@@$$$$j1bD7gI@@@@3fETchB0pFq7C2liQKAVnDJk5T67uRoyf7jQ9@@@@aIXt4OdZQl9@@@@vemmcaJpszlllz29XXhMYpP3chBTNCba9Hrk$$$$djSvmOuakKIcKzlxg1NVaVW3oHMG05XYe10b6MhCqEdVPW8WtGwcVqdSI4eQ==', None, '2025-09-01 15:03:40', 'YSTG10A25090100004', None, None, 0, '', datetime.datetime(2025, 9, 1, 15, 3, 51), datetime.datetime(2025, 9, 1, 15, 3, 51)),)

[2025-09-02 10:31:18,119] [database.py] [line:144] [INFO] # 风险测评id：41644
[2025-09-02 10:31:18,161] [database.py] [line:157] [INFO] # 退款id：1322
[2025-09-02 10:31:18,535] [database.py] [line:241] [INFO] # app `stock-rubik-cube`.contract_new数据列表：
((219716, '20250901150231463962', 3338203510512787459, 'YSTG10A25090100004', 0, 'service', 0, datetime.date(2025, 9, 1), 'fe393012026d433cb3020bd1610b79a1', '63ea7b2f9a7d4827becaff865f4d7cd6', 'AAAAAAq8uroAAAAAAAgr/ocnJBN2VUh2EBBd6DXF+y5OKDqJkn5aNyD2QjmiJGOT7VO3sIxP8ukpVEz6+qpigXAHZi/RD6HZVct+jXUaFbkzRc4NWrs+Bubn42yv+XKcnRqMXgSpnqL+zJKmlph0fgHkN6J+f5E1Rwh8r1GPJljzfA65mG3xH5Lnl3p+f49y/X6fTSPTM0wstkLD27tiTmZpya3HInuyL62sR2jdO0btr0+5lByCmEAagCLokil01xPqOl5bqRpWjcbhLIhkNTY3cPYqlA40vfEr1dkUIivWwXEZJFfwnATS1n1inLIFsLTLheYfJr8Jlh0Dtx0XXpPSP3LzXC3St2P0XpwDS20liWre3bYh+sxCPf+VzJDTkrDpvCZZD6TfSrEatcK4RYUBQskVXkbPQPBYL9jbpAJ2xkKruen0ScrzCpfG+wHDyxuyuRl+mMwNgyvCj/FzAd8hLzzOxVFEeRrXB2oxsKJz1N916JksNa1ENpYNE6QDQCyHLfztuZPHAfH6RdBaSOFJM9EqwSHzRWpEOJZQloRvbARcf5vw1AFWCtFw4Ve0ST9XjETPH6sCyi0H8LUtqxEm6+nYGyeYjLfW4ZjVOJCsfPPRY5KCwiJThmY6LuU1VA2eDvmZtTECabIWa2OKfcqPbXaB', '', datetime.datetime(2025, 9, 1, 15, 3, 40), datetime.datetime(2025, 9, 1, 15, 2, 34), datetime.datetime(2025, 9, 1, 15, 3, 50), 0, '', 2, ''),)

[2025-09-02 10:31:18,535] [database.py] [line:245] [INFO] # app `stock-rubik-cube`.contract_new数据：
(219716, '20250901150231463962', 3338203510512787459, 'YSTG10A25090100004', 0, 'service', 0, datetime.date(2025, 9, 1), 'fe393012026d433cb3020bd1610b79a1', '63ea7b2f9a7d4827becaff865f4d7cd6', 'AAAAAAq8uroAAAAAAAgr/ocnJBN2VUh2EBBd6DXF+y5OKDqJkn5aNyD2QjmiJGOT7VO3sIxP8ukpVEz6+qpigXAHZi/RD6HZVct+jXUaFbkzRc4NWrs+Bubn42yv+XKcnRqMXgSpnqL+zJKmlph0fgHkN6J+f5E1Rwh8r1GPJljzfA65mG3xH5Lnl3p+f49y/X6fTSPTM0wstkLD27tiTmZpya3HInuyL62sR2jdO0btr0+5lByCmEAagCLokil01xPqOl5bqRpWjcbhLIhkNTY3cPYqlA40vfEr1dkUIivWwXEZJFfwnATS1n1inLIFsLTLheYfJr8Jlh0Dtx0XXpPSP3LzXC3St2P0XpwDS20liWre3bYh+sxCPf+VzJDTkrDpvCZZD6TfSrEatcK4RYUBQskVXkbPQPBYL9jbpAJ2xkKruen0ScrzCpfG+wHDyxuyuRl+mMwNgyvCj/FzAd8hLzzOxVFEeRrXB2oxsKJz1N916JksNa1ENpYNE6QDQCyHLfztuZPHAfH6RdBaSOFJM9EqwSHzRWpEOJZQloRvbARcf5vw1AFWCtFw4Ve0ST9XjETPH6sCyi0H8LUtqxEm6+nYGyeYjLfW4ZjVOJCsfPPRY5KCwiJThmY6LuU1VA2eDvmZtTECabIWa2OKfcqPbXaB', '', datetime.datetime(2025, 9, 1, 15, 3, 40), datetime.datetime(2025, 9, 1, 15, 2, 34), datetime.datetime(2025, 9, 1, 15, 3, 50), 0, '', 2, '')

[2025-09-02 10:31:18,551] [database.py] [line:252] [INFO] # app `stock-rubik-cube`.`order`数据列表：
((3338203510512787459,),)

[2025-09-02 10:31:18,551] [database.py] [line:259] [INFO] # app用户id：3338203510512787459

[2025-09-02 10:31:18,601] [database.py] [line:287] [INFO] # app `stock-rubik-cube`.user_order_product数据列表：
()

[2025-09-02 10:31:18,620] [database.py] [line:85] [INFO] # 
退款订单号：20250901145950182372
[2025-09-02 10:31:18,640] [database.py] [line:97] [INFO] # 退款订单unionid：o1ELc6LrAZOqCjYiOZur5A-sVzYc，kill_order：
[2025-09-02 10:31:18,661] [database.py] [line:107] [INFO] # v2_work_crm_order_main 数据列表：
((49514, '20250901145950182372', 10105, 100, 100, 0, 0, None, '', 'o1ELc6LrAZOqCjYiOZur5A-sVzYc', '赵楠', 'H4qNWOvOwe$$$$A$$$$rqaPhQyIw==', None, None, 2, 0, None, None, None, None, 1, datetime.datetime(2025, 9, 1, 14, 59, 50), datetime.datetime(2025, 9, 1, 14, 59, 50)),)

[2025-09-02 10:31:18,682] [database.py] [line:114] [INFO] # v2_work_crm_order_main_son 数据列表：
()

[2025-09-02 10:31:18,703] [database.py] [line:121] [INFO] # v2_work_crm_order_main_status 数据列表：
((49673, '20250901145950182372', 0, 0, 2, 0, None, 3, 0, 889009, 889009, 'wwec9bda2817108582', '百灵智投', 'cheng', 'cheng', 1, 3, 0, '研选量投', 500, 'yxlt', '这是研选量投的描述', 2, 3, 0, '20250829152143102825', '', 0, 0, 'o1ELc6LrAZOqCjYiOZur5A-sVzYc', 100, 100, None, 0, 0, '', '869ad3570a05e8ef444e2177bde4889a', 1, datetime.datetime(2025, 9, 1, 14, 59, 50), None, None, 0, '888996', None, None, None, '889009', None, None, None, '889003,889017,889089', None, None, None),)

[2025-09-02 10:31:18,723] [database.py] [line:127] [INFO] # v2_work_crm_hegui 数据列表：
()

[2025-09-02 10:31:18,743] [database.py] [line:133] [INFO] # v2_work_crm_order_contract 数据列表：
()

[2025-09-02 10:31:19,138] [database.py] [line:241] [INFO] # app `stock-rubik-cube`.contract_new数据列表：
((219715, '20250901145950182372', 3338203510512787459, 'YSTG10A25090100003', 0, 'service', 0, datetime.date(2025, 9, 1), 'd447d0c71c0f4c889b5b606f98d84944', '659339ca83d9494099fcb80cc5527eea', 'AAAAAAq8uroAAAAAAAgr/Zvoxr1onLqS7Ey5Bfo9wJVcJph/R1Z4KSM+zszxfWw+/+Mia+sQc98n8RrtbBCG2ERqjeNc15Ebc6bzT1alRm5ao5CUWAPIf+yk1GK7UNqlJ+v1ECVia0XnMRFxSZwqpGcQ7j1gRFcoyw2wUAdOP1Tg/O4D6Irx3wYcEtFyR+XuCVy6dyhSJQy1+EK0FL8+l9jOr6XGBehgqWlo6KsS1DIaBrzSoAFFavZSuwQPpxXmBA3encqDrZr2wWub/qYPkNjghWYvvaNTD1S2fHEq1flozW1rZSr8/2ausp5xbUyON50BHL2k90e+lJccePC9o01sBVovSF7dBBbM0dBhmGJ/sAe1/+3MOR/3k5bwSCbhB/W25jvwS1pei6GmS0gO/LppJPDF8VTluJyQfRaRDeJSVaP094f3BsWVVU4ANSZmqiS3yXZSGQ2v5tLayHw8uogZbhe53c+z8KxUC7YY6OYh2MQDx8+HKy2T5JTUqAZdeYuZvNfInOGMnFN/ZhV1WQB6OLHON/JpQ6cNNIE/f1glIYA03cDnxx0u3g9WZ5P8AZloSlt6xfUq0OBS1O4AMnT1MMekEPE1AOmekcyjQAnLCAwLvMbJI7NHeHYlB1DVRdGsVP+Q1w2lvr748clatg1jxTUi', '', None, datetime.datetime(2025, 9, 1, 14, 59, 59), datetime.datetime(2025, 9, 2, 10, 31, 14), 0, '', 0, ''),)

[2025-09-02 10:31:19,138] [database.py] [line:245] [INFO] # app `stock-rubik-cube`.contract_new数据：
(219715, '20250901145950182372', 3338203510512787459, 'YSTG10A25090100003', 0, 'service', 0, datetime.date(2025, 9, 1), 'd447d0c71c0f4c889b5b606f98d84944', '659339ca83d9494099fcb80cc5527eea', 'AAAAAAq8uroAAAAAAAgr/Zvoxr1onLqS7Ey5Bfo9wJVcJph/R1Z4KSM+zszxfWw+/+Mia+sQc98n8RrtbBCG2ERqjeNc15Ebc6bzT1alRm5ao5CUWAPIf+yk1GK7UNqlJ+v1ECVia0XnMRFxSZwqpGcQ7j1gRFcoyw2wUAdOP1Tg/O4D6Irx3wYcEtFyR+XuCVy6dyhSJQy1+EK0FL8+l9jOr6XGBehgqWlo6KsS1DIaBrzSoAFFavZSuwQPpxXmBA3encqDrZr2wWub/qYPkNjghWYvvaNTD1S2fHEq1flozW1rZSr8/2ausp5xbUyON50BHL2k90e+lJccePC9o01sBVovSF7dBBbM0dBhmGJ/sAe1/+3MOR/3k5bwSCbhB/W25jvwS1pei6GmS0gO/LppJPDF8VTluJyQfRaRDeJSVaP094f3BsWVVU4ANSZmqiS3yXZSGQ2v5tLayHw8uogZbhe53c+z8KxUC7YY6OYh2MQDx8+HKy2T5JTUqAZdeYuZvNfInOGMnFN/ZhV1WQB6OLHON/JpQ6cNNIE/f1glIYA03cDnxx0u3g9WZ5P8AZloSlt6xfUq0OBS1O4AMnT1MMekEPE1AOmekcyjQAnLCAwLvMbJI7NHeHYlB1DVRdGsVP+Q1w2lvr748clatg1jxTUi', '', None, datetime.datetime(2025, 9, 1, 14, 59, 59), datetime.datetime(2025, 9, 2, 10, 31, 14), 0, '', 0, '')

[2025-09-02 10:31:19,154] [database.py] [line:252] [INFO] # app `stock-rubik-cube`.`order`数据列表：
((3338203510512787459,),)

[2025-09-02 10:31:19,154] [database.py] [line:259] [INFO] # app用户id：3338203510512787459

[2025-09-02 10:31:19,206] [database.py] [line:287] [INFO] # app `stock-rubik-cube`.user_order_product数据列表：
()

[2025-09-02 10:31:19,225] [database.py] [line:85] [INFO] # 
退款订单号：20250829152143102825
[2025-09-02 10:31:19,245] [database.py] [line:97] [INFO] # 退款订单unionid：o1ELc6LrAZOqCjYiOZur5A-sVzYc，kill_order：
[2025-09-02 10:31:19,266] [database.py] [line:107] [INFO] # v2_work_crm_order_main 数据列表：
((49510, '20250829152143102825', 10166, 12000000, 12000000, 1, 3, '1756452237', '', 'o1ELc6LrAZOqCjYiOZur5A-sVzYc', '赵楠', 'H4qNWOvOwe$$$$A$$$$rqaPhQyIw==', datetime.datetime(2025, 9, 1, 14, 6, 35), datetime.datetime(2026, 9, 1, 14, 6, 35), 365, 0, datetime.datetime(2026, 9, 1, 14, 6, 35), None, None, None, 0, datetime.datetime(2025, 8, 29, 15, 21, 43), datetime.datetime(2025, 8, 29, 15, 21, 43)),)

[2025-09-02 10:31:19,286] [database.py] [line:114] [INFO] # v2_work_crm_order_main_son 数据列表：
()

[2025-09-02 10:31:19,307] [database.py] [line:121] [INFO] # v2_work_crm_order_main_status 数据列表：
((49669, '20250829152143102825', 1, 1, 2, 1, datetime.datetime(2025, 8, 29, 15, 24, 33), 1, 4, 889017, 889017, 'wwec9bda2817108582', '百灵智投', 'ZhaoNan', 'ZhaoNan', 1, 3, 1, '私人定制', 16800000, 'srdz', '这是私人定制的描述', 365, 4, 0, '20250829151643759279', '', 0, 0, 'o1ELc6LrAZOqCjYiOZur5A-sVzYc', 12000000, 12000000, '1756452237', 1, 0, '', 'e98a2e8d66ff3ac625fdbb19c38ca75e', 0, datetime.datetime(2025, 8, 29, 15, 21, 43), None, datetime.datetime(2025, 8, 29, 15, 24, 33), 0, '888996', None, None, None, '889009', None, None, None, '889003,889013,889017,889089,889095', None, None, None),)

[2025-09-02 10:31:19,327] [database.py] [line:127] [INFO] # v2_work_crm_hegui 数据列表：
((1192, '20250829152143102825', 'o1ELc6LrAZOqCjYiOZur5A-sVzYc', 0, 101371, '', 1, 0, 1, None, None, 1, None, None, None, None, -1, 0, '', 1, datetime.datetime(2025, 8, 29, 15, 22, 45), datetime.datetime(2025, 8, 29, 15, 24, 33)),)

[2025-09-02 10:31:19,348] [database.py] [line:133] [INFO] # v2_work_crm_order_contract 数据列表：
((44538, '20250829152143102825', '354b7cd9fd314691b6cf84d73a16a111', '7a724408dec046fd859b111c83f2e7b1', '8c4a35b69d4d4dcdbe2885e0d279fdd8', 1, '产品服务协议', 'eeZRyEm7vbDA0Lxi1n6NDNDfMbS3FBKFV1I5u28WftFIskiH4SusbdejbsUQMFXYeTZ7DiuHw1pb57PDeYBRJMHW5d@@@@slB@@@@OlZVHCnkly3TKc@@@@lCM6kGFw==', '5VFbtjRSP9eHX@@@@3H$$$$LTFZHMFWXdll9IAoUrn7BPXz2yXtq3TplNQwvXJ@@@@yh5@@@@XRKsF5R58jYF0zSk4TgP44@@@@wnDwrasa@@@@ULe7Rn6ux68ISiTrLsa7YUbZw==', datetime.datetime(2025, 8, 29, 15, 24, 33), '2025-08-29 15:22:43', 'YSTG10A25082900008', None, 'eqoh5xxl$$$$ZHJkZo7HfytjEyYA801VLRe$$$$pS78cSF3nsGRbaNikpsiSE1WU2duLjukCxhu6DZB852D2oIq8h6Tjgfi3ceE1SyuL6dMs0Lgjd1KE457RhzGOtVfGj2T0WoXDDix47TcowNW1Zd59ToaPXD3r69j7AYsP8qFtsHIDi5qVn14z3VgcAL$$$$tubvjpyWSjyKotZtA4L3dphwNqvHHk2ew4rh8NaW$$$$ezw3mAUSTB1uXf7JQfzpWVRwp5Jct0d@@@@NrlySjKXplUsGwiHEE2wvd2mHA2q8ceTZ7DiuHw1pb57PDeYBRJMHW5d@@@@slB@@@@OlZVHCnkly3RVciKiMhbRwQ==', 0, '', datetime.datetime(2025, 8, 29, 15, 22, 45), datetime.datetime(2025, 8, 29, 15, 22, 45)),)

[2025-09-02 10:31:19,368] [database.py] [line:144] [INFO] # 风险测评id：41640
[2025-09-02 10:31:19,766] [database.py] [line:241] [INFO] # app `stock-rubik-cube`.contract_new数据列表：
((219710, '20250829152143102825', 3338203510512787459, 'YSTG10A25082900008', 0, 'service', 0, datetime.date(2025, 8, 29), '7a724408dec046fd859b111c83f2e7b1', '354b7cd9fd314691b6cf84d73a16a111', 'AAAAAAq8uroAAAAAAAgr56OLOu4zdJwbtOTGBWS4BhsxgXHB04H4l2BMxkgrcWNsbOy3AEdZbIAw/iENGRfsFKEHOoXvqrq6hSL4BFDxHhxpdDJn02tS0WJB9mSrFVDQySTVObTdLyeQu3mD64YeBo5TnMseuRjh5J2fktlgWZ6JYZepa2Qo5Yg+Xgw9H4mkkQCR27GiIs/bRH3oNvfcshK6Ua1ByQmRtvNyP69vdYCx8XTzTQlOpyyADSE3db2aQxSpoabmPXzPC3bpKnNk4dbQiCVOiL3SRS7m7tqsxQ/K55GuMjWdwlh7eTGe1YU8aScg/4VDL1jItHVclr1Kv2ZpseL2eDMiEU51Wf5tr34U8bcadqX+3F/o8duu3whPBMZ8BwZRn4D/Qclq2IfQ0gNAWC6a/a0LGlLQqGiQ+Xb6oHKTQZNCNrOWAaf4/yssKlQGsgqYeCpOtCccHj3doy1/5HinDtsIZBSr+xEFygLTtHP35Nns3T8D4hAltM1MPHMMRIak/rDedc2pbjWL6yCdstwWW0ut/4eTjJgFJrjIG2W30sR/EoUS5NnOnd7gKr6YiettXn0w9rGKQfm53MFUcDaB/DJ9qguhjTSCGFoHg52X/jxDLf9h4sdRf2vqVutWsPKHj8q8iBKTxUQfGAMFcdMcFyR1ag==', 'AAAAAAq8uroAAAAAAAgr6LgUufZih+939spfrGFAfW3UfHJd/lXS+cpybPpT9mJRrQ8m0tl8wTvF9QRJ8rBwmE4PCuYwOWwTfMZF0QIOwxeuNCAOmcvC+sLUFR+kgN8hKY/rwkDExEbHmubBg6qAvBIHtAw=', datetime.datetime(2025, 8, 29, 15, 22, 43), datetime.datetime(2025, 8, 29, 15, 21, 53), datetime.datetime(2025, 8, 29, 15, 24, 34), 0, '', 2, ''),)

[2025-09-02 10:31:19,766] [database.py] [line:245] [INFO] # app `stock-rubik-cube`.contract_new数据：
(219710, '20250829152143102825', 3338203510512787459, 'YSTG10A25082900008', 0, 'service', 0, datetime.date(2025, 8, 29), '7a724408dec046fd859b111c83f2e7b1', '354b7cd9fd314691b6cf84d73a16a111', 'AAAAAAq8uroAAAAAAAgr56OLOu4zdJwbtOTGBWS4BhsxgXHB04H4l2BMxkgrcWNsbOy3AEdZbIAw/iENGRfsFKEHOoXvqrq6hSL4BFDxHhxpdDJn02tS0WJB9mSrFVDQySTVObTdLyeQu3mD64YeBo5TnMseuRjh5J2fktlgWZ6JYZepa2Qo5Yg+Xgw9H4mkkQCR27GiIs/bRH3oNvfcshK6Ua1ByQmRtvNyP69vdYCx8XTzTQlOpyyADSE3db2aQxSpoabmPXzPC3bpKnNk4dbQiCVOiL3SRS7m7tqsxQ/K55GuMjWdwlh7eTGe1YU8aScg/4VDL1jItHVclr1Kv2ZpseL2eDMiEU51Wf5tr34U8bcadqX+3F/o8duu3whPBMZ8BwZRn4D/Qclq2IfQ0gNAWC6a/a0LGlLQqGiQ+Xb6oHKTQZNCNrOWAaf4/yssKlQGsgqYeCpOtCccHj3doy1/5HinDtsIZBSr+xEFygLTtHP35Nns3T8D4hAltM1MPHMMRIak/rDedc2pbjWL6yCdstwWW0ut/4eTjJgFJrjIG2W30sR/EoUS5NnOnd7gKr6YiettXn0w9rGKQfm53MFUcDaB/DJ9qguhjTSCGFoHg52X/jxDLf9h4sdRf2vqVutWsPKHj8q8iBKTxUQfGAMFcdMcFyR1ag==', 'AAAAAAq8uroAAAAAAAgr6LgUufZih+939spfrGFAfW3UfHJd/lXS+cpybPpT9mJRrQ8m0tl8wTvF9QRJ8rBwmE4PCuYwOWwTfMZF0QIOwxeuNCAOmcvC+sLUFR+kgN8hKY/rwkDExEbHmubBg6qAvBIHtAw=', datetime.datetime(2025, 8, 29, 15, 22, 43), datetime.datetime(2025, 8, 29, 15, 21, 53), datetime.datetime(2025, 8, 29, 15, 24, 34), 0, '', 2, '')

[2025-09-02 10:31:19,782] [database.py] [line:252] [INFO] # app `stock-rubik-cube`.`order`数据列表：
((3338203510512787459,),)

[2025-09-02 10:31:19,782] [database.py] [line:259] [INFO] # app用户id：3338203510512787459

[2025-09-02 10:31:19,830] [database.py] [line:287] [INFO] # app `stock-rubik-cube`.user_order_product数据列表：
()

[2025-09-02 10:31:19,848] [database.py] [line:85] [INFO] # 
退款订单号：20250829150813306378
[2025-09-02 10:31:19,869] [database.py] [line:97] [INFO] # 退款订单unionid：o1ELc6LrAZOqCjYiOZur5A-sVzYc，kill_order：
[2025-09-02 10:31:19,890] [database.py] [line:107] [INFO] # v2_work_crm_order_main 数据列表：
((49508, '20250829150813306378', 10153, 10000000, 10000000, 1, 3, '1756451715', '', 'o1ELc6LrAZOqCjYiOZur5A-sVzYc', '赵楠', 'H4qNWOvOwe$$$$A$$$$rqaPhQyIw==', datetime.datetime(2025, 8, 30, 14, 6, 35), datetime.datetime(2025, 8, 31, 14, 6, 35), 1, 0, datetime.datetime(2025, 8, 31, 14, 6, 35), None, None, None, 0, datetime.datetime(2025, 8, 29, 15, 8, 13), datetime.datetime(2025, 8, 29, 15, 8, 13)),)

[2025-09-02 10:31:19,910] [database.py] [line:114] [INFO] # v2_work_crm_order_main_son 数据列表：
()

[2025-09-02 10:31:19,931] [database.py] [line:121] [INFO] # v2_work_crm_order_main_status 数据列表：
((49667, '20250829150813306378', 1, 1, 2, 1, datetime.datetime(2025, 8, 29, 15, 15, 50), 3, 0, 889095, 889095, 'wwec9bda2817108582', '百灵智投', 'ZhangYuZe', 'ZhangYuZe', 1, 3, 1, '私人定制', 16800000, 'srdz', '这是私人定制的描述', 1, 4, 0, '20250829140337649463', '', 0, 0, 'o1ELc6LrAZOqCjYiOZur5A-sVzYc', 10000000, 10000000, '1756451715', 1, 0, '', 'b937f884132dafa70458f75319601f16', 0, datetime.datetime(2025, 8, 29, 15, 8, 13), None, datetime.datetime(2025, 8, 29, 15, 15, 50), 0, '888996', None, None, None, '889009', None, None, None, '889003,889013,889017,889089,889095', None, None, None),)

[2025-09-02 10:31:19,951] [database.py] [line:127] [INFO] # v2_work_crm_hegui 数据列表：
((1190, '20250829150813306378', 'o1ELc6LrAZOqCjYiOZur5A-sVzYc', 1, 101371, '', 1, 0, 1, None, None, 1, None, None, None, None, -1, 0, '', 1, datetime.datetime(2025, 8, 29, 15, 13, 30), datetime.datetime(2025, 8, 29, 15, 15, 50)),)

[2025-09-02 10:31:19,971] [database.py] [line:133] [INFO] # v2_work_crm_order_contract 数据列表：
((44536, '20250829150813306378', '5b173a10d86a4842b985d2a1641ba245', 'b9eaad924b75492e8665ed1ffeabe3bf', '8c4a35b69d4d4dcdbe2885e0d279fdd8', 1, '产品服务协议', 'eeZRyEm7vbDA0Lxi1n6NDNDfMbS3FBKFV1I5u28WftFIskiH4SusbdejbsUQMFXYeTZ7DiuHw1pb57PDeYBRJMwktS@@@@Ps1cFlZVHCnkly3TKc@@@@lCM6kGFw==', '5VFbtjRSP9eHX@@@@3H$$$$LTFZHMFWXdll9IAoUrn7BPXz2yXtq3TplNQwvXJ@@@@yh5@@@@XRKsF5R58jYF0zSk4TgP44@@@@wo$$$$9MNb8NlP87Rn6ux68ISiTrLsa7YUbZw==', datetime.datetime(2025, 8, 29, 15, 15, 50), '2025-08-29 15:13:26', 'YSTG10A25082900006', None, 'eqoh5xxl$$$$ZHJkZo7HfytjEyYA801VLRe$$$$pS78cSF3nsGRbaNikpsiSE1WU2duLjukCxhu6DZB852D2oIq8h6Tjgfi3ceE1SyuL6dMs0LgjciMqyPpgkt1OtVfGj2T0WoXDDix47TcowNW1Zd59ToaPXD3r69j7AYsP8qFtsHIDi5qVn14z3VgcAL$$$$tubvjpyWSjyKotZtA4L3dphwNqvHHk2ew4rh8NaW$$$$ezw3mAUSTMJLUvz7NXBZWVRwp5Jct0d@@@@NrlySjKXplUsGwiHEE2wvd2mHA2q8ceTZ7DiuHw1pb57PDeYBRJMwktS@@@@Ps1cFlZVHCnkly3RVciKiMhbRwQ==', 0, '', datetime.datetime(2025, 8, 29, 15, 13, 30), datetime.datetime(2025, 8, 29, 15, 13, 30)),)

[2025-09-02 10:31:19,993] [database.py] [line:144] [INFO] # 风险测评id：41638
[2025-09-02 10:31:20,389] [database.py] [line:241] [INFO] # app `stock-rubik-cube`.contract_new数据列表：
((219708, '20250829150813306378', 3338203510512787459, 'YSTG10A25082900006', 0, 'service', 0, datetime.date(2025, 8, 29), 'b9eaad924b75492e8665ed1ffeabe3bf', '5b173a10d86a4842b985d2a1641ba245', 'AAAAAAq8uroAAAAAAAgr4+/BjHaEHyMJrXc9s1p83fP+NHVpOSuqAPFC/YYMTCgHXv64keRmRRwHIH6UynDzKCWSNxMe6sgbmonICuEaydEYPpjHGgFNae1sRWlzDhow7xsIcjDDUgY3Wy2ov2bpKfWAtNjnLOhLFx/c7pH5Tb+Lol0fvTf79O/a3CKOmCDMyldyVFqouAVeD9wfe6R0429VFye5Hg/+8aMYfrViErjCMKNpku+NwiJVs6ng/KQ+mKzJqnI7NzO9uEswmNGipPgRbRP3z2strBzGMItLLEDE75mo3se7U0haO2zZ/fy/h0EU2kJmTiHc2cZ9V1fKe0Lf+8nCSgLW1sylCzCwwknalUfrD/kPfrKUxlkHDoFqvA28dMVSKuHX0asmMHyIakl9chuNO2HrZZDABq8Hqbpnev4pNco9ROtnwJn9a943/tpu4m3pwF23JO/QtN5VEVR0MxCyhBsO47y5ohiS9h9YAYVB8NGTPewYAPGKe0IHl1GqE791yxZJWy8KanVFHFrOUMkdbZN0EwKWhpESMn3NKuI74WnfyYt93VrM7Tywa6//e/FrR5HgGlvQtWdUCKqxgyzfkFFyFLNZmHzj07wi3TNrMMM9wDNxYV8KruWCpA9D5D0VI3Fh9N3NU2d4JKYKUmtghPK4ew==', 'AAAAAAq8uroAAAAAAAgr5Bv5wLwnjhUmGqTj17MBA9IXDm2PQVabySXFR+HNA4Qs/fNQg6eY3DwKN8lKX/4DVIsbV+uOE+Ffv7QEU18ts4PNJLaLhHTuQeQJqvvE3j4ymo7nDfkvbPuBwow86OO2CZUNTeg=', datetime.datetime(2025, 8, 29, 15, 13, 26), datetime.datetime(2025, 8, 29, 15, 8, 17), datetime.datetime(2025, 8, 29, 15, 15, 51), 0, '', 2, ''),)

[2025-09-02 10:31:20,389] [database.py] [line:245] [INFO] # app `stock-rubik-cube`.contract_new数据：
(219708, '20250829150813306378', 3338203510512787459, 'YSTG10A25082900006', 0, 'service', 0, datetime.date(2025, 8, 29), 'b9eaad924b75492e8665ed1ffeabe3bf', '5b173a10d86a4842b985d2a1641ba245', 'AAAAAAq8uroAAAAAAAgr4+/BjHaEHyMJrXc9s1p83fP+NHVpOSuqAPFC/YYMTCgHXv64keRmRRwHIH6UynDzKCWSNxMe6sgbmonICuEaydEYPpjHGgFNae1sRWlzDhow7xsIcjDDUgY3Wy2ov2bpKfWAtNjnLOhLFx/c7pH5Tb+Lol0fvTf79O/a3CKOmCDMyldyVFqouAVeD9wfe6R0429VFye5Hg/+8aMYfrViErjCMKNpku+NwiJVs6ng/KQ+mKzJqnI7NzO9uEswmNGipPgRbRP3z2strBzGMItLLEDE75mo3se7U0haO2zZ/fy/h0EU2kJmTiHc2cZ9V1fKe0Lf+8nCSgLW1sylCzCwwknalUfrD/kPfrKUxlkHDoFqvA28dMVSKuHX0asmMHyIakl9chuNO2HrZZDABq8Hqbpnev4pNco9ROtnwJn9a943/tpu4m3pwF23JO/QtN5VEVR0MxCyhBsO47y5ohiS9h9YAYVB8NGTPewYAPGKe0IHl1GqE791yxZJWy8KanVFHFrOUMkdbZN0EwKWhpESMn3NKuI74WnfyYt93VrM7Tywa6//e/FrR5HgGlvQtWdUCKqxgyzfkFFyFLNZmHzj07wi3TNrMMM9wDNxYV8KruWCpA9D5D0VI3Fh9N3NU2d4JKYKUmtghPK4ew==', 'AAAAAAq8uroAAAAAAAgr5Bv5wLwnjhUmGqTj17MBA9IXDm2PQVabySXFR+HNA4Qs/fNQg6eY3DwKN8lKX/4DVIsbV+uOE+Ffv7QEU18ts4PNJLaLhHTuQeQJqvvE3j4ymo7nDfkvbPuBwow86OO2CZUNTeg=', datetime.datetime(2025, 8, 29, 15, 13, 26), datetime.datetime(2025, 8, 29, 15, 8, 17), datetime.datetime(2025, 8, 29, 15, 15, 51), 0, '', 2, '')

[2025-09-02 10:31:20,405] [database.py] [line:252] [INFO] # app `stock-rubik-cube`.`order`数据列表：
((3338203510512787459,),)

[2025-09-02 10:31:20,405] [database.py] [line:259] [INFO] # app用户id：3338203510512787459

[2025-09-02 10:31:20,452] [database.py] [line:287] [INFO] # app `stock-rubik-cube`.user_order_product数据列表：
()

[2025-09-02 10:31:20,470] [database.py] [line:85] [INFO] # 
退款订单号：20250829134417623643
[2025-09-02 10:31:20,491] [database.py] [line:97] [INFO] # 退款订单unionid：o1ELc6LrAZOqCjYiOZur5A-sVzYc，kill_order：
[2025-09-02 10:31:20,513] [database.py] [line:107] [INFO] # v2_work_crm_order_main 数据列表：
((49505, '20250829134417623643', 10105, 1, 1, 1, 1, '1756446359', '4200002811202508296395279028', 'o1ELc6LrAZOqCjYiOZur5A-sVzYc', '赵楠', 'H4qNWOvOwe$$$$A$$$$rqaPhQyIw==', datetime.datetime(2025, 9, 5, 11, 9, 27), datetime.datetime(2025, 9, 7, 11, 9, 27), 2, 0, datetime.datetime(2025, 9, 7, 11, 9, 27), None, None, None, 0, datetime.datetime(2025, 8, 29, 13, 44, 17), datetime.datetime(2025, 8, 29, 13, 44, 17)),)

[2025-09-02 10:31:20,533] [database.py] [line:114] [INFO] # v2_work_crm_order_main_son 数据列表：
((15090, '20250829134417623643', 'SOD20250829134553345657', 1, 1, 1, '1756446359', '4200002811202508296395279028', None, '50302804462025082928819721009', '20250829135506057971', datetime.datetime(2025, 8, 29, 13, 55, 6), None, None, None, None, None, None, None, None, datetime.datetime(2025, 8, 29, 13, 45, 53)),)

[2025-09-02 10:31:20,554] [database.py] [line:121] [INFO] # v2_work_crm_order_main_status 数据列表：
((49664, '20250829134417623643', 1, 1, 2, 1, datetime.datetime(2025, 8, 29, 13, 48, 4), 1, 4, 889009, 889009, 'wwec9bda2817108582', '百灵智投', 'cheng', 'cheng', 1, 3, 1, '研选量投', 1, 'yxlt', '这是研选量投的描述', 2, 3, 0, '20250829110631324006', '', 0, 0, 'o1ELc6LrAZOqCjYiOZur5A-sVzYc', 1, 1, '1756446359', 1, 0, '', '', 0, datetime.datetime(2025, 8, 29, 13, 44, 17), None, datetime.datetime(2025, 8, 29, 13, 48, 4), 0, '888996', None, None, None, '889009', None, None, None, '889003,889013,889017,889089,889095', None, None, None),)

[2025-09-02 10:31:20,576] [database.py] [line:127] [INFO] # v2_work_crm_hegui 数据列表：
((1187, '20250829134417623643', 'o1ELc6LrAZOqCjYiOZur5A-sVzYc', 1, 101371, '', 1, 0, 1, None, None, 1, None, None, None, None, -1, 0, '', 0, datetime.datetime(2025, 8, 29, 13, 45, 25), datetime.datetime(2025, 8, 29, 13, 48, 4)),)

[2025-09-02 10:31:20,597] [database.py] [line:133] [INFO] # v2_work_crm_order_contract 数据列表：
((44531, '20250829134417623643', '1efb642617ed47e4a3b8f2423d4b7fa6', '8312dff0eb70459c84d3f34bbfeae6d2', '8c4a35b69d4d4dcdbe2885e0d279fdd8', 1, '产品服务协议', 'eeZRyEm7vbDA0Lxi1n6NDNDfMbS3FBKFV1I5u28WftFIskiH4SusbdejbsUQMFXYeTZ7DiuHw1pb57PDeYBRJP6E@@@@oTpEb26lZVHCnkly3TKc@@@@lCM6kGFw==', '5VFbtjRSP9eHX@@@@3H$$$$LTFZHMFWXdll9IAoUrn7BPXz2yXtq3TplNQwvXJ@@@@yh5@@@@XRKsF5R58jYF0zSk4TgP44@@@@wrlFleLyBiPk7Rn6ux68ISiTrLsa7YUbZw==', datetime.datetime(2025, 8, 29, 13, 48, 4), '2025-08-29 13:45:21', 'YSTG10A25082900003', None, 'eqoh5xxl$$$$ZHJkZo7HfytjEyYA801VLRe$$$$pS78cSF3nsGRbaNikpsiSE1WU2duLjukCxhu6DZB852D2oIq8h6Tjgfi3ceE1SyuL6dMs0LgjeUIOYvJETg2$$$$tVfGj2T0WoXDDix47TcowNW1Zd59ToaPXD3r69j7AYsP8qFtsHIDi5qVn14z3VgcAL$$$$tubvjpyWSjyKotZtA4L3dphwNqvHHk2ew4rh8NaW$$$$ezw3mAUST$$$$hP6E6RG9upWVRwp5Jct0d@@@@NrlySjKXplUsGwiHEE2wvd2mHA2q8ceTZ7DiuHw1pb57PDeYBRJP6E@@@@oTpEb26lZVHCnkly3RVciKiMhbRwQ==', 0, '', datetime.datetime(2025, 8, 29, 13, 45, 25), datetime.datetime(2025, 8, 29, 13, 45, 25)), (44532, '20250829134417623643', None, None, 'dc588181a755439aace7955f2b6da66b', 2, '终止协议-测试', None, '5VFbtjRSP9eHX@@@@3H$$$$LTFZHMFWXdll9IAoUrn7BPXz2yXtq3TplNQwvXJ@@@@yh5@@@@XRKtdxtggvPysrlhLihRAZK11sfQUJJ$$$$q9n', datetime.datetime(2025, 8, 29, 13, 54, 51), '2025-08-29 13:54:51', 'c', None, None, 0, '', datetime.datetime(2025, 8, 29, 13, 54, 28), datetime.datetime(2025, 8, 29, 13, 54, 28)))

[2025-09-02 10:31:20,617] [database.py] [line:144] [INFO] # 风险测评id：41635
[2025-09-02 10:31:20,660] [database.py] [line:157] [INFO] # 退款id：1318
[2025-09-02 10:31:21,033] [database.py] [line:241] [INFO] # app `stock-rubik-cube`.contract_new数据列表：
((219703, '20250829134417623643', 3338203510512787459, 'YSTG10A25082900003', 0, 'service', 0, datetime.date(2025, 8, 29), '8312dff0eb70459c84d3f34bbfeae6d2', '1efb642617ed47e4a3b8f2423d4b7fa6', 'AAAAAAq8uroAAAAAAAgr1c8HLNjN/aOvlRCmO02huvMN0vr4R2+wFsHgU+d8KZkwQRnOKIZcd0SDzQhNM/saSkIYQ/JTsfpcPN3oyCh7tKYhIeYdVzVWklHQWoY3drvAaIxfCLuQYR+OZrt55W+5Civ5/a2r1ngB9mUlra29xuAeErfrATQSSPpt44VEmMPhIactqrmdpuNDMCje4LYGXF++73aT4VgGC47S+YGdIKOVyAUo9A6lch+8WbZbhVHUsVezBQpZtHkJ3UQeoC5I/Fq9d8i5p79hpLPk1cux49chhSVrxbsJevRfQf3w0OCkLP2rzH6+FWTcqx3Jvu/gscRXwFJl5pKJ6uUM6nRlfGoRIWnDKC3fcqVumzEdXdlEbk1nbc8eItViI6DBZKXtzT74aCJ/CNuh3tsHJk+D7gTs2TuokQQFxjZ4jH4A4FMH3TCK4OefnoZtttjG5Q6ZH36/bJnynrQB8zA1r9OM5fCVoc5KtKNOZpPv4O+HuxAHKldyaVmAWUNp1VVTUi/ILKNM1QhVhJz85he6CJEx3a+o3rtdS90UsIWZUW2AsoJvQBI/5sEqHsuHbMAyEGz08xyKn1ii24ox2c3+vcAdMx50dro34jO9/7VvBr7Cb+tdlfY5TzVafPXWgS4Fq9vr5o2hiX8HUxI=', 'AAAAAAq8uroAAAAAAAgr1gsau/l0RYG3f7ODhdXG9+xiFAQLXwWvpUP3r0VyC+2xmnmCY+QJPsHpZV8boZM8i5Sp3ivfifOpgu04LW+lPDfvvtZ2NwWpMWypUu8W4QdHm5w/pXb2aUYU1JfLu3iCNoXCrHk=', datetime.datetime(2025, 8, 29, 13, 45, 21), datetime.datetime(2025, 8, 29, 13, 44, 20), datetime.datetime(2025, 8, 29, 13, 48, 4), 0, '', 2, ''), (219704, '20250829134417623643', 3338203510512787459, '', 1, 'termination', 0, None, '', '', '', '', None, datetime.datetime(2025, 8, 29, 13, 54, 28), datetime.datetime(2025, 8, 29, 13, 54, 28), 0, '', 2, ''))

[2025-09-02 10:31:21,033] [database.py] [line:245] [INFO] # app `stock-rubik-cube`.contract_new数据：
(219703, '20250829134417623643', 3338203510512787459, 'YSTG10A25082900003', 0, 'service', 0, datetime.date(2025, 8, 29), '8312dff0eb70459c84d3f34bbfeae6d2', '1efb642617ed47e4a3b8f2423d4b7fa6', 'AAAAAAq8uroAAAAAAAgr1c8HLNjN/aOvlRCmO02huvMN0vr4R2+wFsHgU+d8KZkwQRnOKIZcd0SDzQhNM/saSkIYQ/JTsfpcPN3oyCh7tKYhIeYdVzVWklHQWoY3drvAaIxfCLuQYR+OZrt55W+5Civ5/a2r1ngB9mUlra29xuAeErfrATQSSPpt44VEmMPhIactqrmdpuNDMCje4LYGXF++73aT4VgGC47S+YGdIKOVyAUo9A6lch+8WbZbhVHUsVezBQpZtHkJ3UQeoC5I/Fq9d8i5p79hpLPk1cux49chhSVrxbsJevRfQf3w0OCkLP2rzH6+FWTcqx3Jvu/gscRXwFJl5pKJ6uUM6nRlfGoRIWnDKC3fcqVumzEdXdlEbk1nbc8eItViI6DBZKXtzT74aCJ/CNuh3tsHJk+D7gTs2TuokQQFxjZ4jH4A4FMH3TCK4OefnoZtttjG5Q6ZH36/bJnynrQB8zA1r9OM5fCVoc5KtKNOZpPv4O+HuxAHKldyaVmAWUNp1VVTUi/ILKNM1QhVhJz85he6CJEx3a+o3rtdS90UsIWZUW2AsoJvQBI/5sEqHsuHbMAyEGz08xyKn1ii24ox2c3+vcAdMx50dro34jO9/7VvBr7Cb+tdlfY5TzVafPXWgS4Fq9vr5o2hiX8HUxI=', 'AAAAAAq8uroAAAAAAAgr1gsau/l0RYG3f7ODhdXG9+xiFAQLXwWvpUP3r0VyC+2xmnmCY+QJPsHpZV8boZM8i5Sp3ivfifOpgu04LW+lPDfvvtZ2NwWpMWypUu8W4QdHm5w/pXb2aUYU1JfLu3iCNoXCrHk=', datetime.datetime(2025, 8, 29, 13, 45, 21), datetime.datetime(2025, 8, 29, 13, 44, 20), datetime.datetime(2025, 8, 29, 13, 48, 4), 0, '', 2, '')

[2025-09-02 10:31:21,033] [database.py] [line:245] [INFO] # app `stock-rubik-cube`.contract_new数据：
(219704, '20250829134417623643', 3338203510512787459, '', 1, 'termination', 0, None, '', '', '', '', None, datetime.datetime(2025, 8, 29, 13, 54, 28), datetime.datetime(2025, 8, 29, 13, 54, 28), 0, '', 2, '')

[2025-09-02 10:31:21,049] [database.py] [line:252] [INFO] # app `stock-rubik-cube`.`order`数据列表：
((3338203510512787459,),)

[2025-09-02 10:31:21,049] [database.py] [line:259] [INFO] # app用户id：3338203510512787459

[2025-09-02 10:31:21,101] [database.py] [line:287] [INFO] # app `stock-rubik-cube`.user_order_product数据列表：
()

[2025-09-02 10:31:21,161] [database.py] [line:308] [INFO] # o1ELc6LrAZOqCjYiOZur5A-sVzYc用户到期时间：(datetime.datetime(2025, 8, 30, 14, 6, 35),)
[2025-09-02 10:31:21,183] [database.py] [line:322] [INFO] # 更新work_crm_base_user表u_expire_date成功！
