[2025-11-04 13:43:13,347] [log.py] [line:31] [INFO] # ======Start printing logs======
[2025-11-04 13:43:20,402] [database.py] [line:80] [INFO] # 退款订单id列表：['20251104132329563537', '20251104131509979449', '20251104112015233387']
[2025-11-04 13:43:20,402] [database.py] [line:85] [INFO] # 
退款订单号：20251104132329563537
[2025-11-04 13:43:20,678] [database.py] [line:97] [INFO] # 退款订单unionid：o1ELc6LrAZOqCjYiOZur5A-sVzYc，kill_order：
[2025-11-04 13:43:20,965] [database.py] [line:107] [INFO] # v2_work_crm_order_main 数据列表：
((49694, '20251104132329563537', 10164, 15, 15, 1, 3, '1762233981', '', 'o1ELc6LrAZOqCjYiOZur5A-sVzYc', '赵楠', 'H4qNWOvOwe$$$$A$$$$rqaPhQyIw==', None, None, 365, 0, None, None, None, None, 0, datetime.datetime(2025, 11, 4, 13, 23, 29), datetime.datetime(2025, 11, 4, 13, 23, 29)),)

[2025-11-04 13:43:21,011] [database.py] [line:114] [INFO] # v2_work_crm_order_main_son 数据列表：
((15378, '20251104132329563537', 'SOD20251104132425270678', 15, 0, 6, None, None, None, None, None, None, None, None, None, None, None, None, '100159933048', '1001599330480201', datetime.datetime(2025, 11, 4, 13, 24, 25)), (15379, '20251104132329563537', 'SOD20251104132428504762', 15, 0, 6, None, None, None, None, None, None, None, None, None, None, None, None, '100159933048', '1001599330480201', datetime.datetime(2025, 11, 4, 13, 24, 28)))

[2025-11-04 13:43:21,069] [database.py] [line:121] [INFO] # v2_work_crm_order_main_status 数据列表：
((49853, '20251104132329563537', 1, 1, 2, 4, datetime.datetime(2025, 11, 4, 13, 27, 25), 1, 0, 889017, 889017, 'wwec9bda2817108582', '百灵智投', 'ZhaoNan', 'ZhaoNan', 1, 2, 1, '私人定制', 16800000, 'srdz', '这是私人定制的描述', 365, 4, 0, '20251030135410935340', '', 0, 0, 'o1ELc6LrAZOqCjYiOZur5A-sVzYc', 15, 15, '1762233981', 1, 7, '', 'ad06d94ca6412d2d1b27d2c73ba7a522', 0, datetime.datetime(2025, 11, 4, 13, 23, 29), None, None, 0, '888996', None, None, None, '889009', None, None, None, '889003,889017', None, None, None),)

[2025-11-04 13:43:21,110] [database.py] [line:127] [INFO] # v2_work_crm_hegui 数据列表：
((1306, '20251104132329563537', 'o1ELc6LrAZOqCjYiOZur5A-sVzYc', 4, 101371, '111', 0, 0, 0, None, None, 1, None, None, None, None, -1, 0, '', 1, datetime.datetime(2025, 11, 4, 13, 24, 21), datetime.datetime(2025, 11, 4, 13, 27, 25)),)

[2025-11-04 13:43:21,389] [database.py] [line:133] [INFO] # v2_work_crm_order_contract 数据列表：
((44731, '20251104132329563537', '680e44dc28444c7ea4006c4841acef9e', 'ab2cf932e38540b38635ffb7187139c2', '8c4a35b69d4d4dcdbe2885e0d279fdd8', 1, '产品服务协议-测试', None, '5VFbtjRSP9c7CZnanI3IRNPGIqL3XO9ADgf2Ad7asTUreGnYBhwAgjwxZ7dLaz5G30Zv9LMtxqOip$$$$w75xxl7@@@@dlrseEjIPHXXpCgPh04$$$$MNTQyL3GPVOHnr6p8z45iKjXtbShg4YIvwCK89bG0Nm4Vd3q8@@@@vR7OfwPRCFihxL5cfT3Y$$$$f6qbf3b7zxZ4zVrCoqHLOxxOSlPyxzgsv0DpxMQjc4bFhl7Y5j04oP3ose6JwL0oEIe30rs30XqsDuOu$$$$jp9qUoNkr$$$$cDbZy6rjhDBeEUYw@@@@d6Jl4v0cx0ZuPEGyhH6GQuGTfKWccSgdgFnuRmW6imgtoxQo070GDzvi2Z352YG3KKHRZWWxE9@@@@xHCD3KoMhH7KxQrMKMEHoprJpoUyFx4bvnX1rRPVSW0LKmCZEUrOv$$$$QCwlO8KfDG62@@@@WMVcnbwCWyy7@@@@aEao2MeGGi0Ey1hnr66$$$$4fFCCwoVKrxZSe7n8fzeHROvomM4SGbrmUV@@@@X0SeDqnlpg$$$$EXfArQsWOQ7p6svSahbwAUYjHeEx0vvCZgB9P5lRIUx6iwzm3RkpxLePPcpLKCPmEMvrMvqHZQgBijuJBpeQzTcNLeEqdUdNjRrcSlR21Qj7@@@@PiefqqR2Fo2FpS06zdKupncR', None, '2025-11-04 13:24:17', 'YSTG10A25110400002', None, None, 0, '', datetime.datetime(2025, 11, 4, 13, 24, 21), datetime.datetime(2025, 11, 4, 13, 24, 21)),)

[2025-11-04 13:43:21,413] [database.py] [line:144] [INFO] # 风险测评id：41765
[2025-11-04 13:43:21,546] [database.py] [line:157] [INFO] # 退款id：1430
[2025-11-04 13:43:22,456] [database.py] [line:241] [INFO] # app `stock-rubik-cube`.contract_new数据列表：
((219909, '20251104132329563537', 4782059468321726473, 'YSTG10A25110400002', 0, 'service', 0, datetime.date(2025, 11, 4), 'ab2cf932e38540b38635ffb7187139c2', '680e44dc28444c7ea4006c4841acef9e', 'AAAAAAq8uroAAAAAAAgucgxO8XGFKU8GvJhKx/8x2x1/f/jusOqxAkvh6/ZAsj0Z73oHnMYb+CRP59q9+AuAt8bLA+IgdOJRjBrW5xhxT384Ckhc1s6S+RBTP6LYwI+jJeK8Znm/JYgdixrkVYGXQ68bGkggsIVVZSnWgsnrdbyB8gDvfd06/RMw5oesPR6J3453ZSsjf9qqYtof3yoQvltWRFtQGRvs15UiAt+FhTotnsSlsyyj37on/bH7f1rlOagYGy9n8KQD2vs+unpkhHeq/RiM4dKThY42k807mNj6uJ24UfD6XNaMBvLMlNl+tIH7vEMa1BmLgm3OkdTTNSR4WUKFeEGV5yyrJqQUe7FgmuzKzL47tQiqDIlEbp0q4eW+mT5s7jtBC5ckjvS1zebk9F6TDSQLHrr2uiM4gKI9r/UPSsDd9/lEMSFa9xun3hu46b2P8+5LK37bh1Toj9jsyZ0dVRecJy2ClapQHGubDO0ofQVEwh0bdpqRWDdzESxnoG25lCmALHCeKlS1lH0x6iT4awtWt1DKS2dYtukwG2ces2eqfFk1Z95HRqK8GlxZz70e2/tr6v3uSSDjiUZdWUsqWiRyK2uqt6G+LMdl0n0iz3DAaGQBYbUt2ySWxlhPXe97WwHlFgab48t7tXOljS04Q+59x+vMFdE=', '', datetime.datetime(2025, 11, 4, 13, 24, 17), datetime.datetime(2025, 11, 4, 13, 23, 34), datetime.datetime(2025, 11, 4, 13, 24, 20), 0, '', 2, ''),)

[2025-11-04 13:43:22,456] [database.py] [line:245] [INFO] # app `stock-rubik-cube`.contract_new数据：
(219909, '20251104132329563537', 4782059468321726473, 'YSTG10A25110400002', 0, 'service', 0, datetime.date(2025, 11, 4), 'ab2cf932e38540b38635ffb7187139c2', '680e44dc28444c7ea4006c4841acef9e', 'AAAAAAq8uroAAAAAAAgucgxO8XGFKU8GvJhKx/8x2x1/f/jusOqxAkvh6/ZAsj0Z73oHnMYb+CRP59q9+AuAt8bLA+IgdOJRjBrW5xhxT384Ckhc1s6S+RBTP6LYwI+jJeK8Znm/JYgdixrkVYGXQ68bGkggsIVVZSnWgsnrdbyB8gDvfd06/RMw5oesPR6J3453ZSsjf9qqYtof3yoQvltWRFtQGRvs15UiAt+FhTotnsSlsyyj37on/bH7f1rlOagYGy9n8KQD2vs+unpkhHeq/RiM4dKThY42k807mNj6uJ24UfD6XNaMBvLMlNl+tIH7vEMa1BmLgm3OkdTTNSR4WUKFeEGV5yyrJqQUe7FgmuzKzL47tQiqDIlEbp0q4eW+mT5s7jtBC5ckjvS1zebk9F6TDSQLHrr2uiM4gKI9r/UPSsDd9/lEMSFa9xun3hu46b2P8+5LK37bh1Toj9jsyZ0dVRecJy2ClapQHGubDO0ofQVEwh0bdpqRWDdzESxnoG25lCmALHCeKlS1lH0x6iT4awtWt1DKS2dYtukwG2ces2eqfFk1Z95HRqK8GlxZz70e2/tr6v3uSSDjiUZdWUsqWiRyK2uqt6G+LMdl0n0iz3DAaGQBYbUt2ySWxlhPXe97WwHlFgab48t7tXOljS04Q+59x+vMFdE=', '', datetime.datetime(2025, 11, 4, 13, 24, 17), datetime.datetime(2025, 11, 4, 13, 23, 34), datetime.datetime(2025, 11, 4, 13, 24, 20), 0, '', 2, '')

[2025-11-04 13:43:23,153] [database.py] [line:252] [INFO] # app `stock-rubik-cube`.`order`数据列表：
((4782059468321726473,),)

[2025-11-04 13:43:23,153] [database.py] [line:259] [INFO] # app用户id：4782059468321726473

[2025-11-04 13:43:23,208] [database.py] [line:287] [INFO] # app `stock-rubik-cube`.user_order_product数据列表：
()

[2025-11-04 13:43:23,441] [database.py] [line:85] [INFO] # 
退款订单号：20251104131509979449
[2025-11-04 13:43:23,483] [database.py] [line:97] [INFO] # 退款订单unionid：o1ELc6LrAZOqCjYiOZur5A-sVzYc，kill_order：
[2025-11-04 13:43:23,588] [database.py] [line:107] [INFO] # v2_work_crm_order_main 数据列表：
((49693, '20251104131509979449', 10105, 1, 1, 0, 0, None, '', 'o1ELc6LrAZOqCjYiOZur5A-sVzYc', '赵楠', 'H4qNWOvOwe$$$$A$$$$rqaPhQyIw==', None, None, 2, 0, None, None, None, None, 1, datetime.datetime(2025, 11, 4, 13, 15, 9), datetime.datetime(2025, 11, 4, 13, 15, 9)),)

[2025-11-04 13:43:23,629] [database.py] [line:114] [INFO] # v2_work_crm_order_main_son 数据列表：
()

[2025-11-04 13:43:23,926] [database.py] [line:121] [INFO] # v2_work_crm_order_main_status 数据列表：
((49852, '20251104131509979449', 0, 0, 2, 0, None, 3, 0, 889009, 889009, 'wwec9bda2817108582', '百灵智投', 'cheng', 'cheng', 1, 3, 0, '研选量投', 1, 'yxlt_xf', '严选量投-续费-客服', 2, 10, 0, '20251030135410935340', '', 0, 0, 'o1ELc6LrAZOqCjYiOZur5A-sVzYc', 1, 1, None, 0, 7, '', '', 1, datetime.datetime(2025, 11, 4, 13, 15, 9), None, None, 0, '888996', None, None, None, '889009', None, None, None, '889003,889017', None, None, None),)

[2025-11-04 13:43:24,007] [database.py] [line:127] [INFO] # v2_work_crm_hegui 数据列表：
()

[2025-11-04 13:43:24,106] [database.py] [line:133] [INFO] # v2_work_crm_order_contract 数据列表：
()

[2025-11-04 13:43:25,931] [database.py] [line:241] [INFO] # app `stock-rubik-cube`.contract_new数据列表：
()

[2025-11-04 13:43:25,956] [database.py] [line:252] [INFO] # app `stock-rubik-cube`.`order`数据列表：
((4782059468321726473,),)

[2025-11-04 13:43:25,956] [database.py] [line:259] [INFO] # app用户id：4782059468321726473

[2025-11-04 13:43:26,224] [database.py] [line:287] [INFO] # app `stock-rubik-cube`.user_order_product数据列表：
()

[2025-11-04 13:43:26,238] [database.py] [line:85] [INFO] # 
退款订单号：20251104112015233387
[2025-11-04 13:43:26,279] [database.py] [line:97] [INFO] # 退款订单unionid：o1ELc6LrAZOqCjYiOZur5A-sVzYc，kill_order：
[2025-11-04 13:43:27,966] [database.py] [line:107] [INFO] # v2_work_crm_order_main 数据列表：
((49692, '20251104112015233387', 10105, 1, 1, 1, 1, '1762226648', '4200002923202511047123642836', 'o1ELc6LrAZOqCjYiOZur5A-sVzYc', '赵楠', 'H4qNWOvOwe$$$$A$$$$rqaPhQyIw==', None, None, 2, 0, None, None, None, None, 0, datetime.datetime(2025, 11, 4, 11, 20, 15), datetime.datetime(2025, 11, 4, 11, 20, 15)),)

[2025-11-04 13:43:28,006] [database.py] [line:114] [INFO] # v2_work_crm_order_main_son 数据列表：
((15377, '20251104112015233387', 'SOD20251104112358340270', 1, 1, 1, '1762226648', '4200002923202511047123642836', None, '50303605392025110447446460879', '20251104131205034055', datetime.datetime(2025, 11, 4, 13, 12, 6), None, None, None, None, None, None, None, None, datetime.datetime(2025, 11, 4, 11, 23, 58)),)

[2025-11-04 13:43:28,136] [database.py] [line:121] [INFO] # v2_work_crm_order_main_status 数据列表：
((49851, '20251104112015233387', 1, 1, 2, 0, None, 1, 4, 889009, 889009, 'wwec9bda2817108582', '百灵智投', 'cheng', 'cheng', 1, 3, 1, '研选量投', 1, 'yxlt_xf', '严选量投-续费-客服', 2, 10, 0, '20251030135410935340', '', 0, 0, 'o1ELc6LrAZOqCjYiOZur5A-sVzYc', 1, 1, '1762226648', 1, 7, '', '', 0, datetime.datetime(2025, 11, 4, 11, 20, 15), None, None, 0, '888996', None, None, None, '889009', None, None, None, '889003,889017', None, None, None),)

[2025-11-04 13:43:28,213] [database.py] [line:127] [INFO] # v2_work_crm_hegui 数据列表：
((1305, '20251104112015233387', 'o1ELc6LrAZOqCjYiOZur5A-sVzYc', 0, 0, '', 0, 0, 0, None, None, 1, None, None, None, None, -1, 0, '', 0, datetime.datetime(2025, 11, 4, 11, 21, 11), datetime.datetime(2025, 11, 4, 11, 21, 11)),)

[2025-11-04 13:43:28,330] [database.py] [line:133] [INFO] # v2_work_crm_order_contract 数据列表：
((44730, '20251104112015233387', 'e312b5d6756545858b44153db6c6dd59', 'e75f787f11534ef3b997557bb523e85c', '8c4a35b69d4d4dcdbe2885e0d279fdd8', 1, '产品服务协议-测试', None, '5VFbtjRSP9c7CZnanI3IRNPGIqL3XO9ADgf2Ad7asTUreGnYBhwAggJi2cF0kEI9GSX4LyztCmPfkW6Vn8h6IoVQI$$$$QbeFjoyNKfTj7kSm0M7kW3NqzdUUA9BJN@@@@B86RjXtbShg4YIvwCK89bG0Nm4Vd3q8@@@@vR7OfwPRCFihxL5cfT3Y$$$$f6qbf3b7zxZ4zVrCoqHLOxxOSlPyxzgsv0DpxMQjc4bFhl7Y5j04oP3ose6JwL0oEIe30rs30XqsDuOu$$$$jp9qUoNkr$$$$cDbZy6rjhDBeEUYw@@@@d6Jl4v0cx0ZuPEGyhH6GQuGTfKWccSgdgFnuRmW6imgtoxQo070GDzvi2Z352YG3KKHRZWWxE9@@@@xHCD3KoMhH7KxQrMKMEHoprJpoUyFx4bvnX1rRPVSW0LKmCZEUrOv$$$$QCwlO8KfDG62@@@@WMVcnbwCWyy7@@@@aEao2MeGGi0Ey1hnr66$$$$4fFCCwoVKrxZSe7n8fzeHROvomM4SGbrmUV@@@@X0SeDqnlpg$$$$EXfArQsWOQ7p6svSahbwAUYjHeCwd6dbWAwv@@@@A4Di7zf77DpAyirOmPA1Ve6ExxQyro$$$$gt2q$$$$DCroyYjjDRnILg5wERlDYkXbTf7x$$$$oiKl3a39MOLFq$$$$ZuVJf$$$$NPKffN9xTqR', None, '2025-11-04 11:21:06', 'YSTG10A25110400001', None, None, 0, '', datetime.datetime(2025, 11, 4, 11, 21, 11), datetime.datetime(2025, 11, 4, 11, 21, 11)),)

[2025-11-04 13:43:28,370] [database.py] [line:144] [INFO] # 风险测评id：41764
[2025-11-04 13:43:28,441] [database.py] [line:157] [INFO] # 退款id：1429
[2025-11-04 13:43:29,992] [database.py] [line:241] [INFO] # app `stock-rubik-cube`.contract_new数据列表：
((219908, '20251104112015233387', 4782059468321726473, 'YSTG10A25110400001', 0, 'service', 0, datetime.date(2025, 11, 4), 'e75f787f11534ef3b997557bb523e85c', 'e312b5d6756545858b44153db6c6dd59', 'AAAAAAq8uroAAAAAAAgucWLBVGE5Di5esWgFbZ6xclPQEy6g2PrRGICzEetLnx118KTxHsrs0SiuJH6UU9fvgZdNHTBuQnA7bwb/R+fxlv3Ku+PCQbrTL1gZ150zZcIAK466MNy9XF32o7IT9RFqR+UEhIFGgrmIVzZnZX8ckBtzHCy6e+bC/9locdHBYHY8ewNU9uvENB18EOHuafCO9mizqfs1WJgziFxdS5tNhKKPEjOkEcfesBtqsEfJG6owGXjBPLfjOdBYV2lt/TmXnSatZ7uGo7sPrhIfkfAaCPMGAByyQ/hapqMwA51GraaPwjFzwBDWdS3oJZVhYeJUbpEJKihaTusMfl45eFKd5bS/hbRIkDwYCJtCaKY/9bMK1pAQ29VR6S0CEQCMLVYjme1UOtlF3iu/mg2Bkn4xXe2HdtcCv4EoJnhJ4ZOVptVyLQGJgqEf5fLPI0AdfHKB+Ap311sWEdSh7tnIKaUcH/t+PCtSqweFwLlLvF25U3LqhocSvvSjBvYmknU4NOhNFSSiAxmVDdZ2FML/IMg0OO4XnYWoCBsPHJr0NuXk8ANuGZ+MAIl8KJ1hS1bAF7x84JqQdC2b+hww8TTkvaG62AURYRrScPfK63OBU/42aVXSX5fIcyH3jChGPpL+v2eeRQr+RDLfthQ55A==', '', datetime.datetime(2025, 11, 4, 11, 21, 6), datetime.datetime(2025, 11, 4, 11, 20, 20), datetime.datetime(2025, 11, 4, 11, 21, 10), 0, '', 2, ''),)

[2025-11-04 13:43:29,992] [database.py] [line:245] [INFO] # app `stock-rubik-cube`.contract_new数据：
(219908, '20251104112015233387', 4782059468321726473, 'YSTG10A25110400001', 0, 'service', 0, datetime.date(2025, 11, 4), 'e75f787f11534ef3b997557bb523e85c', 'e312b5d6756545858b44153db6c6dd59', 'AAAAAAq8uroAAAAAAAgucWLBVGE5Di5esWgFbZ6xclPQEy6g2PrRGICzEetLnx118KTxHsrs0SiuJH6UU9fvgZdNHTBuQnA7bwb/R+fxlv3Ku+PCQbrTL1gZ150zZcIAK466MNy9XF32o7IT9RFqR+UEhIFGgrmIVzZnZX8ckBtzHCy6e+bC/9locdHBYHY8ewNU9uvENB18EOHuafCO9mizqfs1WJgziFxdS5tNhKKPEjOkEcfesBtqsEfJG6owGXjBPLfjOdBYV2lt/TmXnSatZ7uGo7sPrhIfkfAaCPMGAByyQ/hapqMwA51GraaPwjFzwBDWdS3oJZVhYeJUbpEJKihaTusMfl45eFKd5bS/hbRIkDwYCJtCaKY/9bMK1pAQ29VR6S0CEQCMLVYjme1UOtlF3iu/mg2Bkn4xXe2HdtcCv4EoJnhJ4ZOVptVyLQGJgqEf5fLPI0AdfHKB+Ap311sWEdSh7tnIKaUcH/t+PCtSqweFwLlLvF25U3LqhocSvvSjBvYmknU4NOhNFSSiAxmVDdZ2FML/IMg0OO4XnYWoCBsPHJr0NuXk8ANuGZ+MAIl8KJ1hS1bAF7x84JqQdC2b+hww8TTkvaG62AURYRrScPfK63OBU/42aVXSX5fIcyH3jChGPpL+v2eeRQr+RDLfthQ55A==', '', datetime.datetime(2025, 11, 4, 11, 21, 6), datetime.datetime(2025, 11, 4, 11, 20, 20), datetime.datetime(2025, 11, 4, 11, 21, 10), 0, '', 2, '')

[2025-11-04 13:43:30,023] [database.py] [line:252] [INFO] # app `stock-rubik-cube`.`order`数据列表：
((4782059468321726473,),)

[2025-11-04 13:43:30,023] [database.py] [line:259] [INFO] # app用户id：4782059468321726473

[2025-11-04 13:43:30,082] [database.py] [line:287] [INFO] # app `stock-rubik-cube`.user_order_product数据列表：
()

[2025-11-04 13:43:30,419] [database.py] [line:308] [INFO] # o1ELc6LrAZOqCjYiOZur5A-sVzYc用户到期时间：(datetime.datetime(2026, 10, 30, 13, 58, 23),)
[2025-11-04 13:43:30,446] [database.py] [line:322] [INFO] # 更新work_crm_base_user表u_expire_date成功！
[2025-11-04 17:03:28,864] [log.py] [line:31] [INFO] # ======Start printing logs======
[2025-11-04 17:03:32,113] [database.py] [line:80] [INFO] # 退款订单id列表：['20251030135410935340', '20251024132233169243', '20251022102806925624']
[2025-11-04 17:03:32,113] [database.py] [line:85] [INFO] # 
退款订单号：20251030135410935340
[2025-11-04 17:03:32,132] [database.py] [line:97] [INFO] # 退款订单unionid：o1ELc6LrAZOqCjYiOZur5A-sVzYc，kill_order：20251024132233169243
[2025-11-04 17:03:32,170] [database.py] [line:107] [INFO] # v2_work_crm_order_main 数据列表：
((49689, '20251030135410935340', 10164, 15, 15, 1, 3, '1761803882', '', 'o1ELc6LrAZOqCjYiOZur5A-sVzYc', '赵楠', 'H4qNWOvOwe$$$$A$$$$rqaPhQyIw==', datetime.datetime(2025, 10, 30, 13, 58, 23), datetime.datetime(2026, 10, 30, 13, 58, 23), 365, 0, datetime.datetime(2026, 10, 30, 13, 58, 23), None, None, None, 0, datetime.datetime(2025, 10, 30, 13, 54, 10), datetime.datetime(2025, 10, 30, 13, 54, 10)),)

[2025-11-04 17:03:32,191] [database.py] [line:114] [INFO] # v2_work_crm_order_main_son 数据列表：
()

[2025-11-04 17:03:32,224] [database.py] [line:121] [INFO] # v2_work_crm_order_main_status 数据列表：
((49848, '20251030135410935340', 1, 1, 2, 1, datetime.datetime(2025, 10, 30, 13, 58, 23), 1, 4, 889017, 889017, 'wwec9bda2817108582', '百灵智投', 'ZhaoNan', 'ZhaoNan', 1, 2, 1, '私人定制', 16800000, 'srdz', '这是私人定制的描述', 365, 4, 0, '20251024132233169243', '20251024132233169243', 0, 0, 'o1ELc6LrAZOqCjYiOZur5A-sVzYc', 15, 15, '1761803882', 1, 7, '', '0edf0f1536d60d07271d5749cd5b3958', 0, datetime.datetime(2025, 10, 30, 13, 54, 10), None, datetime.datetime(2025, 10, 30, 13, 58, 23), 0, '888996', None, None, None, '889009', None, None, None, '889003,889017', None, None, None),)

[2025-11-04 17:03:32,245] [database.py] [line:127] [INFO] # v2_work_crm_hegui 数据列表：
((1301, '20251030135410935340', 'o1ELc6LrAZOqCjYiOZur5A-sVzYc', 1, 101371, '', 1, 0, 1, None, None, 1, None, None, None, None, -1, 0, '', 1, datetime.datetime(2025, 10, 30, 13, 55, 22), datetime.datetime(2025, 10, 30, 13, 58, 23)),)

[2025-11-04 17:03:32,267] [database.py] [line:133] [INFO] # v2_work_crm_order_contract 数据列表：
((44723, '20251030135410935340', '7aaea8ac5e0348539d30f60aea0b5526', '2e9a729f8a64472fab07cf3104aec7c4', '8c4a35b69d4d4dcdbe2885e0d279fdd8', 1, '产品服务协议', 'eeZRyEm7vbDA0Lxi1n6NDNDfMbS3FBKFV1I5u28WftFIskiH4SusbdejbsUQMFXYeTZ7DiuHw1oQxKA03T8yZ948WCgJK3GAlZVHCnkly3TKc@@@@lCM6kGFw==', '5VFbtjRSP9eHX@@@@3H$$$$LTFZHMFWXdll9IAoUrn7BPXz2yXtq3TplNQwvXJ@@@@yh5@@@@XRKsF5R58jYF0xza7HYS2OyvgnhGf@@@@XDNMf7Rn6ux68ISiTrLsa7YUbZw==', datetime.datetime(2025, 10, 30, 13, 58, 23), '2025-10-30 13:55:16', 'YSTG10A25103000001', None, 'eqoh5xxl$$$$ZHJkZo7HfytjEyYA801VLRe$$$$pS78cSF3nsGRbaNikpsiSE1WU2duLjukCxhu6DZB852D2oIq8h6Tjgfi3ceE1SyjcPET2pDHVTAKeUirii3i$$$$tVfGj2T0WoXDDix47TcowNW1Zd59ToaPXD3r69j7AYsP8qFtsHIDi5qVn14z3VgcAL$$$$tubvjpyWSjyKotZtA4L3dphwNqvHHk2ew4rh8NaEMSgNN0@@@@MmfePFgoCStxgJWVRwp5Jct0d@@@@NrlySjKXplUsGwiHEE2wvd2mHA2q8ceTZ7DiuHw1oQxKA03T8yZ948WCgJK3GAlZVHCnkly3RVciKiMhbRwQ==', 0, '', datetime.datetime(2025, 10, 30, 13, 55, 22), datetime.datetime(2025, 10, 30, 13, 55, 22)), (44729, '20251030135410935340', None, None, 'dc588181a755439aace7955f2b6da66b', 2, '终止协议-测试', None, '5VFbtjRSP9eHX@@@@3H$$$$LTFZHMFWXdll9IAoUrn7BPXz2yXtq3TplNQwvXJ@@@@yh5@@@@XRKtdxtggvPysrlhLihRAZK11sfQUJJ$$$$q9n', datetime.datetime(2025, 11, 4, 11, 12, 2), '2025-11-04 11:12:02', 'c', None, None, 0, '', datetime.datetime(2025, 11, 4, 11, 11, 29), datetime.datetime(2025, 11, 4, 11, 11, 29)))

[2025-11-04 17:03:32,287] [database.py] [line:144] [INFO] # 风险测评id：41760
[2025-11-04 17:03:32,326] [database.py] [line:157] [INFO] # 退款id：1428
[2025-11-04 17:03:32,613] [database.py] [line:214] [INFO] # order_ids:('20251024132233169243',)
[2025-11-04 17:03:32,632] [database.py] [line:217] [INFO] # 更新v2_work_crm_order_main_status表is_cancellation成功！
[2025-11-04 17:03:32,699] [database.py] [line:241] [INFO] # app `stock-rubik-cube`.contract_new数据列表：
((219901, '20251030135410935340', 4782059468321726473, 'YSTG10A25103000001', 0, 'service', 0, datetime.date(2025, 10, 30), '2e9a729f8a64472fab07cf3104aec7c4', '7aaea8ac5e0348539d30f60aea0b5526', 'AAAAAAq8uroAAAAAAAguZvNtRwkIQFWDp09hUDufjOvAj0zCg9+lVOs5yXEDt/pWq+yqH3Z962Bt1UKZZCqteRDBSytTj1JAJCmYWqfhvCcOnvyYIyyuzrpBSDlwQZLWzg9YpjJh4JN7NdEk9nHFeE8HK/gLwZhryHGPnTRNoWWja9wNKSXfUEo+Aa+20xtOX87Z6C8Gx+3g/XHPnpLx7EFaPAVETnnuEIPtp/2GtvWO5FtEutVsD2PgwO1wfww1npqeCNfr+vqEPzzJb2vYHpRfwcxUIjAVuQ0mAhWlG+e9mOEaqWueDtHMEHmRvRI4/AZJFxZCBW2VpRik/0Vt5owVroyCa3+DAK+cjFgXCSBMYxgwZRzp3ZDZFpIifAMVrS/mC4oCvhp9GiKHk6gJLk6fOpRhEm1XjsAoSVXrx/s55vEv7idqWTDVchoH0j65gFpzvjs7y+Obv61LlcfJqg06DhsiAeyT08x316zUge3vMh8bmvKUDQna8scg9VYYKdF0iBhaEAGQGvbVDgeM3Zh1VS5hGkMRXyzdVfrj49jpIM2aGGUsnlsoepiA/wjz8WHCu+ezNo/ZpzRX9d0WM/mVtSHv2Lwq6HYA7OhuTtoxBxuG4JaeybekSneeIKXmhuz4mc+9y5j2oX822KDT4gi247TWGZzX+cTQqyA=', 'AAAAAAq8uroAAAAAAAguZ6nBkEEcfgE26SEmlH7I6JoM/Wy4X5vuCfHC19W1va4Ap8qjnbXGG5/BIRMEPCgGLRv/ZnIJVJQmAjTkrZN1IN1QS+3KxsWNLIIFY0DoMIycTcAlMAsuTPKw8H2YGU5Zw9BKgOk=', datetime.datetime(2025, 10, 30, 13, 55, 16), datetime.datetime(2025, 10, 30, 13, 54, 24), datetime.datetime(2025, 10, 30, 13, 58, 23), 0, '', 2, ''), (219907, '20251030135410935340', 4782059468321726473, '', 1, 'termination', 0, None, '', '', '', '', None, datetime.datetime(2025, 11, 4, 11, 11, 29), datetime.datetime(2025, 11, 4, 11, 11, 29), 0, '', 2, ''))

[2025-11-04 17:03:32,699] [database.py] [line:245] [INFO] # app `stock-rubik-cube`.contract_new数据：
(219901, '20251030135410935340', 4782059468321726473, 'YSTG10A25103000001', 0, 'service', 0, datetime.date(2025, 10, 30), '2e9a729f8a64472fab07cf3104aec7c4', '7aaea8ac5e0348539d30f60aea0b5526', 'AAAAAAq8uroAAAAAAAguZvNtRwkIQFWDp09hUDufjOvAj0zCg9+lVOs5yXEDt/pWq+yqH3Z962Bt1UKZZCqteRDBSytTj1JAJCmYWqfhvCcOnvyYIyyuzrpBSDlwQZLWzg9YpjJh4JN7NdEk9nHFeE8HK/gLwZhryHGPnTRNoWWja9wNKSXfUEo+Aa+20xtOX87Z6C8Gx+3g/XHPnpLx7EFaPAVETnnuEIPtp/2GtvWO5FtEutVsD2PgwO1wfww1npqeCNfr+vqEPzzJb2vYHpRfwcxUIjAVuQ0mAhWlG+e9mOEaqWueDtHMEHmRvRI4/AZJFxZCBW2VpRik/0Vt5owVroyCa3+DAK+cjFgXCSBMYxgwZRzp3ZDZFpIifAMVrS/mC4oCvhp9GiKHk6gJLk6fOpRhEm1XjsAoSVXrx/s55vEv7idqWTDVchoH0j65gFpzvjs7y+Obv61LlcfJqg06DhsiAeyT08x316zUge3vMh8bmvKUDQna8scg9VYYKdF0iBhaEAGQGvbVDgeM3Zh1VS5hGkMRXyzdVfrj49jpIM2aGGUsnlsoepiA/wjz8WHCu+ezNo/ZpzRX9d0WM/mVtSHv2Lwq6HYA7OhuTtoxBxuG4JaeybekSneeIKXmhuz4mc+9y5j2oX822KDT4gi247TWGZzX+cTQqyA=', 'AAAAAAq8uroAAAAAAAguZ6nBkEEcfgE26SEmlH7I6JoM/Wy4X5vuCfHC19W1va4Ap8qjnbXGG5/BIRMEPCgGLRv/ZnIJVJQmAjTkrZN1IN1QS+3KxsWNLIIFY0DoMIycTcAlMAsuTPKw8H2YGU5Zw9BKgOk=', datetime.datetime(2025, 10, 30, 13, 55, 16), datetime.datetime(2025, 10, 30, 13, 54, 24), datetime.datetime(2025, 10, 30, 13, 58, 23), 0, '', 2, '')

[2025-11-04 17:03:32,699] [database.py] [line:245] [INFO] # app `stock-rubik-cube`.contract_new数据：
(219907, '20251030135410935340', 4782059468321726473, '', 1, 'termination', 0, None, '', '', '', '', None, datetime.datetime(2025, 11, 4, 11, 11, 29), datetime.datetime(2025, 11, 4, 11, 11, 29), 0, '', 2, '')

[2025-11-04 17:03:32,714] [database.py] [line:252] [INFO] # app `stock-rubik-cube`.`order`数据列表：
((4782059468321726473,),)

[2025-11-04 17:03:32,714] [database.py] [line:259] [INFO] # app用户id：4782059468321726473

[2025-11-04 17:03:32,773] [database.py] [line:287] [INFO] # app `stock-rubik-cube`.user_order_product数据列表：
()

[2025-11-04 17:03:32,787] [database.py] [line:85] [INFO] # 
退款订单号：20251024132233169243
[2025-11-04 17:03:32,817] [database.py] [line:97] [INFO] # 退款订单unionid：o1ELc6LrAZOqCjYiOZur5A-sVzYc，kill_order：
[2025-11-04 17:03:32,836] [database.py] [line:107] [INFO] # v2_work_crm_order_main 数据列表：
((49667, '20251024132233169243', 10170, 7, 7, 1, 3, '1761283489', '', 'o1ELc6LrAZOqCjYiOZur5A-sVzYc', '赵楠', 'H4qNWOvOwe$$$$A$$$$rqaPhQyIw==', datetime.datetime(2025, 10, 24, 13, 25, 9), datetime.datetime(2026, 10, 24, 13, 25, 9), 365, 3, datetime.datetime(2026, 10, 27, 13, 25, 9), None, None, None, 0, datetime.datetime(2025, 10, 24, 13, 22, 33), datetime.datetime(2025, 10, 24, 13, 22, 33)),)

[2025-11-04 17:03:32,856] [database.py] [line:114] [INFO] # v2_work_crm_order_main_son 数据列表：
()

[2025-11-04 17:03:32,877] [database.py] [line:121] [INFO] # v2_work_crm_order_main_status 数据列表：
((49826, '20251024132233169243', 1, 1, 2, 1, datetime.datetime(2025, 10, 24, 13, 25, 9), 3, 0, 889009, 889009, 'wwec9bda2817108582', '百灵智投', 'cheng', 'cheng', 1, 2, 1, '趋势智投', 7, 'qszt-4-2', '这是趋势智投-四合一的描述', 365, 11, 0, '20251022102806925624', '', 0, 0, 'o1ELc6LrAZOqCjYiOZur5A-sVzYc', 7, 7, '1761283489', 1, 7, '', '', 0, datetime.datetime(2025, 10, 24, 13, 22, 33), None, datetime.datetime(2025, 10, 24, 13, 25, 9), 0, '888996', None, None, None, '889009', None, None, None, '889003,889017', None, None, None),)

[2025-11-04 17:03:32,897] [database.py] [line:127] [INFO] # v2_work_crm_hegui 数据列表：
((1286, '20251024132233169243', 'o1ELc6LrAZOqCjYiOZur5A-sVzYc', 1, 101371, '', 1, 0, 1, None, None, 1, None, None, None, None, -1, 0, '', 1, datetime.datetime(2025, 10, 24, 13, 23, 30), datetime.datetime(2025, 10, 24, 13, 25, 9)),)

[2025-11-04 17:03:32,916] [database.py] [line:133] [INFO] # v2_work_crm_order_contract 数据列表：
((44695, '20251024132233169243', '175bf15ea2fa4208aad913907c791b34', 'e6f2421ed94d43d484378f7ae7777b4b', '8c4a35b69d4d4dcdbe2885e0d279fdd8', 1, '产品服务协议', 'eeZRyEm7vbDA0Lxi1n6NDNDfMbS3FBKFV1I5u28WftFIskiH4SusbdejbsUQMFXYeTZ7DiuHw1p8CuoMmFV9EsnHBi@@@@0scpSlZVHCnkly3TKc@@@@lCM6kGFw==', '5VFbtjRSP9eHX@@@@3H$$$$LTFZHMFWXdll9IAoUrn7BPXz2yXtq3TplNQwvXJ@@@@yh5@@@@XRKsF5R58jYF0xza7HYS2OyvvTKIvarZ$$$$Uy7Rn6ux68ISiTrLsa7YUbZw==', datetime.datetime(2025, 10, 24, 13, 25, 9), '2025-10-24 13:23:23', 'YSTG10A25102400001', None, 'eqoh5xxl$$$$ZHJkZo7HfytjEyYA801VLRe$$$$pS78cSF3nsGRbaNikpsiSE1WU2duLjukCxhu6DZB852D2oIq8h6Tjgfi3ceE1Syq5Jan3JOZf7AKeUirii3i$$$$tVfGj2T0WoXDDix47TcowNW1Zd59ToaPXD3r69j7AYsP8qFtsHIDi5qVn14z3VgcAL$$$$tubvjpyWSjyKotZtA4L3dphwNqvHHk2ew4rh8NafArqDJhVfRLJxwYv9LHKUpWVRwp5Jct0d@@@@NrlySjKXplUsGwiHEE2wvd2mHA2q8ceTZ7DiuHw1p8CuoMmFV9EsnHBi@@@@0scpSlZVHCnkly3RVciKiMhbRwQ==', 0, '', datetime.datetime(2025, 10, 24, 13, 23, 30), datetime.datetime(2025, 10, 24, 13, 23, 30)),)

[2025-11-04 17:03:32,935] [database.py] [line:144] [INFO] # 风险测评id：41741
[2025-11-04 17:03:33,314] [database.py] [line:241] [INFO] # app `stock-rubik-cube`.contract_new数据列表：
((219866, '20251024132233169243', 4782059468321726473, 'YSTG10A25102400001', 0, 'service', 0, datetime.date(2025, 10, 24), 'e6f2421ed94d43d484378f7ae7777b4b', '175bf15ea2fa4208aad913907c791b34', 'AAAAAAq8uroAAAAAAAgt+aMUyUnxxYo5+aOViKQh69doWdfQi1KYOWqTMK5KI++5ARcjENLOJQqxcdxH+llx8LmLf0e95e4ZOTeJ7hpMd+7PuOfqUOTk/y0pXXKB6nZxRNcuj7851Br7rXCcz8Sf+NaAAkfNTeVBrbnfLY7MzNGVw+pA/QEnkO4uR+eQPXxo+MwerA39u/RS0cgamX1Ovm8ZVrXzDHOtZ2CJUA9d29swc41o6e+pMnwYrvq/JbwgZXrW+jh62S83FH4s32til8IBRZjaLdnwlaCeLH/3XvuXNnjxQZ1f5A1Mmgltcq9+MplrL4zpMVMBrYLAkcHMmkGQuLlRSjD8b9iuJIwxhiSEyIN4idpypLOa6amu++xRMvsFrXzHh1naL+LyF5BRkllhWMeDozgRrALcWE2cX0NSwlyZixzHP6LLNCP473bctVo9RlSfBP+AlBww2wiuGVL7eRLi89t25twHzXcYXy8DYfqgju3R9irHG4pqIIK8WnquaG1FvXeCA6p0xxHj6i3DYYiuRoBYzyM027DsLW8apuRTF2BbVhi4IoeR9IXqp+V+R2os388zh2U0NilGN5Q7HEKZuPKmv1qDp/IIK/r7a8ARL8Q5zZnlnyGxX42J2vPdPadaDLzSwe4HZj+H9cg334opTiI=', 'AAAAAAq8uroAAAAAAAgt+ibpvOJNt5j8yM1nkUr4MgmU7LSVlNKZqL6r7xVBnCj/QIhBarhuzfLpFRC+/CEbRlgqK9HJhmzT4aSf/yf1STTcA6MyJ13S/o/cBi2DIb1hVvsD5H1Gnt6PqxmWdAmes9O5AGg=', datetime.datetime(2025, 10, 24, 13, 23, 23), datetime.datetime(2025, 10, 24, 13, 22, 38), datetime.datetime(2025, 10, 24, 13, 25, 9), 0, '', 2, ''),)

[2025-11-04 17:03:33,314] [database.py] [line:245] [INFO] # app `stock-rubik-cube`.contract_new数据：
(219866, '20251024132233169243', 4782059468321726473, 'YSTG10A25102400001', 0, 'service', 0, datetime.date(2025, 10, 24), 'e6f2421ed94d43d484378f7ae7777b4b', '175bf15ea2fa4208aad913907c791b34', 'AAAAAAq8uroAAAAAAAgt+aMUyUnxxYo5+aOViKQh69doWdfQi1KYOWqTMK5KI++5ARcjENLOJQqxcdxH+llx8LmLf0e95e4ZOTeJ7hpMd+7PuOfqUOTk/y0pXXKB6nZxRNcuj7851Br7rXCcz8Sf+NaAAkfNTeVBrbnfLY7MzNGVw+pA/QEnkO4uR+eQPXxo+MwerA39u/RS0cgamX1Ovm8ZVrXzDHOtZ2CJUA9d29swc41o6e+pMnwYrvq/JbwgZXrW+jh62S83FH4s32til8IBRZjaLdnwlaCeLH/3XvuXNnjxQZ1f5A1Mmgltcq9+MplrL4zpMVMBrYLAkcHMmkGQuLlRSjD8b9iuJIwxhiSEyIN4idpypLOa6amu++xRMvsFrXzHh1naL+LyF5BRkllhWMeDozgRrALcWE2cX0NSwlyZixzHP6LLNCP473bctVo9RlSfBP+AlBww2wiuGVL7eRLi89t25twHzXcYXy8DYfqgju3R9irHG4pqIIK8WnquaG1FvXeCA6p0xxHj6i3DYYiuRoBYzyM027DsLW8apuRTF2BbVhi4IoeR9IXqp+V+R2os388zh2U0NilGN5Q7HEKZuPKmv1qDp/IIK/r7a8ARL8Q5zZnlnyGxX42J2vPdPadaDLzSwe4HZj+H9cg334opTiI=', 'AAAAAAq8uroAAAAAAAgt+ibpvOJNt5j8yM1nkUr4MgmU7LSVlNKZqL6r7xVBnCj/QIhBarhuzfLpFRC+/CEbRlgqK9HJhmzT4aSf/yf1STTcA6MyJ13S/o/cBi2DIb1hVvsD5H1Gnt6PqxmWdAmes9O5AGg=', datetime.datetime(2025, 10, 24, 13, 23, 23), datetime.datetime(2025, 10, 24, 13, 22, 38), datetime.datetime(2025, 10, 24, 13, 25, 9), 0, '', 2, '')

[2025-11-04 17:03:33,328] [database.py] [line:252] [INFO] # app `stock-rubik-cube`.`order`数据列表：
((4782059468321726473,),)

[2025-11-04 17:03:33,328] [database.py] [line:259] [INFO] # app用户id：4782059468321726473

[2025-11-04 17:03:33,378] [database.py] [line:287] [INFO] # app `stock-rubik-cube`.user_order_product数据列表：
()

[2025-11-04 17:03:33,393] [database.py] [line:85] [INFO] # 
退款订单号：20251022102806925624
[2025-11-04 17:03:33,413] [database.py] [line:97] [INFO] # 退款订单unionid：o1ELc6LrAZOqCjYiOZur5A-sVzYc，kill_order：
[2025-11-04 17:03:33,433] [database.py] [line:107] [INFO] # v2_work_crm_order_main 数据列表：
((49666, '20251022102806925624', 10100, 1, 1, 1, 1, '1761100098', '4200002960202510227577706572', 'o1ELc6LrAZOqCjYiOZur5A-sVzYc', '赵楠', 'H4qNWOvOwe$$$$A$$$$rqaPhQyIw==', datetime.datetime(2025, 9, 22, 10, 31, 49), datetime.datetime(2025, 10, 23, 10, 31, 49), 1, 0, datetime.datetime(2025, 11, 23, 10, 31, 49), None, None, None, 0, datetime.datetime(2025, 10, 22, 10, 28, 6), datetime.datetime(2025, 10, 22, 10, 28, 6)),)

[2025-11-04 17:03:33,453] [database.py] [line:114] [INFO] # v2_work_crm_order_main_son 数据列表：
((15356, '20251022102806925624', 'SOD20251022102812438297', 1, 1, 1, '1761100098', '4200002960202510227577706572', None, None, None, None, None, None, None, None, None, None, None, None, datetime.datetime(2025, 10, 22, 10, 28, 12)),)

[2025-11-04 17:03:33,474] [database.py] [line:121] [INFO] # v2_work_crm_order_main_status 数据列表：
((49825, '20251022102806925624', 1, 1, 2, 1, datetime.datetime(2025, 10, 22, 10, 31, 49), 1, 4, 888996, 888996, 'wwec9bda2817108582', '百灵智投', 'LiYongLei', 'LiYongLei', 1, 1, 1, '研选量投', 1, 'yxlt', '这是研选量投的描述', 1, 3, 0, '', '', 0, 0, 'o1ELc6LrAZOqCjYiOZur5A-sVzYc', 1, 1, '1761100098', 1, 7, '', '', 0, datetime.datetime(2025, 10, 22, 10, 28, 6), None, datetime.datetime(2025, 10, 22, 10, 31, 49), 0, '888996', None, None, None, '889009', None, None, None, '889003,889017', None, None, None),)

[2025-11-04 17:03:33,494] [database.py] [line:127] [INFO] # v2_work_crm_hegui 数据列表：
((1285, '20251022102806925624', 'o1ELc6LrAZOqCjYiOZur5A-sVzYc', 1, 0, '', 0, 0, 2, None, None, 1, None, None, None, None, -1, 0, '', 0, datetime.datetime(2025, 10, 22, 10, 31, 45), datetime.datetime(2025, 10, 22, 10, 31, 49)),)

[2025-11-04 17:03:33,513] [database.py] [line:133] [INFO] # v2_work_crm_order_contract 数据列表：
((44691, '20251022102806925624', 'd79e9b517f894185a713659c298a53d5', '8fc3969492834f2491e82e70d1338fbc', '8c4a35b69d4d4dcdbe2885e0d279fdd8', 1, '产品服务协议', 'eeZRyEm7vbDA0Lxi1n6NDNDfMbS3FBKFV1I5u28WftFIskiH4SusbdejbsUQMFXYeTZ7DiuHw1p8CuoMmFV9Etlybifmd804lZVHCnkly3TKc@@@@lCM6kGFw==', '5VFbtjRSP9eHX@@@@3H$$$$LTFZHMFWXdll9IAoUrn7BPXz2yXtq3TplNQwvXJ@@@@yh5@@@@XRKsF5R58jYF0xza7HYS2Oyvq0DJaG645QN7Rn6ux68ISiTrLsa7YUbZw==', datetime.datetime(2025, 10, 22, 10, 31, 49), '2025-10-22 10:31:37', 'YSTG10A25102200001', None, 'eqoh5xxl$$$$ZHJkZo7HfytjEyYA801VLRe$$$$pS78cSF3nsGRbaNikpsiSE1WU2duLjukCxhu6DZB852D2oIq8h6Tjgfi3ceE1SyN5deQdd3UfHAKeUirii3i$$$$tVfGj2T0WoXDDix47TcowNW1Zd59ToaPXD3r69j7AYsP8qFtsHIDi5qVn14z3VgcAL$$$$tubvjpyWSjyKotZtA4L3dphwNqvHHk2ew4rh8NafArqDJhVfRLZcm4n5nfNOJWVRwp5Jct0d@@@@NrlySjKXplUsGwiHEE2wvd2mHA2q8ceTZ7DiuHw1p8CuoMmFV9Etlybifmd804lZVHCnkly3RVciKiMhbRwQ==', 0, '', datetime.datetime(2025, 10, 22, 10, 31, 45), datetime.datetime(2025, 10, 22, 10, 31, 45)), (44694, '20251022102806925624', None, None, 'dc588181a755439aace7955f2b6da66b', 2, '终止协议-测试', None, '5VFbtjRSP9eHX@@@@3H$$$$LTFZHMFWXdll9IAoUrn7BPXz2yXtq3TplNQwvXJ@@@@yh5@@@@XRKtdxtggvPysrlhLihRAZK11sfQUJJ$$$$q9n', datetime.datetime(2025, 10, 24, 13, 19, 43), '2025-10-24 13:19:43', 'c', None, None, 0, '', datetime.datetime(2025, 10, 24, 13, 19, 10), datetime.datetime(2025, 10, 24, 13, 19, 10)))

[2025-11-04 17:03:33,532] [database.py] [line:144] [INFO] # 风险测评id：41740
[2025-11-04 17:03:33,571] [database.py] [line:157] [INFO] # 退款id：1406
[2025-11-04 17:03:33,926] [database.py] [line:241] [INFO] # app `stock-rubik-cube`.contract_new数据列表：
((219864, '20251022102806925624', 4782059468321726473, 'YSTG10A25102200001', 0, 'service', 0, datetime.date(2025, 10, 22), '8fc3969492834f2491e82e70d1338fbc', 'd79e9b517f894185a713659c298a53d5', 'AAAAAAq8uroAAAAAAAgt9LK47CSs5+hoIlBsaWrKJmZqdCNSIXS2eodOfy33NbyNy1RQFo5Vb+EPrqZgQ6n3G2LxtWFyTUGdhRKWQUI46bh8hhs0X/gqnkMvlUTdA7ZeZnflexyPOIJrBCmqkmBK6/TvCJTKOYOGoRVoEePtqf3IgRhb6DekCNaU0hCEnyseFcwckyu1ZRQ3dIRb8Ek/NJHPuy8pkrFqn4/FLMZ/OS76wY+AX8C/x+gtuP8oPDckUMWwnH8+YjKu81pvKz5x5NXsCqwR+czHa/J7RsCZ1yGv4o7JOjBIPZCyd4zcXo0GT7wHKfVmOglvzmcaCFEgAUZYkO7WBy7Z5rTU51ejFBBOfzZCxnaLCY2K50+GyTOnGK2fIEB/GZDwZOhA89SDEbFjQBpiSSwLOEHKvRuTK4O6EfJDdJlGpSa9mP43tvhQrLZnS15+GVgJaq8meVYRHq+p8UlBwQKVBJUzvbWhKBVfKvagRsODgk0SvoYnaqL62rQDEssZDudksx8huTMMJOKDKGZBmKXbY+1D87tfnltwH0MttRsh6G87LChfkVovL0NfhvZ2S87oHRriLgy/YYegaIJ4TwHO3DvPOEJAsEGOo2dNoeNAbmPoocu/iYD2PRbBGjxEzu8WLLlEUQE0q/Bsl6tT', 'AAAAAAq8uroAAAAAAAgt9dJL3EXdg/htVmAt8gZOrtxOzSJOzkJU5kI/TBaI4ZVlWDquCluK8BdA8bKbJBtSbhiJtqFzAi1ygLVwVjkyDqLB645dJzXH1Gj8/iqZsVJNV+0YE1+w1J0udNUtkMGzxAsmozE=', datetime.datetime(2025, 10, 22, 10, 31, 37), datetime.datetime(2025, 10, 22, 10, 29, 52), datetime.datetime(2025, 10, 22, 10, 31, 50), 0, '', 2, ''), (219865, '20251022102806925624', 4782059468321726473, '', 1, 'termination', 0, None, '', '', '', '', None, datetime.datetime(2025, 10, 22, 10, 54, 24), datetime.datetime(2025, 10, 22, 10, 54, 24), 0, '', 2, ''))

[2025-11-04 17:03:33,926] [database.py] [line:245] [INFO] # app `stock-rubik-cube`.contract_new数据：
(219864, '20251022102806925624', 4782059468321726473, 'YSTG10A25102200001', 0, 'service', 0, datetime.date(2025, 10, 22), '8fc3969492834f2491e82e70d1338fbc', 'd79e9b517f894185a713659c298a53d5', 'AAAAAAq8uroAAAAAAAgt9LK47CSs5+hoIlBsaWrKJmZqdCNSIXS2eodOfy33NbyNy1RQFo5Vb+EPrqZgQ6n3G2LxtWFyTUGdhRKWQUI46bh8hhs0X/gqnkMvlUTdA7ZeZnflexyPOIJrBCmqkmBK6/TvCJTKOYOGoRVoEePtqf3IgRhb6DekCNaU0hCEnyseFcwckyu1ZRQ3dIRb8Ek/NJHPuy8pkrFqn4/FLMZ/OS76wY+AX8C/x+gtuP8oPDckUMWwnH8+YjKu81pvKz5x5NXsCqwR+czHa/J7RsCZ1yGv4o7JOjBIPZCyd4zcXo0GT7wHKfVmOglvzmcaCFEgAUZYkO7WBy7Z5rTU51ejFBBOfzZCxnaLCY2K50+GyTOnGK2fIEB/GZDwZOhA89SDEbFjQBpiSSwLOEHKvRuTK4O6EfJDdJlGpSa9mP43tvhQrLZnS15+GVgJaq8meVYRHq+p8UlBwQKVBJUzvbWhKBVfKvagRsODgk0SvoYnaqL62rQDEssZDudksx8huTMMJOKDKGZBmKXbY+1D87tfnltwH0MttRsh6G87LChfkVovL0NfhvZ2S87oHRriLgy/YYegaIJ4TwHO3DvPOEJAsEGOo2dNoeNAbmPoocu/iYD2PRbBGjxEzu8WLLlEUQE0q/Bsl6tT', 'AAAAAAq8uroAAAAAAAgt9dJL3EXdg/htVmAt8gZOrtxOzSJOzkJU5kI/TBaI4ZVlWDquCluK8BdA8bKbJBtSbhiJtqFzAi1ygLVwVjkyDqLB645dJzXH1Gj8/iqZsVJNV+0YE1+w1J0udNUtkMGzxAsmozE=', datetime.datetime(2025, 10, 22, 10, 31, 37), datetime.datetime(2025, 10, 22, 10, 29, 52), datetime.datetime(2025, 10, 22, 10, 31, 50), 0, '', 2, '')

[2025-11-04 17:03:33,926] [database.py] [line:245] [INFO] # app `stock-rubik-cube`.contract_new数据：
(219865, '20251022102806925624', 4782059468321726473, '', 1, 'termination', 0, None, '', '', '', '', None, datetime.datetime(2025, 10, 22, 10, 54, 24), datetime.datetime(2025, 10, 22, 10, 54, 24), 0, '', 2, '')

[2025-11-04 17:03:33,941] [database.py] [line:252] [INFO] # app `stock-rubik-cube`.`order`数据列表：
((4782059468321726473,),)

[2025-11-04 17:03:33,941] [database.py] [line:259] [INFO] # app用户id：4782059468321726473

[2025-11-04 17:03:33,984] [database.py] [line:287] [INFO] # app `stock-rubik-cube`.user_order_product数据列表：
()

[2025-11-04 17:03:34,038] [database.py] [line:308] [INFO] # o1ELc6LrAZOqCjYiOZur5A-sVzYc用户到期时间：None
