[2025-07-08 13:42:46,063] [log.py] [line:31] [INFO] # ======Start printing logs======
[2025-07-08 13:42:51,141] [database.py] [line:80] [INFO] # 退款订单id列表：['20250707151732271681', '20250707144239894298', '20250707143828162962', '20250707143222335164']
[2025-07-08 13:42:51,141] [database.py] [line:85] [INFO] # 
退款订单号：20250707151732271681
[2025-07-08 13:42:51,162] [database.py] [line:97] [INFO] # 退款订单unionid：o1ELc6LrAZOqCjYiOZur5A-sVzYc，kill_order：
[2025-07-08 13:42:51,203] [database.py] [line:107] [INFO] # v2_work_crm_order_main 数据列表：
((49412, '20250707151732271681', 10168, 3, 3, 1, 3, '1751879168', '', 'o1ELc6LrAZOqCjYiOZur5A-sVzYc', '赵楠', 'H4qNWOvOwe$$$$A$$$$rqaPhQyIw==', datetime.datetime(2025, 7, 7, 17, 6, 21), datetime.datetime(2026, 1, 3, 17, 6, 21), 180, 0, datetime.datetime(2026, 1, 3, 17, 6, 21), None, None, None, 0, datetime.datetime(2025, 7, 7, 15, 17, 32), datetime.datetime(2025, 7, 7, 15, 17, 32)),)

[2025-07-08 13:42:51,224] [database.py] [line:114] [INFO] # v2_work_crm_order_main_son 数据列表：
((15004, '20250707151732271681', 'SOD20250707152008957239', 3, 0, 6, None, None, None, None, None, None, None, None, None, None, None, None, '100104160432', '1001041604320201', datetime.datetime(2025, 7, 7, 15, 20, 8)), (15006, '20250707151732271681', 'SOD20250707152140638408', 4, 0, 6, None, None, None, None, None, None, None, None, None, None, None, None, '100104160431', '1001041604310201', datetime.datetime(2025, 7, 7, 15, 21, 40)), (15007, '20250707151732271681', 'SOD20250707152221042853', 2, 0, 6, None, None, None, None, None, None, None, None, None, None, None, None, '100104160432', '1001041604320201', datetime.datetime(2025, 7, 7, 15, 22, 21)), (15008, '20250707151732271681', 'SOD20250707152827487380', 1, 0, 1, None, None, None, None, None, None, None, None, None, None, None, None, None, None, datetime.datetime(2025, 7, 7, 15, 28, 27)))

[2025-07-08 13:42:51,248] [database.py] [line:121] [INFO] # v2_work_crm_order_main_status 数据列表：
((49571, '20250707151732271681', 1, 1, 2, 1, datetime.datetime(2025, 7, 7, 17, 6, 21), 1, 4, 889009, 889009, 'wwec9bda2817108582', '百灵智投', 'cheng', 'cheng', 1, 2, 1, '趋势智投', 4, 'qszt-4-2', '这是趋势智投-四合一的描述', 180, 11, 0, '20250707144239894298', '', 0, 0, 'o1ELc6LrAZOqCjYiOZur5A-sVzYc', 3, 3, '1751879168', 1, 0, '', 'ab4b427166015e17504bd909f6655a81', 0, datetime.datetime(2025, 7, 7, 15, 17, 32), None, datetime.datetime(2025, 7, 7, 17, 6, 21), 0, '888996', None, None, None, '889009', None, None, None, '889003,889013,889017', None, None, None),)

[2025-07-08 13:42:51,269] [database.py] [line:127] [INFO] # v2_work_crm_hegui 数据列表：
((1115, '20250707151732271681', 'o1ELc6LrAZOqCjYiOZur5A-sVzYc', 1, 101371, '', 1, 0, 1, None, None, 1, None, None, None, None, -1, 0, '', 1, datetime.datetime(2025, 7, 7, 15, 20, 6), datetime.datetime(2025, 7, 7, 17, 6, 21)),)

[2025-07-08 13:42:51,291] [database.py] [line:133] [INFO] # v2_work_crm_order_contract 数据列表：
((44404, '20250707151732271681', '8949663145464fa885a2458118e13309', '4d0b8d18f5624f528bd9f88c5d0d2ed5', 'd28a3fcb2e7c461cb483222be426f433', 1, '产品服务协议', 'eeZRyEm7vbDA0Lxi1n6NDNDfMbS3FBKFV1I5u28WftFIskiH4SusbdejbsUQMFXYeTZ7DiuHw1pflItKtSq9e@@@@swEmEqNz29lZVHCnkly3TKc@@@@lCM6kGFw==', '5VFbtjRSP9eHX@@@@3H$$$$LTFZHMFWXdll9IAoUrn7BPXz2yXtq3TplNQwvXJ@@@@yh5@@@@XRKsF5R58jYF0zSk4TgP44@@@@wjZ29TrX0evW7Rn6ux68ISiTrLsa7YUbZw==', datetime.datetime(2025, 7, 7, 17, 6, 21), '2025-07-07 15:20:02', 'YSTG10A25070700010', None, 'eqoh5xxl$$$$ZHJkZo7HfytjEyYA801VLRe$$$$pS78cSF3nsGRbaNikpsiSE1WU2duLjukCxhu6DZB852D2oIq8h6Tjgfi3ceE1Sygaw2IuSF1xZ00N0JT0mSTutVfGj2T0WoXDDix47TcowNW1Zd59ToaPXD3r69j7AYsP8qFtsHIDi5qVn14z3VgcAL$$$$tubvjpyWSjyKotZtA4L3dphwNqvHHk2ew4rh8NaX5SLSrUqvXv7MBJhKjc9vZWVRwp5Jct0d@@@@NrlySjKXplUsGwiHEE2wvd2mHA2q8ceTZ7DiuHw1pflItKtSq9e@@@@swEmEqNz29lZVHCnkly3RVciKiMhbRwQ==', 0, '', datetime.datetime(2025, 7, 7, 15, 20, 6), datetime.datetime(2025, 7, 7, 15, 20, 6)), (44408, '20250707151732271681', None, None, 'dc588181a755439aace7955f2b6da66b', 2, '终止协议-测试', None, '5VFbtjRSP9eHX@@@@3H$$$$LTFZHMFWXdll9IAoUrn7BPXz2yXtq3TplNQwvXJ@@@@yh5@@@@XRKtdxtggvPysrlhLihRAZK11sfQUJJ$$$$q9n', datetime.datetime(2025, 7, 8, 13, 9, 31), '2025-07-08 13:09:31', 'c', None, None, 0, '', datetime.datetime(2025, 7, 8, 13, 9, 12), datetime.datetime(2025, 7, 8, 13, 9, 12)))

[2025-07-08 13:42:51,311] [database.py] [line:144] [INFO] # 风险测评id：41563
[2025-07-08 13:42:51,352] [database.py] [line:157] [INFO] # 退款id：1250
[2025-07-08 13:42:51,736] [database.py] [line:241] [INFO] # app `stock-rubik-cube`.contract_new数据列表：
((219589, '20250707151732271681', 3338203510512787459, 'YSTG10A25070700010', 0, 'service', 0, datetime.date(2025, 7, 7), '4d0b8d18f5624f528bd9f88c5d0d2ed5', '8949663145464fa885a2458118e13309', 'AAAAAAq8uroAAAAAAAgq756xkDBS3AgikHOhGbLrVhhFKSYBxDtPCRPXeRMJkQXe8xU/9DNAGwZpgJkeOsNBzGnWx/b1ktpH6XCgrWQ9UH/kEgH3fl29DpW0uriy6LWWPX938NLYY2kF2FB8k15oP4+tBUygggnNI+z0Um2+ckzN7uAibb+k/QjuPVfaLsj35y2/ybLhgaLziuKX2LmRBqHn5xLhSVAlSbp4cbXjcxxV1aQCowU5fvBm6AXH4GodSjglB1aVeUVehxNlnaqRY9BHL83nwA/7uh19bJELEM3miiQUL4Wcc/C16s9/SkgQ4cVw3BS8H8y4H3tmVYBUBJreAW1tOveWeR+DDocwgnFveg9rfXv/tm4mL6NGDJr2fQOdtxznDtL3GJjCarRf9nziE9aOhI4KLmK6qY6MgRIOrWnIc4YP3gu8NuvsDSDCvYhbjxO0my/iDobR0odLEDqO1kp5YkK4J6G6Sts0lpdbg0oLCaGmqa3C9pIBGUBiLWqX4TZZBXu7VdYIx+TkH7YvTrPod31K7jdPIFot2gcA6TF82OtNPDWW48kAkyXzsjHafzhQ0IJYukqTVw4FjhLaJWDDJYZYR5YN2aIOtKjWIN85ycGXUF69olniEWzgmm19ilUiug5YAa/gv8TK7BROYPdPrW++T5lF', 'AAAAAAq8uroAAAAAAAgq88OO8ydLCAcdPEWjLedVzgNwy4v0+b3jNUy/8afmalLlVpbHrDBI1uKkgNdSCOjJs3vGDDvfozfkKyBCcZQpUrBSScJzwAvVuQrZc1AqO4N4+Lh8w6ULT5SRuXh/LstmhFOuo40=', datetime.datetime(2025, 7, 7, 15, 20, 2), datetime.datetime(2025, 7, 7, 15, 17, 39), datetime.datetime(2025, 7, 7, 17, 6, 22), 0, '', 2, ''), (219592, '20250707151732271681', 3338203510512787459, '', 1, 'termination', 0, None, '', '', '', '', None, datetime.datetime(2025, 7, 8, 13, 9, 13), datetime.datetime(2025, 7, 8, 13, 9, 13), 0, '', 2, ''))

[2025-07-08 13:42:51,736] [database.py] [line:245] [INFO] # app `stock-rubik-cube`.contract_new数据：
(219589, '20250707151732271681', 3338203510512787459, 'YSTG10A25070700010', 0, 'service', 0, datetime.date(2025, 7, 7), '4d0b8d18f5624f528bd9f88c5d0d2ed5', '8949663145464fa885a2458118e13309', 'AAAAAAq8uroAAAAAAAgq756xkDBS3AgikHOhGbLrVhhFKSYBxDtPCRPXeRMJkQXe8xU/9DNAGwZpgJkeOsNBzGnWx/b1ktpH6XCgrWQ9UH/kEgH3fl29DpW0uriy6LWWPX938NLYY2kF2FB8k15oP4+tBUygggnNI+z0Um2+ckzN7uAibb+k/QjuPVfaLsj35y2/ybLhgaLziuKX2LmRBqHn5xLhSVAlSbp4cbXjcxxV1aQCowU5fvBm6AXH4GodSjglB1aVeUVehxNlnaqRY9BHL83nwA/7uh19bJELEM3miiQUL4Wcc/C16s9/SkgQ4cVw3BS8H8y4H3tmVYBUBJreAW1tOveWeR+DDocwgnFveg9rfXv/tm4mL6NGDJr2fQOdtxznDtL3GJjCarRf9nziE9aOhI4KLmK6qY6MgRIOrWnIc4YP3gu8NuvsDSDCvYhbjxO0my/iDobR0odLEDqO1kp5YkK4J6G6Sts0lpdbg0oLCaGmqa3C9pIBGUBiLWqX4TZZBXu7VdYIx+TkH7YvTrPod31K7jdPIFot2gcA6TF82OtNPDWW48kAkyXzsjHafzhQ0IJYukqTVw4FjhLaJWDDJYZYR5YN2aIOtKjWIN85ycGXUF69olniEWzgmm19ilUiug5YAa/gv8TK7BROYPdPrW++T5lF', 'AAAAAAq8uroAAAAAAAgq88OO8ydLCAcdPEWjLedVzgNwy4v0+b3jNUy/8afmalLlVpbHrDBI1uKkgNdSCOjJs3vGDDvfozfkKyBCcZQpUrBSScJzwAvVuQrZc1AqO4N4+Lh8w6ULT5SRuXh/LstmhFOuo40=', datetime.datetime(2025, 7, 7, 15, 20, 2), datetime.datetime(2025, 7, 7, 15, 17, 39), datetime.datetime(2025, 7, 7, 17, 6, 22), 0, '', 2, '')

[2025-07-08 13:42:51,737] [database.py] [line:245] [INFO] # app `stock-rubik-cube`.contract_new数据：
(219592, '20250707151732271681', 3338203510512787459, '', 1, 'termination', 0, None, '', '', '', '', None, datetime.datetime(2025, 7, 8, 13, 9, 13), datetime.datetime(2025, 7, 8, 13, 9, 13), 0, '', 2, '')

[2025-07-08 13:42:51,754] [database.py] [line:252] [INFO] # app `stock-rubik-cube`.`order`数据列表：
((3338203510512787459,),)

[2025-07-08 13:42:51,754] [database.py] [line:259] [INFO] # app用户id：3338203510512787459

[2025-07-08 13:42:52,154] [database.py] [line:287] [INFO] # app `stock-rubik-cube`.user_order_product数据列表：
()

[2025-07-08 13:42:52,172] [database.py] [line:85] [INFO] # 
退款订单号：20250707144239894298
[2025-07-08 13:42:52,193] [database.py] [line:97] [INFO] # 退款订单unionid：o1ELc6LrAZOqCjYiOZur5A-sVzYc，kill_order：
[2025-07-08 13:42:52,214] [database.py] [line:107] [INFO] # v2_work_crm_order_main 数据列表：
((49410, '20250707144239894298', 10168, 3, 3, 1, 3, '1751870699', '', 'o1ELc6LrAZOqCjYiOZur5A-sVzYc', '赵楠', 'H4qNWOvOwe$$$$A$$$$rqaPhQyIw==', datetime.datetime(2025, 7, 7, 14, 45, 13), datetime.datetime(2026, 1, 3, 14, 45, 13), 180, 0, datetime.datetime(2026, 1, 3, 14, 45, 13), None, None, None, 0, datetime.datetime(2025, 7, 7, 14, 42, 39), datetime.datetime(2025, 7, 7, 14, 42, 39)),)

[2025-07-08 13:42:52,235] [database.py] [line:114] [INFO] # v2_work_crm_order_main_son 数据列表：
()

[2025-07-08 13:42:52,273] [database.py] [line:121] [INFO] # v2_work_crm_order_main_status 数据列表：
((49569, '20250707144239894298', 1, 1, 2, 1, datetime.datetime(2025, 7, 7, 14, 45, 13), 1, 4, 889009, 889009, 'wwec9bda2817108582', '百灵智投', 'cheng', 'cheng', 1, 2, 1, '趋势智投', 4, 'qszt-4-2', '这是趋势智投-四合一的描述', 180, 11, 0, '20250707143222335164', '', 0, 0, 'o1ELc6LrAZOqCjYiOZur5A-sVzYc', 3, 3, '1751870699', 1, 0, '', '037dab733d872e597b1eff97392917dd', 0, datetime.datetime(2025, 7, 7, 14, 42, 39), None, datetime.datetime(2025, 7, 7, 14, 45, 13), 0, '888996', None, None, None, '889009', None, None, None, '889003,889013,889017', None, None, None),)

[2025-07-08 13:42:52,294] [database.py] [line:127] [INFO] # v2_work_crm_hegui 数据列表：
((1113, '20250707144239894298', 'o1ELc6LrAZOqCjYiOZur5A-sVzYc', 1, 101371, '', 1, 0, 1, None, None, 1, None, None, None, None, -1, 0, '', 1, datetime.datetime(2025, 7, 7, 14, 43, 31), datetime.datetime(2025, 7, 7, 14, 45, 13)),)

[2025-07-08 13:42:52,316] [database.py] [line:133] [INFO] # v2_work_crm_order_contract 数据列表：
((44401, '20250707144239894298', 'f2b11f2daa54499d9d011f69658200a2', 'ed5a0e35786b48e2aae41f60d76a7572', 'd28a3fcb2e7c461cb483222be426f433', 1, '产品服务协议', 'eeZRyEm7vbDA0Lxi1n6NDNDfMbS3FBKFV1I5u28WftFIskiH4SusbdejbsUQMFXYeTZ7DiuHw1pflItKtSq9eyonA8Ke2GDwlZVHCnkly3TKc@@@@lCM6kGFw==', '5VFbtjRSP9eHX@@@@3H$$$$LTFZHMFWXdll9IAoUrn7BPXz2yXtq3TplNQwvXJ@@@@yh5@@@@XRKsF5R58jYF0zSk4TgP44@@@@wrI9PXEafvDc7Rn6ux68ISiTrLsa7YUbZw==', datetime.datetime(2025, 7, 7, 14, 45, 13), '2025-07-07 14:43:26', 'YSTG10A25070700008', None, 'eqoh5xxl$$$$ZHJkZo7HfytjEyYA801VLRe$$$$pS78cSF3nsGRbaNikpsiSE1WU2duLjukCxhu6DZB852D2oIq8h6Tjgfi3ceE1Sygaw2IuSF1xZ1KE457RhzGOtVfGj2T0WoXDDix47TcowNW1Zd59ToaPXD3r69j7AYsP8qFtsHIDi5qVn14z3VgcAL$$$$tubvjpyWSjyKotZtA4L3dphwNqvHHk2ew4rh8NaX5SLSrUqvXsqJwPCnthg8JWVRwp5Jct0d@@@@NrlySjKXplUsGwiHEE2wvd2mHA2q8ceTZ7DiuHw1pflItKtSq9eyonA8Ke2GDwlZVHCnkly3RVciKiMhbRwQ==', 0, '', datetime.datetime(2025, 7, 7, 14, 43, 31), datetime.datetime(2025, 7, 7, 14, 43, 31)), (44402, '20250707144239894298', None, None, 'dc588181a755439aace7955f2b6da66b', 2, '终止协议-测试', None, '5VFbtjRSP9eHX@@@@3H$$$$LTFZHMFWXdll9IAoUrn7BPXz2yXtq3TplNQwvXJ@@@@yh5@@@@XRKtdxtggvPysrlhLihRAZK11sfQUJJ$$$$q9n', datetime.datetime(2025, 7, 7, 14, 46, 17), '2025-07-07 14:46:17', 'c', None, None, 0, '', datetime.datetime(2025, 7, 7, 14, 46, 4), datetime.datetime(2025, 7, 7, 14, 46, 4)))

[2025-07-08 13:42:52,337] [database.py] [line:144] [INFO] # 风险测评id：41561
[2025-07-08 13:42:52,379] [database.py] [line:157] [INFO] # 退款id：1246
[2025-07-08 13:42:52,758] [database.py] [line:241] [INFO] # app `stock-rubik-cube`.contract_new数据列表：
((219586, '20250707144239894298', 3338203510512787459, 'YSTG10A25070700008', 0, 'service', 0, datetime.date(2025, 7, 7), 'ed5a0e35786b48e2aae41f60d76a7572', 'f2b11f2daa54499d9d011f69658200a2', 'AAAAAAq8uroAAAAAAAgq7B7g3opLswHA7DLr/IwIFCUdc3f4BoDzbqt7V2oEGt4bwIJeG4+I0+zTChZ0iLI/EGDW1saX8EbaxCv0rVYiDUOPzTNp2swqvGA6jneyILWizJfnkchJty5OQo+qbEjaX7P/314SZqii5pt4+W3nmnCy6zM1auF1QVrN2gCde028tLkTcbVxUnnIS8BXmmsWmQMuHbclE7YAgyju5APN2dFzpG/WAJOEX6zVeDiC9GYhptcd1B3hnno7Kc8duaYfYNrzkC4FEqXMaeF8Z3qjPFslUvfMJZc0Qtpjpv+EFwR4uUEfuthJdY7sVmqCA/18KrrR8QczXl3nJBrqfmHb1BHgmvNJDUWuQKgnt4hUdVA8w0EFcetWi8eB7rwFYxf/mvqHm/3ekhAQb+YYo823dv3QvVSbkJ5yqLU5sX+EpFXOYslERtjfVlZi77wm7rQcQZ5JKpsesAQvY1kdcUyDpw/do/F6F+IrqauO1LbPWMzJZC4uzwy8YOUZ7/kHQfqtu03vv+779YLx1EHR6a2cyjtgFZg+sy1lAJAzMPS8r3R5qRI/W4texV3nK3YRPbw52NZdTMl601+ROBnkcSRLxeQzvF98WxYaftRz0aP+U9h8bSaNgzy2xPBVNGkGP8QIpcgqxTxD0Po=', 'AAAAAAq8uroAAAAAAAgq7Vp7LKEsFyqfn4XsveiwpN0ZDjZfZKFHch3pc4qpPwn0ZmFZSniHojHv1LOMPNsyNK2sSOrFEaGFQVWcGN/KNDySL0j6AGN0lgozYnwWDcDlNhDQ5mQf2lHTzzCCW/hTwIU0xh4=', datetime.datetime(2025, 7, 7, 14, 43, 26), datetime.datetime(2025, 7, 7, 14, 42, 43), datetime.datetime(2025, 7, 7, 14, 45, 13), 0, '', 2, ''), (219587, '20250707144239894298', 3338203510512787459, '', 1, 'termination', 0, None, '', '', '', '', None, datetime.datetime(2025, 7, 7, 14, 46, 4), datetime.datetime(2025, 7, 7, 14, 46, 4), 0, '', 2, ''))

[2025-07-08 13:42:52,758] [database.py] [line:245] [INFO] # app `stock-rubik-cube`.contract_new数据：
(219586, '20250707144239894298', 3338203510512787459, 'YSTG10A25070700008', 0, 'service', 0, datetime.date(2025, 7, 7), 'ed5a0e35786b48e2aae41f60d76a7572', 'f2b11f2daa54499d9d011f69658200a2', 'AAAAAAq8uroAAAAAAAgq7B7g3opLswHA7DLr/IwIFCUdc3f4BoDzbqt7V2oEGt4bwIJeG4+I0+zTChZ0iLI/EGDW1saX8EbaxCv0rVYiDUOPzTNp2swqvGA6jneyILWizJfnkchJty5OQo+qbEjaX7P/314SZqii5pt4+W3nmnCy6zM1auF1QVrN2gCde028tLkTcbVxUnnIS8BXmmsWmQMuHbclE7YAgyju5APN2dFzpG/WAJOEX6zVeDiC9GYhptcd1B3hnno7Kc8duaYfYNrzkC4FEqXMaeF8Z3qjPFslUvfMJZc0Qtpjpv+EFwR4uUEfuthJdY7sVmqCA/18KrrR8QczXl3nJBrqfmHb1BHgmvNJDUWuQKgnt4hUdVA8w0EFcetWi8eB7rwFYxf/mvqHm/3ekhAQb+YYo823dv3QvVSbkJ5yqLU5sX+EpFXOYslERtjfVlZi77wm7rQcQZ5JKpsesAQvY1kdcUyDpw/do/F6F+IrqauO1LbPWMzJZC4uzwy8YOUZ7/kHQfqtu03vv+779YLx1EHR6a2cyjtgFZg+sy1lAJAzMPS8r3R5qRI/W4texV3nK3YRPbw52NZdTMl601+ROBnkcSRLxeQzvF98WxYaftRz0aP+U9h8bSaNgzy2xPBVNGkGP8QIpcgqxTxD0Po=', 'AAAAAAq8uroAAAAAAAgq7Vp7LKEsFyqfn4XsveiwpN0ZDjZfZKFHch3pc4qpPwn0ZmFZSniHojHv1LOMPNsyNK2sSOrFEaGFQVWcGN/KNDySL0j6AGN0lgozYnwWDcDlNhDQ5mQf2lHTzzCCW/hTwIU0xh4=', datetime.datetime(2025, 7, 7, 14, 43, 26), datetime.datetime(2025, 7, 7, 14, 42, 43), datetime.datetime(2025, 7, 7, 14, 45, 13), 0, '', 2, '')

[2025-07-08 13:42:52,758] [database.py] [line:245] [INFO] # app `stock-rubik-cube`.contract_new数据：
(219587, '20250707144239894298', 3338203510512787459, '', 1, 'termination', 0, None, '', '', '', '', None, datetime.datetime(2025, 7, 7, 14, 46, 4), datetime.datetime(2025, 7, 7, 14, 46, 4), 0, '', 2, '')

[2025-07-08 13:42:52,774] [database.py] [line:252] [INFO] # app `stock-rubik-cube`.`order`数据列表：
((3338203510512787459,),)

[2025-07-08 13:42:52,775] [database.py] [line:259] [INFO] # app用户id：3338203510512787459

[2025-07-08 13:42:52,823] [database.py] [line:287] [INFO] # app `stock-rubik-cube`.user_order_product数据列表：
()

[2025-07-08 13:42:52,841] [database.py] [line:85] [INFO] # 
退款订单号：20250707143828162962
[2025-07-08 13:42:52,861] [database.py] [line:97] [INFO] # 退款订单unionid：o1ELc6LrAZOqCjYiOZur5A-sVzYc，kill_order：
[2025-07-08 13:42:52,882] [database.py] [line:107] [INFO] # v2_work_crm_order_main 数据列表：
((49409, '20250707143828162962', 10168, 3, 3, 1, 6, '1751870391', '100104160431000522507070002083', 'o1ELc6LrAZOqCjYiOZur5A-sVzYc', '赵楠', 'H4qNWOvOwe$$$$A$$$$rqaPhQyIw==', None, None, 180, 0, None, None, None, None, 0, datetime.datetime(2025, 7, 7, 14, 38, 28), datetime.datetime(2025, 7, 7, 14, 38, 28)),)

[2025-07-08 13:42:52,903] [database.py] [line:114] [INFO] # v2_work_crm_order_main_son 数据列表：
((15000, '20250707143828162962', 'SOD20250707143921892220', 3, 1, 6, '1751870391', '100104160431000522507070002083', None, '100104160431000582507070004223', '20250707144053561310', datetime.datetime(2025, 7, 7, 14, 40, 55), None, None, None, None, None, None, '100104160431', '1001041604310201', datetime.datetime(2025, 7, 7, 14, 39, 21)),)

[2025-07-08 13:42:52,924] [database.py] [line:121] [INFO] # v2_work_crm_order_main_status 数据列表：
((49568, '20250707143828162962', 1, 1, 2, 4, datetime.datetime(2025, 7, 7, 14, 40, 36), 1, 0, 889009, 889009, 'wwec9bda2817108582', '百灵智投', 'cheng', 'cheng', 1, 2, 1, '趋势智投', 4, 'qszt-4-2', '这是趋势智投-四合一的描述', 180, 11, 0, '20250707143222335164', '', 0, 0, 'o1ELc6LrAZOqCjYiOZur5A-sVzYc', 3, 3, '1751870391', 1, 0, '', '65851e05be89d4db8e3258f6bf9b3bbc', 0, datetime.datetime(2025, 7, 7, 14, 38, 28), None, None, 0, '888996', None, None, None, '889009', None, None, None, '889003,889013,889017', None, None, None),)

[2025-07-08 13:42:52,945] [database.py] [line:127] [INFO] # v2_work_crm_hegui 数据列表：
((1112, '20250707143828162962', 'o1ELc6LrAZOqCjYiOZur5A-sVzYc', 4, 101371, '123', 0, 0, 0, None, None, 1, None, None, None, None, -1, 0, '', 1, datetime.datetime(2025, 7, 7, 14, 39, 16), datetime.datetime(2025, 7, 7, 14, 40, 36)),)

[2025-07-08 13:42:52,966] [database.py] [line:133] [INFO] # v2_work_crm_order_contract 数据列表：
((44400, '20250707143828162962', 'cc330715d7a04b4eaa1e59c35981c399', 'c0ad4276792d41e7a50ec1c74fed4e4f', 'd28a3fcb2e7c461cb483222be426f433', 1, '产品服务协议-测试', None, '5VFbtjRSP9c7CZnanI3IRNPGIqL3XO9ADgf2Ad7asTUreGnYBhwAgvpGw0Prq92yoUWAhDmKGbsaj@@@@iyXfyatMQff41OVAlcEEZ3v6Dfm2@@@@cxQzYwUxRbgxEUNMFxMqIjXtbShg4YIvwCK89bG0Nm4Vd3q8@@@@vR7OfwPRCFihxL5cfT3Y$$$$f6qbf3b7zxZ4zVrCoqHLOxxOSlPyxzgsv0DpxMQjc4bFhl7Y5j04oP3ose6JwL0oEIe30rs30XqsDuOu$$$$jp9qUoNkr$$$$cDbZy6rjhDBeEUYw@@@@d6Jl4v0cx0ZuPG9KV4l@@@@lRkCuWW05KtMdxcOaE4MZrcqz8I9q0MnXw8VC1k2cAAkcJKWI86A9KPfZ9msaoA7Ceh3BzaWSLIVUanShbca17j2JCYcJ99GRnNuYBs$$$$8qYrWAURXQCK0OMBssDD0OXVVLNOWhQw@@@@FyN8BC@@@@h0QyHlN7SvucvkyRf@@@@tQwS78@@@@$$$$j1bD7gI@@@@3fETchB0pFq7C2liQKAVnDJk5T67uRoyf7jQ9@@@@aIXt4OdZQl9@@@@tEZuCIn6zedlQEG2sRqSw1PKoyKaBBdlfuORwEvg7NULYLb34U70yze@@@@VHfSYWgCzn6uHVJzF2IYnIQu$$$$puLrrzsm6yX9Z8CQ==', None, '2025-07-07 14:39:14', 'YSTG10A25070700007', None, None, 0, '', datetime.datetime(2025, 7, 7, 14, 39, 16), datetime.datetime(2025, 7, 7, 14, 39, 16)),)

[2025-07-08 13:42:52,987] [database.py] [line:144] [INFO] # 风险测评id：41560
[2025-07-08 13:42:53,028] [database.py] [line:157] [INFO] # 退款id：1245
[2025-07-08 13:42:53,410] [database.py] [line:241] [INFO] # app `stock-rubik-cube`.contract_new数据列表：
((219585, '20250707143828162962', 3338203510512787459, 'YSTG10A25070700007', 0, 'service', 0, datetime.date(2025, 7, 7), 'c0ad4276792d41e7a50ec1c74fed4e4f', 'cc330715d7a04b4eaa1e59c35981c399', 'AAAAAAq8uroAAAAAAAgq6+hZjtH/9aTYGqmuHV66XVmVUChW2uzo1wXERPEUUFDh8f0PnF4i9NYj0fyuG7SckRbD+D+x38hdpagDdvMoWuxs9QRyyh5MuwUwTMlXN/8ET2R7FQMyYqqlh5p6pTy5CYFMOeL86dk8gI7dwMHwnVlncHtOWvmMI+mOqzcbYKkMixeqBW3T2+MqBAJlfBcICp+3mCfBYIZqPLFf5HksY5zPX82UczasBdCJHqoBNz3zF60CR51WfUuerqNC1/1Xw562Vz4nDRfMEwuWA25KP2S+SGJ3ktt+VK12yIKRSAr3YUKCSP/Vd37CogYjclkD41J4fm7WWUIuX110BbKdRGTOOHFHVIFB1/HNHXzaCLEF/C7fL/VMUSdxz95F+PvTYfGMIaQp8KcfMvU8iJZAH6kaln92QQx+Gs0xJepi/qQZJ+o3FSDjHErMgiJfrFjS0c1BBrAYQ/ZICG0fykKZpSLNy2KhWCBcv7rSXXXmCteQA21hPqYD+NuHPZl5U31KzObXXdn+sF09MVqWByuWrW/+J34Ikwp6580XoCqw2MTVSuJw3Xajj45Ec16R+NyAUtNVQmTM+y8SwPD4j9SmtH1WF88mKACxB6AbcqsxFFSH5VIP+shr+FXTTn9lh3kvU/v6Q7Hbzq4=', '', datetime.datetime(2025, 7, 7, 14, 39, 14), datetime.datetime(2025, 7, 7, 14, 38, 31), datetime.datetime(2025, 7, 7, 14, 39, 15), 0, '', 2, ''),)

[2025-07-08 13:42:53,410] [database.py] [line:245] [INFO] # app `stock-rubik-cube`.contract_new数据：
(219585, '20250707143828162962', 3338203510512787459, 'YSTG10A25070700007', 0, 'service', 0, datetime.date(2025, 7, 7), 'c0ad4276792d41e7a50ec1c74fed4e4f', 'cc330715d7a04b4eaa1e59c35981c399', 'AAAAAAq8uroAAAAAAAgq6+hZjtH/9aTYGqmuHV66XVmVUChW2uzo1wXERPEUUFDh8f0PnF4i9NYj0fyuG7SckRbD+D+x38hdpagDdvMoWuxs9QRyyh5MuwUwTMlXN/8ET2R7FQMyYqqlh5p6pTy5CYFMOeL86dk8gI7dwMHwnVlncHtOWvmMI+mOqzcbYKkMixeqBW3T2+MqBAJlfBcICp+3mCfBYIZqPLFf5HksY5zPX82UczasBdCJHqoBNz3zF60CR51WfUuerqNC1/1Xw562Vz4nDRfMEwuWA25KP2S+SGJ3ktt+VK12yIKRSAr3YUKCSP/Vd37CogYjclkD41J4fm7WWUIuX110BbKdRGTOOHFHVIFB1/HNHXzaCLEF/C7fL/VMUSdxz95F+PvTYfGMIaQp8KcfMvU8iJZAH6kaln92QQx+Gs0xJepi/qQZJ+o3FSDjHErMgiJfrFjS0c1BBrAYQ/ZICG0fykKZpSLNy2KhWCBcv7rSXXXmCteQA21hPqYD+NuHPZl5U31KzObXXdn+sF09MVqWByuWrW/+J34Ikwp6580XoCqw2MTVSuJw3Xajj45Ec16R+NyAUtNVQmTM+y8SwPD4j9SmtH1WF88mKACxB6AbcqsxFFSH5VIP+shr+FXTTn9lh3kvU/v6Q7Hbzq4=', '', datetime.datetime(2025, 7, 7, 14, 39, 14), datetime.datetime(2025, 7, 7, 14, 38, 31), datetime.datetime(2025, 7, 7, 14, 39, 15), 0, '', 2, '')

[2025-07-08 13:42:53,426] [database.py] [line:252] [INFO] # app `stock-rubik-cube`.`order`数据列表：
((3338203510512787459,),)

[2025-07-08 13:42:53,426] [database.py] [line:259] [INFO] # app用户id：3338203510512787459

[2025-07-08 13:42:53,474] [database.py] [line:287] [INFO] # app `stock-rubik-cube`.user_order_product数据列表：
()

[2025-07-08 13:42:53,492] [database.py] [line:85] [INFO] # 
退款订单号：20250707143222335164
[2025-07-08 13:42:53,512] [database.py] [line:97] [INFO] # 退款订单unionid：o1ELc6LrAZOqCjYiOZur5A-sVzYc，kill_order：20250707142943555361
[2025-07-08 13:42:53,533] [database.py] [line:107] [INFO] # v2_work_crm_order_main 数据列表：
((49408, '20250707143222335164', 10170, 6, 6, 1, 1, '1751870052', '4200002695202507074628983600', 'o1ELc6LrAZOqCjYiOZur5A-sVzYc', '赵楠', 'H4qNWOvOwe$$$$A$$$$rqaPhQyIw==', datetime.datetime(2025, 7, 7, 14, 35, 11), datetime.datetime(2026, 7, 7, 14, 35, 11), 365, 0, datetime.datetime(2026, 7, 7, 14, 35, 11), None, None, None, 0, datetime.datetime(2025, 7, 7, 14, 32, 22), datetime.datetime(2025, 7, 7, 14, 32, 22)),)

[2025-07-08 13:42:53,554] [database.py] [line:114] [INFO] # v2_work_crm_order_main_son 数据列表：
((14994, '20250707143222335164', 'SOD20250707143323486466', 3, 1, 6, '1751870011', '100104160431000542507070002098', None, '100104160431000562507070005212', '20250707143635385872', datetime.datetime(2025, 7, 7, 14, 36, 37), None, None, None, None, None, None, '100104160431', '1001041604310201', datetime.datetime(2025, 7, 7, 14, 33, 23)), (14995, '20250707143222335164', 'SOD20250707143339194876', 2, 1, 6, '1751870042', '100104160432000512507070002067', None, '100104160432000562507070001091', '20250707143640489250', datetime.datetime(2025, 7, 7, 14, 36, 42), None, None, None, None, None, None, '100104160432', '1001041604320201', datetime.datetime(2025, 7, 7, 14, 33, 39)), (14996, '20250707143222335164', 'SOD20250707143407704071', 1, 1, 1, '1751870052', '4200002695202507074628983600', None, '50300004082025070711134912359', '20250707143646520167', datetime.datetime(2025, 7, 7, 14, 36, 47), None, None, None, None, None, None, None, None, datetime.datetime(2025, 7, 7, 14, 34, 7)))

[2025-07-08 13:42:53,575] [database.py] [line:121] [INFO] # v2_work_crm_order_main_status 数据列表：
((49567, '20250707143222335164', 1, 1, 2, 1, datetime.datetime(2025, 7, 7, 14, 35, 11), 1, 4, 889009, 889009, 'wwec9bda2817108582', '百灵智投', 'cheng', 'cheng', 1, 2, 1, '趋势智投', 7, 'qszt-4-2', '这是趋势智投-四合一的描述', 365, 11, 0, '20250707142943555361', '20250707142943555361', 0, 0, 'o1ELc6LrAZOqCjYiOZur5A-sVzYc', 6, 6, '1751870052', 1, 0, '', '', 0, datetime.datetime(2025, 7, 7, 14, 32, 22), None, datetime.datetime(2025, 7, 7, 14, 35, 11), 0, '888996', None, None, None, '889009', None, None, None, '889003,889013,889017', None, None, None),)

[2025-07-08 13:42:53,596] [database.py] [line:127] [INFO] # v2_work_crm_hegui 数据列表：
((1111, '20250707143222335164', 'o1ELc6LrAZOqCjYiOZur5A-sVzYc', 1, 101371, '', 1, 0, 1, None, None, 1, None, None, None, None, -1, 0, '', 1, datetime.datetime(2025, 7, 7, 14, 33, 16), datetime.datetime(2025, 7, 7, 14, 35, 11)),)

[2025-07-08 13:42:53,617] [database.py] [line:133] [INFO] # v2_work_crm_order_contract 数据列表：
((44398, '20250707143222335164', 'a477895a8bc849feab6da9f64b28184b', 'e749f8dc731541379d54463823a244fa', 'd28a3fcb2e7c461cb483222be426f433', 1, '产品服务协议', 'eeZRyEm7vbDA0Lxi1n6NDNDfMbS3FBKFV1I5u28WftFIskiH4SusbdejbsUQMFXYeTZ7DiuHw1pflItKtSq9e8Pt96w3LFh5lZVHCnkly3TKc@@@@lCM6kGFw==', '5VFbtjRSP9eHX@@@@3H$$$$LTFZHMFWXdll9IAoUrn7BPXz2yXtq3TplNQwvXJ@@@@yh5@@@@XRKsF5R58jYF0zSk4TgP44@@@@wgbDg0@@@@@@@@rOla7Rn6ux68ISiTrLsa7YUbZw==', datetime.datetime(2025, 7, 7, 14, 35, 11), '2025-07-07 14:33:11', 'YSTG10A25070700006', None, 'eqoh5xxl$$$$ZHJkZo7HfytjEyYA801VLRe$$$$pS78cSF3nsGRbaNikpsiSE1WU2duLjukCxhu6DZB852D2oIq8h6Tjgfi3ceE1Sygaw2IuSF1xYiMqyPpgkt1OtVfGj2T0WoXDDix47TcowNW1Zd59ToaPXD3r69j7AYsP8qFtsHIDi5qVn14z3VgcAL$$$$tubvjpyWSjyKotZtA4L3dphwNqvHHk2ew4rh8NaX5SLSrUqvXvD7fesNyxYeZWVRwp5Jct0d@@@@NrlySjKXplUsGwiHEE2wvd2mHA2q8ceTZ7DiuHw1pflItKtSq9e8Pt96w3LFh5lZVHCnkly3RVciKiMhbRwQ==', 0, '', datetime.datetime(2025, 7, 7, 14, 33, 16), datetime.datetime(2025, 7, 7, 14, 33, 16)), (44399, '20250707143222335164', None, None, 'dc588181a755439aace7955f2b6da66b', 2, '终止协议-测试', None, '5VFbtjRSP9eHX@@@@3H$$$$LTFZHMFWXdll9IAoUrn7BPXz2yXtq3TplNQwvXJ@@@@yh5@@@@XRKtdxtggvPysrlhLihRAZK11sfQUJJ$$$$q9n', datetime.datetime(2025, 7, 7, 14, 36, 9), '2025-07-07 14:36:09', 'c', None, None, 0, '', datetime.datetime(2025, 7, 7, 14, 35, 56), datetime.datetime(2025, 7, 7, 14, 35, 56)))

[2025-07-08 13:42:53,638] [database.py] [line:144] [INFO] # 风险测评id：41559
[2025-07-08 13:42:53,680] [database.py] [line:157] [INFO] # 退款id：1244
[2025-07-08 13:42:53,985] [database.py] [line:214] [INFO] # order_ids:('20250707142943555361',)
[2025-07-08 13:42:54,007] [database.py] [line:217] [INFO] # 更新v2_work_crm_order_main_status表is_cancellation成功！
[2025-07-08 13:42:54,079] [database.py] [line:241] [INFO] # app `stock-rubik-cube`.contract_new数据列表：
((219583, '20250707143222335164', 3338203510512787459, 'YSTG10A25070700006', 0, 'service', 0, datetime.date(2025, 7, 7), 'e749f8dc731541379d54463823a244fa', 'a477895a8bc849feab6da9f64b28184b', 'AAAAAAq8uroAAAAAAAgq6TLWNny4/OF+dGXmiLLRXay8xJpA1LN39uy3+A6AjvSsOQvmHo8Imff3a64WERMFbS0qB+5UPvpDji7v+48lcaVAlvyCExhc/htEVTAl7F4lUdjfjnHTcFq+3Wt8s9ezqhfyft/Bg3bboDK/kWkkfn/a3JBVt37cxZEB3xBM5+e5z3QI1l8Y9U2J59MlMUmiPgkQdsO0K21qeT8tqAm/Jg+YkmzQZFk3jzz5yOPhmDIZmt5luCC19GmQaYC1D4j0IB6rHwrgptIFHc5URVMUJB8/5w7WdPsaPEsTLjY5DshvWpTkVLIiPF3/bKhtjzFUDVsCX+BSFyVsUMM/vvYKtKMDBOykBdrYE50qj0wUfwEIr+mUhx4m6jckluJfWEDh/TO+5MG7hPU8IrIL6JHUOX2u8TPkd0f0cAOEIkK6bb9Rna8i4ylLds5E0H3a9QzO1mlCSgvaBzqNEUks9fjRzN/Kv0qb6+RSopV17QXnCsa7qd7ZcWeGnBLNlOC0SnXLrr/g8876WASjPMFq8AIUlrtYwyT3yNUUbnYGaia83Tmb6PIXopEGPlJ1ktvE9shl7YmpjN9/oqzcJB3knZqDRo9pG+EoDJwMHDVogT8j63R4cHOjIgYNk0nXylw+FjT0LJB2M+QY', 'AAAAAAq8uroAAAAAAAgq6qgRAPTxunm9K2bCyhlT7/FEyG6H8nUb907cuwS1oHBCFS+e6DoHJR94Oo8XLazT1xvjCwD9Wcg7cBwwmvMMzUJMhZ2mbTjjLuKRHK1mEzN2bnTOaq93pbW25+5k8xlEhUxGaa8=', datetime.datetime(2025, 7, 7, 14, 33, 11), datetime.datetime(2025, 7, 7, 14, 32, 25), datetime.datetime(2025, 7, 7, 14, 35, 12), 0, '', 2, ''), (219584, '20250707143222335164', 3338203510512787459, '', 1, 'termination', 0, None, '', '', '', '', None, datetime.datetime(2025, 7, 7, 14, 35, 56), datetime.datetime(2025, 7, 7, 14, 35, 56), 0, '', 2, ''))

[2025-07-08 13:42:54,079] [database.py] [line:245] [INFO] # app `stock-rubik-cube`.contract_new数据：
(219583, '20250707143222335164', 3338203510512787459, 'YSTG10A25070700006', 0, 'service', 0, datetime.date(2025, 7, 7), 'e749f8dc731541379d54463823a244fa', 'a477895a8bc849feab6da9f64b28184b', 'AAAAAAq8uroAAAAAAAgq6TLWNny4/OF+dGXmiLLRXay8xJpA1LN39uy3+A6AjvSsOQvmHo8Imff3a64WERMFbS0qB+5UPvpDji7v+48lcaVAlvyCExhc/htEVTAl7F4lUdjfjnHTcFq+3Wt8s9ezqhfyft/Bg3bboDK/kWkkfn/a3JBVt37cxZEB3xBM5+e5z3QI1l8Y9U2J59MlMUmiPgkQdsO0K21qeT8tqAm/Jg+YkmzQZFk3jzz5yOPhmDIZmt5luCC19GmQaYC1D4j0IB6rHwrgptIFHc5URVMUJB8/5w7WdPsaPEsTLjY5DshvWpTkVLIiPF3/bKhtjzFUDVsCX+BSFyVsUMM/vvYKtKMDBOykBdrYE50qj0wUfwEIr+mUhx4m6jckluJfWEDh/TO+5MG7hPU8IrIL6JHUOX2u8TPkd0f0cAOEIkK6bb9Rna8i4ylLds5E0H3a9QzO1mlCSgvaBzqNEUks9fjRzN/Kv0qb6+RSopV17QXnCsa7qd7ZcWeGnBLNlOC0SnXLrr/g8876WASjPMFq8AIUlrtYwyT3yNUUbnYGaia83Tmb6PIXopEGPlJ1ktvE9shl7YmpjN9/oqzcJB3knZqDRo9pG+EoDJwMHDVogT8j63R4cHOjIgYNk0nXylw+FjT0LJB2M+QY', 'AAAAAAq8uroAAAAAAAgq6qgRAPTxunm9K2bCyhlT7/FEyG6H8nUb907cuwS1oHBCFS+e6DoHJR94Oo8XLazT1xvjCwD9Wcg7cBwwmvMMzUJMhZ2mbTjjLuKRHK1mEzN2bnTOaq93pbW25+5k8xlEhUxGaa8=', datetime.datetime(2025, 7, 7, 14, 33, 11), datetime.datetime(2025, 7, 7, 14, 32, 25), datetime.datetime(2025, 7, 7, 14, 35, 12), 0, '', 2, '')

[2025-07-08 13:42:54,079] [database.py] [line:245] [INFO] # app `stock-rubik-cube`.contract_new数据：
(219584, '20250707143222335164', 3338203510512787459, '', 1, 'termination', 0, None, '', '', '', '', None, datetime.datetime(2025, 7, 7, 14, 35, 56), datetime.datetime(2025, 7, 7, 14, 35, 56), 0, '', 2, '')

[2025-07-08 13:42:54,095] [database.py] [line:252] [INFO] # app `stock-rubik-cube`.`order`数据列表：
((3338203510512787459,),)

[2025-07-08 13:42:54,096] [database.py] [line:259] [INFO] # app用户id：3338203510512787459

[2025-07-08 13:42:54,146] [database.py] [line:287] [INFO] # app `stock-rubik-cube`.user_order_product数据列表：
()

[2025-07-08 13:42:54,210] [database.py] [line:308] [INFO] # o1ELc6LrAZOqCjYiOZur5A-sVzYc用户到期时间：(datetime.datetime(2025, 7, 8, 14, 31, 26),)
[2025-07-08 13:42:54,234] [database.py] [line:322] [INFO] # 更新work_crm_base_user表u_expire_date成功！
