[2025-10-24 16:31:00,187] [log.py] [line:31] [INFO] # ======Start printing logs======
[2025-10-24 16:31:07,450] [database.py] [line:80] [INFO] # 退款订单id列表：['20251024153127083886']
[2025-10-24 16:31:07,450] [database.py] [line:85] [INFO] # 
退款订单号：20251024153127083886
[2025-10-24 16:31:07,468] [database.py] [line:97] [INFO] # 退款订单unionid：o1ELc6D2wVrqMXkyBiXfDc4bzvSA，kill_order：
[2025-10-24 16:31:07,500] [database.py] [line:107] [INFO] # v2_work_crm_order_main 数据列表：
((49668, '20251024153127083886', 10167, 3, 3, 0, 0, None, '', 'o1ELc6D2wVrqMXkyBiXfDc4bzvSA', '龚永明', '9wy@@@@4Uffj7g7ZwmDudkOsQ==', None, None, 1, 0, None, None, None, None, 0, datetime.datetime(2025, 10, 24, 15, 31, 27), datetime.datetime(2025, 10, 24, 15, 31, 27)),)

[2025-10-24 16:31:07,519] [database.py] [line:114] [INFO] # v2_work_crm_order_main_son 数据列表：
()

[2025-10-24 16:31:07,550] [database.py] [line:121] [INFO] # v2_work_crm_order_main_status 数据列表：
((49827, '20251024153127083886', 1, 0, 2, 0, None, 3, 0, 889009, 889009, 'wwec9bda2817108582', '百灵智投', 'cheng', 'cheng', 1, 3, 0, '研选量投', 3, 'yxlt_xf', '严选量投-续费-客服', 1, 10, 0, '20250808132201140405', '', 0, 0, 'o1ELc6D2wVrqMXkyBiXfDc4bzvSA', 3, 3, None, 0, 7, '', '', 0, datetime.datetime(2025, 10, 24, 15, 31, 27), None, None, 0, '888996', None, None, None, '889009', None, None, None, '889003,889017', None, None, None),)

[2025-10-24 16:31:07,569] [database.py] [line:127] [INFO] # v2_work_crm_hegui 数据列表：
()

[2025-10-24 16:31:07,589] [database.py] [line:133] [INFO] # v2_work_crm_order_contract 数据列表：
()

[2025-10-24 16:31:07,608] [database.py] [line:144] [INFO] # 风险测评id：41742
[2025-10-24 16:31:08,005] [database.py] [line:241] [INFO] # app `stock-rubik-cube`.contract_new数据列表：
()

[2025-10-24 16:31:08,019] [database.py] [line:252] [INFO] # app `stock-rubik-cube`.`order`数据列表：
((4805246725442568192,),)

[2025-10-24 16:31:08,019] [database.py] [line:259] [INFO] # app用户id：4805246725442568192

[2025-10-24 16:31:08,063] [database.py] [line:287] [INFO] # app `stock-rubik-cube`.user_order_product数据列表：
()

[2025-10-24 16:31:08,118] [database.py] [line:308] [INFO] # o1ELc6D2wVrqMXkyBiXfDc4bzvSA用户到期时间：(datetime.datetime(2025, 9, 1, 17, 11, 1),)
[2025-10-24 16:31:08,138] [database.py] [line:322] [INFO] # 更新work_crm_base_user表u_expire_date成功！
[2025-10-24 16:38:04,095] [log.py] [line:31] [INFO] # ======Start printing logs======
[2025-10-24 16:38:04,197] [database.py] [line:343] [ERROR] # 数据库操作时发生错误: (1045, 'can not get backend info,POST http://jumpserver-jms-core:8080/api/v1/authentication/super-connection-token/secret/ failed, get code: 403, {"detail":"连接令牌过期: 2025-10-24 16:31:00.044268+08:00","code":"permission_denied"} ')
[2025-10-24 16:38:04,197] [database.py] [line:344] [ERROR] # Error occurred: (1045, 'can not get backend info,POST http://jumpserver-jms-core:8080/api/v1/authentication/super-connection-token/secret/ failed, get code: 403, {"detail":"连接令牌过期: 2025-10-24 16:31:00.044268+08:00","code":"permission_denied"} ')
Traceback (most recent call last):
  File "D:\WorkSpaces\CRM\db\database.py", line 38, in database
    db = pymysql.connect(host=config_data['mysql']['host'], port=config_data['mysql']['port'], user=config_data['mysql']['user_sim'],
  File "D:\WorkSpaces\CRM\venv\lib\site-packages\pymysql\connections.py", line 358, in __init__
    self.connect()
  File "D:\WorkSpaces\CRM\venv\lib\site-packages\pymysql\connections.py", line 664, in connect
    self._request_authentication()
  File "D:\WorkSpaces\CRM\venv\lib\site-packages\pymysql\connections.py", line 954, in _request_authentication
    auth_packet = self._read_packet()
  File "D:\WorkSpaces\CRM\venv\lib\site-packages\pymysql\connections.py", line 772, in _read_packet
    packet.raise_for_error()
  File "D:\WorkSpaces\CRM\venv\lib\site-packages\pymysql\protocol.py", line 221, in raise_for_error
    err.raise_mysql_exception(self._data)
  File "D:\WorkSpaces\CRM\venv\lib\site-packages\pymysql\err.py", line 143, in raise_mysql_exception
    raise errorclass(errno, errval)
pymysql.err.OperationalError: (1045, 'can not get backend info,POST http://jumpserver-jms-core:8080/api/v1/authentication/super-connection-token/secret/ failed, get code: 403, {"detail":"连接令牌过期: 2025-10-24 16:31:00.044268+08:00","code":"permission_denied"} ')
[2025-10-24 16:38:53,751] [log.py] [line:31] [INFO] # ======Start printing logs======
[2025-10-24 16:38:57,571] [database.py] [line:80] [INFO] # 退款订单id列表：['20251024162626336105']
[2025-10-24 16:38:57,571] [database.py] [line:85] [INFO] # 
退款订单号：20251024162626336105
[2025-10-24 16:38:57,593] [database.py] [line:97] [INFO] # 退款订单unionid：o1ELc6LrAZOqCjYiOZur5A-sVzYc，kill_order：
[2025-10-24 16:38:57,626] [database.py] [line:107] [INFO] # v2_work_crm_order_main 数据列表：
((49669, '20251024162626336105', 10167, 3, 3, 0, 0, None, '', 'o1ELc6LrAZOqCjYiOZur5A-sVzYc', '赵楠', 'H4qNWOvOwe$$$$A$$$$rqaPhQyIw==', None, None, 1, 0, None, None, None, None, 0, datetime.datetime(2025, 10, 24, 16, 26, 26), datetime.datetime(2025, 10, 24, 16, 26, 26)),)

[2025-10-24 16:38:57,647] [database.py] [line:114] [INFO] # v2_work_crm_order_main_son 数据列表：
()

[2025-10-24 16:38:57,680] [database.py] [line:121] [INFO] # v2_work_crm_order_main_status 数据列表：
((49828, '20251024162626336105', 1, 1, 2, 0, None, 3, 0, 889009, 889009, 'wwec9bda2817108582', '百灵智投', 'cheng', 'cheng', 1, 3, 0, '研选量投', 3, 'yxlt_xf', '严选量投-续费-客服', 1, 10, 0, '20251024132233169243', '', 0, 0, 'o1ELc6LrAZOqCjYiOZur5A-sVzYc', 3, 3, None, 0, 7, '', '', 0, datetime.datetime(2025, 10, 24, 16, 26, 26), None, None, 0, '888996', None, None, None, '889009', None, None, None, '889003,889017', None, None, None),)

[2025-10-24 16:38:57,700] [database.py] [line:127] [INFO] # v2_work_crm_hegui 数据列表：
((1287, '20251024162626336105', 'o1ELc6LrAZOqCjYiOZur5A-sVzYc', 0, 0, '', 0, 0, 0, None, None, 1, None, None, None, None, -1, 0, '', 0, datetime.datetime(2025, 10, 24, 16, 32, 35), datetime.datetime(2025, 10, 24, 16, 32, 35)),)

[2025-10-24 16:38:57,718] [database.py] [line:133] [INFO] # v2_work_crm_order_contract 数据列表：
((44696, '20251024162626336105', 'd92ce6179fb6471d9e6f5fec5575018b', 'c600abb9a8724d1ba9e15e04acf102a9', '8c4a35b69d4d4dcdbe2885e0d279fdd8', 1, '产品服务协议-测试', None, '5VFbtjRSP9c7CZnanI3IRNPGIqL3XO9ADgf2Ad7asTUreGnYBhwAggw5MeqjIj@@@@CP04w@@@@pMVJ0TWWODonTICjgoQxUbQpv9$$$$vtMEJoB85$$$$sB$$$$HxmiaUoE5LeiHfYzxS1jXtbShg4YIvwCK89bG0Nm4Vd3q8@@@@vR7OfwPRCFihxL5cfT3Y$$$$f6qbf3b7zxZ4zVrCoqHLOxxOSlPyxzgsv0DpxMQjc4bFhl7Y5j04oP3ose6JwL0oEIe30rs30XqsDuOu$$$$jp9qUoNkr$$$$cDbZy6rjhDBeEUYw@@@@d6Jl4v0cx0ZuPEGyhH6GQuGTfKWccSgdgFnuRmW6imgtoxQo070GDzvi2Z352YG3KKHRZWWxE9@@@@xHCD3KoMhH7KxQrMKMEHoprJpoUyFx4bvnX1rRPVSW0LKmCZEUrOv$$$$QCwlO8KfDG62@@@@WMVcnbwCWyy7@@@@aEao2MeGGi0Ey1hnr66$$$$4fFCCwoVKrxZSe7n8fzeHROvomM4SGbrmUV@@@@X0SeDqnlpg$$$$EXfArQsWOQ7p6svSahbwAUYjHeHf4V6SmnesbCXWahqdQIDHh6@@@@NsGEwpME5Q6mEpm3NxLKful@@@@wOjpzcSKF0STinNoC4vwAl5PyefHAhVk6wY5epSBl1U6hLp$$$$vb$$$$FN2okfR', None, '2025-10-24 16:32:22', 'YSTG10A25102400002', None, None, 0, '', datetime.datetime(2025, 10, 24, 16, 32, 35), datetime.datetime(2025, 10, 24, 16, 32, 35)),)

[2025-10-24 16:38:57,738] [database.py] [line:144] [INFO] # 风险测评id：41743
[2025-10-24 16:38:58,118] [database.py] [line:241] [INFO] # app `stock-rubik-cube`.contract_new数据列表：
((219867, '20251024162626336105', 4782059468321726473, 'YSTG10A25102400002', 0, 'service', 0, datetime.date(2025, 10, 24), 'c600abb9a8724d1ba9e15e04acf102a9', 'd92ce6179fb6471d9e6f5fec5575018b', 'AAAAAAq8uroAAAAAAAguEDQtSIzjGuA3GjHtY+7h9++MAhDs3xKfNPbJUGlU+hW1fmD+Dj4tnsWXbHPcfXaeSl5/9OV5UymmIGFsihNYHhSESoxAUAyiEi7Ta/jkEBjwETCbmcvT3YupXoAD//XXmMjO7f9V8sFTqAhUfL1wvDX1Wo+0XH3zk7Kv7/fCpzAordRYyLIjyPKp55+UpuAKkd5LPNMhR5+ynjozq3oXifklJPFVtpjKe8Hhbtjg+yYdZPWgbVUHyBOYjUIVxngjzABOGs7B+Oa5dPi9Uk2tthNeALsdEUhh7z48spYAVLhtj8zy2GAh2gKS+uBg0XTW2MKKaZ5uXwKBvMZk7pjU6Q3nBY88jhr3orCeyQztOD7Je13novuGnjLM2oiQzMls/k/+fBlU2XBCAK8iERrLkbyzkENPQYBesTB84JhV4wPFRbHHZCTz2mC5OqNcsHFA4kMCktwrZKYgVxz0uJ2H/ytcdeChTASVBjEwVP35z9TF4pnH+Yj+robi/IH9aw6uhddBg4JQSBFwBJZweB47TIPqF94op4Yncy4V2OAk0HnhcUHXreBalSIN7JjpzOhUXpeDWS2AGLG9gmEIqVwFbOBjJm9dzs3HSr4eKLrFsDwP+OMu00wSuGcwa7sa2FNHRR8zjwPQfbu4sQ==', '', datetime.datetime(2025, 10, 24, 16, 32, 22), datetime.datetime(2025, 10, 24, 16, 28, 15), datetime.datetime(2025, 10, 24, 16, 32, 34), 0, '', 2, ''),)

[2025-10-24 16:38:58,119] [database.py] [line:245] [INFO] # app `stock-rubik-cube`.contract_new数据：
(219867, '20251024162626336105', 4782059468321726473, 'YSTG10A25102400002', 0, 'service', 0, datetime.date(2025, 10, 24), 'c600abb9a8724d1ba9e15e04acf102a9', 'd92ce6179fb6471d9e6f5fec5575018b', 'AAAAAAq8uroAAAAAAAguEDQtSIzjGuA3GjHtY+7h9++MAhDs3xKfNPbJUGlU+hW1fmD+Dj4tnsWXbHPcfXaeSl5/9OV5UymmIGFsihNYHhSESoxAUAyiEi7Ta/jkEBjwETCbmcvT3YupXoAD//XXmMjO7f9V8sFTqAhUfL1wvDX1Wo+0XH3zk7Kv7/fCpzAordRYyLIjyPKp55+UpuAKkd5LPNMhR5+ynjozq3oXifklJPFVtpjKe8Hhbtjg+yYdZPWgbVUHyBOYjUIVxngjzABOGs7B+Oa5dPi9Uk2tthNeALsdEUhh7z48spYAVLhtj8zy2GAh2gKS+uBg0XTW2MKKaZ5uXwKBvMZk7pjU6Q3nBY88jhr3orCeyQztOD7Je13novuGnjLM2oiQzMls/k/+fBlU2XBCAK8iERrLkbyzkENPQYBesTB84JhV4wPFRbHHZCTz2mC5OqNcsHFA4kMCktwrZKYgVxz0uJ2H/ytcdeChTASVBjEwVP35z9TF4pnH+Yj+robi/IH9aw6uhddBg4JQSBFwBJZweB47TIPqF94op4Yncy4V2OAk0HnhcUHXreBalSIN7JjpzOhUXpeDWS2AGLG9gmEIqVwFbOBjJm9dzs3HSr4eKLrFsDwP+OMu00wSuGcwa7sa2FNHRR8zjwPQfbu4sQ==', '', datetime.datetime(2025, 10, 24, 16, 32, 22), datetime.datetime(2025, 10, 24, 16, 28, 15), datetime.datetime(2025, 10, 24, 16, 32, 34), 0, '', 2, '')

[2025-10-24 16:38:58,133] [database.py] [line:252] [INFO] # app `stock-rubik-cube`.`order`数据列表：
((4782059468321726473,),)

[2025-10-24 16:38:58,133] [database.py] [line:259] [INFO] # app用户id：4782059468321726473

[2025-10-24 16:38:58,178] [database.py] [line:287] [INFO] # app `stock-rubik-cube`.user_order_product数据列表：
()

[2025-10-24 16:38:58,234] [database.py] [line:308] [INFO] # o1ELc6LrAZOqCjYiOZur5A-sVzYc用户到期时间：(datetime.datetime(2026, 10, 27, 13, 25, 9),)
[2025-10-24 16:38:58,255] [database.py] [line:322] [INFO] # 更新work_crm_base_user表u_expire_date成功！
