[2025-07-25 15:05:26,293] [log.py] [line:31] [INFO] # ======Start printing logs======
[2025-07-25 15:05:29,659] [database.py] [line:80] [INFO] # 退款订单id列表：['20250717091447581285', '20250718105649851076', '20250723102039977497', '20250724093143372202']
[2025-07-25 15:05:29,659] [database.py] [line:85] [INFO] # 
退款订单号：20250717091447581285
[2025-07-25 15:05:29,682] [database.py] [line:97] [INFO] # 退款订单unionid：o1ELc6LrAZOqCjYiOZur5A-sVzYc，kill_order：
[2025-07-25 15:05:29,721] [database.py] [line:107] [INFO] # v2_work_crm_order_main 数据列表：
((49437, '20250717091447581285', 10168, 4, 4, 1, 3, '1752715014', '', 'o1ELc6LrAZOqCjYiOZur5A-sVzYc', '赵楠', 'H4qNWOvOwe$$$$A$$$$rqaPhQyIw==', datetime.datetime(2025, 7, 17, 9, 17, 19), datetime.datetime(2025, 7, 24, 9, 17, 19), 7, 0, datetime.datetime(2025, 2, 24, 9, 17, 19), None, None, None, 0, datetime.datetime(2025, 7, 17, 9, 14, 47), datetime.datetime(2025, 7, 17, 9, 14, 47)),)

[2025-07-25 15:05:29,746] [database.py] [line:114] [INFO] # v2_work_crm_order_main_son 数据列表：
()

[2025-07-25 15:05:29,784] [database.py] [line:121] [INFO] # v2_work_crm_order_main_status 数据列表：
((49596, '20250717091447581285', 1, 1, 2, 1, datetime.datetime(2025, 7, 17, 9, 17, 19), 3, 0, 889009, 889009, 'wwec9bda2817108582', '百灵智投', 'cheng', 'cheng', 1, 2, 1, '趋势智投', 4, 'qszt-4-2', '这是趋势智投-四合一的描述', 7, 5, 0, '20250707142943555361', '', 0, 0, 'o1ELc6LrAZOqCjYiOZur5A-sVzYc', 4, 4, '1752715014', 1, 0, '', '', 0, datetime.datetime(2025, 7, 17, 9, 14, 47), None, datetime.datetime(2025, 7, 17, 9, 17, 19), 0, '888996', None, None, None, '889009,889093', None, None, None, '889003,889013,889017,889095', None, None, None),)

[2025-07-25 15:05:29,806] [database.py] [line:127] [INFO] # v2_work_crm_hegui 数据列表：
((1139, '20250717091447581285', 'o1ELc6LrAZOqCjYiOZur5A-sVzYc', 1, 101371, '', 1, 0, 1, None, None, 1, None, None, None, None, -1, 0, '', 1, datetime.datetime(2025, 7, 17, 9, 15, 41), datetime.datetime(2025, 7, 17, 9, 17, 19)),)

[2025-07-25 15:05:29,830] [database.py] [line:133] [INFO] # v2_work_crm_order_contract 数据列表：
((44450, '20250717091447581285', '9ee12bd52b9148058b57da609f948422', 'a91103b6ec4a40679b4788ee0015a162', 'd28a3fcb2e7c461cb483222be426f433', 1, '产品服务协议', 'eeZRyEm7vbDA0Lxi1n6NDNDfMbS3FBKFV1I5u28WftFIskiH4SusbdejbsUQMFXYeTZ7DiuHw1olGoC1oBwSwwfwL1JcFl0TlZVHCnkly3TKc@@@@lCM6kGFw==', '5VFbtjRSP9eHX@@@@3H$$$$LTFZHMFWXdll9IAoUrn7BPXz2yXtq3TplNQwvXJ@@@@yh5@@@@XRKsF5R58jYF0zSk4TgP44@@@@wn@@@@8@@@@GGRbri67Rn6ux68ISiTrLsa7YUbZw==', datetime.datetime(2025, 7, 17, 9, 17, 19), '2025-07-17 09:15:39', 'YSTG10A25071700001', None, 'eqoh5xxl$$$$ZHJkZo7HfytjEyYA801VLRe$$$$pS78cSF3nsGRbaNikpsiSE1WU2duLjukCxhu6DZB852D2oIq8h6Tjgfi3ceE1SyhbDcKvhfogzAKeUirii3i$$$$tVfGj2T0WoXDDix47TcowNW1Zd59ToaPXD3r69j7AYsP8qFtsHIDi5qVn14z3VgcAL$$$$tubvjpyWSjyKotZtA4L3dphwNqvHHk2ew4rh8NaJRqAtaAcEsMH8C9SXBZdE5WVRwp5Jct0d@@@@NrlySjKXplUsGwiHEE2wvd2mHA2q8ceTZ7DiuHw1olGoC1oBwSwwfwL1JcFl0TlZVHCnkly3RVciKiMhbRwQ==', 0, '', datetime.datetime(2025, 7, 17, 9, 15, 41), datetime.datetime(2025, 7, 17, 9, 15, 41)),)

[2025-07-25 15:05:29,852] [database.py] [line:144] [INFO] # 风险测评id：41587
[2025-07-25 15:05:30,311] [database.py] [line:241] [INFO] # app `stock-rubik-cube`.contract_new数据列表：
((219625, '20250717091447581285', 3338203510512787459, 'YSTG10A25071700001', 0, 'service', 0, datetime.date(2025, 7, 17), 'a91103b6ec4a40679b4788ee0015a162', '9ee12bd52b9148058b57da609f948422', 'AAAAAAq8uroAAAAAAAgrLu3R0kVWtVilSyBcARzl1UwEunmAnDACG3TU85J4gQz4T6nCZsKEPA3be6JX1Fru1KymZrn9aSGkTr/ZgU+FLssIdWjTNmHBdRxbX6lJqr0huvuq4Gp/O6ib/eglEoHmIi4U2/xDByEFybJugW+gqNbrhx+IVWREXg6uorXasOu38e1+Q2cszfh+1cOhtZJtRWwVHSQyyqUCeY7fdrAipuJAFpaQQb28BIyikFhwyHP4b6UjYKJfBRMsWECRLf2piB/8BFdSv4zRDiL7vj+3IeeXIEYvxkdv0lxAk8lE5tS2all4PKmcVe8r1HumeONVRMSjcDFEX4Fg13HRRQUBWHmpqcyUUZmWzB67zcoWNWjeabmm6Ss+UMfLdoS2od3LJE+2HvvP/s3xmCXL2EpIwlpwlGuTrL/adku63hUow9I5X0bcoevDaXII8DzWs1D0gtf04K/2v+5JMrrsMKFZAeStyrnepwZ5ztIxsso7rGRtFkPpV6xscEBPcou38OwyiN42xCbGPAWjXwFoHwyW21RfkJe8uyXFlMKpTLxkjy7zzYFrMlAiTQ5+/BeG+yJi1Am8INvrVEukSlu511L8TWnbjqwE70uYRdLSSRt9GP3Bpf8LtRv+686WgtW9aoSzlyWPdw==', 'AAAAAAq8uroAAAAAAAgrL0tPbGDJbrftscszaJ3W9hb+M+wI3fEA4UbY6FJCus2d08iAPrir9QIQ8042Q0LAeDhEk5xbArVqum9uRvnP1S3hHIsyQKSRzn5h5R1seA+GWdPgoyrIvhtAUkJCy2yN3t2PuPg=', datetime.datetime(2025, 7, 17, 9, 15, 39), datetime.datetime(2025, 7, 17, 9, 14, 53), datetime.datetime(2025, 7, 17, 9, 17, 19), 0, '', 2, ''),)

[2025-07-25 15:05:30,311] [database.py] [line:245] [INFO] # app `stock-rubik-cube`.contract_new数据：
(219625, '20250717091447581285', 3338203510512787459, 'YSTG10A25071700001', 0, 'service', 0, datetime.date(2025, 7, 17), 'a91103b6ec4a40679b4788ee0015a162', '9ee12bd52b9148058b57da609f948422', 'AAAAAAq8uroAAAAAAAgrLu3R0kVWtVilSyBcARzl1UwEunmAnDACG3TU85J4gQz4T6nCZsKEPA3be6JX1Fru1KymZrn9aSGkTr/ZgU+FLssIdWjTNmHBdRxbX6lJqr0huvuq4Gp/O6ib/eglEoHmIi4U2/xDByEFybJugW+gqNbrhx+IVWREXg6uorXasOu38e1+Q2cszfh+1cOhtZJtRWwVHSQyyqUCeY7fdrAipuJAFpaQQb28BIyikFhwyHP4b6UjYKJfBRMsWECRLf2piB/8BFdSv4zRDiL7vj+3IeeXIEYvxkdv0lxAk8lE5tS2all4PKmcVe8r1HumeONVRMSjcDFEX4Fg13HRRQUBWHmpqcyUUZmWzB67zcoWNWjeabmm6Ss+UMfLdoS2od3LJE+2HvvP/s3xmCXL2EpIwlpwlGuTrL/adku63hUow9I5X0bcoevDaXII8DzWs1D0gtf04K/2v+5JMrrsMKFZAeStyrnepwZ5ztIxsso7rGRtFkPpV6xscEBPcou38OwyiN42xCbGPAWjXwFoHwyW21RfkJe8uyXFlMKpTLxkjy7zzYFrMlAiTQ5+/BeG+yJi1Am8INvrVEukSlu511L8TWnbjqwE70uYRdLSSRt9GP3Bpf8LtRv+686WgtW9aoSzlyWPdw==', 'AAAAAAq8uroAAAAAAAgrL0tPbGDJbrftscszaJ3W9hb+M+wI3fEA4UbY6FJCus2d08iAPrir9QIQ8042Q0LAeDhEk5xbArVqum9uRvnP1S3hHIsyQKSRzn5h5R1seA+GWdPgoyrIvhtAUkJCy2yN3t2PuPg=', datetime.datetime(2025, 7, 17, 9, 15, 39), datetime.datetime(2025, 7, 17, 9, 14, 53), datetime.datetime(2025, 7, 17, 9, 17, 19), 0, '', 2, '')

[2025-07-25 15:05:30,340] [database.py] [line:252] [INFO] # app `stock-rubik-cube`.`order`数据列表：
((3338203510512787459,),)

[2025-07-25 15:05:30,340] [database.py] [line:259] [INFO] # app用户id：3338203510512787459

[2025-07-25 15:05:30,617] [database.py] [line:287] [INFO] # app `stock-rubik-cube`.user_order_product数据列表：
()

[2025-07-25 15:05:30,629] [database.py] [line:85] [INFO] # 
退款订单号：20250718105649851076
[2025-07-25 15:05:30,651] [database.py] [line:97] [INFO] # 退款订单unionid：o1ELc6LrAZOqCjYiOZur5A-sVzYc，kill_order：20250717091447581285
[2025-07-25 15:05:30,674] [database.py] [line:107] [INFO] # v2_work_crm_order_main 数据列表：
((49439, '20250718105649851076', 10122, 11800000, 11800000, 1, 3, '1752808206', '', 'o1ELc6LrAZOqCjYiOZur5A-sVzYc', '赵楠', 'H4qNWOvOwe$$$$A$$$$rqaPhQyIw==', datetime.datetime(2025, 7, 18, 11, 10, 44), datetime.datetime(2025, 7, 19, 11, 10, 44), 1, 0, datetime.datetime(2025, 7, 19, 11, 10, 44), None, None, None, 0, datetime.datetime(2025, 7, 18, 10, 56, 49), datetime.datetime(2025, 7, 18, 10, 56, 49)),)

[2025-07-25 15:05:30,696] [database.py] [line:114] [INFO] # v2_work_crm_order_main_son 数据列表：
()

[2025-07-25 15:05:30,734] [database.py] [line:121] [INFO] # v2_work_crm_order_main_status 数据列表：
((49598, '20250718105649851076', 1, 1, 2, 0, datetime.datetime(2025, 7, 18, 11, 10, 44), 3, 0, 889095, 889095, 'wwec9bda2817108582', '百灵智投', 'ZhangYuZe', 'ZhangYuZe', 1, 2, 1, '私人定制', 11800000, 'srdz', '这是私人定制的描述', 1, 4, 0, '20250717091447581285', '20250717091447581285', 0, 0, 'o1ELc6LrAZOqCjYiOZur5A-sVzYc', 11800000, 11800000, '1752808206', 1, 0, '', '81ff0bcb90e91a186fb53d2020065fc3', 0, datetime.datetime(2025, 7, 18, 10, 56, 49), None, datetime.datetime(2025, 7, 18, 11, 10, 44), 0, '888996', None, None, None, '889009', None, None, None, '889003,889013,889017,889095', None, None, None),)

[2025-07-25 15:05:30,758] [database.py] [line:127] [INFO] # v2_work_crm_hegui 数据列表：
((1141, '20250718105649851076', 'o1ELc6LrAZOqCjYiOZur5A-sVzYc', 1, 101371, '', 1, 0, 1, None, None, 1, None, None, None, None, -1, 0, '', 1, datetime.datetime(2025, 7, 18, 10, 58, 1), datetime.datetime(2025, 7, 18, 11, 10, 44)),)

[2025-07-25 15:05:30,781] [database.py] [line:133] [INFO] # v2_work_crm_order_contract 数据列表：
((44452, '20250718105649851076', '0b8bec53822c4eeaaa29c54845c7aed2', '3c0d97d8eac24b7ab38ef31e5b5630bd', 'd28a3fcb2e7c461cb483222be426f433', 1, '产品服务协议', 'eeZRyEm7vbDA0Lxi1n6NDNDfMbS3FBKFV1I5u28WftFIskiH4SusbdejbsUQMFXYeTZ7DiuHw1olGoC1oBwSw4PZ09$$$$jhM66lZVHCnkly3TKc@@@@lCM6kGFw==', '5VFbtjRSP9eHX@@@@3H$$$$LTFZHMFWXdll9IAoUrn7BPXz2yXtq3TplNQwvXJ@@@@yh5@@@@XRKsF5R58jYF0zSk4TgP44@@@@wscYKRqoyTRT7Rn6ux68ISiTrLsa7YUbZw==', datetime.datetime(2025, 7, 18, 11, 10, 44), '2025-07-18 10:57:59', 'YSTG10A25071800001', None, 'eqoh5xxl$$$$ZHJkZo7HfytjEyYA801VLRe$$$$pS78cSF3nsGRbaNikpsiSE1WU2duLjukCxhu6DZB852D2oIq8h6Tjgfi3ceE1Syh4z0E0vhPibAKeUirii3i$$$$tVfGj2T0WoXDDix47TcowNW1Zd59ToaPXD3r69j7AYsP8qFtsHIDi5qVn14z3VgcAL$$$$tubvjpyWSjyKotZtA4L3dphwNqvHHk2ew4rh8NaJRqAtaAcEsOD2dPfo4TOupWVRwp5Jct0d@@@@NrlySjKXplUsGwiHEE2wvd2mHA2q8ceTZ7DiuHw1olGoC1oBwSw4PZ09$$$$jhM66lZVHCnkly3RVciKiMhbRwQ==', 0, '', datetime.datetime(2025, 7, 18, 10, 58, 1), datetime.datetime(2025, 7, 18, 10, 58, 1)),)

[2025-07-25 15:05:30,803] [database.py] [line:144] [INFO] # 风险测评id：41589
[2025-07-25 15:05:31,155] [database.py] [line:214] [INFO] # order_ids:('20250717091447581285',)
[2025-07-25 15:05:31,177] [database.py] [line:217] [INFO] # 更新v2_work_crm_order_main_status表is_cancellation成功！
[2025-07-25 15:05:31,241] [database.py] [line:241] [INFO] # app `stock-rubik-cube`.contract_new数据列表：
((219627, '20250718105649851076', 3338203510512787459, 'YSTG10A25071800001', 0, 'service', 0, datetime.date(2025, 7, 18), '3c0d97d8eac24b7ab38ef31e5b5630bd', '0b8bec53822c4eeaaa29c54845c7aed2', 'AAAAAAq8uroAAAAAAAgrMlqZXFoIyeitiORG2StvYL2CqwU1O0K+RYspEBzqgobUTxMfp+epg6cstmWa7eQxTJ0ST+rRdGTt5EhYOOrYIvuwUsH1byQa0zO3XWHQ+50yrILeYD992AVTb9Lb740IkaDg1cFQiDT1hHhfufz1dPFeNEcCckzfmjPlK7iMqlucn+vfrEtrde0G5cAf+YdpJGXP1I420PU9tHiFaFB6JfF6K1rTbakPKA4G3XC10YsaR7/N90U214YoIaQMTsfhBg1GusHuOMNAfAfOdhwHxxTk43faqRCdGa51Ts9i3hPycbsdFfHcrBvMjEi2mlZNDR5FF7UiYFLPsxc3+xHpv7HdBUy9dJoWVTEpaeebNuLRIpbEYeu7J6uBixs+VQt2Q8GZLTUWDbGlrFBf4jYaiAqKrpAFz7NxK5Ut/qPJRPJRnQ1ckV+HaMqZ5siMxC1byRbQbq5ZYGdKSw6FwSbxyxZoxo//oCR1cozu/QpsNyYAmvCDSwAYB5d8JFLqKyul6KEMRilLYm1U+s2WexgQudMwWFPYOZKRXqQhO5r4FVSsQJlU5/xm/iw92cHw2x0WGERNZYM+Ad/uOysqN1HrwsnHo4jVPSSiSd9iw/NSS5eJXEHd+rCPRW/0Lyk0H3CKKZcBLHT5Mt0drg==', 'AAAAAAq8uroAAAAAAAgrM2s+FC/L0PIamq3PMEITbPwW3FCrH6ONcK/ePtVgc8ZbyrgkZJxElfhyORYvCDyu9Io/kz3rACuXBWdy0eybEMVUfzIAYz/cZ9Z4bsJ91dLcWgDnhtEuPJfx6eP2JqWfXQ4pkiQ=', datetime.datetime(2025, 7, 18, 10, 57, 59), datetime.datetime(2025, 7, 18, 10, 57, 10), datetime.datetime(2025, 7, 18, 11, 10, 45), 0, '', 2, ''),)

[2025-07-25 15:05:31,242] [database.py] [line:245] [INFO] # app `stock-rubik-cube`.contract_new数据：
(219627, '20250718105649851076', 3338203510512787459, 'YSTG10A25071800001', 0, 'service', 0, datetime.date(2025, 7, 18), '3c0d97d8eac24b7ab38ef31e5b5630bd', '0b8bec53822c4eeaaa29c54845c7aed2', 'AAAAAAq8uroAAAAAAAgrMlqZXFoIyeitiORG2StvYL2CqwU1O0K+RYspEBzqgobUTxMfp+epg6cstmWa7eQxTJ0ST+rRdGTt5EhYOOrYIvuwUsH1byQa0zO3XWHQ+50yrILeYD992AVTb9Lb740IkaDg1cFQiDT1hHhfufz1dPFeNEcCckzfmjPlK7iMqlucn+vfrEtrde0G5cAf+YdpJGXP1I420PU9tHiFaFB6JfF6K1rTbakPKA4G3XC10YsaR7/N90U214YoIaQMTsfhBg1GusHuOMNAfAfOdhwHxxTk43faqRCdGa51Ts9i3hPycbsdFfHcrBvMjEi2mlZNDR5FF7UiYFLPsxc3+xHpv7HdBUy9dJoWVTEpaeebNuLRIpbEYeu7J6uBixs+VQt2Q8GZLTUWDbGlrFBf4jYaiAqKrpAFz7NxK5Ut/qPJRPJRnQ1ckV+HaMqZ5siMxC1byRbQbq5ZYGdKSw6FwSbxyxZoxo//oCR1cozu/QpsNyYAmvCDSwAYB5d8JFLqKyul6KEMRilLYm1U+s2WexgQudMwWFPYOZKRXqQhO5r4FVSsQJlU5/xm/iw92cHw2x0WGERNZYM+Ad/uOysqN1HrwsnHo4jVPSSiSd9iw/NSS5eJXEHd+rCPRW/0Lyk0H3CKKZcBLHT5Mt0drg==', 'AAAAAAq8uroAAAAAAAgrM2s+FC/L0PIamq3PMEITbPwW3FCrH6ONcK/ePtVgc8ZbyrgkZJxElfhyORYvCDyu9Io/kz3rACuXBWdy0eybEMVUfzIAYz/cZ9Z4bsJ91dLcWgDnhtEuPJfx6eP2JqWfXQ4pkiQ=', datetime.datetime(2025, 7, 18, 10, 57, 59), datetime.datetime(2025, 7, 18, 10, 57, 10), datetime.datetime(2025, 7, 18, 11, 10, 45), 0, '', 2, '')

[2025-07-25 15:05:31,264] [database.py] [line:252] [INFO] # app `stock-rubik-cube`.`order`数据列表：
((3338203510512787459,),)

[2025-07-25 15:05:31,264] [database.py] [line:259] [INFO] # app用户id：3338203510512787459

[2025-07-25 15:05:31,296] [database.py] [line:287] [INFO] # app `stock-rubik-cube`.user_order_product数据列表：
()

[2025-07-25 15:05:31,309] [database.py] [line:85] [INFO] # 
退款订单号：20250723102039977497
[2025-07-25 15:05:31,331] [database.py] [line:97] [INFO] # 退款订单unionid：o1ELc6LrAZOqCjYiOZur5A-sVzYc，kill_order：
[2025-07-25 15:05:31,354] [database.py] [line:107] [INFO] # v2_work_crm_order_main 数据列表：
((49448, '20250723102039977497', 10148, 10, 10, 1, 3, '1753237430', '', 'o1ELc6LrAZOqCjYiOZur5A-sVzYc', '赵楠', 'H4qNWOvOwe$$$$A$$$$rqaPhQyIw==', datetime.datetime(2025, 7, 23, 10, 24, 32), datetime.datetime(2025, 7, 30, 10, 24, 32), 7, 0, datetime.datetime(2025, 7, 30, 10, 24, 32), None, None, None, 0, datetime.datetime(2025, 7, 23, 10, 20, 39), datetime.datetime(2025, 7, 23, 10, 20, 39)),)

[2025-07-25 15:05:31,377] [database.py] [line:114] [INFO] # v2_work_crm_order_main_son 数据列表：
()

[2025-07-25 15:05:31,400] [database.py] [line:121] [INFO] # v2_work_crm_order_main_status 数据列表：
((49607, '20250723102039977497', 1, 1, 2, 0, datetime.datetime(2025, 7, 23, 10, 24, 32), 1, 4, 889003, 889003, 'wwec9bda2817108582', '百灵智投', 'WangSong', 'WangSong', 1, 3, 1, '私人定制', 11800000, 'srdz', '这是私人定制的描述', 7, 4, 0, '20250718105649851076', '', 0, 0, 'o1ELc6LrAZOqCjYiOZur5A-sVzYc', 10, 10, '1753237430', 1, 0, '', 'dcf618be3cee91587053f7b8dd8727f4', 0, datetime.datetime(2025, 7, 23, 10, 20, 39), None, datetime.datetime(2025, 7, 23, 10, 24, 32), 0, '888996', None, None, None, '889009', None, None, None, '889003,889013,889017,889095', None, None, None),)

[2025-07-25 15:05:31,425] [database.py] [line:127] [INFO] # v2_work_crm_hegui 数据列表：
((1148, '20250723102039977497', 'o1ELc6LrAZOqCjYiOZur5A-sVzYc', 1, 101371, '', 1, 0, 1, None, None, 1, None, None, None, None, -1, 0, '', 1, datetime.datetime(2025, 7, 23, 10, 21, 41), datetime.datetime(2025, 7, 23, 10, 24, 32)),)

[2025-07-25 15:05:31,448] [database.py] [line:133] [INFO] # v2_work_crm_order_contract 数据列表：
((44463, '20250723102039977497', '8660d8e1f6a647fea249777b804275c3', 'cc33adebe9da4e3ca30c5b1d3dd5a3fd', '8c4a35b69d4d4dcdbe2885e0d279fdd8', 1, '产品服务协议', 'eeZRyEm7vbDA0Lxi1n6NDNDfMbS3FBKFV1I5u28WftFIskiH4SusbdejbsUQMFXYeTZ7DiuHw1oz7rtq0XLFPMB0SosZ47nhlZVHCnkly3TKc@@@@lCM6kGFw==', '5VFbtjRSP9eHX@@@@3H$$$$LTFZHMFWXdll9IAoUrn7BPXz2yXtq3TplNQwvXJ@@@@yh5@@@@XRKsF5R58jYF0zSk4TgP44@@@@wp$$$$mSToHUpOd7Rn6ux68ISiTrLsa7YUbZw==', datetime.datetime(2025, 7, 23, 10, 24, 32), '2025-07-23 10:21:38', 'YSTG10A25072300003', None, 'eqoh5xxl$$$$ZHJkZo7HfytjEyYA801VLRe$$$$pS78cSF3nsGRbaNikpsiSE1WU2duLjukCxhu6DZB852D2oIq8h6Tjgfi3ceE1SyqihR2TWIDQ2UIOYvJETg2$$$$tVfGj2T0WoXDDix47TcowNW1Zd59ToaPXD3r69j7AYsP8qFtsHIDi5qVn14z3VgcAL$$$$tubvjpyWSjyKotZtA4L3dphwNqvHHk2ew4rh8NaM$$$$67atFyxTzAdEqLGeO54ZWVRwp5Jct0d@@@@NrlySjKXplUsGwiHEE2wvd2mHA2q8ceTZ7DiuHw1oz7rtq0XLFPMB0SosZ47nhlZVHCnkly3RVciKiMhbRwQ==', 0, '', datetime.datetime(2025, 7, 23, 10, 21, 41), datetime.datetime(2025, 7, 23, 10, 21, 41)), (44467, '20250723102039977497', None, None, 'dc588181a755439aace7955f2b6da66b', 2, '终止协议-测试', None, '5VFbtjRSP9eHX@@@@3H$$$$LTFZHMFWXdll9IAoUrn7BPXz2yXtq3TplNQwvXJ@@@@yh5@@@@XRKtdxtggvPysrlhLihRAZK11sfQUJJ$$$$q9n', datetime.datetime(2025, 7, 24, 9, 28, 40), '2025-07-24 09:28:40', 'c', None, None, 0, '', datetime.datetime(2025, 7, 24, 9, 28, 4), datetime.datetime(2025, 7, 24, 9, 28, 4)))

[2025-07-25 15:05:31,470] [database.py] [line:144] [INFO] # 风险测评id：41596
[2025-07-25 15:05:31,515] [database.py] [line:157] [INFO] # 退款id：1278
[2025-07-25 15:05:31,914] [database.py] [line:241] [INFO] # app `stock-rubik-cube`.contract_new数据列表：
((219639, '20250723102039977497', 3338203510512787459, 'YSTG10A25072300003', 0, 'service', 0, datetime.date(2025, 7, 23), 'cc33adebe9da4e3ca30c5b1d3dd5a3fd', '8660d8e1f6a647fea249777b804275c3', 'AAAAAAq8uroAAAAAAAgrUaEtGgqSGuSc7T4Yk4d0d/pJjQDmQPG9sJnXYy6GDQZQ1QHj8M10gVTMPtVgP8Iv/I+H4xTVQWSglNnE1rrVInV64V1k4e2ie9oVIJnlfxxtgsbdzHQbih4AVYTRYAqXAzJYjYxIgnjvnfe5Hbs4M1lV/v397N0CXF8hgOY48rZ+9Ni6st2c+/MKG7TjTMyrzXnOV0sZC1+25tqVqIrDH+HCEdRyB6hw9BPV3cE6vCVU2LzaR9xjP/QTck+wZkrd2EV0Mbjwfbjk4hBdiHI53pYMcHz2W96bOp+QAFRi52gzbXH6XsVONghp800Z0C+9/iVihVXPYhu6IzHG3h4yGt5QZf6NOXlh9zYdEom1TSvNysNJing6MBXC8qd/WhnmgQVegF/avuMvq0VtKUKQ5i6/m0ydkQyobT+36p7dksx3rGLqzhSdfLR3X2z+1n7zqOjC5D1S9mAnAEKCuDnSD4RVeHPhq55nZUQe6kfjTE1CN9PRJJyMhVkugi+jp0ONWiIt8hpZuRkOfmzzZ949MTsjcEKCdNSFgO5MaeaBYag02W8TZ6sV1iAyIX/JrBH9aLfq46ENVHAdeUD6hQM+dQOnRFd1XCtSAN4XLdR3tPeICjJBoEh+edezqvRjAMJtZryL/vXwoTw=', 'AAAAAAq8uroAAAAAAAgrUs1KPSO8NGI/sU3efDGTy9Cg9f36V+/GxUuVTv4zX1zqZgvM6Sl2sV6HgYT6URJZpN+JVd3O8tQKIM2lZv7D/b2zvnJNl7Gt0Vtuc6u3askqQ+r52BFQm9nDv+uRtmZkhI5K+Zc=', datetime.datetime(2025, 7, 23, 10, 21, 38), datetime.datetime(2025, 7, 23, 10, 20, 47), datetime.datetime(2025, 7, 23, 10, 24, 32), 0, '', 2, ''), (219644, '20250723102039977497', 3338203510512787459, '', 1, 'termination', 0, None, '', '', '', '', None, datetime.datetime(2025, 7, 24, 9, 28, 4), datetime.datetime(2025, 7, 24, 9, 28, 4), 0, '', 2, ''))

[2025-07-25 15:05:31,914] [database.py] [line:245] [INFO] # app `stock-rubik-cube`.contract_new数据：
(219639, '20250723102039977497', 3338203510512787459, 'YSTG10A25072300003', 0, 'service', 0, datetime.date(2025, 7, 23), 'cc33adebe9da4e3ca30c5b1d3dd5a3fd', '8660d8e1f6a647fea249777b804275c3', 'AAAAAAq8uroAAAAAAAgrUaEtGgqSGuSc7T4Yk4d0d/pJjQDmQPG9sJnXYy6GDQZQ1QHj8M10gVTMPtVgP8Iv/I+H4xTVQWSglNnE1rrVInV64V1k4e2ie9oVIJnlfxxtgsbdzHQbih4AVYTRYAqXAzJYjYxIgnjvnfe5Hbs4M1lV/v397N0CXF8hgOY48rZ+9Ni6st2c+/MKG7TjTMyrzXnOV0sZC1+25tqVqIrDH+HCEdRyB6hw9BPV3cE6vCVU2LzaR9xjP/QTck+wZkrd2EV0Mbjwfbjk4hBdiHI53pYMcHz2W96bOp+QAFRi52gzbXH6XsVONghp800Z0C+9/iVihVXPYhu6IzHG3h4yGt5QZf6NOXlh9zYdEom1TSvNysNJing6MBXC8qd/WhnmgQVegF/avuMvq0VtKUKQ5i6/m0ydkQyobT+36p7dksx3rGLqzhSdfLR3X2z+1n7zqOjC5D1S9mAnAEKCuDnSD4RVeHPhq55nZUQe6kfjTE1CN9PRJJyMhVkugi+jp0ONWiIt8hpZuRkOfmzzZ949MTsjcEKCdNSFgO5MaeaBYag02W8TZ6sV1iAyIX/JrBH9aLfq46ENVHAdeUD6hQM+dQOnRFd1XCtSAN4XLdR3tPeICjJBoEh+edezqvRjAMJtZryL/vXwoTw=', 'AAAAAAq8uroAAAAAAAgrUs1KPSO8NGI/sU3efDGTy9Cg9f36V+/GxUuVTv4zX1zqZgvM6Sl2sV6HgYT6URJZpN+JVd3O8tQKIM2lZv7D/b2zvnJNl7Gt0Vtuc6u3askqQ+r52BFQm9nDv+uRtmZkhI5K+Zc=', datetime.datetime(2025, 7, 23, 10, 21, 38), datetime.datetime(2025, 7, 23, 10, 20, 47), datetime.datetime(2025, 7, 23, 10, 24, 32), 0, '', 2, '')

[2025-07-25 15:05:31,914] [database.py] [line:245] [INFO] # app `stock-rubik-cube`.contract_new数据：
(219644, '20250723102039977497', 3338203510512787459, '', 1, 'termination', 0, None, '', '', '', '', None, datetime.datetime(2025, 7, 24, 9, 28, 4), datetime.datetime(2025, 7, 24, 9, 28, 4), 0, '', 2, '')

[2025-07-25 15:05:31,925] [database.py] [line:252] [INFO] # app `stock-rubik-cube`.`order`数据列表：
((3338203510512787459,),)

[2025-07-25 15:05:31,925] [database.py] [line:259] [INFO] # app用户id：3338203510512787459

[2025-07-25 15:05:31,959] [database.py] [line:287] [INFO] # app `stock-rubik-cube`.user_order_product数据列表：
()

[2025-07-25 15:05:31,971] [database.py] [line:85] [INFO] # 
退款订单号：20250724093143372202
[2025-07-25 15:05:31,993] [database.py] [line:97] [INFO] # 退款订单unionid：o1ELc6LrAZOqCjYiOZur5A-sVzYc，kill_order：
[2025-07-25 15:05:32,016] [database.py] [line:107] [INFO] # v2_work_crm_order_main 数据列表：
((49455, '20250724093143372202', 10148, 15, 15, 0, 1, None, '2025072410071938600004', 'o1ELc6LrAZOqCjYiOZur5A-sVzYc', '赵楠', 'H4qNWOvOwe$$$$A$$$$rqaPhQyIw==', None, None, 7, 0, None, None, None, None, 0, datetime.datetime(2025, 7, 24, 9, 31, 43), datetime.datetime(2025, 7, 24, 9, 31, 43)),)

[2025-07-25 15:05:32,039] [database.py] [line:114] [INFO] # v2_work_crm_order_main_son 数据列表：
((15057, '20250724093143372202', 'SOD20250724093329236566', 10, 0, 6, None, None, None, None, None, None, None, None, None, None, None, None, '100104160431', '1001041604310201', datetime.datetime(2025, 7, 24, 9, 33, 29)), (15058, '20250724093143372202', 'SOD20250724093507630631', 6, 0, 6, None, None, None, None, None, None, None, None, None, None, None, None, '100104160431', '1001041604310201', datetime.datetime(2025, 7, 24, 9, 35, 7)), (15059, '20250724093143372202', 'SOD20250724093611401007', 4, 0, 4, None, '2025072410071938600004', None, None, None, None, None, None, None, None, 'TL20250724100719276736', '20250724', None, None, datetime.datetime(2025, 7, 24, 9, 36, 11)), (15060, '20250724093143372202', 'SOD20250724093754942845', 5, 0, 4, None, '2025072410063237355504', None, None, None, None, None, None, None, None, 'TL20250724100632371572', '20250724', None, None, datetime.datetime(2025, 7, 24, 9, 37, 54)), (15061, '20250724093143372202', 'SOD20250724093827939042', 3, 0, 6, None, None, None, None, None, None, None, None, None, None, None, None, '100104160432', '1001041604320201', datetime.datetime(2025, 7, 24, 9, 38, 27)), (15062, '20250724093143372202', 'SOD20250724093923047386', 2, 0, 6, None, None, None, None, None, None, None, None, None, None, None, None, '100104160432', '1001041604320201', datetime.datetime(2025, 7, 24, 9, 39, 23)), (15063, '20250724093143372202', 'SOD20250724094000119539', 1, 1, 1, '1753322369', '4200002840202507242966410751', None, '50303104032025072435098182947', '20250724100840077683', datetime.datetime(2025, 7, 24, 10, 8, 41), None, None, None, None, None, None, None, None, datetime.datetime(2025, 7, 24, 9, 40)), (15064, '20250724093143372202', 'SOD20250724094519858445', 7, 0, 6, None, None, None, None, None, None, None, None, None, None, None, None, '100104160431', '1001041604310201', datetime.datetime(2025, 7, 24, 9, 45, 19)), (15065, '20250724093143372202', 'SOD20250724094813119915', 2, 0, 6, None, None, None, None, None, None, None, None, None, None, None, None, '100104160432', '1001041604320201', datetime.datetime(2025, 7, 24, 9, 48, 13)), (15066, '20250724093143372202', 'SOD20250724100226690595', 1, 0, 1, None, None, None, None, None, None, None, None, None, None, None, None, None, None, datetime.datetime(2025, 7, 24, 10, 2, 26)), (15067, '20250724093143372202', 'SOD20250724100242765237', 2, 0, 6, None, None, None, None, None, None, None, None, None, None, None, None, '100104160432', '1001041604320201', datetime.datetime(2025, 7, 24, 10, 2, 42)), (15068, '20250724093143372202', 'SOD20250724100245445326', 2, 0, 6, None, None, None, None, None, None, None, None, None, None, None, None, '100104160432', '1001041604320201', datetime.datetime(2025, 7, 24, 10, 2, 45)), (15069, '20250724093143372202', 'SOD20250724100252870137', 2, 0, 6, None, None, None, None, None, None, None, None, None, None, None, None, '100104160432', '1001041604320201', datetime.datetime(2025, 7, 24, 10, 2, 52)), (15070, '20250724093143372202', 'SOD20250724100303262998', 3, 0, 6, None, None, None, None, None, None, None, None, None, None, None, None, '100104160432', '1001041604320201', datetime.datetime(2025, 7, 24, 10, 3, 3)), (15071, '20250724093143372202', 'SOD20250724100324912378', 6, 0, 6, None, None, None, None, None, None, None, None, None, None, None, None, '100104160431', '1001041604310201', datetime.datetime(2025, 7, 24, 10, 3, 24)))

[2025-07-25 15:05:32,062] [database.py] [line:121] [INFO] # v2_work_crm_order_main_status 数据列表：
((49614, '20250724093143372202', 1, 1, 2, 0, None, 1, 4, 889003, 889003, 'wwec9bda2817108582', '百灵智投', 'WangSong', 'WangSong', 1, 3, 0, '私人定制', 11800000, 'srdz', '这是私人定制的描述', 7, 4, 0, '20250723102039977497', '', 0, 0, 'o1ELc6LrAZOqCjYiOZur5A-sVzYc', 15, 15, None, 0, 0, '', '80541807501386fd8832a16f446a2c19', 0, datetime.datetime(2025, 7, 24, 9, 31, 43), None, None, 0, '888996', None, None, None, '889009', None, None, None, '889003,889013,889017,889095', None, None, None),)

[2025-07-25 15:05:32,084] [database.py] [line:127] [INFO] # v2_work_crm_hegui 数据列表：
((1152, '20250724093143372202', 'o1ELc6LrAZOqCjYiOZur5A-sVzYc', 0, 0, '', 0, 0, 0, None, None, 1, None, None, None, None, -1, 0, '', 1, datetime.datetime(2025, 7, 24, 9, 32, 47), datetime.datetime(2025, 7, 24, 9, 32, 47)),)

[2025-07-25 15:05:32,107] [database.py] [line:133] [INFO] # v2_work_crm_order_contract 数据列表：
((44468, '20250724093143372202', 'c2489c6650b44bbdae74958051204680', 'b7bc3706bc174c759db1131b29e96c22', '8c4a35b69d4d4dcdbe2885e0d279fdd8', 1, '产品服务协议-测试', None, '5VFbtjRSP9c7CZnanI3IRNPGIqL3XO9ADgf2Ad7asTUreGnYBhwAgm5blB8GRdb@@@@@@@@QOp@@@@yxb1qp9zhgIxTAp0B97u8G9eCFni7oemA4dNf06K3tM8wrg7Vh3$$$$EwgJNvvjXtbShg4YIvwCK89bG0Nm4Vd3q8@@@@vR7OfwPRCFihxL5cfT3Y$$$$f6qbf3b7zxZ4zVrCoqHLOxxOSlPyxzgsv0DpxMQjc4bFhl7Y5j04oP3ose6JwL0oEIe30rs30XqsDuOu$$$$jp9qUoNkr$$$$cDbZy6rjhDBeEUYw@@@@d6Jl4v0cx0ZuPG9KV4l@@@@lRkCuWW05KtMdxcOaE4MZrcqz8I9q0MnXw8VC1k2cAAkcJKWI86A9KPfZ9msaoA7Ceh3BzaWSLIVUanShbca17j2JCYcJ99GRnNuYBs$$$$8qYrWAURXQCK0OMBssDD0OXVVLNOWhQw@@@@FyN8BC@@@@h0QyHlN7SvucvkyRf@@@@tQwS78@@@@$$$$j1bD7gI@@@@3fETchB0pFq7C2liQKAVnDJk5T67uRoyf7jQ9@@@@aIXt4OdZQl9@@@@oHofRrpqL@@@@wTSWZ396MDWOy$$$$$$$$w31iJEQkhYbmIaD4DTouWj$$$$sRaSlsomUMIsQLFzoJ9SUaClgooX8YTpF4q0EpS1K0Md2lJhA==', None, '2025-07-24 09:32:42', 'YSTG10A25072400001', None, None, 0, '', datetime.datetime(2025, 7, 24, 9, 32, 47), datetime.datetime(2025, 7, 24, 9, 32, 47)),)

[2025-07-25 15:05:32,130] [database.py] [line:144] [INFO] # 风险测评id：41600
[2025-07-25 15:05:32,174] [database.py] [line:157] [INFO] # 退款id：1279
[2025-07-25 15:05:32,568] [database.py] [line:241] [INFO] # app `stock-rubik-cube`.contract_new数据列表：
((219645, '20250724093143372202', 3338203510512787459, 'YSTG10A25072400001', 0, 'service', 0, datetime.date(2025, 7, 24), 'b7bc3706bc174c759db1131b29e96c22', 'c2489c6650b44bbdae74958051204680', 'AAAAAAq8uroAAAAAAAgrV5fMFAjfm92gREKUg/4dv4KizvNOrbNW//OkPxtzGYm/dk72r+0gH99Cc2Gv5oOP8DlmGLC8QVKeBr6xHktWuQKb+88wa0cXtR2lubkBWLPX5uk5nbi1lcek/0ng4em3L0ceaQ8QZRIIoEyDdOnn9U/6BEa6jR9tiUGKuBmA2i1cILbjcC/TujvNFMxQoHXr8FGt6drIiUHKtt1zuCMKeRN0FxC8saocz1a4eZ8fIABIu28MmXUMzgtMgr9TAxCzO1o1hgBa0BJRKGfGKZ/j1FRj9oUauOjQGEqgOdOy9/7Qb+jdjlMs74laGg8RMD+tlhcwgcBX70RE7B24IMWu+Rke1o+TxVoG/LbcnPWyXJNVENYY3dfsZzZLd4zf9SiYayYyQwPduxoN2C3cpIKPs4FSlLJu1cIPPQLSaKoHz8vRnxCaHdEgeIoq3crMO7cOcPiuYD2cNuBuVb5HWK2dOT3vhAX9lGK72SfSLWPV55Pf47joH2WOR7pc0Moajg/B3eKApGVk8YxGRrMi2WpBOgcqEknJ2Ko02W6XCxquYLUSyJ3mqqjRMkF4bBhkFpSQelhnQzCU5a9+Ay2Y1lEnZCoPGDSmhrgkIFkaEDhOU6qP9p7dIk8WktRGi047MZKP36ZQpA==', '', datetime.datetime(2025, 7, 24, 9, 32, 42), datetime.datetime(2025, 7, 24, 9, 31, 50), datetime.datetime(2025, 7, 24, 9, 32, 45), 0, '', 2, ''),)

[2025-07-25 15:05:32,569] [database.py] [line:245] [INFO] # app `stock-rubik-cube`.contract_new数据：
(219645, '20250724093143372202', 3338203510512787459, 'YSTG10A25072400001', 0, 'service', 0, datetime.date(2025, 7, 24), 'b7bc3706bc174c759db1131b29e96c22', 'c2489c6650b44bbdae74958051204680', 'AAAAAAq8uroAAAAAAAgrV5fMFAjfm92gREKUg/4dv4KizvNOrbNW//OkPxtzGYm/dk72r+0gH99Cc2Gv5oOP8DlmGLC8QVKeBr6xHktWuQKb+88wa0cXtR2lubkBWLPX5uk5nbi1lcek/0ng4em3L0ceaQ8QZRIIoEyDdOnn9U/6BEa6jR9tiUGKuBmA2i1cILbjcC/TujvNFMxQoHXr8FGt6drIiUHKtt1zuCMKeRN0FxC8saocz1a4eZ8fIABIu28MmXUMzgtMgr9TAxCzO1o1hgBa0BJRKGfGKZ/j1FRj9oUauOjQGEqgOdOy9/7Qb+jdjlMs74laGg8RMD+tlhcwgcBX70RE7B24IMWu+Rke1o+TxVoG/LbcnPWyXJNVENYY3dfsZzZLd4zf9SiYayYyQwPduxoN2C3cpIKPs4FSlLJu1cIPPQLSaKoHz8vRnxCaHdEgeIoq3crMO7cOcPiuYD2cNuBuVb5HWK2dOT3vhAX9lGK72SfSLWPV55Pf47joH2WOR7pc0Moajg/B3eKApGVk8YxGRrMi2WpBOgcqEknJ2Ko02W6XCxquYLUSyJ3mqqjRMkF4bBhkFpSQelhnQzCU5a9+Ay2Y1lEnZCoPGDSmhrgkIFkaEDhOU6qP9p7dIk8WktRGi047MZKP36ZQpA==', '', datetime.datetime(2025, 7, 24, 9, 32, 42), datetime.datetime(2025, 7, 24, 9, 31, 50), datetime.datetime(2025, 7, 24, 9, 32, 45), 0, '', 2, '')

[2025-07-25 15:05:32,579] [database.py] [line:252] [INFO] # app `stock-rubik-cube`.`order`数据列表：
((3338203510512787459,),)

[2025-07-25 15:05:32,580] [database.py] [line:259] [INFO] # app用户id：3338203510512787459

[2025-07-25 15:05:32,612] [database.py] [line:287] [INFO] # app `stock-rubik-cube`.user_order_product数据列表：
()

[2025-07-25 15:05:32,675] [database.py] [line:308] [INFO] # o1ELc6LrAZOqCjYiOZur5A-sVzYc用户到期时间：(datetime.datetime(2025, 7, 14, 14, 31, 26),)
[2025-07-25 15:05:32,699] [database.py] [line:322] [INFO] # 更新work_crm_base_user表u_expire_date成功！
