[2025-05-13 13:28:18,401] [log.py] [line:31] [INFO] # ======Start printing logs======
[2025-05-13 13:28:22,255] [database.py] [line:80] [INFO] # 退款订单id列表：['20250509175800607912', '20250512111828110061', '20250512112320767818']
[2025-05-13 13:28:22,256] [database.py] [line:85] [INFO] # 
退款订单号：20250509175800607912
[2025-05-13 13:28:22,278] [database.py] [line:97] [INFO] # 退款订单unionid：o1ELc6EaQB9uHyCm9UuXQhiUOqM4，kill_order：
[2025-05-13 13:28:22,345] [database.py] [line:107] [INFO] # v2_work_crm_order_main 数据列表：
((49085, '20250509175800607912', 10100, 3, 3, 1, 1, '1746785022', '4200002624202505091487562204', 'o1ELc6EaQB9uHyCm9UuXQhiUOqM4', '李永蕾', '4i50or5LqQ2rZ@@@@5CZ@@@@ggBQ==', None, None, 1, 1, None, None, None, None, 0, datetime.datetime(2025, 5, 9, 17, 58), datetime.datetime(2025, 5, 9, 17, 58)),)

[2025-05-13 13:28:22,431] [database.py] [line:114] [INFO] # v2_work_crm_order_main_son 数据列表：
((14643, '20250509175800607912', 'SOD20250509180337860624', 3, 1, 1, '1746785022', '4200002624202505091487562204', None, '50300403482025050967809843091', '20250509181019783141', datetime.datetime(2025, 5, 9, 18, 10, 20), None, None, None, None, None, None, datetime.datetime(2025, 5, 9, 18, 3, 37)),)

[2025-05-13 13:28:22,546] [database.py] [line:121] [INFO] # v2_work_crm_order_main_status 数据列表：
((49243, '20250509175800607912', 1, 1, 2, 0, None, 1, 4, 888996, 888996, 'wwec9bda2817108582', '百灵智投', 'LiYongLei', 'LiYongLei', 1, 1, 1, '研选量投', 3, 'yxlt', '这是研选量投的描述', 1, 3, 0, '', '', 0, 0, 'o1ELc6EaQB9uHyCm9UuXQhiUOqM4', 3, 3, '1746785022', 1, 7, '', '', 0, datetime.datetime(2025, 5, 9, 17, 58), None, None, 0, '888996', None, None, None, '889009', None, None, None, '889003,889017', None, None, None),)

[2025-05-13 13:28:22,630] [database.py] [line:127] [INFO] # v2_work_crm_hegui 数据列表：
((870, '20250509175800607912', 'o1ELc6EaQB9uHyCm9UuXQhiUOqM4', 0, 0, '', 0, 0, 0, None, None, 1, None, None, None, None, -1, '', 0, datetime.datetime(2025, 5, 9, 18, 4, 54), datetime.datetime(2025, 5, 9, 18, 4, 54)),)

[2025-05-13 13:28:22,730] [database.py] [line:133] [INFO] # v2_work_crm_order_contract 数据列表：
((44034, '20250509175800607912', '4fc3eeb99c34492da77d26b4ba44647e', 'd69de16c4828404eadeda6bfe79d3eb2', 'd28a3fcb2e7c461cb483222be426f433', 1, '产品服务协议-测试', None, '5VFbtjRSP9c7CZnanI3IRNPGIqL3XO9ADgf2Ad7asTUreGnYBhwAgo7tAhuEYBvUwovv$$$$WDi1b53ZC@@@@XGbhZ5BgY@@@@Pkn$$$$$$$$baevIr01c47O4dpmko25Nxd7uqQKaqcvzvjXtbShg4YIvwCK89bG0Nm4Vd3q8@@@@vR7OfwPRCFihxL5cfT3Y$$$$f6qbf3b7zxZ4zVrCoqHLOxxOSlPyxzgsv0DpxMQjc4bFhl7Y5j04oP3ose6JwL0oEIe30rs30XqsDuOu$$$$jp9qUoNkr$$$$cDbZy6rjhDBeEUYw@@@@d6Jl4v0cx0ZuPH9yZ3KQYV0KqqW9hKpHY0J9a5F8yXZxbSUjKUYLEvSep3EcQtuX0gzpvFLjqj@@@@ZNuWHWGpp4fiKyLQ4JJ0ouiRaM@@@@d@@@@RbyCCsZSkTXDHDl9lDIAFkC18K9GvGuaEWrJ$$$$3zl8TaKPDtn$$$$A8qN8VR9Dds4vRoFj8o7lfz1ggGfZuC$$$$110dOj0wnVyOjVRVfAlz75okSldV4cS0yk@@@@nSWPGrGGMau$$$$DTUEMnpYn83wczpcAcg5D1Bl396cFxwWiiARz6sH3Y0nZZoI1QpjQMWMy5qdeGTF3WUfBvzQQcdO96mDpDYvtyJXbrz8rhHTXHqe4YNg0zYVLAZ3w==', None, '2025-05-09 18:04:49', 'YSTG10A25050900049', None, None, '', '', datetime.datetime(2025, 5, 9, 18, 4, 54), datetime.datetime(2025, 5, 9, 18, 4, 54)),)

[2025-05-13 13:28:22,830] [database.py] [line:144] [INFO] # 风险测评id：41290
[2025-05-13 13:28:23,030] [database.py] [line:157] [INFO] # 退款id：1024
[2025-05-13 13:28:24,132] [database.py] [line:241] [INFO] # app `stock-rubik-cube`.contract_new数据列表：
((219190, '20250509175800607912', 3338203510512787456, 'YSTG10A25050900049', 0, 'service', 0, datetime.date(2025, 5, 9), 'd69de16c4828404eadeda6bfe79d3eb2', '4fc3eeb99c34492da77d26b4ba44647e', 'AAAAAAq8uroAAAAAAAfnsmOf8fjj4dbrUS27XOryo+afbyTnxF2TULvkKDJ5ddLGyT6+kwo4nAjTjNT2f/p0ula6MQzIJBz6ahiD71WnRCL7Q6FY0X/R0T0PbAQwLEy42hS93Dw0HqcZWhrwMjNZ0rP2/+e6Itt/AOO6+DnLbdw7Mw3vobro8CgkEmfwhSgP1+Ns758e3bwJEteUevZ3EjbfNKgLmloyVa/0oqQ2NiItRGNVbgsOy+sZBl+OQ0Q3iu4Xn9QS113XU8Vs9HOby9nnQ2pGi44hlqqGwHmhGolGqPI4zQxZYdR8TKLgUmXmXBijObfOue4b0H8qu7Us8zswnAmLcOteP6GcmNJgD43FblItTiu0WC81FR/x3BeOwiv6VpnRe4T1C+ig01PKgFD+o82UwHtgK29JpFdNqOC6+gGyic7Zt1OSEPF+/ZPA0ZriREEdvudXZ/hqR3fudbXSNnam4sbg07DuPYYEfcP8Vr1lx2aKLYJAycm0HmXBSJ+3On/SNBOh23JABt5UKSpHYlTNJIxBWg0sTpHn0atfdGQvxTW14HPBsdR9JD0c1VSyx0bkLd5u8ERVrE9PiWohbPJKsn8dsIsKWSeebt0rlOX7MylQoqdbqmU7eTz1eM96s/qySOBPulxp8y8ir/61skYK', '', datetime.datetime(2025, 5, 9, 18, 4, 49), datetime.datetime(2025, 5, 9, 18, 3, 47), datetime.datetime(2025, 5, 9, 18, 4, 53), 0, '', 2, ''),)

[2025-05-13 13:28:24,132] [database.py] [line:245] [INFO] # app `stock-rubik-cube`.contract_new数据：
(219190, '20250509175800607912', 3338203510512787456, 'YSTG10A25050900049', 0, 'service', 0, datetime.date(2025, 5, 9), 'd69de16c4828404eadeda6bfe79d3eb2', '4fc3eeb99c34492da77d26b4ba44647e', 'AAAAAAq8uroAAAAAAAfnsmOf8fjj4dbrUS27XOryo+afbyTnxF2TULvkKDJ5ddLGyT6+kwo4nAjTjNT2f/p0ula6MQzIJBz6ahiD71WnRCL7Q6FY0X/R0T0PbAQwLEy42hS93Dw0HqcZWhrwMjNZ0rP2/+e6Itt/AOO6+DnLbdw7Mw3vobro8CgkEmfwhSgP1+Ns758e3bwJEteUevZ3EjbfNKgLmloyVa/0oqQ2NiItRGNVbgsOy+sZBl+OQ0Q3iu4Xn9QS113XU8Vs9HOby9nnQ2pGi44hlqqGwHmhGolGqPI4zQxZYdR8TKLgUmXmXBijObfOue4b0H8qu7Us8zswnAmLcOteP6GcmNJgD43FblItTiu0WC81FR/x3BeOwiv6VpnRe4T1C+ig01PKgFD+o82UwHtgK29JpFdNqOC6+gGyic7Zt1OSEPF+/ZPA0ZriREEdvudXZ/hqR3fudbXSNnam4sbg07DuPYYEfcP8Vr1lx2aKLYJAycm0HmXBSJ+3On/SNBOh23JABt5UKSpHYlTNJIxBWg0sTpHn0atfdGQvxTW14HPBsdR9JD0c1VSyx0bkLd5u8ERVrE9PiWohbPJKsn8dsIsKWSeebt0rlOX7MylQoqdbqmU7eTz1eM96s/qySOBPulxp8y8ir/61skYK', '', datetime.datetime(2025, 5, 9, 18, 4, 49), datetime.datetime(2025, 5, 9, 18, 3, 47), datetime.datetime(2025, 5, 9, 18, 4, 53), 0, '', 2, '')

[2025-05-13 13:28:24,156] [database.py] [line:252] [INFO] # app `stock-rubik-cube`.`order`数据列表：
((877, '20250509175800607912', 3338203510512787456, '', '研选量投', '10100', '研选量投', '2980', '0.03', 1, datetime.datetime(2025, 5, 9, 18, 3, 42), 'R2', 11, 0, None, 0, '', datetime.datetime(2025, 5, 9, 18, 10, 20), '0.03', 0, None, None, datetime.datetime(2025, 5, 9, 17, 58), datetime.datetime(2025, 5, 9, 18, 10, 21), 1, None, '', '', 'YSTG10H25050900057', 1, None, 0, 0, '', '', 1, '', 0),)

[2025-05-13 13:28:24,156] [database.py] [line:260] [INFO] # app用户id：3338203510512787456

[2025-05-13 13:28:24,719] [database.py] [line:288] [INFO] # app `stock-rubik-cube`.user_order_product数据列表：
()

[2025-05-13 13:28:24,823] [database.py] [line:85] [INFO] # 
退款订单号：20250512111828110061
[2025-05-13 13:28:24,860] [database.py] [line:97] [INFO] # 退款订单unionid：o1ELc6EaQB9uHyCm9UuXQhiUOqM4，kill_order：
[2025-05-13 13:28:24,939] [database.py] [line:107] [INFO] # v2_work_crm_order_main 数据列表：
((49101, '20250512111828110061', 10100, 3, 3, 1, 1, '1747019940', '4200002692202505121965268435', 'o1ELc6EaQB9uHyCm9UuXQhiUOqM4', '李永蕾', '4i50or5LqQ2rZ@@@@5CZ@@@@ggBQ==', datetime.datetime(2025, 5, 12, 11, 22, 46), datetime.datetime(2025, 5, 13, 11, 22, 46), 1, 1, datetime.datetime(2025, 5, 14, 11, 22, 46), None, None, None, 0, datetime.datetime(2025, 5, 12, 11, 18, 28), datetime.datetime(2025, 5, 12, 11, 18, 28)),)

[2025-05-13 13:28:24,962] [database.py] [line:114] [INFO] # v2_work_crm_order_main_son 数据列表：
((14657, '20250512111828110061', 'SOD20250512111849959871', 3, 1, 1, '1747019940', '4200002692202505121965268435', None, None, None, None, None, None, None, None, None, None, datetime.datetime(2025, 5, 12, 11, 18, 49)),)

[2025-05-13 13:28:25,000] [database.py] [line:121] [INFO] # v2_work_crm_order_main_status 数据列表：
((49259, '20250512111828110061', 1, 1, 2, 1, datetime.datetime(2025, 5, 12, 11, 22, 46), 3, 0, 888996, 888996, 'wwec9bda2817108582', '百灵智投', 'LiYongLei', 'LiYongLei', 1, 1, 1, '研选量投', 3, 'yxlt', '这是研选量投的描述', 1, 3, 1, '', '', 0, 0, 'o1ELc6EaQB9uHyCm9UuXQhiUOqM4', 3, 3, '1747019940', 1, 7, '', '', 0, datetime.datetime(2025, 5, 12, 11, 18, 28), None, datetime.datetime(2025, 5, 12, 11, 22, 46), 0, '888996', None, None, None, '889009', None, None, None, '889003,889017', None, None, None),)

[2025-05-13 13:28:25,030] [database.py] [line:127] [INFO] # v2_work_crm_hegui 数据列表：
((879, '20250512111828110061', 'o1ELc6EaQB9uHyCm9UuXQhiUOqM4', 1, 101371, '', 1, 0, 1, None, None, 1, None, None, None, None, -1, '', 0, datetime.datetime(2025, 5, 12, 11, 21, 44), datetime.datetime(2025, 5, 12, 11, 22, 46)),)

[2025-05-13 13:28:25,053] [database.py] [line:133] [INFO] # v2_work_crm_order_contract 数据列表：
((44048, '20250512111828110061', '718cb2e3819e4b1c879a0d519bca9399', '031981fee99d4f51a107f6162449640d', 'd28a3fcb2e7c461cb483222be426f433', 1, '产品服务协议', 'eeZRyEm7vbDA0Lxi1n6NDNDfMbS3FBKFV1I5u28WftFIskiH4SusbRuKGV5rmUShdCtORDeaEMOyp2teH@@@@DdtkVCw$$$$1qqkjXbPPKEMVMEyXoqYJER7fs1A==', '5VFbtjRSP9eHX@@@@3H$$$$LTFZHMFWXdll9IAoUrn7BPXz2yXtq3TplNQwuudvOQTifT2icdV$$$$LfzLAZ8w3KBV5PjW4LhhnNnnLsmz8jpYZO5TdHMMME3nSvpsw==', datetime.datetime(2025, 5, 12, 11, 22, 46), '2025-05-12 11:21:19', 'YSTG10A25051200012', None, 'eqoh5xxl$$$$ZHJkZo7HfytjEyYA801VLRe$$$$pS78cSF3nsGRbaNikpsiSE1WU2duLjukCxhu6DZB84Cah1VSNGlJKYCO0@@@@RzT1f0pOE4D$$$$OP8LxUKDO2W$$$$22u0Z$$$$rsevCEoJa9p08unag9Jw@@@@c41O@@@@LVIkbRki3SlVexyYsJD61sRjPUZkIsJsVYlMvMudjAU5MicnlCPf8c50WAe@@@@sPpnS02kYu8Doo@@@@oM6GNsiLMgzU@@@@JYq6N2jGyo525OcrCd53uAwrF2xbHMSGn6a9iCA@@@@UVmfMqVhjaWFwxadRdbfR5VAB44aQA$$$$31yq0wFCVYqfxn5tP$$$$01VN3VuMzRNSFywiQnut8$$$$@@@@4oLgr', '', '', datetime.datetime(2025, 5, 12, 11, 21, 44), datetime.datetime(2025, 5, 12, 11, 21, 44)),)

[2025-05-13 13:28:25,123] [database.py] [line:144] [INFO] # 风险测评id：41301
[2025-05-13 13:28:26,832] [database.py] [line:241] [INFO] # app `stock-rubik-cube`.contract_new数据列表：
((219208, '20250512111828110061', 3338203510512787456, 'YSTG10A25051200012', 0, 'service', 0, datetime.date(2025, 5, 12), '031981fee99d4f51a107f6162449640d', '718cb2e3819e4b1c879a0d519bca9399', 'AAAAAAq8uroAAAAAAAfn4gpVOZiCtaNJEw+2EVBiTpteAZx9h5r6+pjxudUB0mCpUSbJp+2pVpgnVNRtUbAdO4sLOTGtyQINOuwvnnkX06OWSojEQa/E5kNj0nIc9Pn4Sj94W38Cy2YGlLTubioifYKMyPxjVVg88qjc3Rrga5Zevjn3BOhOiwz6Q4TKl6Jw7TZXipi4c2HqPzUSF9wvT/Wqrbm05AGMJssabZ4PqwuMf0+SyIsNjl4WObOR74GL0fK8catbiEdXEbZlQVLX5GOEskcMY4uXfdKHBrI0zLeJ99gdaDrQqwn9hp6Rr7nnKb+qgTddaHrfjW029xJ2c44LSZu2vH23di5L+6zd0N4xjLkooQKT8Xxi2aS6ZJvYJ0StvvcoGFu5/Vm6HaQHbq5hkCfd27Mlw0u8YNvAknhk7YEGkHgD6NJi+pG+vJ6l86Bme/pP5HbIbIvv53mWoM4heg5org8u4oeRb3FIavhcMyIHqrzwW0aFiAWO+MSoZJGYm3oY7PjLu20KOpf+4muCTEO5ky+ixDhl3QbP+/iZ7bWVyiCddrdfOmd8VdawvtSXGEfbv1bpUftHuH+tg4cpnHGxaRDqOlP0PRdrUmT2M77trDuXNDOLXxQ9tjK1pyBsxMXMt9rzJarn92Ofjqeq6CYyyWrwZOZX', 'AAAAAAq8uroAAAAAAAfn4/hEegi+fdSGzmZfBQGvvrO3+pVvL/m8kjuoevpdr4b93gf5XZ07g8WAjbKJCEeT6Mp6Dsl4619JhIR52Qyrc0cChdsz/F9YXVDJQBbh3ZxWk5oZZ7v2S1bBd5XWbbvB1e70I4jADI0=', datetime.datetime(2025, 5, 12, 11, 21, 19), datetime.datetime(2025, 5, 12, 11, 19, 22), datetime.datetime(2025, 5, 12, 11, 22, 46), 0, '', 2, ''),)

[2025-05-13 13:28:26,832] [database.py] [line:245] [INFO] # app `stock-rubik-cube`.contract_new数据：
(219208, '20250512111828110061', 3338203510512787456, 'YSTG10A25051200012', 0, 'service', 0, datetime.date(2025, 5, 12), '031981fee99d4f51a107f6162449640d', '718cb2e3819e4b1c879a0d519bca9399', 'AAAAAAq8uroAAAAAAAfn4gpVOZiCtaNJEw+2EVBiTpteAZx9h5r6+pjxudUB0mCpUSbJp+2pVpgnVNRtUbAdO4sLOTGtyQINOuwvnnkX06OWSojEQa/E5kNj0nIc9Pn4Sj94W38Cy2YGlLTubioifYKMyPxjVVg88qjc3Rrga5Zevjn3BOhOiwz6Q4TKl6Jw7TZXipi4c2HqPzUSF9wvT/Wqrbm05AGMJssabZ4PqwuMf0+SyIsNjl4WObOR74GL0fK8catbiEdXEbZlQVLX5GOEskcMY4uXfdKHBrI0zLeJ99gdaDrQqwn9hp6Rr7nnKb+qgTddaHrfjW029xJ2c44LSZu2vH23di5L+6zd0N4xjLkooQKT8Xxi2aS6ZJvYJ0StvvcoGFu5/Vm6HaQHbq5hkCfd27Mlw0u8YNvAknhk7YEGkHgD6NJi+pG+vJ6l86Bme/pP5HbIbIvv53mWoM4heg5org8u4oeRb3FIavhcMyIHqrzwW0aFiAWO+MSoZJGYm3oY7PjLu20KOpf+4muCTEO5ky+ixDhl3QbP+/iZ7bWVyiCddrdfOmd8VdawvtSXGEfbv1bpUftHuH+tg4cpnHGxaRDqOlP0PRdrUmT2M77trDuXNDOLXxQ9tjK1pyBsxMXMt9rzJarn92Ofjqeq6CYyyWrwZOZX', 'AAAAAAq8uroAAAAAAAfn4/hEegi+fdSGzmZfBQGvvrO3+pVvL/m8kjuoevpdr4b93gf5XZ07g8WAjbKJCEeT6Mp6Dsl4619JhIR52Qyrc0cChdsz/F9YXVDJQBbh3ZxWk5oZZ7v2S1bBd5XWbbvB1e70I4jADI0=', datetime.datetime(2025, 5, 12, 11, 21, 19), datetime.datetime(2025, 5, 12, 11, 19, 22), datetime.datetime(2025, 5, 12, 11, 22, 46), 0, '', 2, '')

[2025-05-13 13:28:26,857] [database.py] [line:252] [INFO] # app `stock-rubik-cube`.`order`数据列表：
((889, '20250512111828110061', 3338203510512787456, '', '研选量投', '10100', '研选量投', '2980', '0.03', 1, datetime.datetime(2025, 5, 12, 11, 19), 'R2', 12, 0, datetime.datetime(2025, 5, 12, 11, 22, 46), 0, '', None, '', 0, datetime.datetime(2025, 5, 12, 0, 0), datetime.datetime(2025, 5, 14, 23, 59, 59), datetime.datetime(2025, 5, 12, 11, 18, 28), datetime.datetime(2025, 5, 12, 11, 27, 18), 1, None, '李永蕾', '', 'YSTG10H25051200010', 1, datetime.datetime(2025, 5, 13, 23, 59, 59), 0, 0, '', '0.03', 1, '', 0),)

[2025-05-13 13:28:26,858] [database.py] [line:260] [INFO] # app用户id：3338203510512787456

[2025-05-13 13:28:26,946] [database.py] [line:288] [INFO] # app `stock-rubik-cube`.user_order_product数据列表：
()

[2025-05-13 13:28:26,960] [database.py] [line:85] [INFO] # 
退款订单号：20250512112320767818
[2025-05-13 13:28:27,029] [database.py] [line:97] [INFO] # 退款订单unionid：o1ELc6EaQB9uHyCm9UuXQhiUOqM4，kill_order：20250512111828110061
[2025-05-13 13:28:27,052] [database.py] [line:107] [INFO] # v2_work_crm_order_main 数据列表：
((49103, '20250512112320767818', 10125, 2, 2, 1, 1, '1747020296', '4200002698202505125813972102', 'o1ELc6EaQB9uHyCm9UuXQhiUOqM4', '李永蕾', '4i50or5LqQ2rZ@@@@5CZ@@@@ggBQ==', datetime.datetime(2025, 5, 12, 11, 26, 38), datetime.datetime(2025, 5, 13, 11, 26, 38), 1, 3, datetime.datetime(2025, 5, 16, 11, 26, 38), None, None, None, 0, datetime.datetime(2025, 5, 12, 11, 23, 20), datetime.datetime(2025, 5, 12, 11, 23, 20)),)

[2025-05-13 13:28:27,224] [database.py] [line:114] [INFO] # v2_work_crm_order_main_son 数据列表：
((14659, '20250512112320767818', 'SOD20250512112451426429', 2, 1, 1, '1747020296', '4200002698202505125813972102', None, None, None, None, None, None, None, None, None, None, datetime.datetime(2025, 5, 12, 11, 24, 51)),)

[2025-05-13 13:28:27,345] [database.py] [line:121] [INFO] # v2_work_crm_order_main_status 数据列表：
((49261, '20250512112320767818', 1, 1, 2, 1, datetime.datetime(2025, 5, 12, 11, 26, 38), 3, 0, 889009, 889009, 'wwec9bda2817108582', '百灵智投', 'cheng', 'cheng', 1, 2, 1, '趋势智投-铂金版', 5, 'qszt-2', '这是趋势智投-铂金版的描述', 1, 6, 0, '20250512111828110061', '20250512111828110061', 0, 0, 'o1ELc6EaQB9uHyCm9UuXQhiUOqM4', 2, 2, '1747020296', 1, 0, '', '', 0, datetime.datetime(2025, 5, 12, 11, 23, 20), None, datetime.datetime(2025, 5, 12, 11, 26, 38), 0, '888996', None, None, None, '889009', None, None, None, '889003,889017', None, None, None),)

[2025-05-13 13:28:27,430] [database.py] [line:127] [INFO] # v2_work_crm_hegui 数据列表：
((881, '20250512112320767818', 'o1ELc6EaQB9uHyCm9UuXQhiUOqM4', 1, 101371, '', 1, 0, 1, None, None, 1, None, None, None, None, -1, '', 1, datetime.datetime(2025, 5, 12, 11, 24, 44), datetime.datetime(2025, 5, 12, 11, 26, 38)),)

[2025-05-13 13:28:27,530] [database.py] [line:133] [INFO] # v2_work_crm_order_contract 数据列表：
((44050, '20250512112320767818', '83322e66f2954a7aa343f8cfee573461', '8d13e3dbfeac40feb7a38a51a0b01c5c', 'd28a3fcb2e7c461cb483222be426f433', 1, '产品服务协议', 'eeZRyEm7vbDA0Lxi1n6NDNDfMbS3FBKFV1I5u28WftFIskiH4SusbRuKGV5rmUShdCtORDeaEMOyp2teH@@@@DdtkVCw$$$$1qqkjXApQSsMokmN7oqYJER7fs1A==', '5VFbtjRSP9eHX@@@@3H$$$$LTFZHMFWXdll9IAoUrn7BPXz2yXtq3TplNQwuudvOQTifT2icdV$$$$LfzLAZ8w3KBV5PjW4LhhnNnnLsmFuLRFQDkWgTMMME3nSvpsw==', datetime.datetime(2025, 5, 12, 11, 26, 38), '2025-05-12 11:24:38', 'YSTG10A25051200014', None, 'eqoh5xxl$$$$ZHJkZo7HfytjEyYA801VLRe$$$$pS78cSF3nsGRbaNikpsiSE1WU2duLjukCxhu6DZB84Cah1VSNGlJKYCO0@@@@RzT1f0pOE4D$$$$OP8JQySwswgFkBu0Z$$$$rsevCEoJa9p08unag9Jw@@@@c41O@@@@LVIkbRki3SlVexyYsJD61sRjPUZkIsJsVYlMvMudjAU5MicnlCPf8c50WAe@@@@sPpnS02kYu8Doo@@@@oM6GNsiLMgzU@@@@JYq6N2jGyo9UOinyMX1FiAwrF2xbHMSGn6a9iCA@@@@UVmfMqVhjaWFwxadRdbfR5VAB44aQA$$$$31yq0wFCVYqfxn0L2mWTxjcByMzRNSFywiQnut8$$$$@@@@4oLgr', '', '', datetime.datetime(2025, 5, 12, 11, 24, 44), datetime.datetime(2025, 5, 12, 11, 24, 44)),)

[2025-05-13 13:28:27,630] [database.py] [line:144] [INFO] # 风险测评id：41303
[2025-05-13 13:28:28,529] [database.py] [line:214] [INFO] # order_ids:('20250512111828110061',)
[2025-05-13 13:28:28,629] [database.py] [line:217] [INFO] # 更新v2_work_crm_order_main_status表is_cancellation成功！
[2025-05-13 13:28:28,832] [database.py] [line:241] [INFO] # app `stock-rubik-cube`.contract_new数据列表：
((219210, '20250512112320767818', 3338203510512787456, 'YSTG10A25051200014', 0, 'service', 0, datetime.date(2025, 5, 12), '8d13e3dbfeac40feb7a38a51a0b01c5c', '83322e66f2954a7aa343f8cfee573461', 'AAAAAAq8uroAAAAAAAfn5d9iL7Yad7cSbEGO1No9q767vwVcDPcdE6zN1EHRnDRc/JYRm/Wtd/JlF7ugDWBMhdZ1qmDYLMhrRktfbCkp7opS89teTwK8+Hcku8QnhM1jhIZ9HsSmrRivGlB1nhLAHnJGNO6DPJLWBNeO9GSkmfmVvkHBMBluic6HG+IBVUhwoeGBvlmXQZjoWgr0kcnf7jVK5/DVp3Mf9cP9ULZqNe1aIx5csfluhUuR+yT9hol9qYitxFsAK20p/XYZ8GEPFAsuyUJ1ffRHAx0hfRueXeWRzW1oGAMoEZFRQ6SdbB8Sf1FcXtGjtq/QLsT86V9weED25zlEblZDbBEA+2sAB4ERWCmnZiKhXYoacPF84BnYd8fk8XWITUV1TWkHw+EXYMzAhIB+aQCf/n45zdCUTfvBbHyVj61y2QY9VvLT/E1gsAdID3fVJftCqsBQ/4rzM99mDgPe+qsIyXfJFNI1zOnqTHyj+7rMEiiUHf8H2pCphkENAG9a8ZUCNA9UDOxScvDynAtxMUbkFUBX9BNnDTra/40jAZHfP+2BKES9Ms07wtXshP+80LlXL7Fjoub7sZYsG51AW0f7PAQYBnJJzdzZ15ARg6ikh+Xsyjqprii3F9yDwYEiE9dYUKgIbJMmyvZfZ1ylGgc=', 'AAAAAAq8uroAAAAAAAfn56kZFRh5b83hYsncKyPzW9HxSTkO8cvCDDZ+FeCnVe0ZNK5DSo0Ovf6147kjUiBw3VmJ3VM1bJq8mzUyYS2Bou6vK6dtd8mx0EwsNum7CVko/5+tQ17Bnu9+fq1E3Fzm/7HnMef3G/k=', datetime.datetime(2025, 5, 12, 11, 24, 38), datetime.datetime(2025, 5, 12, 11, 23, 29), datetime.datetime(2025, 5, 12, 11, 26, 39), 0, '', 2, ''),)

[2025-05-13 13:28:28,832] [database.py] [line:245] [INFO] # app `stock-rubik-cube`.contract_new数据：
(219210, '20250512112320767818', 3338203510512787456, 'YSTG10A25051200014', 0, 'service', 0, datetime.date(2025, 5, 12), '8d13e3dbfeac40feb7a38a51a0b01c5c', '83322e66f2954a7aa343f8cfee573461', 'AAAAAAq8uroAAAAAAAfn5d9iL7Yad7cSbEGO1No9q767vwVcDPcdE6zN1EHRnDRc/JYRm/Wtd/JlF7ugDWBMhdZ1qmDYLMhrRktfbCkp7opS89teTwK8+Hcku8QnhM1jhIZ9HsSmrRivGlB1nhLAHnJGNO6DPJLWBNeO9GSkmfmVvkHBMBluic6HG+IBVUhwoeGBvlmXQZjoWgr0kcnf7jVK5/DVp3Mf9cP9ULZqNe1aIx5csfluhUuR+yT9hol9qYitxFsAK20p/XYZ8GEPFAsuyUJ1ffRHAx0hfRueXeWRzW1oGAMoEZFRQ6SdbB8Sf1FcXtGjtq/QLsT86V9weED25zlEblZDbBEA+2sAB4ERWCmnZiKhXYoacPF84BnYd8fk8XWITUV1TWkHw+EXYMzAhIB+aQCf/n45zdCUTfvBbHyVj61y2QY9VvLT/E1gsAdID3fVJftCqsBQ/4rzM99mDgPe+qsIyXfJFNI1zOnqTHyj+7rMEiiUHf8H2pCphkENAG9a8ZUCNA9UDOxScvDynAtxMUbkFUBX9BNnDTra/40jAZHfP+2BKES9Ms07wtXshP+80LlXL7Fjoub7sZYsG51AW0f7PAQYBnJJzdzZ15ARg6ikh+Xsyjqprii3F9yDwYEiE9dYUKgIbJMmyvZfZ1ylGgc=', 'AAAAAAq8uroAAAAAAAfn56kZFRh5b83hYsncKyPzW9HxSTkO8cvCDDZ+FeCnVe0ZNK5DSo0Ovf6147kjUiBw3VmJ3VM1bJq8mzUyYS2Bou6vK6dtd8mx0EwsNum7CVko/5+tQ17Bnu9+fq1E3Fzm/7HnMef3G/k=', datetime.datetime(2025, 5, 12, 11, 24, 38), datetime.datetime(2025, 5, 12, 11, 23, 29), datetime.datetime(2025, 5, 12, 11, 26, 39), 0, '', 2, '')

[2025-05-13 13:28:28,857] [database.py] [line:252] [INFO] # app `stock-rubik-cube`.`order`数据列表：
((891, '20250512112320767818', 3338203510512787456, '20250512111828110061', '趋势智投-铂金版', '10125', '趋势智投-铂金版', '23800', '0.05', 1, datetime.datetime(2025, 5, 12, 11, 24, 56), 'R3', 6, 0, datetime.datetime(2025, 5, 12, 11, 26, 39), 0, '', None, '', 0, datetime.datetime(2025, 5, 12, 0, 0), datetime.datetime(2025, 5, 16, 23, 59, 59), datetime.datetime(2025, 5, 12, 11, 23, 20), datetime.datetime(2025, 5, 12, 11, 27, 18), 1, None, '程恭谨', '', 'YSTG10H25051200012', 3, datetime.datetime(2025, 5, 13, 23, 59, 59), 0, 0, '', '0.02', 1, '', 0),)

[2025-05-13 13:28:28,857] [database.py] [line:260] [INFO] # app用户id：3338203510512787456

[2025-05-13 13:28:28,947] [database.py] [line:288] [INFO] # app `stock-rubik-cube`.user_order_product数据列表：
((56799, 3338203510512787456, '20250512112320767818', 'qsztbjb', datetime.datetime(2025, 5, 12, 0, 0), datetime.datetime(2025, 5, 16, 23, 59, 59), 0, datetime.datetime(2025, 5, 12, 11, 27, 18), datetime.datetime(2025, 5, 12, 11, 27, 18)),)

[2025-05-13 13:28:29,080] [database.py] [line:309] [INFO] # o1ELc6EaQB9uHyCm9UuXQhiUOqM4用户到期时间：None
[2025-05-13 17:04:56,680] [log.py] [line:31] [INFO] # ======Start printing logs======
[2025-05-13 17:04:56,830] [database.py] [line:344] [ERROR] # 数据库操作时发生错误: (1045, 'can not get backend info,POST http://jms-k8s-jumpserver-jms-core:8080/api/v1/authentication/super-connection-token/secret/ failed, get code: 403, {"detail":"连接令牌过期: 2025-05-13 14:28:09.917190+08:00","code":"permission_denied"} ')
[2025-05-13 17:04:56,830] [database.py] [line:345] [ERROR] # Error occurred: (1045, 'can not get backend info,POST http://jms-k8s-jumpserver-jms-core:8080/api/v1/authentication/super-connection-token/secret/ failed, get code: 403, {"detail":"连接令牌过期: 2025-05-13 14:28:09.917190+08:00","code":"permission_denied"} ')
Traceback (most recent call last):
  File "D:\WorkSpaces\CRM\db\database.py", line 38, in database
    db = pymysql.connect(host=config_data['mysql']['host'], port=config_data['mysql']['port'], user=config_data['mysql']['user_sim'],
  File "D:\WorkSpaces\CRM\venv\lib\site-packages\pymysql\connections.py", line 358, in __init__
    self.connect()
  File "D:\WorkSpaces\CRM\venv\lib\site-packages\pymysql\connections.py", line 664, in connect
    self._request_authentication()
  File "D:\WorkSpaces\CRM\venv\lib\site-packages\pymysql\connections.py", line 954, in _request_authentication
    auth_packet = self._read_packet()
  File "D:\WorkSpaces\CRM\venv\lib\site-packages\pymysql\connections.py", line 772, in _read_packet
    packet.raise_for_error()
  File "D:\WorkSpaces\CRM\venv\lib\site-packages\pymysql\protocol.py", line 221, in raise_for_error
    err.raise_mysql_exception(self._data)
  File "D:\WorkSpaces\CRM\venv\lib\site-packages\pymysql\err.py", line 143, in raise_mysql_exception
    raise errorclass(errno, errval)
pymysql.err.OperationalError: (1045, 'can not get backend info,POST http://jms-k8s-jumpserver-jms-core:8080/api/v1/authentication/super-connection-token/secret/ failed, get code: 403, {"detail":"连接令牌过期: 2025-05-13 14:28:09.917190+08:00","code":"permission_denied"} ')
[2025-05-13 17:07:37,425] [log.py] [line:31] [INFO] # ======Start printing logs======
[2025-05-13 17:07:47,402] [database.py] [line:80] [INFO] # 退款订单id列表：['20250512144442976698']
[2025-05-13 17:07:47,402] [database.py] [line:85] [INFO] # 
退款订单号：20250512144442976698
[2025-05-13 17:07:47,422] [database.py] [line:97] [INFO] # 退款订单unionid：o1ELc6G3CwOmMXz4R-k0KORil3Qg，kill_order：
[2025-05-13 17:07:47,459] [database.py] [line:107] [INFO] # v2_work_crm_order_main 数据列表：
((49127, '20250512144442976698', 10100, 3, 3, 1, 1, '1747032445', '4200002670202505123608333754', 'o1ELc6G3CwOmMXz4R-k0KORil3Qg', '张雨泽', 'xVOfdb1WRp@@@@6qJPnKZvXBQ==', None, None, 1, 1, None, None, None, None, 0, datetime.datetime(2025, 5, 12, 14, 44, 42), datetime.datetime(2025, 5, 12, 14, 44, 42)),)

[2025-05-13 17:07:47,481] [database.py] [line:114] [INFO] # v2_work_crm_order_main_son 数据列表：
((14673, '20250512144442976698', 'SOD20250512144716944216', 3, 1, 1, '1747032445', '4200002670202505123608333754', None, None, None, None, None, None, None, None, None, None, datetime.datetime(2025, 5, 12, 14, 47, 16)),)

[2025-05-13 17:07:47,514] [database.py] [line:121] [INFO] # v2_work_crm_order_main_status 数据列表：
((49285, '20250512144442976698', 1, 1, 2, 4, datetime.datetime(2025, 5, 13, 17, 3, 43), 2, 0, 888996, 888996, 'wwec9bda2817108582', '百灵智投', 'LiYongLei', 'LiYongLei', 1, 1, 1, '研选量投', 3, 'yxlt', '这是研选量投的描述', 1, 3, 0, '', '', 0, 0, 'o1ELc6G3CwOmMXz4R-k0KORil3Qg', 3, 3, '1747032445', 1, 7, '', '', 0, datetime.datetime(2025, 5, 12, 14, 44, 42), None, None, 0, '888996', None, None, None, '', None, None, None, '', None, None, None),)

[2025-05-13 17:07:47,534] [database.py] [line:127] [INFO] # v2_work_crm_hegui 数据列表：
((894, '20250512144442976698', 'o1ELc6G3CwOmMXz4R-k0KORil3Qg', 4, 101371, '1', 0, 0, 0, None, None, 1, None, None, None, None, -1, '', 0, datetime.datetime(2025, 5, 12, 14, 49, 46), datetime.datetime(2025, 5, 13, 17, 3, 43)),)

[2025-05-13 17:07:47,554] [database.py] [line:133] [INFO] # v2_work_crm_order_contract 数据列表：
((44071, '20250512144442976698', 'a08a0f69171f4ab6a23783b14557f336', 'f2314884976d43978a2a29658c3c70f9', 'd28a3fcb2e7c461cb483222be426f433', 1, '产品服务协议-测试', None, '5VFbtjRSP9c7CZnanI3IRNPGIqL3XO9ADgf2Ad7asTUreGnYBhwAgnbKfUjOtA1S@@@@n2yZpt9d2in81p54Zdre4gNCuGimymbDJko$$$$7oiqgaNfxcWUAZZhyyZNB0WSYnTjXtbShg4YIvwCK89bG0Nm4Vd3q8@@@@vR7OfwPRCFihxL5cfT3Y$$$$f6qbf3b7zxZ4zVrCoqHLOxxOSlPyxzgsv0DpxMQjc4bFhl7Y5j04oP3ose6JwL0oEIe30rs30XqsDuOu$$$$jp9qUoNkr$$$$cDbZy6rjhDBeEUYw@@@@d6Jl4v0cx0ZuPFdf@@@@8eTgLzR80ZlpWd2zBiD3HThCH1gZad@@@@8BlQTN11fK9aY8qYoIGaIH26d7U5DLgxvz5YAsS5aNlRR@@@@WWfSewdmRtT$$$$OncRtxN8QFEjDU8txuU@@@@pMB6hvWJz@@@@rzSZKDZwYCPvEnvuL1iEvt@@@@t4kQQE61m5TT@@@@6o7uqfdivSK5W6IiHAh2BlR$$$$TxdJUimr5hB@@@@KPvEZ0bIafcYq1WrbSA2VKvGXoSryRYZExUmjyuzdKXW3os0dTYmBE4BZAYV68BQKiU93QIfhzl4B9EHUsQw3gTjyM9cQt5$$$$Ku0pSJQmFJ9uQbgDD@@@@DvLhCJqeyWtyqoLa8zrTpzVAYVh1ka9wD', None, '2025-05-12 14:49:40', 'YSTG10A25051200027', None, None, '', '', datetime.datetime(2025, 5, 12, 14, 49, 46), datetime.datetime(2025, 5, 12, 14, 49, 46)),)

[2025-05-13 17:07:47,574] [database.py] [line:144] [INFO] # 风险测评id：41316
[2025-05-13 17:07:47,612] [database.py] [line:157] [INFO] # 退款id：1069
[2025-05-13 17:07:47,969] [database.py] [line:241] [INFO] # app `stock-rubik-cube`.contract_new数据列表：
((219231, '20250512144442976698', 4315262562663432192, 'YSTG10A25051200027', 0, 'service', 0, datetime.date(2025, 5, 12), 'f2314884976d43978a2a29658c3c70f9', 'a08a0f69171f4ab6a23783b14557f336', 'AAAAAAq8uroAAAAAAAfoJR71dTTd9Pj0m6rcPHM/VnDDVgBdmqa04GlTPoZXJwf/fCfElmXRVhEN0FvodLTVVTBeeHu+R1OOE2v7gyyqXU2DD2E3xZwZMt6aYYHjb4BIqMPMK0RIZzbw58amLMCs3nwjEkhOdoAjnDIqOvw/9ZSx6mVEBZiTdg/wZeeHafTQepxJqXxp1ztwGmpcvzeswtj9xkxHU+GuM1Gug0LdKF6+5YCrlPS398okYRrU2Qddn+frS/CEpo2HwOEx1nkd/h1lkcDyap9FwT+Fgsiq20rjfFzKZPwfEFOgp7SI6IJ0zETRmEbR7UKKRZ5frsnV96zk2n++Bw7oPMoceaWQp54gCDtc3pVbcImG9HyZ57fQujF9L+QAsoI89j8cM0K6mYAQdGtvm/JwjJ5sM4r/hsRQzpwdX5kPOggzrcAQqiLpdhULtaeUpZiiar5oFTHFV1bfqgHJeGVztec/xgmDPVknHROet2MjPyOqNKft9AtuxZVUUUg9qFBsNZFTwCdzdwTpdY4tT+WBlE4a+fDHgPIYb4Pk0qVS7IOwRC8uA8LjVmRBtNscOpovBahnoOos1eKyDJybbFNUaHdFUP9lbOh7pTJy6ktHYAUsqlolA4SGeWYdxiXsJxvas/+KC5VtOPgDlHJMJYKWy+dYf9RC8Q==', '', datetime.datetime(2025, 5, 12, 14, 49, 40), datetime.datetime(2025, 5, 12, 14, 47, 34), datetime.datetime(2025, 5, 12, 14, 49, 43), 0, '', 2, ''),)

[2025-05-13 17:07:47,969] [database.py] [line:245] [INFO] # app `stock-rubik-cube`.contract_new数据：
(219231, '20250512144442976698', 4315262562663432192, 'YSTG10A25051200027', 0, 'service', 0, datetime.date(2025, 5, 12), 'f2314884976d43978a2a29658c3c70f9', 'a08a0f69171f4ab6a23783b14557f336', 'AAAAAAq8uroAAAAAAAfoJR71dTTd9Pj0m6rcPHM/VnDDVgBdmqa04GlTPoZXJwf/fCfElmXRVhEN0FvodLTVVTBeeHu+R1OOE2v7gyyqXU2DD2E3xZwZMt6aYYHjb4BIqMPMK0RIZzbw58amLMCs3nwjEkhOdoAjnDIqOvw/9ZSx6mVEBZiTdg/wZeeHafTQepxJqXxp1ztwGmpcvzeswtj9xkxHU+GuM1Gug0LdKF6+5YCrlPS398okYRrU2Qddn+frS/CEpo2HwOEx1nkd/h1lkcDyap9FwT+Fgsiq20rjfFzKZPwfEFOgp7SI6IJ0zETRmEbR7UKKRZ5frsnV96zk2n++Bw7oPMoceaWQp54gCDtc3pVbcImG9HyZ57fQujF9L+QAsoI89j8cM0K6mYAQdGtvm/JwjJ5sM4r/hsRQzpwdX5kPOggzrcAQqiLpdhULtaeUpZiiar5oFTHFV1bfqgHJeGVztec/xgmDPVknHROet2MjPyOqNKft9AtuxZVUUUg9qFBsNZFTwCdzdwTpdY4tT+WBlE4a+fDHgPIYb4Pk0qVS7IOwRC8uA8LjVmRBtNscOpovBahnoOos1eKyDJybbFNUaHdFUP9lbOh7pTJy6ktHYAUsqlolA4SGeWYdxiXsJxvas/+KC5VtOPgDlHJMJYKWy+dYf9RC8Q==', '', datetime.datetime(2025, 5, 12, 14, 49, 40), datetime.datetime(2025, 5, 12, 14, 47, 34), datetime.datetime(2025, 5, 12, 14, 49, 43), 0, '', 2, '')

[2025-05-13 17:07:47,998] [database.py] [line:252] [INFO] # app `stock-rubik-cube`.`order`数据列表：
((910, '20250512144442976698', 4315262562663432192, '', '研选量投', '10100', '研选量投', '2980', '0.03', 1, datetime.datetime(2025, 5, 12, 14, 47, 25), 'R2', 3, 0, None, 0, '', None, '', 0, None, None, datetime.datetime(2025, 5, 12, 14, 44, 42), datetime.datetime(2025, 5, 12, 14, 49, 43), 1, None, '', '', 'YSTG10H25051200026', 1, None, 0, 0, '', '', 1, '', 0),)

[2025-05-13 17:07:47,999] [database.py] [line:260] [INFO] # app用户id：4315262562663432192

[2025-05-13 17:07:48,273] [database.py] [line:288] [INFO] # app `stock-rubik-cube`.user_order_product数据列表：
()

[2025-05-13 17:07:48,334] [database.py] [line:309] [INFO] # o1ELc6G3CwOmMXz4R-k0KORil3Qg用户到期时间：None
[2025-05-13 17:08:42,123] [log.py] [line:31] [INFO] # ======Start printing logs======
[2025-05-13 17:08:47,738] [database.py] [line:80] [INFO] # 退款订单id列表：['20250512141750402051', '20250512142210793397', '20250512142251834375', '20250512142539107802']
[2025-05-13 17:08:47,738] [database.py] [line:85] [INFO] # 
退款订单号：20250512141750402051
[2025-05-13 17:08:47,763] [database.py] [line:97] [INFO] # 退款订单unionid：o1ELc6G3CwOmMXz4R-k0KORil3Qg，kill_order：
[2025-05-13 17:08:47,807] [database.py] [line:107] [INFO] # v2_work_crm_order_main 数据列表：
((49116, '20250512141750402051', 10100, 3, 3, 0, 0, None, '', 'o1ELc6G3CwOmMXz4R-k0KORil3Qg', '', 'xVOfdb1WRp@@@@6qJPnKZvXBQ==', None, None, 1, 1, None, None, None, None, 1, datetime.datetime(2025, 5, 12, 14, 17, 50), datetime.datetime(2025, 5, 12, 14, 17, 50)),)

[2025-05-13 17:08:47,832] [database.py] [line:114] [INFO] # v2_work_crm_order_main_son 数据列表：
((14668, '20250512141750402051', 'SOD20250512141756246681', 3, 0, 1, None, None, None, None, None, None, None, None, None, None, None, None, datetime.datetime(2025, 5, 12, 14, 17, 56)),)

[2025-05-13 17:08:47,875] [database.py] [line:121] [INFO] # v2_work_crm_order_main_status 数据列表：
((49274, '20250512141750402051', 0, 0, 2, 0, None, 3, 0, 888996, 888996, 'wwec9bda2817108582', '百灵智投', 'LiYongLei', 'LiYongLei', 1, 1, 0, '研选量投', 3, 'yxlt', '这是研选量投的描述', 1, 3, 0, '', '', 0, 0, 'o1ELc6G3CwOmMXz4R-k0KORil3Qg', 3, 3, None, 0, 7, '', '', 1, datetime.datetime(2025, 5, 12, 14, 17, 50), None, None, 0, '888996', None, None, None, '', None, None, None, '', None, None, None),)

[2025-05-13 17:08:47,899] [database.py] [line:127] [INFO] # v2_work_crm_hegui 数据列表：
()

[2025-05-13 17:08:47,924] [database.py] [line:133] [INFO] # v2_work_crm_order_contract 数据列表：
()

[2025-05-13 17:08:48,390] [database.py] [line:241] [INFO] # app `stock-rubik-cube`.contract_new数据列表：
()

[2025-05-13 17:08:48,419] [database.py] [line:252] [INFO] # app `stock-rubik-cube`.`order`数据列表：
()

[2025-05-13 17:08:48,528] [database.py] [line:288] [INFO] # app `stock-rubik-cube`.user_order_product数据列表：
()

[2025-05-13 17:08:48,544] [database.py] [line:85] [INFO] # 
退款订单号：20250512142210793397
[2025-05-13 17:08:48,568] [database.py] [line:97] [INFO] # 退款订单unionid：o1ELc6G3CwOmMXz4R-k0KORil3Qg，kill_order：
[2025-05-13 17:08:48,593] [database.py] [line:107] [INFO] # v2_work_crm_order_main 数据列表：
((49117, '20250512142210793397', 10100, 3, 3, 0, 0, None, '', 'o1ELc6G3CwOmMXz4R-k0KORil3Qg', '', 'xVOfdb1WRp@@@@6qJPnKZvXBQ==', None, None, 1, 1, None, None, None, None, 1, datetime.datetime(2025, 5, 12, 14, 22, 10), datetime.datetime(2025, 5, 12, 14, 22, 10)),)

[2025-05-13 17:08:48,618] [database.py] [line:114] [INFO] # v2_work_crm_order_main_son 数据列表：
()

[2025-05-13 17:08:48,643] [database.py] [line:121] [INFO] # v2_work_crm_order_main_status 数据列表：
((49275, '20250512142210793397', 0, 0, 2, 0, None, 3, 0, 888996, 888996, 'wwec9bda2817108582', '百灵智投', 'LiYongLei', 'LiYongLei', 1, 1, 0, '研选量投', 3, 'yxlt', '这是研选量投的描述', 1, 3, 0, '', '', 0, 0, 'o1ELc6G3CwOmMXz4R-k0KORil3Qg', 3, 3, None, 0, 7, '', '', 1, datetime.datetime(2025, 5, 12, 14, 22, 10), None, None, 0, '888996', None, None, None, '', None, None, None, '', None, None, None),)

[2025-05-13 17:08:48,668] [database.py] [line:127] [INFO] # v2_work_crm_hegui 数据列表：
()

[2025-05-13 17:08:48,693] [database.py] [line:133] [INFO] # v2_work_crm_order_contract 数据列表：
()

[2025-05-13 17:08:49,158] [database.py] [line:241] [INFO] # app `stock-rubik-cube`.contract_new数据列表：
()

[2025-05-13 17:08:49,187] [database.py] [line:252] [INFO] # app `stock-rubik-cube`.`order`数据列表：
()

[2025-05-13 17:08:49,203] [database.py] [line:288] [INFO] # app `stock-rubik-cube`.user_order_product数据列表：
()

[2025-05-13 17:08:49,220] [database.py] [line:85] [INFO] # 
退款订单号：20250512142251834375
[2025-05-13 17:08:49,244] [database.py] [line:97] [INFO] # 退款订单unionid：o1ELc6G3CwOmMXz4R-k0KORil3Qg，kill_order：
[2025-05-13 17:08:49,268] [database.py] [line:107] [INFO] # v2_work_crm_order_main 数据列表：
((49118, '20250512142251834375', 10100, 3, 3, 0, 0, None, '', 'o1ELc6G3CwOmMXz4R-k0KORil3Qg', '', 'xVOfdb1WRp@@@@6qJPnKZvXBQ==', None, None, 1, 1, None, None, None, None, 1, datetime.datetime(2025, 5, 12, 14, 22, 51), datetime.datetime(2025, 5, 12, 14, 22, 51)),)

[2025-05-13 17:08:49,294] [database.py] [line:114] [INFO] # v2_work_crm_order_main_son 数据列表：
()

[2025-05-13 17:08:49,320] [database.py] [line:121] [INFO] # v2_work_crm_order_main_status 数据列表：
((49276, '20250512142251834375', 0, 0, 2, 0, None, 3, 0, 888996, 888996, 'wwec9bda2817108582', '百灵智投', 'LiYongLei', 'LiYongLei', 1, 1, 0, '研选量投', 3, 'yxlt', '这是研选量投的描述', 1, 3, 0, '', '', 0, 0, 'o1ELc6G3CwOmMXz4R-k0KORil3Qg', 3, 3, None, 0, 7, '', '', 1, datetime.datetime(2025, 5, 12, 14, 22, 51), None, None, 0, '888996', None, None, None, '', None, None, None, '', None, None, None),)

[2025-05-13 17:08:49,345] [database.py] [line:127] [INFO] # v2_work_crm_hegui 数据列表：
()

[2025-05-13 17:08:49,369] [database.py] [line:133] [INFO] # v2_work_crm_order_contract 数据列表：
()

[2025-05-13 17:08:49,834] [database.py] [line:241] [INFO] # app `stock-rubik-cube`.contract_new数据列表：
()

[2025-05-13 17:08:49,861] [database.py] [line:252] [INFO] # app `stock-rubik-cube`.`order`数据列表：
()

[2025-05-13 17:08:49,877] [database.py] [line:288] [INFO] # app `stock-rubik-cube`.user_order_product数据列表：
()

[2025-05-13 17:08:49,894] [database.py] [line:85] [INFO] # 
退款订单号：20250512142539107802
[2025-05-13 17:08:49,918] [database.py] [line:97] [INFO] # 退款订单unionid：o1ELc6G3CwOmMXz4R-k0KORil3Qg，kill_order：
[2025-05-13 17:08:49,943] [database.py] [line:107] [INFO] # v2_work_crm_order_main 数据列表：
((49119, '20250512142539107802', 10100, 3, 3, 0, 0, None, '', 'o1ELc6G3CwOmMXz4R-k0KORil3Qg', '', 'xVOfdb1WRp@@@@6qJPnKZvXBQ==', None, None, 1, 1, None, None, None, None, 1, datetime.datetime(2025, 5, 12, 14, 25, 39), datetime.datetime(2025, 5, 12, 14, 25, 39)),)

[2025-05-13 17:08:49,967] [database.py] [line:114] [INFO] # v2_work_crm_order_main_son 数据列表：
()

[2025-05-13 17:08:49,993] [database.py] [line:121] [INFO] # v2_work_crm_order_main_status 数据列表：
((49277, '20250512142539107802', 0, 0, 2, 0, None, 3, 0, 888996, 888996, 'wwec9bda2817108582', '百灵智投', 'LiYongLei', 'LiYongLei', 1, 1, 0, '研选量投', 3, 'yxlt', '这是研选量投的描述', 1, 3, 0, '', '', 0, 0, 'o1ELc6G3CwOmMXz4R-k0KORil3Qg', 3, 3, None, 0, 7, '', '', 1, datetime.datetime(2025, 5, 12, 14, 25, 39), None, None, 0, '888996', None, None, None, '', None, None, None, '', None, None, None),)

[2025-05-13 17:08:50,018] [database.py] [line:127] [INFO] # v2_work_crm_hegui 数据列表：
()

[2025-05-13 17:08:50,042] [database.py] [line:133] [INFO] # v2_work_crm_order_contract 数据列表：
()

[2025-05-13 17:08:50,511] [database.py] [line:241] [INFO] # app `stock-rubik-cube`.contract_new数据列表：
()

[2025-05-13 17:08:50,539] [database.py] [line:252] [INFO] # app `stock-rubik-cube`.`order`数据列表：
((909, '20250512142539107802', 4315262562663432192, '', '研选量投', '10100', '研选量投', '2980', '0.03', 1, None, 'R2', 0, 0, None, 0, '', None, '', 0, None, None, datetime.datetime(2025, 5, 12, 14, 25, 39), datetime.datetime(2025, 5, 12, 14, 43, 17), 0, None, '', '', '', 1, None, 0, 0, '', '', 1, '', 0),)

[2025-05-13 17:08:50,540] [database.py] [line:260] [INFO] # app用户id：4315262562663432192

[2025-05-13 17:08:50,586] [database.py] [line:288] [INFO] # app `stock-rubik-cube`.user_order_product数据列表：
()

[2025-05-13 17:08:50,650] [database.py] [line:309] [INFO] # o1ELc6G3CwOmMXz4R-k0KORil3Qg用户到期时间：None
