[2025-09-04 14:57:13,450] [log.py] [line:31] [INFO] # ======Start printing logs======
[2025-09-04 14:57:16,548] [database.py] [line:80] [INFO] # 退款订单id列表：['20250903192207675301', '20250903201228395685', '20250903203914666865', '20250903205209050520', '20250904094559223676', '20250904100914959115', '20250904103605553140', '20250904104945801711', '20250904105210655992', '20250904111831242864', '20250904121946222291', '20250904122922080436']
[2025-09-04 14:57:16,548] [database.py] [line:85] [INFO] # 
退款订单号：20250903192207675301
[2025-09-04 14:57:16,572] [database.py] [line:97] [INFO] # 退款订单unionid：o1ELc6LrAZOqCjYiOZur5A-sVzYc，kill_order：
[2025-09-04 14:57:16,614] [database.py] [line:107] [INFO] # v2_work_crm_order_main 数据列表：
((49521, '20250903192207675301', 10124, 3, 3, 1, 3, '1756900379', '', 'o1ELc6LrAZOqCjYiOZur5A-sVzYc', '赵楠', 'H4qNWOvOwe$$$$A$$$$rqaPhQyIw==', datetime.datetime(2025, 9, 3, 20, 2, 34), datetime.datetime(2026, 9, 3, 20, 2, 34), 365, 0, datetime.datetime(2026, 9, 3, 20, 2, 34), None, None, None, 0, datetime.datetime(2025, 9, 3, 19, 22, 7), datetime.datetime(2025, 9, 3, 19, 22, 7)),)

[2025-09-04 14:57:16,639] [database.py] [line:114] [INFO] # v2_work_crm_order_main_son 数据列表：
()

[2025-09-04 14:57:16,680] [database.py] [line:121] [INFO] # v2_work_crm_order_main_status 数据列表：
((49680, '20250903192207675301', 1, 1, 2, 1, datetime.datetime(2025, 9, 3, 20, 2, 34), 3, 0, 889009, 889009, 'wwec9bda2817108582', '百灵智投', 'cheng', 'cheng', 1, 2, 1, '趋势智投-黄金版', 3, 'qszt-1', '这是趋势智投-黄金版的描述', 365, 5, 1, '20250903174548237950', '', 0, 0, 'o1ELc6LrAZOqCjYiOZur5A-sVzYc', 3, 3, '1756900379', 1, 7, '', '', 0, datetime.datetime(2025, 9, 3, 19, 22, 7), None, datetime.datetime(2025, 9, 3, 20, 2, 34), 0, '888996', None, None, None, '889009', None, None, None, '889003,889017,889089,889095', None, None, None),)

[2025-09-04 14:57:16,706] [database.py] [line:127] [INFO] # v2_work_crm_hegui 数据列表：
((1201, '20250903192207675301', 'o1ELc6LrAZOqCjYiOZur5A-sVzYc', 1, 101371, '', 1, 0, 1, None, None, 1, None, None, None, None, -1, 0, '', 1, datetime.datetime(2025, 9, 3, 19, 49, 55), datetime.datetime(2025, 9, 3, 20, 2, 34)),)

[2025-09-04 14:57:16,729] [database.py] [line:133] [INFO] # v2_work_crm_order_contract 数据列表：
((44554, '20250903192207675301', '8cda8301a3294c8b9ca5bf1a19ff6b63', '98206ea6331b4da79bb78c299d229549', '8c4a35b69d4d4dcdbe2885e0d279fdd8', 1, '产品服务协议', 'eeZRyEm7vbDA0Lxi1n6NDNDfMbS3FBKFV1I5u28WftFIskiH4SusbdejbsUQMFXYeTZ7DiuHw1ppothtjVmV4sB0SosZ47nhlZVHCnkly3TKc@@@@lCM6kGFw==', '5VFbtjRSP9eHX@@@@3H$$$$LTFZHMFWXdll9IAoUrn7BPXz2yXtq3TplNQwvXJ@@@@yh5@@@@XRKsF5R58jYF0zSk4TgP44@@@@whTYfcNS5nrE7Rn6ux68ISiTrLsa7YUbZw==', datetime.datetime(2025, 9, 3, 20, 2, 34), '2025-09-03 19:49:53', 'YSTG10A25090300003', None, 'eqoh5xxl$$$$ZHJkZo7HfytjEyYA801VLRe$$$$pS78cSF3nsGRbaNikpsiSE1WU2duLjukCxhu6DZB852D2oIq8h6Tjgfi3ceE1SyC55XbRSTAzyUIOYvJETg2$$$$tVfGj2T0WoXDDix47TcowNW1Zd59ToaPXD3r69j7AYsP8qFtsHIDi5qVn14z3VgcAL$$$$tubvjpyWSjyKotZtA4L3dphwNqvHHk2ew4rh8NaaaLYbY1ZleLAdEqLGeO54ZWVRwp5Jct0d@@@@NrlySjKXplUsGwiHEE2wvd2mHA2q8ceTZ7DiuHw1ppothtjVmV4sB0SosZ47nhlZVHCnkly3RVciKiMhbRwQ==', 0, '', datetime.datetime(2025, 9, 3, 19, 49, 55), datetime.datetime(2025, 9, 3, 19, 49, 55)),)

[2025-09-04 14:57:16,753] [database.py] [line:144] [INFO] # 风险测评id：41649
[2025-09-04 14:57:17,225] [database.py] [line:241] [INFO] # app `stock-rubik-cube`.contract_new数据列表：
((219728, '20250903192207675301', 3338203510512787459, 'YSTG10A25090300003', 0, 'service', 0, datetime.date(2025, 9, 3), '98206ea6331b4da79bb78c299d229549', '8cda8301a3294c8b9ca5bf1a19ff6b63', 'AAAAAAq8uroAAAAAAAgsC7nWKULB6xuNkdVXs0OIwB4NvBux3yfwSKzgNrRstngQrL5JvhJYNniaRjLRkF2VggySaquRvc748q3ZCdo4vCButjb4YAYuqrpc/c2yIfTwbbgFR7MphySCRCTmM/Ir+APkysUza6Ml9pth8fH1sBKDCRBHe0fAZ3V1/icg7qCsX+Af3l3BgDGJ/2O1V96ILQgPVcNvEDwPoC/c/yRESILwaUjxatPXVoCCBhh03+zeC/hv0GVoQd8swGT8AIQzqwy//L2xVS5rNtceW+uNuC8r+xhjLEbZx8MRxyfki4xXJi5BxfAx40Ll/GLPXcHCkANYlhxXGarqNP8v/6snfifyoFgYBJkyHLy3nkzDmuuOaXHXdAmdlW6DDQlbA0Ub5k3o2xO5QGWhNYyQuB2A35SaLYY7ZTslTksOMeqE5kTnRUhYQ736LHInb7+Sb6Pht1ZQs0u7epuyfktlOg6doMtk7SsWtmVrRrbMIrXldir2qIQmlwPeVuHvGlExZdfd3l1oa5Bs6wBjdCpY68JT4Bd3MsmItJrL7616L6/Cf7obTAwQ/0nMtrF7eMNJY0bgyFcGDtlbTARjUH1sKZEbkjUHhMCYeK7nPLq0eUMiQJgjcvfIaTEmYeoHIjtDNooVQtQHC0fYywe6TbkW', 'AAAAAAq8uroAAAAAAAgsDDK0AYZ+dGC2SfPEVq17DAf5voW/9shgPQ5kszkSsBF/2sT48kIuttaG3O+8DoQkofA4Tkjm/qTSJMCEVwpgMWc5m3sCnSXm0nIwnp+xMTCULzb5Wyox/qFOXbmZClY6aVL7zHk=', datetime.datetime(2025, 9, 3, 19, 49, 53), datetime.datetime(2025, 9, 3, 19, 48, 44), datetime.datetime(2025, 9, 3, 20, 2, 34), 0, '', 2, ''),)

[2025-09-04 14:57:17,225] [database.py] [line:245] [INFO] # app `stock-rubik-cube`.contract_new数据：
(219728, '20250903192207675301', 3338203510512787459, 'YSTG10A25090300003', 0, 'service', 0, datetime.date(2025, 9, 3), '98206ea6331b4da79bb78c299d229549', '8cda8301a3294c8b9ca5bf1a19ff6b63', 'AAAAAAq8uroAAAAAAAgsC7nWKULB6xuNkdVXs0OIwB4NvBux3yfwSKzgNrRstngQrL5JvhJYNniaRjLRkF2VggySaquRvc748q3ZCdo4vCButjb4YAYuqrpc/c2yIfTwbbgFR7MphySCRCTmM/Ir+APkysUza6Ml9pth8fH1sBKDCRBHe0fAZ3V1/icg7qCsX+Af3l3BgDGJ/2O1V96ILQgPVcNvEDwPoC/c/yRESILwaUjxatPXVoCCBhh03+zeC/hv0GVoQd8swGT8AIQzqwy//L2xVS5rNtceW+uNuC8r+xhjLEbZx8MRxyfki4xXJi5BxfAx40Ll/GLPXcHCkANYlhxXGarqNP8v/6snfifyoFgYBJkyHLy3nkzDmuuOaXHXdAmdlW6DDQlbA0Ub5k3o2xO5QGWhNYyQuB2A35SaLYY7ZTslTksOMeqE5kTnRUhYQ736LHInb7+Sb6Pht1ZQs0u7epuyfktlOg6doMtk7SsWtmVrRrbMIrXldir2qIQmlwPeVuHvGlExZdfd3l1oa5Bs6wBjdCpY68JT4Bd3MsmItJrL7616L6/Cf7obTAwQ/0nMtrF7eMNJY0bgyFcGDtlbTARjUH1sKZEbkjUHhMCYeK7nPLq0eUMiQJgjcvfIaTEmYeoHIjtDNooVQtQHC0fYywe6TbkW', 'AAAAAAq8uroAAAAAAAgsDDK0AYZ+dGC2SfPEVq17DAf5voW/9shgPQ5kszkSsBF/2sT48kIuttaG3O+8DoQkofA4Tkjm/qTSJMCEVwpgMWc5m3sCnSXm0nIwnp+xMTCULzb5Wyox/qFOXbmZClY6aVL7zHk=', datetime.datetime(2025, 9, 3, 19, 49, 53), datetime.datetime(2025, 9, 3, 19, 48, 44), datetime.datetime(2025, 9, 3, 20, 2, 34), 0, '', 2, '')

[2025-09-04 14:57:17,244] [database.py] [line:252] [INFO] # app `stock-rubik-cube`.`order`数据列表：
((3338203510512787459,),)

[2025-09-04 14:57:17,244] [database.py] [line:259] [INFO] # app用户id：3338203510512787459

[2025-09-04 14:57:17,306] [database.py] [line:287] [INFO] # app `stock-rubik-cube`.user_order_product数据列表：
()

[2025-09-04 14:57:17,326] [database.py] [line:85] [INFO] # 
退款订单号：20250903201228395685
[2025-09-04 14:57:17,351] [database.py] [line:97] [INFO] # 退款订单unionid：o1ELc6LrAZOqCjYiOZur5A-sVzYc，kill_order：
[2025-09-04 14:57:17,376] [database.py] [line:107] [INFO] # v2_work_crm_order_main 数据列表：
((49522, '20250903201228395685', 10124, 3, 3, 1, 1, '1756901637', '4200002841202509035664599736', 'o1ELc6LrAZOqCjYiOZur5A-sVzYc', '赵楠', 'H4qNWOvOwe$$$$A$$$$rqaPhQyIw==', datetime.datetime(2025, 9, 3, 20, 17, 25), datetime.datetime(2026, 9, 3, 20, 17, 25), 365, 0, datetime.datetime(2026, 9, 3, 20, 17, 25), None, None, None, 0, datetime.datetime(2025, 9, 3, 20, 12, 28), datetime.datetime(2025, 9, 3, 20, 12, 28)),)

[2025-09-04 14:57:17,401] [database.py] [line:114] [INFO] # v2_work_crm_order_main_son 数据列表：
((15105, '20250903201228395685', 'SOD20250903201352119757', 3, 1, 1, '1756901637', '4200002841202509035664599736', None, '50301604532025090351243977610', '20250903202813508042', datetime.datetime(2025, 9, 3, 20, 28, 14), None, None, None, None, None, None, None, None, datetime.datetime(2025, 9, 3, 20, 13, 52)),)

[2025-09-04 14:57:17,427] [database.py] [line:121] [INFO] # v2_work_crm_order_main_status 数据列表：
((49681, '20250903201228395685', 1, 1, 2, 1, datetime.datetime(2025, 9, 3, 20, 17, 25), 1, 4, 889009, 889009, 'wwec9bda2817108582', '百灵智投', 'cheng', 'cheng', 1, 2, 1, '趋势智投-黄金版', 3, 'qszt-1', '这是趋势智投-黄金版的描述', 365, 5, 0, '20250903192207675301', '', 0, 0, 'o1ELc6LrAZOqCjYiOZur5A-sVzYc', 3, 3, '1756901637', 1, 7, '', '', 0, datetime.datetime(2025, 9, 3, 20, 12, 28), None, datetime.datetime(2025, 9, 3, 20, 17, 25), 0, '888996', None, None, None, '889009', None, None, None, '889003,889017,889089,889095', None, None, None),)

[2025-09-04 14:57:17,450] [database.py] [line:127] [INFO] # v2_work_crm_hegui 数据列表：
((1202, '20250903201228395685', 'o1ELc6LrAZOqCjYiOZur5A-sVzYc', 1, 101371, '', 1, 0, 1, None, None, 1, None, None, None, None, -1, 0, '', 1, datetime.datetime(2025, 9, 3, 20, 13, 45), datetime.datetime(2025, 9, 3, 20, 17, 25)),)

[2025-09-04 14:57:17,475] [database.py] [line:133] [INFO] # v2_work_crm_order_contract 数据列表：
((44555, '20250903201228395685', 'ea6e3f28d9da4bce84aa527dae063a3e', '4a630baf492b46199802d1ab0342dec0', '8c4a35b69d4d4dcdbe2885e0d279fdd8', 1, '产品服务协议', 'eeZRyEm7vbDA0Lxi1n6NDNDfMbS3FBKFV1I5u28WftFIskiH4SusbdejbsUQMFXYeTZ7DiuHw1ppothtjVmV4nc5Tpeeu2ImlZVHCnkly3TKc@@@@lCM6kGFw==', '5VFbtjRSP9eHX@@@@3H$$$$LTFZHMFWXdll9IAoUrn7BPXz2yXtq3TplNQwvXJ@@@@yh5@@@@XRKsF5R58jYF0zSk4TgP44@@@@wkGcBwEyjeQM7Rn6ux68ISiTrLsa7YUbZw==', datetime.datetime(2025, 9, 3, 20, 17, 25), '2025-09-03 20:13:41', 'YSTG10A25090300004', None, 'eqoh5xxl$$$$ZHJkZo7HfytjEyYA801VLRe$$$$pS78cSF3nsGRbaNikpsiSE1WU2duLjukCxhu6DZB852D2oIq8h6Tjgfi3ceE1SyC55XbRSTAzwp87DyX6e9metVfGj2T0WoXDDix47TcowNW1Zd59ToaPXD3r69j7AYsP8qFtsHIDi5qVn14z3VgcAL$$$$tubvjpyWSjyKotZtA4L3dphwNqvHHk2ew4rh8NaaaLYbY1ZleJ3OU6XnrtiJpWVRwp5Jct0d@@@@NrlySjKXplUsGwiHEE2wvd2mHA2q8ceTZ7DiuHw1ppothtjVmV4nc5Tpeeu2ImlZVHCnkly3RVciKiMhbRwQ==', 0, '', datetime.datetime(2025, 9, 3, 20, 13, 45), datetime.datetime(2025, 9, 3, 20, 13, 45)), (44556, '20250903201228395685', None, None, 'dc588181a755439aace7955f2b6da66b', 2, '终止协议-测试', None, '5VFbtjRSP9eHX@@@@3H$$$$LTFZHMFWXdll9IAoUrn7BPXz2yXtq3TplNQwvXJ@@@@yh5@@@@XRKtdxtggvPysrlhLihRAZK11sfQUJJ$$$$q9n', datetime.datetime(2025, 9, 3, 20, 27, 51), '2025-09-03 20:27:51', 'c', None, None, 0, '', datetime.datetime(2025, 9, 3, 20, 27, 38), datetime.datetime(2025, 9, 3, 20, 27, 38)))

[2025-09-04 14:57:17,499] [database.py] [line:144] [INFO] # 风险测评id：41650
[2025-09-04 14:57:17,547] [database.py] [line:157] [INFO] # 退款id：1329
[2025-09-04 14:57:17,992] [database.py] [line:241] [INFO] # app `stock-rubik-cube`.contract_new数据列表：
((219729, '20250903201228395685', 3338203510512787459, 'YSTG10A25090300004', 0, 'service', 0, datetime.date(2025, 9, 3), '4a630baf492b46199802d1ab0342dec0', 'ea6e3f28d9da4bce84aa527dae063a3e', 'AAAAAAq8uroAAAAAAAgsDWESlJU4DpHRurtlgNZe4djgBDuWMZ0XSbfeFl48ypht6bY30YNru0o53glmDWvZBnRo0wf4K4oqlw3XJxpQGD7SyvCpUxUPcRu7+PwbcuH5vW4CDF4fEOCiVkAmXJj8ddoNBt21X1VSZzhRVJqd79CBv8QKUBI4fvIiyoe+O/G4OP5vDSa/ML6QSrBqofTuIYUE3ue9/YQbjRuqJ+LvAe+UHhc289gepKaAdlAQ5MSSnSB35DTBNqLfCmReFVZir+Rhmlzi/loYIFw7645Y0IIqrZ4I3e/3pUT6R8cD/Q0WUmcF6OQq+elxX+9v5mJa54YSaFgDCyvCYXf15VZDy7f/PSUjWynMTcbAwwjIm5WVn/i4mpVN6d60RVPN0OGRLoiDzpKj8irniN7IwG1Wxwp0b/T8vu+1+f6nMdftnPq5YS+Vg1AoIQsAQPQvBOT6F1vukqdYPAtCA5xEDZJsYgx2blzRtWeRwZF+wdDoGhlNx6eYSF8VwcOJB137P8SAQd96bOECQ1axMx17t85q4lLXX602kekjaqt7B/VId3RJmDEx9+3ZUrCvQGCA6DejHv5JiXLa5VI5bpJLfU8WD9Wk5ppYjSJL9tYChWgM8aAb+mXoHhZDaTDtMpmOJ1G9L2WqxeSGV3kiLA==', 'AAAAAAq8uroAAAAAAAgsDnzK+kYx5l9nx38KK7HKWKGYYf0nkPa+OfOdqM8aGaokkaQEtuOm3ak4I0+/JnW+DY5LdQUDk35LQf8ilnYCsUmfQI9CZrzMh9cIqF5wJklNWOBR9xk8TU609ElI6yHM0y0dCJM=', datetime.datetime(2025, 9, 3, 20, 13, 41), datetime.datetime(2025, 9, 3, 20, 12, 47), datetime.datetime(2025, 9, 3, 20, 17, 25), 0, '', 2, ''), (219730, '20250903201228395685', 3338203510512787459, '', 1, 'termination', 0, None, '', '', '', '', None, datetime.datetime(2025, 9, 3, 20, 27, 39), datetime.datetime(2025, 9, 3, 20, 27, 39), 0, '', 2, ''))

[2025-09-04 14:57:17,992] [database.py] [line:245] [INFO] # app `stock-rubik-cube`.contract_new数据：
(219729, '20250903201228395685', 3338203510512787459, 'YSTG10A25090300004', 0, 'service', 0, datetime.date(2025, 9, 3), '4a630baf492b46199802d1ab0342dec0', 'ea6e3f28d9da4bce84aa527dae063a3e', 'AAAAAAq8uroAAAAAAAgsDWESlJU4DpHRurtlgNZe4djgBDuWMZ0XSbfeFl48ypht6bY30YNru0o53glmDWvZBnRo0wf4K4oqlw3XJxpQGD7SyvCpUxUPcRu7+PwbcuH5vW4CDF4fEOCiVkAmXJj8ddoNBt21X1VSZzhRVJqd79CBv8QKUBI4fvIiyoe+O/G4OP5vDSa/ML6QSrBqofTuIYUE3ue9/YQbjRuqJ+LvAe+UHhc289gepKaAdlAQ5MSSnSB35DTBNqLfCmReFVZir+Rhmlzi/loYIFw7645Y0IIqrZ4I3e/3pUT6R8cD/Q0WUmcF6OQq+elxX+9v5mJa54YSaFgDCyvCYXf15VZDy7f/PSUjWynMTcbAwwjIm5WVn/i4mpVN6d60RVPN0OGRLoiDzpKj8irniN7IwG1Wxwp0b/T8vu+1+f6nMdftnPq5YS+Vg1AoIQsAQPQvBOT6F1vukqdYPAtCA5xEDZJsYgx2blzRtWeRwZF+wdDoGhlNx6eYSF8VwcOJB137P8SAQd96bOECQ1axMx17t85q4lLXX602kekjaqt7B/VId3RJmDEx9+3ZUrCvQGCA6DejHv5JiXLa5VI5bpJLfU8WD9Wk5ppYjSJL9tYChWgM8aAb+mXoHhZDaTDtMpmOJ1G9L2WqxeSGV3kiLA==', 'AAAAAAq8uroAAAAAAAgsDnzK+kYx5l9nx38KK7HKWKGYYf0nkPa+OfOdqM8aGaokkaQEtuOm3ak4I0+/JnW+DY5LdQUDk35LQf8ilnYCsUmfQI9CZrzMh9cIqF5wJklNWOBR9xk8TU609ElI6yHM0y0dCJM=', datetime.datetime(2025, 9, 3, 20, 13, 41), datetime.datetime(2025, 9, 3, 20, 12, 47), datetime.datetime(2025, 9, 3, 20, 17, 25), 0, '', 2, '')

[2025-09-04 14:57:17,992] [database.py] [line:245] [INFO] # app `stock-rubik-cube`.contract_new数据：
(219730, '20250903201228395685', 3338203510512787459, '', 1, 'termination', 0, None, '', '', '', '', None, datetime.datetime(2025, 9, 3, 20, 27, 39), datetime.datetime(2025, 9, 3, 20, 27, 39), 0, '', 2, '')

[2025-09-04 14:57:18,010] [database.py] [line:252] [INFO] # app `stock-rubik-cube`.`order`数据列表：
((3338203510512787459,),)

[2025-09-04 14:57:18,010] [database.py] [line:259] [INFO] # app用户id：3338203510512787459

[2025-09-04 14:57:18,065] [database.py] [line:287] [INFO] # app `stock-rubik-cube`.user_order_product数据列表：
()

[2025-09-04 14:57:18,084] [database.py] [line:85] [INFO] # 
退款订单号：20250903203914666865
[2025-09-04 14:57:18,108] [database.py] [line:97] [INFO] # 退款订单unionid：o1ELc6LrAZOqCjYiOZur5A-sVzYc，kill_order：20250903192207675301
[2025-09-04 14:57:18,132] [database.py] [line:107] [INFO] # v2_work_crm_order_main 数据列表：
((49523, '20250903203914666865', 10123, 15, 15, 1, 3, '1756903457', '', 'o1ELc6LrAZOqCjYiOZur5A-sVzYc', '赵楠', 'H4qNWOvOwe$$$$A$$$$rqaPhQyIw==', datetime.datetime(2025, 9, 3, 20, 45, 37), datetime.datetime(2025, 9, 4, 20, 45, 37), 1, 0, datetime.datetime(2025, 9, 4, 20, 45, 37), None, None, None, 0, datetime.datetime(2025, 9, 3, 20, 39, 14), datetime.datetime(2025, 9, 3, 20, 39, 14)),)

[2025-09-04 14:57:18,156] [database.py] [line:114] [INFO] # v2_work_crm_order_main_son 数据列表：
()

[2025-09-04 14:57:18,182] [database.py] [line:121] [INFO] # v2_work_crm_order_main_status 数据列表：
((49682, '20250903203914666865', 1, 1, 2, 1, datetime.datetime(2025, 9, 3, 20, 45, 37), 3, 0, 889003, 889003, 'wwec9bda2817108582', '百灵智投', 'WangSong', 'WangSong', 1, 2, 1, '私人定制', 16800000, 'srdz', '这是私人定制的描述', 1, 4, 1, '20250903192207675301', '20250903192207675301', 0, 0, 'o1ELc6LrAZOqCjYiOZur5A-sVzYc', 15, 15, '1756903457', 1, 7, '', 'd66745a769ad7356971b4829db35f56d', 0, datetime.datetime(2025, 9, 3, 20, 39, 14), None, datetime.datetime(2025, 9, 3, 20, 45, 37), 0, '888996', None, None, None, '889009', None, None, None, '889003,889017,889089,889095', None, None, None),)

[2025-09-04 14:57:18,207] [database.py] [line:127] [INFO] # v2_work_crm_hegui 数据列表：
((1203, '20250903203914666865', 'o1ELc6LrAZOqCjYiOZur5A-sVzYc', 1, 101371, '', 1, 0, 1, None, None, 1, None, None, None, None, -1, 0, '', 1, datetime.datetime(2025, 9, 3, 20, 42, 2), datetime.datetime(2025, 9, 3, 20, 45, 37)),)

[2025-09-04 14:57:18,231] [database.py] [line:133] [INFO] # v2_work_crm_order_contract 数据列表：
((44557, '20250903203914666865', 'f0ffc2c1c406484c8593b15b6e04f37b', '859645329217423484009bab22711552', '8c4a35b69d4d4dcdbe2885e0d279fdd8', 1, '产品服务协议', 'eeZRyEm7vbDA0Lxi1n6NDNDfMbS3FBKFV1I5u28WftFIskiH4SusbdejbsUQMFXYeTZ7DiuHw1ppothtjVmV4ra$$$$NMYkXIpqlZVHCnkly3TKc@@@@lCM6kGFw==', '5VFbtjRSP9eHX@@@@3H$$$$LTFZHMFWXdll9IAoUrn7BPXz2yXtq3TplNQwvXJ@@@@yh5@@@@XRKsF5R58jYF0zSk4TgP44@@@@wpTbky1lexGm7Rn6ux68ISiTrLsa7YUbZw==', datetime.datetime(2025, 9, 3, 20, 45, 37), '2025-09-03 20:41:54', 'YSTG10A25090300005', None, 'eqoh5xxl$$$$ZHJkZo7HfytjEyYA801VLRe$$$$pS78cSF3nsGRbaNikpsiSE1WU2duLjukCxhu6DZB852D2oIq8h6Tjgfi3ceE1SyC55XbRSTAzwEjDUwmwXxretVfGj2T0WoXDDix47TcowNW1Zd59ToaPXD3r69j7AYsP8qFtsHIDi5qVn14z3VgcAL$$$$tubvjpyWSjyKotZtA4L3dphwNqvHHk2ew4rh8NaaaLYbY1ZleK2vjTGJFyKapWVRwp5Jct0d@@@@NrlySjKXplUsGwiHEE2wvd2mHA2q8ceTZ7DiuHw1ppothtjVmV4ra$$$$NMYkXIpqlZVHCnkly3RVciKiMhbRwQ==', 0, '', datetime.datetime(2025, 9, 3, 20, 42, 2), datetime.datetime(2025, 9, 3, 20, 42, 2)),)

[2025-09-04 14:57:18,256] [database.py] [line:144] [INFO] # 风险测评id：41651
[2025-09-04 14:57:18,641] [database.py] [line:214] [INFO] # order_ids:('20250903192207675301',)
[2025-09-04 14:57:18,665] [database.py] [line:217] [INFO] # 更新v2_work_crm_order_main_status表is_cancellation成功！
[2025-09-04 14:57:18,748] [database.py] [line:241] [INFO] # app `stock-rubik-cube`.contract_new数据列表：
((219731, '20250903203914666865', 3338203510512787459, 'YSTG10A25090300005', 0, 'service', 0, datetime.date(2025, 9, 3), '859645329217423484009bab22711552', 'f0ffc2c1c406484c8593b15b6e04f37b', 'AAAAAAq8uroAAAAAAAgsD77vKPJhSsWaTKoKkv4FIOzXShEuHnaeIOd/6VtScfRjGGzYc+n6RxN3XlVAkojtDHMQxh3hFqzgT2B9v5zyPyqkPCWvk5j0f63uziFcRnNIA6eXChubHe0QrXm8JXZPVQAz/KReTjrKDEFORX/XOVJkykzw1jbx+V1qpBAGTbFyOJDfRGoQptiZQiZ3EqI4lBBPg9cclohSJ/ZUsSoala6VOagf5ZxBD3pty0hD8jojRrbFEWJsyJ3U1VOrz3bq/4Z3wLVgowIPzLq+LqAx4MCQLl5Kkj12+zzWuiSKPrnyEMJVCrQHF3J3oiCWrLXGtlSDpk6PVOzla7BDkasZTgNvF4o5nyglDtu0q/M+ovAXtomTCJOYcmB9QmwmEe+yIjjsCmpldXkLgNRTd1/39cd2HP/oGHFHZSL55bpAQ5bv0BH3WgT2hr4K/1G0x/pep/oiQmNhStysKCr+wQ94cYI+6kthR8qNcSEZE7YDrAzcHJwCyvTC7Sq2J611tNnqTkMSH16Q8IXLMuOh1E48fbe3s5J229X6eoqnzUvB4NJnkmz+sQnC1s4eBJgTnzWH6+JW72EJnK7BsI7WOk32QDmRPygYmeevhOOYAx2cu4mDeDz6ku3Qndgcqh4JcuTmUTs8jw==', 'AAAAAAq8uroAAAAAAAgsEG1NPEYkHg8WGho3V1Isw9ghaj8j3+zrMBHRj3pSNNTkMOwYpti1O+ZzAFiEP49JR5DXXYciFSUrR0f6B4ywYYZeovaazBPQ7Q5mGMD0CSrHj6x4pVdIuXxq5Zxh+dUfuv3Qx1Y=', datetime.datetime(2025, 9, 3, 20, 41, 54), datetime.datetime(2025, 9, 3, 20, 39, 20), datetime.datetime(2025, 9, 3, 20, 45, 37), 0, '', 2, ''),)

[2025-09-04 14:57:18,748] [database.py] [line:245] [INFO] # app `stock-rubik-cube`.contract_new数据：
(219731, '20250903203914666865', 3338203510512787459, 'YSTG10A25090300005', 0, 'service', 0, datetime.date(2025, 9, 3), '859645329217423484009bab22711552', 'f0ffc2c1c406484c8593b15b6e04f37b', 'AAAAAAq8uroAAAAAAAgsD77vKPJhSsWaTKoKkv4FIOzXShEuHnaeIOd/6VtScfRjGGzYc+n6RxN3XlVAkojtDHMQxh3hFqzgT2B9v5zyPyqkPCWvk5j0f63uziFcRnNIA6eXChubHe0QrXm8JXZPVQAz/KReTjrKDEFORX/XOVJkykzw1jbx+V1qpBAGTbFyOJDfRGoQptiZQiZ3EqI4lBBPg9cclohSJ/ZUsSoala6VOagf5ZxBD3pty0hD8jojRrbFEWJsyJ3U1VOrz3bq/4Z3wLVgowIPzLq+LqAx4MCQLl5Kkj12+zzWuiSKPrnyEMJVCrQHF3J3oiCWrLXGtlSDpk6PVOzla7BDkasZTgNvF4o5nyglDtu0q/M+ovAXtomTCJOYcmB9QmwmEe+yIjjsCmpldXkLgNRTd1/39cd2HP/oGHFHZSL55bpAQ5bv0BH3WgT2hr4K/1G0x/pep/oiQmNhStysKCr+wQ94cYI+6kthR8qNcSEZE7YDrAzcHJwCyvTC7Sq2J611tNnqTkMSH16Q8IXLMuOh1E48fbe3s5J229X6eoqnzUvB4NJnkmz+sQnC1s4eBJgTnzWH6+JW72EJnK7BsI7WOk32QDmRPygYmeevhOOYAx2cu4mDeDz6ku3Qndgcqh4JcuTmUTs8jw==', 'AAAAAAq8uroAAAAAAAgsEG1NPEYkHg8WGho3V1Isw9ghaj8j3+zrMBHRj3pSNNTkMOwYpti1O+ZzAFiEP49JR5DXXYciFSUrR0f6B4ywYYZeovaazBPQ7Q5mGMD0CSrHj6x4pVdIuXxq5Zxh+dUfuv3Qx1Y=', datetime.datetime(2025, 9, 3, 20, 41, 54), datetime.datetime(2025, 9, 3, 20, 39, 20), datetime.datetime(2025, 9, 3, 20, 45, 37), 0, '', 2, '')

[2025-09-04 14:57:18,766] [database.py] [line:252] [INFO] # app `stock-rubik-cube`.`order`数据列表：
((3338203510512787459,),)

[2025-09-04 14:57:18,766] [database.py] [line:259] [INFO] # app用户id：3338203510512787459

[2025-09-04 14:57:18,855] [database.py] [line:287] [INFO] # app `stock-rubik-cube`.user_order_product数据列表：
()

[2025-09-04 14:57:18,874] [database.py] [line:85] [INFO] # 
退款订单号：20250903205209050520
[2025-09-04 14:57:18,898] [database.py] [line:97] [INFO] # 退款订单unionid：o1ELc6LrAZOqCjYiOZur5A-sVzYc，kill_order：
[2025-09-04 14:57:18,922] [database.py] [line:107] [INFO] # v2_work_crm_order_main 数据列表：
((49524, '20250903205209050520', 10153, 15, 15, 1, 1, '1756903988', '4200002808202509033566354152', 'o1ELc6LrAZOqCjYiOZur5A-sVzYc', '赵楠', 'H4qNWOvOwe$$$$A$$$$rqaPhQyIw==', datetime.datetime(2025, 9, 4, 20, 45, 37), datetime.datetime(2025, 9, 5, 20, 45, 37), 1, 0, datetime.datetime(2025, 9, 5, 20, 45, 37), None, None, None, 0, datetime.datetime(2025, 9, 3, 20, 52, 9), datetime.datetime(2025, 9, 3, 20, 52, 9)),)

[2025-09-04 14:57:18,947] [database.py] [line:114] [INFO] # v2_work_crm_order_main_son 数据列表：
((15106, '20250903205209050520', 'SOD20250903205302763954', 15, 1, 1, '1756903988', '4200002808202509033566354152', None, '50303204712025090349316843741', '20250903205629448507', datetime.datetime(2025, 9, 3, 20, 56, 30), None, None, None, None, None, None, None, None, datetime.datetime(2025, 9, 3, 20, 53, 2)),)

[2025-09-04 14:57:18,972] [database.py] [line:121] [INFO] # v2_work_crm_order_main_status 数据列表：
((49683, '20250903205209050520', 1, 1, 2, 1, datetime.datetime(2025, 9, 3, 20, 54, 25), 1, 4, 889003, 889003, 'wwec9bda2817108582', '百灵智投', 'WangSong', 'WangSong', 1, 3, 1, '私人定制', 16800000, 'srdz', '这是私人定制的描述', 1, 4, 0, '20250903203914666865', '', 0, 0, 'o1ELc6LrAZOqCjYiOZur5A-sVzYc', 15, 15, '1756903988', 1, 7, '', '83dd4ff8d9c9fbf9b561126e1e10634d', 0, datetime.datetime(2025, 9, 3, 20, 52, 9), None, datetime.datetime(2025, 9, 3, 20, 54, 25), 0, '888996', None, None, None, '889009', None, None, None, '889003,889017,889089,889095', None, None, None),)

[2025-09-04 14:57:18,996] [database.py] [line:127] [INFO] # v2_work_crm_hegui 数据列表：
((1204, '20250903205209050520', 'o1ELc6LrAZOqCjYiOZur5A-sVzYc', 1, 101371, '', 1, 0, 1, None, None, 1, None, None, None, None, -1, 0, '', 1, datetime.datetime(2025, 9, 3, 20, 53), datetime.datetime(2025, 9, 3, 20, 54, 25)),)

[2025-09-04 14:57:19,021] [database.py] [line:133] [INFO] # v2_work_crm_order_contract 数据列表：
((44558, '20250903205209050520', 'fbf8c0acc9ce4f0ba900a82f482d9880', '004731b5f96c4d11a387fed5e8a3c8c7', '8c4a35b69d4d4dcdbe2885e0d279fdd8', 1, '产品服务协议', 'eeZRyEm7vbDA0Lxi1n6NDNDfMbS3FBKFV1I5u28WftFIskiH4SusbdejbsUQMFXYeTZ7DiuHw1ppothtjVmV4jAcbaDy1qP@@@@lZVHCnkly3TKc@@@@lCM6kGFw==', '5VFbtjRSP9eHX@@@@3H$$$$LTFZHMFWXdll9IAoUrn7BPXz2yXtq3TplNQwvXJ@@@@yh5@@@@XRKsF5R58jYF0zSk4TgP44@@@@wjan9$$$$bWyNCd7Rn6ux68ISiTrLsa7YUbZw==', datetime.datetime(2025, 9, 3, 20, 54, 25), '2025-09-03 20:52:56', 'YSTG10A25090300006', None, 'eqoh5xxl$$$$ZHJkZo7HfytjEyYA801VLRe$$$$pS78cSF3nsGRbaNikpsiSE1WU2duLjukCxhu6DZB852D2oIq8h6Tjgfi3ceE1SyC55XbRSTAzwiMqyPpgkt1OtVfGj2T0WoXDDix47TcowNW1Zd59ToaPXD3r69j7AYsP8qFtsHIDi5qVn14z3VgcAL$$$$tubvjpyWSjyKotZtA4L3dphwNqvHHk2ew4rh8NaaaLYbY1ZleIwHG2g8taj@@@@5WVRwp5Jct0d@@@@NrlySjKXplUsGwiHEE2wvd2mHA2q8ceTZ7DiuHw1ppothtjVmV4jAcbaDy1qP@@@@lZVHCnkly3RVciKiMhbRwQ==', 0, '', datetime.datetime(2025, 9, 3, 20, 53), datetime.datetime(2025, 9, 3, 20, 53)), (44559, '20250903205209050520', None, None, 'dc588181a755439aace7955f2b6da66b', 2, '终止协议-测试', None, '5VFbtjRSP9eHX@@@@3H$$$$LTFZHMFWXdll9IAoUrn7BPXz2yXtq3TplNQwvXJ@@@@yh5@@@@XRKtdxtggvPysrlhLihRAZK11sfQUJJ$$$$q9n', datetime.datetime(2025, 9, 3, 20, 56, 9), '2025-09-03 20:56:09', 'c', None, None, 0, '', datetime.datetime(2025, 9, 3, 20, 55, 58), datetime.datetime(2025, 9, 3, 20, 55, 58)))

[2025-09-04 14:57:19,046] [database.py] [line:144] [INFO] # 风险测评id：41652
[2025-09-04 14:57:19,095] [database.py] [line:157] [INFO] # 退款id：1330
[2025-09-04 14:57:19,536] [database.py] [line:241] [INFO] # app `stock-rubik-cube`.contract_new数据列表：
((219732, '20250903205209050520', 3338203510512787459, 'YSTG10A25090300006', 0, 'service', 0, datetime.date(2025, 9, 3), '004731b5f96c4d11a387fed5e8a3c8c7', 'fbf8c0acc9ce4f0ba900a82f482d9880', 'AAAAAAq8uroAAAAAAAgsEYZFTmG3dY1F1uC89fUrWU6EgQ/8/fPfJhJRQS0it0VrZosQg0/siVOf0ymU3YezezWSC5R7v6O1GN1xrgw31MdrFcQvSjEPgQ09x3Cm3yFnUUPp6Oo2RsCLGGu59I1vEJvnljmj23GNfE0UBrwl0z2Dv2WJFSzu34tjTDD9BCEQwOU+Qp7jqklY35e0qbZrb99AG+rxyVxGdqWaYSA8CQ9kSVQJIim4HPL5j30h/Zn1RVzEw2oYYdoP3Y7W26Nfq4e/I3kEaVVjihHTeM0L1g6a3/wi0FYYG6jdRYGdFonew+3yCeQ8T7Ym19oVberV0f3lvv0wRE+TRyIi4iWF2Z5eWZdnb1ffgU0n5QZfs88QtWGC3cZuSFosmX2+Y9HOVwyNOIDS9z2ZAiIrIjsUcpab+5HYnEe8sV4LC5MPx5FwNd/3HyIt5iWmaJr12r3ofvpMv2uc5L9eMfpOLA8p4RYkP5/QVViIIDupC7G3JmLVAm8jyIFGLL5FF3Ht/wXPqH7bmL/ACeXI0Hp300QXzeMyAIj/+C5qePCnIOJNFy9KdmaZELBtreWQfPQWhKsVeDwHCECv46fY2Q54DU1Z3J3Ih4kcW+n3MQtudxueVAaIZLLsbc5gOfGWNiYWZAdj66NSU7ILVhJink03', 'AAAAAAq8uroAAAAAAAgsEiLiyUADrPOa0YgwnxxChRswYM9Q8V0k3bfI2M5veKVnYit9w3xeI7HEozlAocs/OdxURGs7/Hxsep7IjrqFw+OI7mcTxCq6AdoC13wTw1YG6T7PfrygzzsI4m8mnbLr952/l9U=', datetime.datetime(2025, 9, 3, 20, 52, 56), datetime.datetime(2025, 9, 3, 20, 52, 13), datetime.datetime(2025, 9, 3, 20, 54, 25), 0, '', 2, ''), (219733, '20250903205209050520', 3338203510512787459, '', 1, 'termination', 0, None, '', '', '', '', None, datetime.datetime(2025, 9, 3, 20, 55, 59), datetime.datetime(2025, 9, 3, 20, 55, 59), 0, '', 2, ''))

[2025-09-04 14:57:19,536] [database.py] [line:245] [INFO] # app `stock-rubik-cube`.contract_new数据：
(219732, '20250903205209050520', 3338203510512787459, 'YSTG10A25090300006', 0, 'service', 0, datetime.date(2025, 9, 3), '004731b5f96c4d11a387fed5e8a3c8c7', 'fbf8c0acc9ce4f0ba900a82f482d9880', 'AAAAAAq8uroAAAAAAAgsEYZFTmG3dY1F1uC89fUrWU6EgQ/8/fPfJhJRQS0it0VrZosQg0/siVOf0ymU3YezezWSC5R7v6O1GN1xrgw31MdrFcQvSjEPgQ09x3Cm3yFnUUPp6Oo2RsCLGGu59I1vEJvnljmj23GNfE0UBrwl0z2Dv2WJFSzu34tjTDD9BCEQwOU+Qp7jqklY35e0qbZrb99AG+rxyVxGdqWaYSA8CQ9kSVQJIim4HPL5j30h/Zn1RVzEw2oYYdoP3Y7W26Nfq4e/I3kEaVVjihHTeM0L1g6a3/wi0FYYG6jdRYGdFonew+3yCeQ8T7Ym19oVberV0f3lvv0wRE+TRyIi4iWF2Z5eWZdnb1ffgU0n5QZfs88QtWGC3cZuSFosmX2+Y9HOVwyNOIDS9z2ZAiIrIjsUcpab+5HYnEe8sV4LC5MPx5FwNd/3HyIt5iWmaJr12r3ofvpMv2uc5L9eMfpOLA8p4RYkP5/QVViIIDupC7G3JmLVAm8jyIFGLL5FF3Ht/wXPqH7bmL/ACeXI0Hp300QXzeMyAIj/+C5qePCnIOJNFy9KdmaZELBtreWQfPQWhKsVeDwHCECv46fY2Q54DU1Z3J3Ih4kcW+n3MQtudxueVAaIZLLsbc5gOfGWNiYWZAdj66NSU7ILVhJink03', 'AAAAAAq8uroAAAAAAAgsEiLiyUADrPOa0YgwnxxChRswYM9Q8V0k3bfI2M5veKVnYit9w3xeI7HEozlAocs/OdxURGs7/Hxsep7IjrqFw+OI7mcTxCq6AdoC13wTw1YG6T7PfrygzzsI4m8mnbLr952/l9U=', datetime.datetime(2025, 9, 3, 20, 52, 56), datetime.datetime(2025, 9, 3, 20, 52, 13), datetime.datetime(2025, 9, 3, 20, 54, 25), 0, '', 2, '')

[2025-09-04 14:57:19,536] [database.py] [line:245] [INFO] # app `stock-rubik-cube`.contract_new数据：
(219733, '20250903205209050520', 3338203510512787459, '', 1, 'termination', 0, None, '', '', '', '', None, datetime.datetime(2025, 9, 3, 20, 55, 59), datetime.datetime(2025, 9, 3, 20, 55, 59), 0, '', 2, '')

[2025-09-04 14:57:19,555] [database.py] [line:252] [INFO] # app `stock-rubik-cube`.`order`数据列表：
((3338203510512787459,),)

[2025-09-04 14:57:19,555] [database.py] [line:259] [INFO] # app用户id：3338203510512787459

[2025-09-04 14:57:19,611] [database.py] [line:287] [INFO] # app `stock-rubik-cube`.user_order_product数据列表：
()

[2025-09-04 14:57:19,630] [database.py] [line:85] [INFO] # 
退款订单号：20250904094559223676
[2025-09-04 14:57:19,654] [database.py] [line:97] [INFO] # 退款订单unionid：o1ELc6LrAZOqCjYiOZur5A-sVzYc，kill_order：20250903203914666865
[2025-09-04 14:57:19,679] [database.py] [line:107] [INFO] # v2_work_crm_order_main 数据列表：
((49525, '20250904094559223676', 10123, 15, 15, 1, 3, '1756950729', '', 'o1ELc6LrAZOqCjYiOZur5A-sVzYc', '赵楠', 'H4qNWOvOwe$$$$A$$$$rqaPhQyIw==', datetime.datetime(2025, 9, 4, 9, 53, 29), datetime.datetime(2025, 9, 5, 9, 53, 29), 1, 0, datetime.datetime(2025, 9, 5, 9, 53, 29), None, None, None, 0, datetime.datetime(2025, 9, 4, 9, 45, 59), datetime.datetime(2025, 9, 4, 9, 45, 59)),)

[2025-09-04 14:57:19,703] [database.py] [line:114] [INFO] # v2_work_crm_order_main_son 数据列表：
()

[2025-09-04 14:57:19,728] [database.py] [line:121] [INFO] # v2_work_crm_order_main_status 数据列表：
((49684, '20250904094559223676', 1, 1, 2, 1, datetime.datetime(2025, 9, 4, 9, 53, 29), 1, 4, 889095, 889095, 'wwec9bda2817108582', '百灵智投', 'ZhangYuZe', 'ZhangYuZe', 1, 2, 1, '私人定制', 16800000, 'srdz', '这是私人定制的描述', 1, 4, 0, '20250903203914666865', '20250903203914666865', 0, 0, 'o1ELc6LrAZOqCjYiOZur5A-sVzYc', 15, 15, '1756950729', 1, 0, '', 'a8cc7ac38a096dbb343dc39af66dd731', 0, datetime.datetime(2025, 9, 4, 9, 45, 59), None, datetime.datetime(2025, 9, 4, 9, 53, 29), 0, '888996', None, None, None, '889009', None, None, None, '889003,889017,889089,889095', None, None, None),)

[2025-09-04 14:57:19,753] [database.py] [line:127] [INFO] # v2_work_crm_hegui 数据列表：
((1205, '20250904094559223676', 'o1ELc6LrAZOqCjYiOZur5A-sVzYc', 1, 101371, '', 1, 0, 1, None, None, 1, None, None, None, None, -1, 0, '', 1, datetime.datetime(2025, 9, 4, 9, 48, 30), datetime.datetime(2025, 9, 4, 9, 53, 29)),)

[2025-09-04 14:57:19,777] [database.py] [line:133] [INFO] # v2_work_crm_order_contract 数据列表：
((44560, '20250904094559223676', '711f788fb070408097b81212b6a47ef9', 'e92192d8bd4940cd9199dd71a2c56a4f', '8c4a35b69d4d4dcdbe2885e0d279fdd8', 1, '产品服务协议', 'eeZRyEm7vbDA0Lxi1n6NDNDfMbS3FBKFV1I5u28WftFIskiH4SusbdejbsUQMFXYeTZ7DiuHw1ppothtjVmV4snHBi@@@@0scpSlZVHCnkly3TKc@@@@lCM6kGFw==', '5VFbtjRSP9eHX@@@@3H$$$$LTFZHMFWXdll9IAoUrn7BPXz2yXtq3TplNQwvXJ@@@@yh5@@@@XRKsF5R58jYF0zSk4TgP44@@@@wpZkar3WAjtB7Rn6ux68ISiTrLsa7YUbZw==', datetime.datetime(2025, 9, 4, 9, 53, 29), '2025-09-04 09:48:24', 'YSTG10A25090400001', None, 'eqoh5xxl$$$$ZHJkZo7HfytjEyYA801VLRe$$$$pS78cSF3nsGRbaNikpsiSE1WU2duLjukCxhu6DZB852D2oIq8h6Tjgfi3ceE1SyclicxeO3$$$$MbAKeUirii3i$$$$tVfGj2T0WoXDDix47TcowNW1Zd59ToaPXD3r69j7AYsP8qFtsHIDi5qVn14z3VgcAL$$$$tubvjpyWSjyKotZtA4L3dphwNqvHHk2ew4rh8NaaaLYbY1ZleLJxwYv9LHKUpWVRwp5Jct0d@@@@NrlySjKXplUsGwiHEE2wvd2mHA2q8ceTZ7DiuHw1ppothtjVmV4snHBi@@@@0scpSlZVHCnkly3RVciKiMhbRwQ==', 0, '', datetime.datetime(2025, 9, 4, 9, 48, 30), datetime.datetime(2025, 9, 4, 9, 48, 30)), (44565, '20250904094559223676', None, None, 'dc588181a755439aace7955f2b6da66b', 2, '终止协议-测试', None, '5VFbtjRSP9eHX@@@@3H$$$$LTFZHMFWXdll9IAoUrn7BPXz2yXtq3TplNQwvXJ@@@@yh5@@@@XRKtdxtggvPysrlhLihRAZK11sfQUJJ$$$$q9n', datetime.datetime(2025, 9, 4, 10, 47, 28), '2025-09-04 10:47:28', 'c', None, None, 0, '', datetime.datetime(2025, 9, 4, 10, 47, 15), datetime.datetime(2025, 9, 4, 10, 47, 15)))

[2025-09-04 14:57:19,801] [database.py] [line:144] [INFO] # 风险测评id：41653
[2025-09-04 14:57:19,849] [database.py] [line:157] [INFO] # 退款id：1333
[2025-09-04 14:57:20,208] [database.py] [line:214] [INFO] # order_ids:('20250903203914666865',)
[2025-09-04 14:57:20,231] [database.py] [line:217] [INFO] # 更新v2_work_crm_order_main_status表is_cancellation成功！
[2025-09-04 14:57:20,315] [database.py] [line:241] [INFO] # app `stock-rubik-cube`.contract_new数据列表：
((219734, '20250904094559223676', 3338203510512787459, 'YSTG10A25090400001', 0, 'service', 0, datetime.date(2025, 9, 4), 'e92192d8bd4940cd9199dd71a2c56a4f', '711f788fb070408097b81212b6a47ef9', 'AAAAAAq8uroAAAAAAAgsE0YUOkplvd0Bea2t0U4qckOHloDzTuNtUn/8xhM9oHkQKut76/1ooqpxDe3ius1gVT+K+W3LjTJrRtrChxhBfn+xGJ2jzna/oPJyA4LLIHLMI6/WHFyMQpRxk2+Cm9UznmBl0iTf3p6Yh5/yLETuGdOZF0KfHgKIWtszTIktBdsfpX3yrP+XZGUL+sfLmoGdS1FJmzd5vs59qgGraNJxy8aU3s9rrolNzSd7H+EpDG+Mfz9UhMXnkxOrsRRmYiH+QZOSz5vJGTMhI50qWmlUHoRJ/JW5DfQuzKAcg63Ba3e0ES6UWb/ijFJZE5+fUHR1FyraNkCEYIopu0A2luXnBLo22id2HPDcF/9lVO/+01yg9FCMjTjTawA6Vy5t4Hcv+ZKnJ0OxB8yfJI//JGIDJ/EwysRUXibvvPdNvY9J7NlVogQFa2WVSfQSTB8DptBdIVe3y1wwgnBZVcR8hint4spy6LGoYgMYYClN8Lnt/6Xf5bYP2xwWpr9IXkSDFU/3OuDW4smBkdxHqQHXlD+8bYH5LNf4fkekiZHyEy+9syPBhIRJRPvhtTvPbLUK3pnKsUZb3IcVmzOhq68ZORei6HFZSihu0pZO/THGkC3y2MX47x0/G4qlJwBbJJJTm1nlbXCAUDet', 'AAAAAAq8uroAAAAAAAgsFPW40e5rB2hLDqhKrlBnqAQs6Vjg5QsUslBWT6/APAyGaW59ciRqa+EwokvBAjw27LCBqc0gE0OG1mOLTKQE1+sZcRckIhtT3cQ3gwkx6K/dPiZ1bs2guK5HT/ojSTODULbFNwE=', datetime.datetime(2025, 9, 4, 9, 48, 24), datetime.datetime(2025, 9, 4, 9, 46, 5), datetime.datetime(2025, 9, 4, 9, 53, 29), 0, '', 2, ''), (219739, '20250904094559223676', 3338203510512787459, '', 1, 'termination', 0, None, '', '', '', '', None, datetime.datetime(2025, 9, 4, 10, 47, 16), datetime.datetime(2025, 9, 4, 10, 47, 16), 0, '', 2, ''))

[2025-09-04 14:57:20,315] [database.py] [line:245] [INFO] # app `stock-rubik-cube`.contract_new数据：
(219734, '20250904094559223676', 3338203510512787459, 'YSTG10A25090400001', 0, 'service', 0, datetime.date(2025, 9, 4), 'e92192d8bd4940cd9199dd71a2c56a4f', '711f788fb070408097b81212b6a47ef9', 'AAAAAAq8uroAAAAAAAgsE0YUOkplvd0Bea2t0U4qckOHloDzTuNtUn/8xhM9oHkQKut76/1ooqpxDe3ius1gVT+K+W3LjTJrRtrChxhBfn+xGJ2jzna/oPJyA4LLIHLMI6/WHFyMQpRxk2+Cm9UznmBl0iTf3p6Yh5/yLETuGdOZF0KfHgKIWtszTIktBdsfpX3yrP+XZGUL+sfLmoGdS1FJmzd5vs59qgGraNJxy8aU3s9rrolNzSd7H+EpDG+Mfz9UhMXnkxOrsRRmYiH+QZOSz5vJGTMhI50qWmlUHoRJ/JW5DfQuzKAcg63Ba3e0ES6UWb/ijFJZE5+fUHR1FyraNkCEYIopu0A2luXnBLo22id2HPDcF/9lVO/+01yg9FCMjTjTawA6Vy5t4Hcv+ZKnJ0OxB8yfJI//JGIDJ/EwysRUXibvvPdNvY9J7NlVogQFa2WVSfQSTB8DptBdIVe3y1wwgnBZVcR8hint4spy6LGoYgMYYClN8Lnt/6Xf5bYP2xwWpr9IXkSDFU/3OuDW4smBkdxHqQHXlD+8bYH5LNf4fkekiZHyEy+9syPBhIRJRPvhtTvPbLUK3pnKsUZb3IcVmzOhq68ZORei6HFZSihu0pZO/THGkC3y2MX47x0/G4qlJwBbJJJTm1nlbXCAUDet', 'AAAAAAq8uroAAAAAAAgsFPW40e5rB2hLDqhKrlBnqAQs6Vjg5QsUslBWT6/APAyGaW59ciRqa+EwokvBAjw27LCBqc0gE0OG1mOLTKQE1+sZcRckIhtT3cQ3gwkx6K/dPiZ1bs2guK5HT/ojSTODULbFNwE=', datetime.datetime(2025, 9, 4, 9, 48, 24), datetime.datetime(2025, 9, 4, 9, 46, 5), datetime.datetime(2025, 9, 4, 9, 53, 29), 0, '', 2, '')

[2025-09-04 14:57:20,315] [database.py] [line:245] [INFO] # app `stock-rubik-cube`.contract_new数据：
(219739, '20250904094559223676', 3338203510512787459, '', 1, 'termination', 0, None, '', '', '', '', None, datetime.datetime(2025, 9, 4, 10, 47, 16), datetime.datetime(2025, 9, 4, 10, 47, 16), 0, '', 2, '')

[2025-09-04 14:57:20,334] [database.py] [line:252] [INFO] # app `stock-rubik-cube`.`order`数据列表：
((3338203510512787459,),)

[2025-09-04 14:57:20,334] [database.py] [line:259] [INFO] # app用户id：3338203510512787459

[2025-09-04 14:57:20,389] [database.py] [line:287] [INFO] # app `stock-rubik-cube`.user_order_product数据列表：
()

[2025-09-04 14:57:20,408] [database.py] [line:85] [INFO] # 
退款订单号：20250904100914959115
[2025-09-04 14:57:20,433] [database.py] [line:97] [INFO] # 退款订单unionid：o1ELc6LrAZOqCjYiOZur5A-sVzYc，kill_order：
[2025-09-04 14:57:20,457] [database.py] [line:107] [INFO] # v2_work_crm_order_main 数据列表：
((49526, '20250904100914959115', 10153, 15, 15, 1, 1, '1756951853', '4200002832202509042012638064', 'o1ELc6LrAZOqCjYiOZur5A-sVzYc', '赵楠', 'H4qNWOvOwe$$$$A$$$$rqaPhQyIw==', datetime.datetime(2025, 9, 5, 9, 53, 29), datetime.datetime(2025, 9, 6, 9, 53, 29), 1, 0, datetime.datetime(2025, 9, 6, 9, 53, 29), None, None, None, 0, datetime.datetime(2025, 9, 4, 10, 9, 14), datetime.datetime(2025, 9, 4, 10, 9, 14)),)

[2025-09-04 14:57:20,482] [database.py] [line:114] [INFO] # v2_work_crm_order_main_son 数据列表：
((15107, '20250904100914959115', 'SOD20250904101048840793', 15, 1, 1, '1756951853', '4200002832202509042012638064', None, '50302404782025090447101569731', '20250904101551711730', datetime.datetime(2025, 9, 4, 10, 15, 52), None, None, None, None, None, None, None, None, datetime.datetime(2025, 9, 4, 10, 10, 48)),)

[2025-09-04 14:57:20,507] [database.py] [line:121] [INFO] # v2_work_crm_order_main_status 数据列表：
((49685, '20250904100914959115', 1, 1, 2, 1, datetime.datetime(2025, 9, 4, 10, 11, 52), 1, 4, 889095, 889095, 'wwec9bda2817108582', '百灵智投', 'ZhangYuZe', 'ZhangYuZe', 1, 3, 1, '私人定制', 16800000, 'srdz', '这是私人定制的描述', 1, 4, 0, '20250904094559223676', '', 0, 0, 'o1ELc6LrAZOqCjYiOZur5A-sVzYc', 15, 15, '1756951853', 1, 0, '', '16edbeeea90905349b8da10151d8074d', 0, datetime.datetime(2025, 9, 4, 10, 9, 14), None, datetime.datetime(2025, 9, 4, 10, 11, 52), 0, '888996', None, None, None, '889009', None, None, None, '889003,889017,889089,889095', None, None, None),)

[2025-09-04 14:57:20,532] [database.py] [line:127] [INFO] # v2_work_crm_hegui 数据列表：
((1206, '20250904100914959115', 'o1ELc6LrAZOqCjYiOZur5A-sVzYc', 1, 101371, '', 1, 0, 1, None, None, 1, None, None, None, None, -1, 0, '', 1, datetime.datetime(2025, 9, 4, 10, 10, 35), datetime.datetime(2025, 9, 4, 10, 11, 52)),)

[2025-09-04 14:57:20,557] [database.py] [line:133] [INFO] # v2_work_crm_order_contract 数据列表：
((44561, '20250904100914959115', 'eb6b4118d88a45ab8babe2d876684255', 'c4f6a8290c8740cd94b7fdd15eff8c63', '8c4a35b69d4d4dcdbe2885e0d279fdd8', 1, '产品服务协议', 'eeZRyEm7vbDA0Lxi1n6NDNDfMbS3FBKFV1I5u28WftFIskiH4SusbdejbsUQMFXYeTZ7DiuHw1ppothtjVmV4l3nP4OaN0chlZVHCnkly3TKc@@@@lCM6kGFw==', '5VFbtjRSP9eHX@@@@3H$$$$LTFZHMFWXdll9IAoUrn7BPXz2yXtq3TplNQwvXJ@@@@yh5@@@@XRKsF5R58jYF0zSk4TgP44@@@@wjAX1ijzbDHe7Rn6ux68ISiTrLsa7YUbZw==', datetime.datetime(2025, 9, 4, 10, 11, 52), '2025-09-04 10:10:30', 'YSTG10A25090400002', None, 'eqoh5xxl$$$$ZHJkZo7HfytjEyYA801VLRe$$$$pS78cSF3nsGRbaNikpsiSE1WU2duLjukCxhu6DZB852D2oIq8h6Tjgfi3ceE1SyclicxeO3$$$$MbyfVzzlCog5$$$$tVfGj2T0WoXDDix47TcowNW1Zd59ToaPXD3r69j7AYsP8qFtsHIDi5qVn14z3VgcAL$$$$tubvjpyWSjyKotZtA4L3dphwNqvHHk2ew4rh8NaaaLYbY1ZleJd5z$$$$DmjdHIZWVRwp5Jct0d@@@@NrlySjKXplUsGwiHEE2wvd2mHA2q8ceTZ7DiuHw1ppothtjVmV4l3nP4OaN0chlZVHCnkly3RVciKiMhbRwQ==', 0, '', datetime.datetime(2025, 9, 4, 10, 10, 35), datetime.datetime(2025, 9, 4, 10, 10, 35)), (44562, '20250904100914959115', None, None, 'dc588181a755439aace7955f2b6da66b', 2, '终止协议-测试', None, '5VFbtjRSP9eHX@@@@3H$$$$LTFZHMFWXdll9IAoUrn7BPXz2yXtq3TplNQwvXJ@@@@yh5@@@@XRKtdxtggvPysrlhLihRAZK11sfQUJJ$$$$q9n', datetime.datetime(2025, 9, 4, 10, 15, 29), '2025-09-04 10:15:29', 'c', None, None, 0, '', datetime.datetime(2025, 9, 4, 10, 15, 14), datetime.datetime(2025, 9, 4, 10, 15, 14)))

[2025-09-04 14:57:20,581] [database.py] [line:144] [INFO] # 风险测评id：41654
[2025-09-04 14:57:20,630] [database.py] [line:157] [INFO] # 退款id：1331
[2025-09-04 14:57:21,165] [database.py] [line:241] [INFO] # app `stock-rubik-cube`.contract_new数据列表：
((219735, '20250904100914959115', 3338203510512787459, 'YSTG10A25090400002', 0, 'service', 0, datetime.date(2025, 9, 4), 'c4f6a8290c8740cd94b7fdd15eff8c63', 'eb6b4118d88a45ab8babe2d876684255', 'AAAAAAq8uroAAAAAAAgsFQbsDQdO3QazDD5UwO4kjelfQxkitreICAcABy6DGKHrGdZjH1Ae/Mlu9KphCl0UXbzosXt+lk93zavguVIO+Uk6x3yiMiB5awsCCrJnMg8x36sseZRjjWAOLOvZeFbX/hOYSELkvb5pDKKCQCwJVAHQpeUdGorSEowUr54gSaAQjmwuKCvweeWUFZTa6kfzs9vJC2HJdGfSrPdsP3Au69JyTefvO8GX94JIpH3rBT4GAxamp7mTj8zCoA58J7rKaEUzjPKUA2F0FpQbwzFQCM9GwkVbloNpHLl2h+7V1iiD4DhZ91hn3lk2eVCda25EHaSPgfdddCkaq48YOwITHBLqElNKtgw5tvC4JDoRWpa5avtQb7AYv61UGaBjcB1GtjTCDbHtTU0KdMGEVA1XPabNn1GRMGqPvip/HvQAgJmcrWWJ7BtwnBLgmeEH9bgTJJA0rZQ8Fe822llXIsdC3KxW7DaTIMHltaP+uk6IVIoP1VBNpe3JWEKdYy0s5F3NwT/OLS8vwKS6i3JcTjd1+j5E2Jri0saxXSPPKbyNppN2jrCuQtwBL9tVYnyzTubIOrT7c0Pb55YE/a9wgrlQ+bH5ovrtQwrf/27QJtWSRzGAx601E2/eXsygTri5nLJ5pGpntSS3/lw=', 'AAAAAAq8uroAAAAAAAgsFvbxZ4gCKs/7uFu2pRHfgkSZG0zJMML1+lHktrxZndWeBioMIfHRK5/PJyp7lemKY20r21mCQwb/Q7QZeaMXTmGQ6qY/8jHh6YMXMyE7DEzPGOoaJ7Fzi5SVW06O/0x2GFlfa5o=', datetime.datetime(2025, 9, 4, 10, 10, 30), datetime.datetime(2025, 9, 4, 10, 9, 33), datetime.datetime(2025, 9, 4, 10, 11, 53), 0, '', 2, ''), (219736, '20250904100914959115', 3338203510512787459, '', 1, 'termination', 0, None, '', '', '', '', None, datetime.datetime(2025, 9, 4, 10, 15, 14), datetime.datetime(2025, 9, 4, 10, 15, 14), 0, '', 2, ''))

[2025-09-04 14:57:21,166] [database.py] [line:245] [INFO] # app `stock-rubik-cube`.contract_new数据：
(219735, '20250904100914959115', 3338203510512787459, 'YSTG10A25090400002', 0, 'service', 0, datetime.date(2025, 9, 4), 'c4f6a8290c8740cd94b7fdd15eff8c63', 'eb6b4118d88a45ab8babe2d876684255', 'AAAAAAq8uroAAAAAAAgsFQbsDQdO3QazDD5UwO4kjelfQxkitreICAcABy6DGKHrGdZjH1Ae/Mlu9KphCl0UXbzosXt+lk93zavguVIO+Uk6x3yiMiB5awsCCrJnMg8x36sseZRjjWAOLOvZeFbX/hOYSELkvb5pDKKCQCwJVAHQpeUdGorSEowUr54gSaAQjmwuKCvweeWUFZTa6kfzs9vJC2HJdGfSrPdsP3Au69JyTefvO8GX94JIpH3rBT4GAxamp7mTj8zCoA58J7rKaEUzjPKUA2F0FpQbwzFQCM9GwkVbloNpHLl2h+7V1iiD4DhZ91hn3lk2eVCda25EHaSPgfdddCkaq48YOwITHBLqElNKtgw5tvC4JDoRWpa5avtQb7AYv61UGaBjcB1GtjTCDbHtTU0KdMGEVA1XPabNn1GRMGqPvip/HvQAgJmcrWWJ7BtwnBLgmeEH9bgTJJA0rZQ8Fe822llXIsdC3KxW7DaTIMHltaP+uk6IVIoP1VBNpe3JWEKdYy0s5F3NwT/OLS8vwKS6i3JcTjd1+j5E2Jri0saxXSPPKbyNppN2jrCuQtwBL9tVYnyzTubIOrT7c0Pb55YE/a9wgrlQ+bH5ovrtQwrf/27QJtWSRzGAx601E2/eXsygTri5nLJ5pGpntSS3/lw=', 'AAAAAAq8uroAAAAAAAgsFvbxZ4gCKs/7uFu2pRHfgkSZG0zJMML1+lHktrxZndWeBioMIfHRK5/PJyp7lemKY20r21mCQwb/Q7QZeaMXTmGQ6qY/8jHh6YMXMyE7DEzPGOoaJ7Fzi5SVW06O/0x2GFlfa5o=', datetime.datetime(2025, 9, 4, 10, 10, 30), datetime.datetime(2025, 9, 4, 10, 9, 33), datetime.datetime(2025, 9, 4, 10, 11, 53), 0, '', 2, '')

[2025-09-04 14:57:21,166] [database.py] [line:245] [INFO] # app `stock-rubik-cube`.contract_new数据：
(219736, '20250904100914959115', 3338203510512787459, '', 1, 'termination', 0, None, '', '', '', '', None, datetime.datetime(2025, 9, 4, 10, 15, 14), datetime.datetime(2025, 9, 4, 10, 15, 14), 0, '', 2, '')

[2025-09-04 14:57:21,183] [database.py] [line:252] [INFO] # app `stock-rubik-cube`.`order`数据列表：
((3338203510512787459,),)

[2025-09-04 14:57:21,183] [database.py] [line:259] [INFO] # app用户id：3338203510512787459

[2025-09-04 14:57:21,239] [database.py] [line:287] [INFO] # app `stock-rubik-cube`.user_order_product数据列表：
()

[2025-09-04 14:57:21,259] [database.py] [line:85] [INFO] # 
退款订单号：20250904103605553140
[2025-09-04 14:57:21,283] [database.py] [line:97] [INFO] # 退款订单unionid：o1ELc6LrAZOqCjYiOZur5A-sVzYc，kill_order：
[2025-09-04 14:57:21,307] [database.py] [line:107] [INFO] # v2_work_crm_order_main 数据列表：
((49527, '20250904103605553140', 10153, 15, 15, 1, 1, '1756953580', '4200002751202509048627217231', 'o1ELc6LrAZOqCjYiOZur5A-sVzYc', '赵楠', 'H4qNWOvOwe$$$$A$$$$rqaPhQyIw==', datetime.datetime(2025, 9, 5, 9, 53, 29), datetime.datetime(2025, 9, 6, 9, 53, 29), 1, 0, datetime.datetime(2025, 9, 6, 9, 53, 29), None, None, None, 0, datetime.datetime(2025, 9, 4, 10, 36, 5), datetime.datetime(2025, 9, 4, 10, 36, 5)),)

[2025-09-04 14:57:21,331] [database.py] [line:114] [INFO] # v2_work_crm_order_main_son 数据列表：
((15108, '20250904103605553140', 'SOD20250904103802664969', 15, 1, 1, '1756953580', '4200002751202509048627217231', None, '50303104752025090418120429296', '20250904104230902820', datetime.datetime(2025, 9, 4, 10, 42, 31), None, None, None, None, None, None, None, None, datetime.datetime(2025, 9, 4, 10, 38, 2)),)

[2025-09-04 14:57:21,356] [database.py] [line:121] [INFO] # v2_work_crm_order_main_status 数据列表：
((49686, '20250904103605553140', 1, 1, 2, 1, datetime.datetime(2025, 9, 4, 10, 40, 42), 1, 4, 889089, 889089, 'wwec9bda2817108582', '百灵智投', 'YangZhanYou', 'YangZhanYou', 1, 3, 1, '私人定制', 16800000, 'srdz', '这是私人定制的描述', 1, 4, 0, '20250904100914959115', '', 0, 0, 'o1ELc6LrAZOqCjYiOZur5A-sVzYc', 15, 15, '1756953580', 1, 7, '', '7e1084f8e63a8acce78b39b2d4f0aa7e', 0, datetime.datetime(2025, 9, 4, 10, 36, 5), None, datetime.datetime(2025, 9, 4, 10, 40, 42), 0, '888996', None, None, None, '889009', None, None, None, '889003,889017,889089,889095', None, None, None),)

[2025-09-04 14:57:21,379] [database.py] [line:127] [INFO] # v2_work_crm_hegui 数据列表：
((1207, '20250904103605553140', 'o1ELc6LrAZOqCjYiOZur5A-sVzYc', 1, 101371, '', 1, 0, 1, None, None, 1, None, None, None, None, -1, 0, '', 1, datetime.datetime(2025, 9, 4, 10, 37, 55), datetime.datetime(2025, 9, 4, 10, 40, 42)),)

[2025-09-04 14:57:21,404] [database.py] [line:133] [INFO] # v2_work_crm_order_contract 数据列表：
((44563, '20250904103605553140', '65790004c4df4d7aa20d1835039a2fca', '5668dd2a324641e8b24cc05fa387b917', '8c4a35b69d4d4dcdbe2885e0d279fdd8', 1, '产品服务协议', 'eeZRyEm7vbDA0Lxi1n6NDNDfMbS3FBKFV1I5u28WftFIskiH4SusbdejbsUQMFXYeTZ7DiuHw1ppothtjVmV4oXiUV4enRpFlZVHCnkly3TKc@@@@lCM6kGFw==', '5VFbtjRSP9eHX@@@@3H$$$$LTFZHMFWXdll9IAoUrn7BPXz2yXtq3TplNQwvXJ@@@@yh5@@@@XRKsF5R58jYF0zSk4TgP44@@@@wspmFIe66mIg7Rn6ux68ISiTrLsa7YUbZw==', datetime.datetime(2025, 9, 4, 10, 40, 42), '2025-09-04 10:37:53', 'YSTG10A25090400003', None, 'eqoh5xxl$$$$ZHJkZo7HfytjEyYA801VLRe$$$$pS78cSF3nsGRbaNikpsiSE1WU2duLjukCxhu6DZB852D2oIq8h6Tjgfi3ceE1SyclicxeO3$$$$MaUIOYvJETg2$$$$tVfGj2T0WoXDDix47TcowNW1Zd59ToaPXD3r69j7AYsP8qFtsHIDi5qVn14z3VgcAL$$$$tubvjpyWSjyKotZtA4L3dphwNqvHHk2ew4rh8NaaaLYbY1ZleKF4lFeHp0aRZWVRwp5Jct0d@@@@NrlySjKXplUsGwiHEE2wvd2mHA2q8ceTZ7DiuHw1ppothtjVmV4oXiUV4enRpFlZVHCnkly3RVciKiMhbRwQ==', 0, '', datetime.datetime(2025, 9, 4, 10, 37, 55), datetime.datetime(2025, 9, 4, 10, 37, 55)), (44564, '20250904103605553140', None, None, 'dc588181a755439aace7955f2b6da66b', 2, '终止协议-测试', None, '5VFbtjRSP9eHX@@@@3H$$$$LTFZHMFWXdll9IAoUrn7BPXz2yXtq3TplNQwvXJ@@@@yh5@@@@XRKtdxtggvPysrlhLihRAZK11sfQUJJ$$$$q9n', datetime.datetime(2025, 9, 4, 10, 41, 55), '2025-09-04 10:41:55', 'c', None, None, 0, '', datetime.datetime(2025, 9, 4, 10, 41, 42), datetime.datetime(2025, 9, 4, 10, 41, 42)))

[2025-09-04 14:57:21,428] [database.py] [line:144] [INFO] # 风险测评id：41655
[2025-09-04 14:57:21,476] [database.py] [line:157] [INFO] # 退款id：1332
[2025-09-04 14:57:21,920] [database.py] [line:241] [INFO] # app `stock-rubik-cube`.contract_new数据列表：
((219737, '20250904103605553140', 3338203510512787459, 'YSTG10A25090400003', 0, 'service', 0, datetime.date(2025, 9, 4), '5668dd2a324641e8b24cc05fa387b917', '65790004c4df4d7aa20d1835039a2fca', 'AAAAAAq8uroAAAAAAAgsF1RWbXcPc8Pc0bnv9fYL8OHF7LPkn29b3zJ9/TFDbjgoLv+Z8XZTs4dl47jzmcYuCLIchYuvJKL9qSG0lc6UdnQmvfJc2JApitJf3+J1RuDUT728PK5vunVMw6CEZcpyL1lz4eyKC4axzS7BuAHFE/X0kS+DDjcQgJ/uwAwtDbiXeLH64A4aOlvgXakqvzZAoqbUtzS9SPc1Hz01vjqYDHikud24wbyLQtqDcjAOyjwKeTisSQpNk2veL0Znnnz/xunNqVbKGY4PhRPMPtWyodzaqIlFdijk2Yu77UXxVxhRMYd9lIadSFbz35Kdsa0Jg5lHFNzn6NQr4HlupeH70tCIhGIo1VDJxPEfViiOSO0VbfBB3RJHE6V7RJYGtm0F0IJWFR3rkB22dnhZK40tHNhHKO9YzBT7anpS3A3Xq3e7YU/UAj8uHo6bftTiEwZn3Mflsyw7FR+PSP3G2JzfcXZlWfC08qabsxw7iHerV1EeCXfMufhC0seIqCjSDPykc21s0P8UBlYsBIS+jXzzYwnoRh/QX27sibCvX6tDQtxobKe0st4z+GsEnqpRiEDPL9/aEBc+HkpRcLZB6t9jWHYUbtCB03nwxPwhR2TvJ+6kE2iDIwAMSpnRsNHI91wP4nY6tCbT', 'AAAAAAq8uroAAAAAAAgsGJylHx9Yredjal3y8WEBG8/xf/zpHls7tMN3Cb6K0Iu/XD9Vc+9r3+An4IcuKtw2l7W3pm2YEBvPqHhqbs9tyrTbc520Q/p5UFkJaeqlKcq+eRH0UWVofmKEt8oQN66HWBcGJvk=', datetime.datetime(2025, 9, 4, 10, 37, 53), datetime.datetime(2025, 9, 4, 10, 36, 59), datetime.datetime(2025, 9, 4, 10, 40, 42), 0, '', 2, ''), (219738, '20250904103605553140', 3338203510512787459, '', 1, 'termination', 0, None, '', '', '', '', None, datetime.datetime(2025, 9, 4, 10, 41, 42), datetime.datetime(2025, 9, 4, 10, 41, 42), 0, '', 2, ''))

[2025-09-04 14:57:21,920] [database.py] [line:245] [INFO] # app `stock-rubik-cube`.contract_new数据：
(219737, '20250904103605553140', 3338203510512787459, 'YSTG10A25090400003', 0, 'service', 0, datetime.date(2025, 9, 4), '5668dd2a324641e8b24cc05fa387b917', '65790004c4df4d7aa20d1835039a2fca', 'AAAAAAq8uroAAAAAAAgsF1RWbXcPc8Pc0bnv9fYL8OHF7LPkn29b3zJ9/TFDbjgoLv+Z8XZTs4dl47jzmcYuCLIchYuvJKL9qSG0lc6UdnQmvfJc2JApitJf3+J1RuDUT728PK5vunVMw6CEZcpyL1lz4eyKC4axzS7BuAHFE/X0kS+DDjcQgJ/uwAwtDbiXeLH64A4aOlvgXakqvzZAoqbUtzS9SPc1Hz01vjqYDHikud24wbyLQtqDcjAOyjwKeTisSQpNk2veL0Znnnz/xunNqVbKGY4PhRPMPtWyodzaqIlFdijk2Yu77UXxVxhRMYd9lIadSFbz35Kdsa0Jg5lHFNzn6NQr4HlupeH70tCIhGIo1VDJxPEfViiOSO0VbfBB3RJHE6V7RJYGtm0F0IJWFR3rkB22dnhZK40tHNhHKO9YzBT7anpS3A3Xq3e7YU/UAj8uHo6bftTiEwZn3Mflsyw7FR+PSP3G2JzfcXZlWfC08qabsxw7iHerV1EeCXfMufhC0seIqCjSDPykc21s0P8UBlYsBIS+jXzzYwnoRh/QX27sibCvX6tDQtxobKe0st4z+GsEnqpRiEDPL9/aEBc+HkpRcLZB6t9jWHYUbtCB03nwxPwhR2TvJ+6kE2iDIwAMSpnRsNHI91wP4nY6tCbT', 'AAAAAAq8uroAAAAAAAgsGJylHx9Yredjal3y8WEBG8/xf/zpHls7tMN3Cb6K0Iu/XD9Vc+9r3+An4IcuKtw2l7W3pm2YEBvPqHhqbs9tyrTbc520Q/p5UFkJaeqlKcq+eRH0UWVofmKEt8oQN66HWBcGJvk=', datetime.datetime(2025, 9, 4, 10, 37, 53), datetime.datetime(2025, 9, 4, 10, 36, 59), datetime.datetime(2025, 9, 4, 10, 40, 42), 0, '', 2, '')

[2025-09-04 14:57:21,920] [database.py] [line:245] [INFO] # app `stock-rubik-cube`.contract_new数据：
(219738, '20250904103605553140', 3338203510512787459, '', 1, 'termination', 0, None, '', '', '', '', None, datetime.datetime(2025, 9, 4, 10, 41, 42), datetime.datetime(2025, 9, 4, 10, 41, 42), 0, '', 2, '')

[2025-09-04 14:57:21,938] [database.py] [line:252] [INFO] # app `stock-rubik-cube`.`order`数据列表：
((3338203510512787459,),)

[2025-09-04 14:57:21,938] [database.py] [line:259] [INFO] # app用户id：3338203510512787459

[2025-09-04 14:57:21,992] [database.py] [line:287] [INFO] # app `stock-rubik-cube`.user_order_product数据列表：
()

[2025-09-04 14:57:22,012] [database.py] [line:85] [INFO] # 
退款订单号：20250904104945801711
[2025-09-04 14:57:22,036] [database.py] [line:97] [INFO] # 退款订单unionid：o1ELc6LrAZOqCjYiOZur5A-sVzYc，kill_order：
[2025-09-04 14:57:22,060] [database.py] [line:107] [INFO] # v2_work_crm_order_main 数据列表：
((49528, '20250904104945801711', 10176, 7, 7, 0, 0, None, '', 'o1ELc6LrAZOqCjYiOZur5A-sVzYc', '赵楠', 'H4qNWOvOwe$$$$A$$$$rqaPhQyIw==', None, None, 365, 0, None, None, None, None, 1, datetime.datetime(2025, 9, 4, 10, 49, 45), datetime.datetime(2025, 9, 4, 10, 49, 45)),)

[2025-09-04 14:57:22,084] [database.py] [line:114] [INFO] # v2_work_crm_order_main_son 数据列表：
()

[2025-09-04 14:57:22,108] [database.py] [line:121] [INFO] # v2_work_crm_order_main_status 数据列表：
((49687, '20250904104945801711', 0, 0, 2, 0, None, 3, 0, 889017, 889017, 'wwec9bda2817108582', '百灵智投', 'ZhaoNan', 'ZhaoNan', 1, 2, 0, '趋势智投', 7, 'qszt-4-2', '这是趋势智投-四合一的描述', 365, 11, 0, '20250904103605553140', '', 0, 0, 'o1ELc6LrAZOqCjYiOZur5A-sVzYc', 7, 7, None, 0, 0, '', '', 1, datetime.datetime(2025, 9, 4, 10, 49, 45), None, None, 0, '888996', None, None, None, '889009', None, None, None, '889003,889017,889089,889095', None, None, None),)

[2025-09-04 14:57:22,133] [database.py] [line:127] [INFO] # v2_work_crm_hegui 数据列表：
()

[2025-09-04 14:57:22,158] [database.py] [line:133] [INFO] # v2_work_crm_order_contract 数据列表：
()

[2025-09-04 14:57:22,630] [database.py] [line:241] [INFO] # app `stock-rubik-cube`.contract_new数据列表：
()

[2025-09-04 14:57:22,649] [database.py] [line:252] [INFO] # app `stock-rubik-cube`.`order`数据列表：
()

[2025-09-04 14:57:22,668] [database.py] [line:287] [INFO] # app `stock-rubik-cube`.user_order_product数据列表：
()

[2025-09-04 14:57:22,688] [database.py] [line:85] [INFO] # 
退款订单号：20250904105210655992
[2025-09-04 14:57:22,713] [database.py] [line:97] [INFO] # 退款订单unionid：o1ELc6LrAZOqCjYiOZur5A-sVzYc，kill_order：
[2025-09-04 14:57:22,737] [database.py] [line:107] [INFO] # v2_work_crm_order_main 数据列表：
((49529, '20250904105210655992', 10153, 15, 15, 1, 3, '1756954537', '', 'o1ELc6LrAZOqCjYiOZur5A-sVzYc', '赵楠', 'H4qNWOvOwe$$$$A$$$$rqaPhQyIw==', datetime.datetime(2025, 9, 4, 10, 56, 7), datetime.datetime(2025, 9, 5, 10, 56, 7), 1, 0, datetime.datetime(2025, 9, 5, 10, 56, 7), None, None, None, 0, datetime.datetime(2025, 9, 4, 10, 52, 10), datetime.datetime(2025, 9, 4, 10, 52, 10)),)

[2025-09-04 14:57:22,762] [database.py] [line:114] [INFO] # v2_work_crm_order_main_son 数据列表：
()

[2025-09-04 14:57:22,787] [database.py] [line:121] [INFO] # v2_work_crm_order_main_status 数据列表：
((49688, '20250904105210655992', 1, 1, 2, 1, datetime.datetime(2025, 9, 4, 10, 56, 7), 1, 4, 889089, 889089, 'wwec9bda2817108582', '百灵智投', 'YangZhanYou', 'YangZhanYou', 1, 3, 1, '私人定制', 16800000, 'srdz', '这是私人定制的描述', 1, 4, 0, '20250904103605553140', '', 0, 0, 'o1ELc6LrAZOqCjYiOZur5A-sVzYc', 15, 15, '1756954537', 1, 7, '', 'd46025b6905ba91f921bbab444af0fa9', 0, datetime.datetime(2025, 9, 4, 10, 52, 10), None, datetime.datetime(2025, 9, 4, 10, 56, 7), 0, '888996', None, None, None, '889009', None, None, None, '889003,889017,889089,889095', None, None, None),)

[2025-09-04 14:57:22,814] [database.py] [line:127] [INFO] # v2_work_crm_hegui 数据列表：
((1208, '20250904105210655992', 'o1ELc6LrAZOqCjYiOZur5A-sVzYc', 1, 101371, '', 1, 0, 1, None, None, 1, None, None, None, None, -1, 0, '', 1, datetime.datetime(2025, 9, 4, 10, 53, 35), datetime.datetime(2025, 9, 4, 10, 56, 7)),)

[2025-09-04 14:57:22,838] [database.py] [line:133] [INFO] # v2_work_crm_order_contract 数据列表：
((44566, '20250904105210655992', '13a93c934a9f487084d061b2831be92f', '9c2fdc7e1e2a4693a2233f484f212fe0', '8c4a35b69d4d4dcdbe2885e0d279fdd8', 1, '产品服务协议', 'eeZRyEm7vbDA0Lxi1n6NDNDfMbS3FBKFV1I5u28WftFIskiH4SusbdejbsUQMFXYeTZ7DiuHw1ppothtjVmV4mJgi20cU3u0lZVHCnkly3TKc@@@@lCM6kGFw==', '5VFbtjRSP9eHX@@@@3H$$$$LTFZHMFWXdll9IAoUrn7BPXz2yXtq3TplNQwvXJ@@@@yh5@@@@XRKsF5R58jYF0zSk4TgP44@@@@wjfoWkxnHC2w7Rn6ux68ISiTrLsa7YUbZw==', datetime.datetime(2025, 9, 4, 10, 56, 7), '2025-09-04 10:53:29', 'YSTG10A25090400004', None, 'eqoh5xxl$$$$ZHJkZo7HfytjEyYA801VLRe$$$$pS78cSF3nsGRbaNikpsiSE1WU2duLjukCxhu6DZB852D2oIq8h6Tjgfi3ceE1SyclicxeO3$$$$MYp87DyX6e9metVfGj2T0WoXDDix47TcowNW1Zd59ToaPXD3r69j7AYsP8qFtsHIDi5qVn14z3VgcAL$$$$tubvjpyWSjyKotZtA4L3dphwNqvHHk2ew4rh8NaaaLYbY1ZleJiYIttHFN7tJWVRwp5Jct0d@@@@NrlySjKXplUsGwiHEE2wvd2mHA2q8ceTZ7DiuHw1ppothtjVmV4mJgi20cU3u0lZVHCnkly3RVciKiMhbRwQ==', 0, '', datetime.datetime(2025, 9, 4, 10, 53, 35), datetime.datetime(2025, 9, 4, 10, 53, 35)), (44567, '20250904105210655992', None, None, 'dc588181a755439aace7955f2b6da66b', 2, '终止协议-测试', None, '5VFbtjRSP9eHX@@@@3H$$$$LTFZHMFWXdll9IAoUrn7BPXz2yXtq3TplNQwvXJ@@@@yh5@@@@XRKtdxtggvPysrlhLihRAZK11sfQUJJ$$$$q9n', datetime.datetime(2025, 9, 4, 10, 58, 3), '2025-09-04 10:58:03', 'c', None, None, 0, '', datetime.datetime(2025, 9, 4, 10, 57, 42), datetime.datetime(2025, 9, 4, 10, 57, 42)))

[2025-09-04 14:57:22,862] [database.py] [line:144] [INFO] # 风险测评id：41656
[2025-09-04 14:57:22,912] [database.py] [line:157] [INFO] # 退款id：1334
[2025-09-04 14:57:23,356] [database.py] [line:241] [INFO] # app `stock-rubik-cube`.contract_new数据列表：
((219740, '20250904105210655992', 3338203510512787459, 'YSTG10A25090400004', 0, 'service', 0, datetime.date(2025, 9, 4), '9c2fdc7e1e2a4693a2233f484f212fe0', '13a93c934a9f487084d061b2831be92f', 'AAAAAAq8uroAAAAAAAgsGVfIb5On+esjEBW6zyCStcusnHNfLR9B0EqWkFvOUYVXkqTUNgzpoLq08GxR4YXtWDWvOTr7SIqyeKpGUnppwnfNecCp//fK3IlKerNdBJYI8ZiF65FCN+BF4tD8wRnxw5KQ/saqMe+yY+OlreapD6MBB4953+gd+e8rkz13koFIES8Y9qv02SkRse0c8rBJoLk8owLedAzsOrA1dyx/J5U/JDcitlY7/bGUln759sqiKcUU2RedzOpO2iTCOwmusTy1ZtFfurGgOsEth6ktKilQoFdI6Z5//sCNMqaRMzI9lbVOSwtMgBZ0hNrMlVD8sprOm3HcaxS4kl44X6ODxuPkqjFuKCSVsR8EKkfjhqRr4srVSJmq0egn5Mt9Opj9KjrQInE9B/i1L8ajB7y0qeiZ63wHrEpBeeru8AEKXKdGjL6l0+SaeujtNnmkI+ANEH4CuIpVlLfKVZBfep1QzGifRmJ1WsptrT3AlNTYR7wp4FcAeRtwdi1QMRfbyZxPvtPZK+jxpHfHqHVJUqoHknd3rfiq8l9SfN6O2jsIycMogl9Z3TrjwM2C5cs3CXg4iDO6E+Xi26J2JSeUFwfDVXizWrV7WcKULwiom4gZ2PigLgb0MLjRoKwlApSyiCkQ0LG9DyJ1', 'AAAAAAq8uroAAAAAAAgsGoIFIf5SRnV/DzEsTELn7+VIDti4S3Wd25fgKtMHGffXlKAu+rIJC1Xhq3GR1Z1XUl8x/jGfjAJ7DlmncKjh9fTTTQnm2d+1lgu4eu++ccN9x2r6XIK6HqmcEhip0Ut7orjwMG0=', datetime.datetime(2025, 9, 4, 10, 53, 29), datetime.datetime(2025, 9, 4, 10, 52, 15), datetime.datetime(2025, 9, 4, 10, 56, 7), 0, '', 2, ''), (219741, '20250904105210655992', 3338203510512787459, '', 1, 'termination', 0, None, '', '', '', '', None, datetime.datetime(2025, 9, 4, 10, 57, 43), datetime.datetime(2025, 9, 4, 10, 57, 43), 0, '', 2, ''))

[2025-09-04 14:57:23,356] [database.py] [line:245] [INFO] # app `stock-rubik-cube`.contract_new数据：
(219740, '20250904105210655992', 3338203510512787459, 'YSTG10A25090400004', 0, 'service', 0, datetime.date(2025, 9, 4), '9c2fdc7e1e2a4693a2233f484f212fe0', '13a93c934a9f487084d061b2831be92f', 'AAAAAAq8uroAAAAAAAgsGVfIb5On+esjEBW6zyCStcusnHNfLR9B0EqWkFvOUYVXkqTUNgzpoLq08GxR4YXtWDWvOTr7SIqyeKpGUnppwnfNecCp//fK3IlKerNdBJYI8ZiF65FCN+BF4tD8wRnxw5KQ/saqMe+yY+OlreapD6MBB4953+gd+e8rkz13koFIES8Y9qv02SkRse0c8rBJoLk8owLedAzsOrA1dyx/J5U/JDcitlY7/bGUln759sqiKcUU2RedzOpO2iTCOwmusTy1ZtFfurGgOsEth6ktKilQoFdI6Z5//sCNMqaRMzI9lbVOSwtMgBZ0hNrMlVD8sprOm3HcaxS4kl44X6ODxuPkqjFuKCSVsR8EKkfjhqRr4srVSJmq0egn5Mt9Opj9KjrQInE9B/i1L8ajB7y0qeiZ63wHrEpBeeru8AEKXKdGjL6l0+SaeujtNnmkI+ANEH4CuIpVlLfKVZBfep1QzGifRmJ1WsptrT3AlNTYR7wp4FcAeRtwdi1QMRfbyZxPvtPZK+jxpHfHqHVJUqoHknd3rfiq8l9SfN6O2jsIycMogl9Z3TrjwM2C5cs3CXg4iDO6E+Xi26J2JSeUFwfDVXizWrV7WcKULwiom4gZ2PigLgb0MLjRoKwlApSyiCkQ0LG9DyJ1', 'AAAAAAq8uroAAAAAAAgsGoIFIf5SRnV/DzEsTELn7+VIDti4S3Wd25fgKtMHGffXlKAu+rIJC1Xhq3GR1Z1XUl8x/jGfjAJ7DlmncKjh9fTTTQnm2d+1lgu4eu++ccN9x2r6XIK6HqmcEhip0Ut7orjwMG0=', datetime.datetime(2025, 9, 4, 10, 53, 29), datetime.datetime(2025, 9, 4, 10, 52, 15), datetime.datetime(2025, 9, 4, 10, 56, 7), 0, '', 2, '')

[2025-09-04 14:57:23,356] [database.py] [line:245] [INFO] # app `stock-rubik-cube`.contract_new数据：
(219741, '20250904105210655992', 3338203510512787459, '', 1, 'termination', 0, None, '', '', '', '', None, datetime.datetime(2025, 9, 4, 10, 57, 43), datetime.datetime(2025, 9, 4, 10, 57, 43), 0, '', 2, '')

[2025-09-04 14:57:23,374] [database.py] [line:252] [INFO] # app `stock-rubik-cube`.`order`数据列表：
((3338203510512787459,),)

[2025-09-04 14:57:23,374] [database.py] [line:259] [INFO] # app用户id：3338203510512787459

[2025-09-04 14:57:23,428] [database.py] [line:287] [INFO] # app `stock-rubik-cube`.user_order_product数据列表：
()

[2025-09-04 14:57:23,449] [database.py] [line:85] [INFO] # 
退款订单号：20250904111831242864
[2025-09-04 14:57:23,473] [database.py] [line:97] [INFO] # 退款订单unionid：o1ELc6LrAZOqCjYiOZur5A-sVzYc，kill_order：
[2025-09-04 14:57:23,497] [database.py] [line:107] [INFO] # v2_work_crm_order_main 数据列表：
((49530, '20250904111831242864', 10176, 7, 7, 1, 1, '1756956158', '4200002748202509040911630364', 'o1ELc6LrAZOqCjYiOZur5A-sVzYc', '赵楠', 'H4qNWOvOwe$$$$A$$$$rqaPhQyIw==', datetime.datetime(2025, 9, 4, 11, 23, 28), datetime.datetime(2026, 9, 4, 11, 23, 28), 365, 0, datetime.datetime(2026, 9, 4, 11, 23, 28), None, None, None, 0, datetime.datetime(2025, 9, 4, 11, 18, 31), datetime.datetime(2025, 9, 4, 11, 18, 31)),)

[2025-09-04 14:57:23,521] [database.py] [line:114] [INFO] # v2_work_crm_order_main_son 数据列表：
((15109, '20250904111831242864', 'SOD20250904112233716157', 7, 1, 1, '1756956158', '4200002748202509040911630364', None, '50300404762025090483725332715', '20250904112634182016', datetime.datetime(2025, 9, 4, 11, 26, 35), None, None, None, None, None, None, None, None, datetime.datetime(2025, 9, 4, 11, 22, 33)),)

[2025-09-04 14:57:23,546] [database.py] [line:121] [INFO] # v2_work_crm_order_main_status 数据列表：
((49689, '20250904111831242864', 1, 1, 2, 1, datetime.datetime(2025, 9, 4, 11, 23, 28), 1, 4, 889017, 889017, 'wwec9bda2817108582', '百灵智投', 'ZhaoNan', 'ZhaoNan', 1, 2, 1, '趋势智投', 7, 'qszt-4-2', '这是趋势智投-四合一的描述', 365, 11, 0, '20250904105210655992', '', 0, 0, 'o1ELc6LrAZOqCjYiOZur5A-sVzYc', 7, 7, '1756956158', 1, 0, '', '', 0, datetime.datetime(2025, 9, 4, 11, 18, 31), None, datetime.datetime(2025, 9, 4, 11, 23, 28), 0, '888996', None, None, None, '889009', None, None, None, '889003,889017,889089,889095', None, None, None),)

[2025-09-04 14:57:23,570] [database.py] [line:127] [INFO] # v2_work_crm_hegui 数据列表：
((1209, '20250904111831242864', 'o1ELc6LrAZOqCjYiOZur5A-sVzYc', 1, 101371, '', 1, 0, 1, None, None, 1, None, None, None, None, -1, 0, '', 1, datetime.datetime(2025, 9, 4, 11, 22, 15), datetime.datetime(2025, 9, 4, 11, 23, 28)),)

[2025-09-04 14:57:23,595] [database.py] [line:133] [INFO] # v2_work_crm_order_contract 数据列表：
((44568, '20250904111831242864', '20d4e5e39cc349839ea30aca3bf80e35', 'ddb2e0374302403f847185110987b97d', '8c4a35b69d4d4dcdbe2885e0d279fdd8', 1, '产品服务协议', 'eeZRyEm7vbDA0Lxi1n6NDNDfMbS3FBKFV1I5u28WftFIskiH4SusbdejbsUQMFXYeTZ7DiuHw1ppothtjVmV4iMqxqoYEoQOlZVHCnkly3TKc@@@@lCM6kGFw==', '5VFbtjRSP9eHX@@@@3H$$$$LTFZHMFWXdll9IAoUrn7BPXz2yXtq3TplNQwvXJ@@@@yh5@@@@XRKsF5R58jYF0zSk4TgP44@@@@woFCN$$$$V6pFfa7Rn6ux68ISiTrLsa7YUbZw==', datetime.datetime(2025, 9, 4, 11, 23, 28), '2025-09-04 11:22:09', 'YSTG10A25090400005', None, 'eqoh5xxl$$$$ZHJkZo7HfytjEyYA801VLRe$$$$pS78cSF3nsGRbaNikpsiSE1WU2duLjukCxhu6DZB852D2oIq8h6Tjgfi3ceE1SyclicxeO3$$$$MYEjDUwmwXxretVfGj2T0WoXDDix47TcowNW1Zd59ToaPXD3r69j7AYsP8qFtsHIDi5qVn14z3VgcAL$$$$tubvjpyWSjyKotZtA4L3dphwNqvHHk2ew4rh8NaaaLYbY1ZleIjKsaqGBKEDpWVRwp5Jct0d@@@@NrlySjKXplUsGwiHEE2wvd2mHA2q8ceTZ7DiuHw1ppothtjVmV4iMqxqoYEoQOlZVHCnkly3RVciKiMhbRwQ==', 0, '', datetime.datetime(2025, 9, 4, 11, 22, 15), datetime.datetime(2025, 9, 4, 11, 22, 15)), (44569, '20250904111831242864', None, None, 'dc588181a755439aace7955f2b6da66b', 2, '终止协议-测试', None, '5VFbtjRSP9eHX@@@@3H$$$$LTFZHMFWXdll9IAoUrn7BPXz2yXtq3TplNQwvXJ@@@@yh5@@@@XRKtdxtggvPysrlhLihRAZK11sfQUJJ$$$$q9n', datetime.datetime(2025, 9, 4, 11, 26, 12), '2025-09-04 11:26:12', 'c', None, None, 0, '', datetime.datetime(2025, 9, 4, 11, 26), datetime.datetime(2025, 9, 4, 11, 26)))

[2025-09-04 14:57:23,619] [database.py] [line:144] [INFO] # 风险测评id：41657
[2025-09-04 14:57:23,668] [database.py] [line:157] [INFO] # 退款id：1335
[2025-09-04 14:57:24,109] [database.py] [line:241] [INFO] # app `stock-rubik-cube`.contract_new数据列表：
((219742, '20250904111831242864', 3338203510512787459, 'YSTG10A25090400005', 0, 'service', 0, datetime.date(2025, 9, 4), 'ddb2e0374302403f847185110987b97d', '20d4e5e39cc349839ea30aca3bf80e35', 'AAAAAAq8uroAAAAAAAgsG3QbyjYuSHFHAxQ+HUIjIKFqpKkJ3RkuCLA0NxUt4Dd8NMkepSgb6NJTXEIVTSJzuf4pZ2f5Ws+RZJbexsouA6hxDa03U/4hk4p0pNimzXrqABx2KcijJHQgqVKU3f4Ey3Jpr9SiP5mpGDcnNGMw11BUMLcis1yiWe/nKzyA/p73JBwew2uO37ZOr1CYRczSC0NV7e8nXNPm3tBArSiXC035hQC5SGLxHDqpMvWKVz8YzR7fCmme+8DL/o18/h0x+GGFTL6YV/FcJF0RDzQnE+xkaLSW7vIJ4oGv49aXIKU8zgw7lRpufESKw4aY/I1hj4iMFUfu9vZUDhCokpDol4kxYVURVIQyw1IxI/93Y1cQuM5bDFuwv/+hfeUkerIoJZiQofxoq0XeuHDnYY+DT6/6+NyZhxmnxDhC7sCeFE2GMdQazazse8LNtLZwBAt8lfENEtcJzrP7QLijcU3XPNWWB1b/252/9XxOMfqC6Ryu07KYNzFcxGd0Bf6CsqJIqvizr7QSPj5ynNpIoqx4B54KdWC2KkdUiVHnp3+QxYMwBLUe9M8tiyaogmbXAsQxRNunNa2n8l0qgrD9dzeC/HkRdFnqAWjWVObC/1dQi62L5O9+TaeHcJmrZ7h4zusDnN4pQAy2IDpomKHp', 'AAAAAAq8uroAAAAAAAgsHJ01vcIS67Z7DV2Sz6ONmN9L+h1J1Xl52XNt5/o+6LXfRPGCS+7j2rgTjDO0sLa/iwlDMi4XNimwc3SaaiJYWVCFqfvIbvok8rFzMfj7WtKpCBuMpfIfh0slcyZhSCsboVyIwac=', datetime.datetime(2025, 9, 4, 11, 22, 9), datetime.datetime(2025, 9, 4, 11, 19, 13), datetime.datetime(2025, 9, 4, 11, 23, 28), 0, '', 2, ''), (219743, '20250904111831242864', 3338203510512787459, '', 1, 'termination', 0, None, '', '', '', '', None, datetime.datetime(2025, 9, 4, 11, 26), datetime.datetime(2025, 9, 4, 11, 26), 0, '', 2, ''))

[2025-09-04 14:57:24,109] [database.py] [line:245] [INFO] # app `stock-rubik-cube`.contract_new数据：
(219742, '20250904111831242864', 3338203510512787459, 'YSTG10A25090400005', 0, 'service', 0, datetime.date(2025, 9, 4), 'ddb2e0374302403f847185110987b97d', '20d4e5e39cc349839ea30aca3bf80e35', 'AAAAAAq8uroAAAAAAAgsG3QbyjYuSHFHAxQ+HUIjIKFqpKkJ3RkuCLA0NxUt4Dd8NMkepSgb6NJTXEIVTSJzuf4pZ2f5Ws+RZJbexsouA6hxDa03U/4hk4p0pNimzXrqABx2KcijJHQgqVKU3f4Ey3Jpr9SiP5mpGDcnNGMw11BUMLcis1yiWe/nKzyA/p73JBwew2uO37ZOr1CYRczSC0NV7e8nXNPm3tBArSiXC035hQC5SGLxHDqpMvWKVz8YzR7fCmme+8DL/o18/h0x+GGFTL6YV/FcJF0RDzQnE+xkaLSW7vIJ4oGv49aXIKU8zgw7lRpufESKw4aY/I1hj4iMFUfu9vZUDhCokpDol4kxYVURVIQyw1IxI/93Y1cQuM5bDFuwv/+hfeUkerIoJZiQofxoq0XeuHDnYY+DT6/6+NyZhxmnxDhC7sCeFE2GMdQazazse8LNtLZwBAt8lfENEtcJzrP7QLijcU3XPNWWB1b/252/9XxOMfqC6Ryu07KYNzFcxGd0Bf6CsqJIqvizr7QSPj5ynNpIoqx4B54KdWC2KkdUiVHnp3+QxYMwBLUe9M8tiyaogmbXAsQxRNunNa2n8l0qgrD9dzeC/HkRdFnqAWjWVObC/1dQi62L5O9+TaeHcJmrZ7h4zusDnN4pQAy2IDpomKHp', 'AAAAAAq8uroAAAAAAAgsHJ01vcIS67Z7DV2Sz6ONmN9L+h1J1Xl52XNt5/o+6LXfRPGCS+7j2rgTjDO0sLa/iwlDMi4XNimwc3SaaiJYWVCFqfvIbvok8rFzMfj7WtKpCBuMpfIfh0slcyZhSCsboVyIwac=', datetime.datetime(2025, 9, 4, 11, 22, 9), datetime.datetime(2025, 9, 4, 11, 19, 13), datetime.datetime(2025, 9, 4, 11, 23, 28), 0, '', 2, '')

[2025-09-04 14:57:24,109] [database.py] [line:245] [INFO] # app `stock-rubik-cube`.contract_new数据：
(219743, '20250904111831242864', 3338203510512787459, '', 1, 'termination', 0, None, '', '', '', '', None, datetime.datetime(2025, 9, 4, 11, 26), datetime.datetime(2025, 9, 4, 11, 26), 0, '', 2, '')

[2025-09-04 14:57:24,127] [database.py] [line:252] [INFO] # app `stock-rubik-cube`.`order`数据列表：
((3338203510512787459,),)

[2025-09-04 14:57:24,127] [database.py] [line:259] [INFO] # app用户id：3338203510512787459

[2025-09-04 14:57:24,183] [database.py] [line:287] [INFO] # app `stock-rubik-cube`.user_order_product数据列表：
()

[2025-09-04 14:57:24,202] [database.py] [line:85] [INFO] # 
退款订单号：20250904121946222291
[2025-09-04 14:57:24,227] [database.py] [line:97] [INFO] # 退款订单unionid：o1ELc6LrAZOqCjYiOZur5A-sVzYc，kill_order：
[2025-09-04 14:57:24,251] [database.py] [line:107] [INFO] # v2_work_crm_order_main 数据列表：
((49531, '20250904121946222291', 10164, 15, 15, 1, 3, '1756959779', '', 'o1ELc6LrAZOqCjYiOZur5A-sVzYc', '赵楠', 'H4qNWOvOwe$$$$A$$$$rqaPhQyIw==', datetime.datetime(2025, 9, 4, 12, 23, 33), datetime.datetime(2026, 9, 4, 12, 23, 33), 365, 0, datetime.datetime(2026, 9, 4, 12, 23, 33), None, None, None, 0, datetime.datetime(2025, 9, 4, 12, 19, 46), datetime.datetime(2025, 9, 4, 12, 19, 46)),)

[2025-09-04 14:57:24,275] [database.py] [line:114] [INFO] # v2_work_crm_order_main_son 数据列表：
()

[2025-09-04 14:57:24,301] [database.py] [line:121] [INFO] # v2_work_crm_order_main_status 数据列表：
((49690, '20250904121946222291', 1, 1, 2, 1, datetime.datetime(2025, 9, 4, 12, 23, 33), 1, 4, 889017, 889017, 'wwec9bda2817108582', '百灵智投', 'ZhaoNan', 'ZhaoNan', 1, 2, 1, '私人定制', 16800000, 'srdz', '这是私人定制的描述', 365, 4, 0, '20250904111831242864', '', 0, 0, 'o1ELc6LrAZOqCjYiOZur5A-sVzYc', 15, 15, '1756959779', 1, 0, '', 'dc475af90c9f2233e91c0bf46ab20ebc', 0, datetime.datetime(2025, 9, 4, 12, 19, 46), None, datetime.datetime(2025, 9, 4, 12, 23, 33), 0, '888996', None, None, None, '889009', None, None, None, '889003,889017,889089,889095', None, None, None),)

[2025-09-04 14:57:24,324] [database.py] [line:127] [INFO] # v2_work_crm_hegui 数据列表：
((1210, '20250904121946222291', 'o1ELc6LrAZOqCjYiOZur5A-sVzYc', 1, 101371, '', 1, 0, 1, None, None, 1, None, None, None, None, -1, 0, '', 1, datetime.datetime(2025, 9, 4, 12, 21, 30), datetime.datetime(2025, 9, 4, 12, 23, 33)),)

[2025-09-04 14:57:24,349] [database.py] [line:133] [INFO] # v2_work_crm_order_contract 数据列表：
((44570, '20250904121946222291', '2c7fe48c2acc40dab468cca1f48399c8', 'f7301f18fd394ea8be5e6998bba78837', '8c4a35b69d4d4dcdbe2885e0d279fdd8', 1, '产品服务协议', 'eeZRyEm7vbDA0Lxi1n6NDNDfMbS3FBKFV1I5u28WftFIskiH4SusbdejbsUQMFXYeTZ7DiuHw1ppothtjVmV4laz6xNtj0o$$$$lZVHCnkly3TKc@@@@lCM6kGFw==', '5VFbtjRSP9eHX@@@@3H$$$$LTFZHMFWXdll9IAoUrn7BPXz2yXtq3TplNQwvXJ@@@@yh5@@@@XRKsF5R58jYF0zSk4TgP44@@@@wh7xbWeW2W4Y7Rn6ux68ISiTrLsa7YUbZw==', datetime.datetime(2025, 9, 4, 12, 23, 33), '2025-09-04 12:21:25', 'YSTG10A25090400006', None, 'eqoh5xxl$$$$ZHJkZo7HfytjEyYA801VLRe$$$$pS78cSF3nsGRbaNikpsiSE1WU2duLjukCxhu6DZB852D2oIq8h6Tjgfi3ceE1SyclicxeO3$$$$MYiMqyPpgkt1OtVfGj2T0WoXDDix47TcowNW1Zd59ToaPXD3r69j7AYsP8qFtsHIDi5qVn14z3VgcAL$$$$tubvjpyWSjyKotZtA4L3dphwNqvHHk2ew4rh8NaaaLYbY1ZleJWs$$$$sTbY9KPpWVRwp5Jct0d@@@@NrlySjKXplUsGwiHEE2wvd2mHA2q8ceTZ7DiuHw1ppothtjVmV4laz6xNtj0o$$$$lZVHCnkly3RVciKiMhbRwQ==', 0, '', datetime.datetime(2025, 9, 4, 12, 21, 30), datetime.datetime(2025, 9, 4, 12, 21, 30)), (44571, '20250904121946222291', None, None, 'dc588181a755439aace7955f2b6da66b', 2, '终止协议-测试', None, '5VFbtjRSP9eHX@@@@3H$$$$LTFZHMFWXdll9IAoUrn7BPXz2yXtq3TplNQwvXJ@@@@yh5@@@@XRKtdxtggvPysrlhLihRAZK11sfQUJJ$$$$q9n', datetime.datetime(2025, 9, 4, 12, 25, 11), '2025-09-04 12:25:11', 'c', None, None, 0, '', datetime.datetime(2025, 9, 4, 12, 24, 57), datetime.datetime(2025, 9, 4, 12, 24, 57)))

[2025-09-04 14:57:24,374] [database.py] [line:144] [INFO] # 风险测评id：41658
[2025-09-04 14:57:24,432] [database.py] [line:157] [INFO] # 退款id：1336
[2025-09-04 14:57:24,874] [database.py] [line:241] [INFO] # app `stock-rubik-cube`.contract_new数据列表：
((219744, '20250904121946222291', 3338203510512787459, 'YSTG10A25090400006', 0, 'service', 0, datetime.date(2025, 9, 4), 'f7301f18fd394ea8be5e6998bba78837', '2c7fe48c2acc40dab468cca1f48399c8', 'AAAAAAq8uroAAAAAAAgsHdXOFU7oSLpeH2mNTgRs7U+/zO4HZ2uL0ZzKj3h+KLfz7rPPgaW9UNS17tEVZ3+9NSd13hyaO/wU+ROvmUHsa1EXF+DIGISq+WPLL0PDerf5IIYapVAMAkTtGw0xw+WnHj8WpMUKcjOBNg2cEs108l3NoF444v2dmCW9varWa6PwdY5C2xojFQJY/l6BeH6A3ssHsbS0UVCAafrrI6l+d/9+OLChgEmz5GjKwEzpWNahHP/8902wKV1fUMNd2eqxPhgdp9g80RKe3dufr1EidAygtDAi0HyrE/4GNOxhDASdGydbaXezXfhx0NN4NRHw16dLFtdg5HeOe6+00sy7P5KtV0PTbttowPqkQWde1ibwSArS5e2A4jxYhTv63R94mlDgmZFqx8a4T6vvzMsomPkdgW/HwJwPf8cruUNYfgjrSFFaJ8iIH7AQebmZc7bKxXAb11Kq5bBqjdcsgKqk/2KjlvvRRo50aFIdFAWgfcUOGZDsRaF+2I3o8Z1C0MW2ykCaFcNslYlnRm9PjPEy9o9HG2GWJDwUt/Bt5WvBReF8FopyWUkUhgktmDqywh2/vVzUc0Ms8BqsS4oJJ+LECr3ZZdR1Wqxl9i8BNoyUDoOimgVY0t1BdkphuKZg1jVpakr0ZMGh', 'AAAAAAq8uroAAAAAAAgsHqy6ohZV5ireAmrGU79UxTuEXqPX4cnPRh8KgEnSxAKgw705KiwzJJdNETBXFHexELpV7nRJU2gFk1fvpSZIhYQef7u49pcjvzwQL5RUPT1q+bdIqbDzmtp93Z4YMJAu6ZuTq3M=', datetime.datetime(2025, 9, 4, 12, 21, 25), datetime.datetime(2025, 9, 4, 12, 19, 51), datetime.datetime(2025, 9, 4, 12, 23, 33), 0, '', 2, ''), (219745, '20250904121946222291', 3338203510512787459, '', 1, 'termination', 0, None, '', '', '', '', None, datetime.datetime(2025, 9, 4, 12, 24, 57), datetime.datetime(2025, 9, 4, 12, 24, 57), 0, '', 2, ''))

[2025-09-04 14:57:24,874] [database.py] [line:245] [INFO] # app `stock-rubik-cube`.contract_new数据：
(219744, '20250904121946222291', 3338203510512787459, 'YSTG10A25090400006', 0, 'service', 0, datetime.date(2025, 9, 4), 'f7301f18fd394ea8be5e6998bba78837', '2c7fe48c2acc40dab468cca1f48399c8', 'AAAAAAq8uroAAAAAAAgsHdXOFU7oSLpeH2mNTgRs7U+/zO4HZ2uL0ZzKj3h+KLfz7rPPgaW9UNS17tEVZ3+9NSd13hyaO/wU+ROvmUHsa1EXF+DIGISq+WPLL0PDerf5IIYapVAMAkTtGw0xw+WnHj8WpMUKcjOBNg2cEs108l3NoF444v2dmCW9varWa6PwdY5C2xojFQJY/l6BeH6A3ssHsbS0UVCAafrrI6l+d/9+OLChgEmz5GjKwEzpWNahHP/8902wKV1fUMNd2eqxPhgdp9g80RKe3dufr1EidAygtDAi0HyrE/4GNOxhDASdGydbaXezXfhx0NN4NRHw16dLFtdg5HeOe6+00sy7P5KtV0PTbttowPqkQWde1ibwSArS5e2A4jxYhTv63R94mlDgmZFqx8a4T6vvzMsomPkdgW/HwJwPf8cruUNYfgjrSFFaJ8iIH7AQebmZc7bKxXAb11Kq5bBqjdcsgKqk/2KjlvvRRo50aFIdFAWgfcUOGZDsRaF+2I3o8Z1C0MW2ykCaFcNslYlnRm9PjPEy9o9HG2GWJDwUt/Bt5WvBReF8FopyWUkUhgktmDqywh2/vVzUc0Ms8BqsS4oJJ+LECr3ZZdR1Wqxl9i8BNoyUDoOimgVY0t1BdkphuKZg1jVpakr0ZMGh', 'AAAAAAq8uroAAAAAAAgsHqy6ohZV5ireAmrGU79UxTuEXqPX4cnPRh8KgEnSxAKgw705KiwzJJdNETBXFHexELpV7nRJU2gFk1fvpSZIhYQef7u49pcjvzwQL5RUPT1q+bdIqbDzmtp93Z4YMJAu6ZuTq3M=', datetime.datetime(2025, 9, 4, 12, 21, 25), datetime.datetime(2025, 9, 4, 12, 19, 51), datetime.datetime(2025, 9, 4, 12, 23, 33), 0, '', 2, '')

[2025-09-04 14:57:24,874] [database.py] [line:245] [INFO] # app `stock-rubik-cube`.contract_new数据：
(219745, '20250904121946222291', 3338203510512787459, '', 1, 'termination', 0, None, '', '', '', '', None, datetime.datetime(2025, 9, 4, 12, 24, 57), datetime.datetime(2025, 9, 4, 12, 24, 57), 0, '', 2, '')

[2025-09-04 14:57:24,893] [database.py] [line:252] [INFO] # app `stock-rubik-cube`.`order`数据列表：
((3338203510512787459,),)

[2025-09-04 14:57:24,893] [database.py] [line:259] [INFO] # app用户id：3338203510512787459

[2025-09-04 14:57:24,948] [database.py] [line:287] [INFO] # app `stock-rubik-cube`.user_order_product数据列表：
()

[2025-09-04 14:57:24,969] [database.py] [line:85] [INFO] # 
退款订单号：20250904122922080436
[2025-09-04 14:57:24,993] [database.py] [line:97] [INFO] # 退款订单unionid：o1ELc6LrAZOqCjYiOZur5A-sVzYc，kill_order：
[2025-09-04 14:57:25,019] [database.py] [line:107] [INFO] # v2_work_crm_order_main 数据列表：
((49532, '20250904122922080436', 10124, 3, 3, 1, 3, '1756960326', '', 'o1ELc6LrAZOqCjYiOZur5A-sVzYc', '赵楠', 'H4qNWOvOwe$$$$A$$$$rqaPhQyIw==', datetime.datetime(2025, 9, 4, 12, 32, 39), datetime.datetime(2026, 9, 4, 12, 32, 39), 365, 0, datetime.datetime(2026, 9, 4, 12, 32, 39), None, None, None, 0, datetime.datetime(2025, 9, 4, 12, 29, 22), datetime.datetime(2025, 9, 4, 12, 29, 22)),)

[2025-09-04 14:57:25,043] [database.py] [line:114] [INFO] # v2_work_crm_order_main_son 数据列表：
()

[2025-09-04 14:57:25,068] [database.py] [line:121] [INFO] # v2_work_crm_order_main_status 数据列表：
((49691, '20250904122922080436', 1, 1, 2, 1, datetime.datetime(2025, 9, 4, 12, 32, 39), 1, 4, 889009, 889009, 'wwec9bda2817108582', '百灵智投', 'cheng', 'cheng', 1, 2, 1, '趋势智投-黄金版', 3, 'qszt-1', '这是趋势智投-黄金版的描述', 365, 5, 0, '20250903174548237950', '', 0, 0, 'o1ELc6LrAZOqCjYiOZur5A-sVzYc', 3, 3, '1756960326', 1, 7, '', '', 0, datetime.datetime(2025, 9, 4, 12, 29, 22), None, datetime.datetime(2025, 9, 4, 12, 32, 39), 0, '888996', None, None, None, '889009', None, None, None, '889003,889017,889089,889095', None, None, None),)

[2025-09-04 14:57:25,093] [database.py] [line:127] [INFO] # v2_work_crm_hegui 数据列表：
((1211, '20250904122922080436', 'o1ELc6LrAZOqCjYiOZur5A-sVzYc', 1, 101371, '', 1, 0, 1, None, None, 1, None, None, None, None, -1, 0, '', 1, datetime.datetime(2025, 9, 4, 12, 31, 11), datetime.datetime(2025, 9, 4, 12, 32, 39)),)

[2025-09-04 14:57:25,118] [database.py] [line:133] [INFO] # v2_work_crm_order_contract 数据列表：
((44572, '20250904122922080436', '41d4f1f793be45b999f7902985682494', 'f437b22a53ab42578832394713db27d2', '8c4a35b69d4d4dcdbe2885e0d279fdd8', 1, '产品服务协议', 'eeZRyEm7vbDA0Lxi1n6NDNDfMbS3FBKFV1I5u28WftFIskiH4SusbdejbsUQMFXYeTZ7DiuHw1ppothtjVmV4uvmDYbuZktzlZVHCnkly3TKc@@@@lCM6kGFw==', '5VFbtjRSP9eHX@@@@3H$$$$LTFZHMFWXdll9IAoUrn7BPXz2yXtq3TplNQwvXJ@@@@yh5@@@@XRKsF5R58jYF0zSk4TgP44@@@@wrWCoMsYBj8F7Rn6ux68ISiTrLsa7YUbZw==', datetime.datetime(2025, 9, 4, 12, 32, 39), '2025-09-04 12:30:31', 'YSTG10A25090400007', None, 'eqoh5xxl$$$$ZHJkZo7HfytjEyYA801VLRe$$$$pS78cSF3nsGRbaNikpsiSE1WU2duLjukCxhu6DZB852D2oIq8h6Tjgfi3ceE1SyclicxeO3$$$$MY5jefU4sptC$$$$tVfGj2T0WoXDDix47TcowNW1Zd59ToaPXD3r69j7AYsP8qFtsHIDi5qVn14z3VgcAL$$$$tubvjpyWSjyKotZtA4L3dphwNqvHHk2ew4rh8NaaaLYbY1ZleLr5g2G7mZLc5WVRwp5Jct0d@@@@NrlySjKXplUsGwiHEE2wvd2mHA2q8ceTZ7DiuHw1ppothtjVmV4uvmDYbuZktzlZVHCnkly3RVciKiMhbRwQ==', 0, '', datetime.datetime(2025, 9, 4, 12, 31, 11), datetime.datetime(2025, 9, 4, 12, 31, 11)), (44573, '20250904122922080436', None, None, 'dc588181a755439aace7955f2b6da66b', 2, '终止协议-测试', None, '5VFbtjRSP9eHX@@@@3H$$$$LTFZHMFWXdll9IAoUrn7BPXz2yXtq3TplNQwvXJ@@@@yh5@@@@XRKtdxtggvPysrlhLihRAZK11sfQUJJ$$$$q9n', datetime.datetime(2025, 9, 4, 12, 33, 46), '2025-09-04 12:33:46', 'c', None, None, 0, '', datetime.datetime(2025, 9, 4, 12, 33, 34), datetime.datetime(2025, 9, 4, 12, 33, 34)))

[2025-09-04 14:57:25,142] [database.py] [line:144] [INFO] # 风险测评id：41659
[2025-09-04 14:57:25,194] [database.py] [line:157] [INFO] # 退款id：1337
[2025-09-04 14:57:25,639] [database.py] [line:241] [INFO] # app `stock-rubik-cube`.contract_new数据列表：
((219746, '20250904122922080436', 3338203510512787459, 'YSTG10A25090400007', 0, 'service', 0, datetime.date(2025, 9, 4), 'f437b22a53ab42578832394713db27d2', '41d4f1f793be45b999f7902985682494', 'AAAAAAq8uroAAAAAAAgsHzENd4bUNIklt0x5DWbMPc5EFjhJfInvmDu1IR+RzUaNE3OYBBi5liqVdAKdWZipxZngoXwxeNXGlQXUlxeX6jQ8rUTwYsfcDduIzlkdm1jDFrdJAFwLwfRNtON3qGp3++16dfiWBduLLCejBpqeucV+7rdUBiYnte9Mm60bWyru68xAsZG6UnxERDmX2J5sqo5bzJUso4hkUGdocz6YsGR78+k+7n3Mf1B4zxdCfTXOKkxb8T7kv3wxY54LY4enCJWdG5emaH3yFKbiiRRqbztfx0Xv6M+Rdef8jiI9nM9OCDYWpMzE5UWpol3ke15CN/XKDQOZPIS2pOTtY5uI1YcEiTisSh3vquKGuiTJXVMzoe8EL8S9FNOC01cMJ+W+PababT5Q83UEP0LjqWAodBjhy9Cr66d8U3Q+AmFSkYPTnG7GtWWi0/vWQNZORnAs4EJH1p7HvJ0q+eD2bOAsQFjONp/ddVVyDbYypBX2Cl/Q5PRyYMEKneFx02WFZ/UAmppDRfgYvC8TXtTmLf580B46O8WSg9IXkUiHxx+O8s+bFUqpIn5amUUH5CXHLKRuS9K4v4xfU550YJnedGVHyhJu0e3+VSLQvj5NQaYGQANENUSjHkC9kqP0SMa914S/PD2eFEJDW2Va671e', 'AAAAAAq8uroAAAAAAAgsIAD61f4wdagXWmdCMXKp3atnoSQwWuzEKt/NqDJPxTzkwvgWITQXdWEboK8mB+vlxnBKw4Vlg02KjGnBJWNBW5T1snvnmpT/kqZWCZFMXqUoBLZc0n6EPJ26KIpgPmxvvlTHN5o=', datetime.datetime(2025, 9, 4, 12, 30, 31), datetime.datetime(2025, 9, 4, 12, 29, 25), datetime.datetime(2025, 9, 4, 12, 32, 40), 0, '', 2, ''), (219747, '20250904122922080436', 3338203510512787459, '', 1, 'termination', 0, None, '', '', '', '', None, datetime.datetime(2025, 9, 4, 12, 33, 35), datetime.datetime(2025, 9, 4, 12, 33, 35), 0, '', 2, ''))

[2025-09-04 14:57:25,639] [database.py] [line:245] [INFO] # app `stock-rubik-cube`.contract_new数据：
(219746, '20250904122922080436', 3338203510512787459, 'YSTG10A25090400007', 0, 'service', 0, datetime.date(2025, 9, 4), 'f437b22a53ab42578832394713db27d2', '41d4f1f793be45b999f7902985682494', 'AAAAAAq8uroAAAAAAAgsHzENd4bUNIklt0x5DWbMPc5EFjhJfInvmDu1IR+RzUaNE3OYBBi5liqVdAKdWZipxZngoXwxeNXGlQXUlxeX6jQ8rUTwYsfcDduIzlkdm1jDFrdJAFwLwfRNtON3qGp3++16dfiWBduLLCejBpqeucV+7rdUBiYnte9Mm60bWyru68xAsZG6UnxERDmX2J5sqo5bzJUso4hkUGdocz6YsGR78+k+7n3Mf1B4zxdCfTXOKkxb8T7kv3wxY54LY4enCJWdG5emaH3yFKbiiRRqbztfx0Xv6M+Rdef8jiI9nM9OCDYWpMzE5UWpol3ke15CN/XKDQOZPIS2pOTtY5uI1YcEiTisSh3vquKGuiTJXVMzoe8EL8S9FNOC01cMJ+W+PababT5Q83UEP0LjqWAodBjhy9Cr66d8U3Q+AmFSkYPTnG7GtWWi0/vWQNZORnAs4EJH1p7HvJ0q+eD2bOAsQFjONp/ddVVyDbYypBX2Cl/Q5PRyYMEKneFx02WFZ/UAmppDRfgYvC8TXtTmLf580B46O8WSg9IXkUiHxx+O8s+bFUqpIn5amUUH5CXHLKRuS9K4v4xfU550YJnedGVHyhJu0e3+VSLQvj5NQaYGQANENUSjHkC9kqP0SMa914S/PD2eFEJDW2Va671e', 'AAAAAAq8uroAAAAAAAgsIAD61f4wdagXWmdCMXKp3atnoSQwWuzEKt/NqDJPxTzkwvgWITQXdWEboK8mB+vlxnBKw4Vlg02KjGnBJWNBW5T1snvnmpT/kqZWCZFMXqUoBLZc0n6EPJ26KIpgPmxvvlTHN5o=', datetime.datetime(2025, 9, 4, 12, 30, 31), datetime.datetime(2025, 9, 4, 12, 29, 25), datetime.datetime(2025, 9, 4, 12, 32, 40), 0, '', 2, '')

[2025-09-04 14:57:25,639] [database.py] [line:245] [INFO] # app `stock-rubik-cube`.contract_new数据：
(219747, '20250904122922080436', 3338203510512787459, '', 1, 'termination', 0, None, '', '', '', '', None, datetime.datetime(2025, 9, 4, 12, 33, 35), datetime.datetime(2025, 9, 4, 12, 33, 35), 0, '', 2, '')

[2025-09-04 14:57:25,660] [database.py] [line:252] [INFO] # app `stock-rubik-cube`.`order`数据列表：
((3338203510512787459,),)

[2025-09-04 14:57:25,660] [database.py] [line:259] [INFO] # app用户id：3338203510512787459

[2025-09-04 14:57:25,717] [database.py] [line:287] [INFO] # app `stock-rubik-cube`.user_order_product数据列表：
()

[2025-09-04 14:57:25,790] [database.py] [line:308] [INFO] # o1ELc6LrAZOqCjYiOZur5A-sVzYc用户到期时间：(datetime.datetime(2025, 9, 4, 17, 51, 44),)
[2025-09-04 14:57:25,817] [database.py] [line:322] [INFO] # 更新work_crm_base_user表u_expire_date成功！
