[2025-07-22 16:35:09,339] [log.py] [line:31] [INFO] # ======Start printing logs======
[2025-07-22 16:35:14,360] [database.py] [line:80] [INFO] # 退款订单id列表：['20250722160013973499']
[2025-07-22 16:35:14,360] [database.py] [line:85] [INFO] # 
退款订单号：20250722160013973499
[2025-07-22 16:35:14,379] [database.py] [line:97] [INFO] # 退款订单unionid：o1ELc6LrAZOqCjYiOZur5A-sVzYc，kill_order：
[2025-07-22 16:35:14,411] [database.py] [line:107] [INFO] # v2_work_crm_order_main 数据列表：
((49443, '20250722160013973499', 10148, 10, 10, 1, 3, '1753172982', '', 'o1ELc6LrAZOqCjYiOZur5A-sVzYc', '赵楠', 'H4qNWOvOwe$$$$A$$$$rqaPhQyIw==', None, None, 7, 0, None, None, None, None, 0, datetime.datetime(2025, 7, 22, 16, 0, 13), datetime.datetime(2025, 7, 22, 16, 0, 13)),)

[2025-07-22 16:35:14,431] [database.py] [line:114] [INFO] # v2_work_crm_order_main_son 数据列表：
()

[2025-07-22 16:35:14,462] [database.py] [line:121] [INFO] # v2_work_crm_order_main_status 数据列表：
((49602, '20250722160013973499', 1, 1, 2, 4, datetime.datetime(2025, 7, 22, 16, 30, 23), 1, 0, 889003, 889003, 'wwec9bda2817108582', '百灵智投', 'WangSong', 'WangSong', 1, 3, 1, '私人定制', 11800000, 'srdz', '这是私人定制的描述', 7, 4, 0, '20250718105649851076', '', 0, 0, 'o1ELc6LrAZOqCjYiOZur5A-sVzYc', 10, 10, '1753172982', 1, 0, '', '77847e65415689f00a81e65aa4681a5e', 0, datetime.datetime(2025, 7, 22, 16, 0, 13), None, None, 0, '888996', None, None, None, '889009', None, None, None, '889003,889013,889017,889095', None, None, None),)

[2025-07-22 16:35:14,481] [database.py] [line:127] [INFO] # v2_work_crm_hegui 数据列表：
((1145, '20250722160013973499', 'o1ELc6LrAZOqCjYiOZur5A-sVzYc', 4, 101371, '14', 0, 0, 0, None, None, 1, None, None, None, None, -1, 0, '', 1, datetime.datetime(2025, 7, 22, 16, 28, 42), datetime.datetime(2025, 7, 22, 16, 30, 23)),)

[2025-07-22 16:35:14,501] [database.py] [line:133] [INFO] # v2_work_crm_order_contract 数据列表：
((44460, '20250722160013973499', '84898a7e419340f6b098386bbccbc798', '5a409e12e90c4ee8896e88d35e62caa2', '8c4a35b69d4d4dcdbe2885e0d279fdd8', 1, '产品服务协议-测试', None, '5VFbtjRSP9c7CZnanI3IRNPGIqL3XO9ADgf2Ad7asTUreGnYBhwAgi9HtqNi6ZTpJWhjkL3YNwstJ4riRUSnDVLFQhzPOme72wTXsRyBzpmA36N3JWmms60h2pMSTDh3jXtbShg4YIvwCK89bG0Nm4Vd3q8@@@@vR7OfwPRCFihxL5cfT3Y$$$$f6qbf3b7zxZ4zVrCoqHLOxxOSlPyxzgsv0DpxMQjc4bFhl7Y5j04oP3ose6JwL0oEIe30rs30XqsDuOu$$$$jp9qUoNkr$$$$cDbZy6rjhDBeEUYw@@@@d6Jl4v0cx0ZuPG9KV4l@@@@lRkCuWW05KtMdxcOaE4MZrcqz8I9q0MnXw8VC1k2cAAkcJKWI86A9KPfZ9msaoA7Ceh3BzaWSLIVUanShbca17j2JCYcJ99GRnNuYBs$$$$8qYrWAURXQCK0OMBssDD0OXVVLNOWhQw@@@@FyN8BC@@@@h0QyHlN7SvucvkyRf@@@@tQwS78@@@@$$$$j1bD7gI@@@@3fETchB0pFq7C2liQKAVnDJk5T67uRoyf7jQ9@@@@aIXt4OdZQl9@@@@p8Nf@@@@ibjQBY9MKpElCGp7HZxvsuBTNyGT52miOzLdL86budAtFRlpQDBzaqKtbwkjsYVmkb3iZD7Wh48kyGp@@@@mPk5g0VQk92A==', None, '2025-07-22 16:28:36', 'YSTG10A25072200004', None, None, 0, '', datetime.datetime(2025, 7, 22, 16, 28, 42), datetime.datetime(2025, 7, 22, 16, 28, 42)),)

[2025-07-22 16:35:14,521] [database.py] [line:144] [INFO] # 风险测评id：41593
[2025-07-22 16:35:14,558] [database.py] [line:157] [INFO] # 退款id：1274
[2025-07-22 16:35:14,906] [database.py] [line:241] [INFO] # app `stock-rubik-cube`.contract_new数据列表：
((219634, '20250722160013973499', 3338203510512787459, 'YSTG10A25072200004', 0, 'service', 0, datetime.date(2025, 7, 22), '5a409e12e90c4ee8896e88d35e62caa2', '84898a7e419340f6b098386bbccbc798', 'AAAAAAq8uroAAAAAAAgrTBah85kzc1Uib68FlsjSkxExPzq8ambVFBB0WWDUbHHZ529ftub3FQNjF39KqO+8CKbG19mHj9y26jFrGqFUds0OHqnG3rUDP2yqi86/M3BdFN5fqgdirIOMxhMTmMhbvhe3IIUcm5V1hXpWXfMPeQw3geDpRYAuWQQgTRfACI2y27Iana/TezfbaeV7ckcah3gYEYXp7Q0jM3vA2Phurk6+XO8oRbbPUAWz8JvAh0f9xRV2JatWnNUKdPEVJqv2oESFquMA2OlbA08ama/PijjGl8GveLo9h4Y8x2MPS9kdY7Hxpc42gpRPEib/U1sW4vUt4LxhznyApE2w2b4vAvYNC3lvMJtn/suVzz8cqsWqPdnn2Pv2t56vC7uhqoq+toqheHRhbA0l1DFL3OYxStn6ruMVc+95R4QZ0Xs/FPWEViVUwy1bQ29ovdAPGVUxBiH9Sgo4I8tau6zoGCqLMltXW8YCdjilW2f9KT/dPiJDX7/ArKZGmsjOw9Yewly/kbNU2ILEAm36SbJa9oNYsoOVp1iBJDNakNeLxs52VQSAen2aR6E/o+w3QP7rHrKQ+G4CSmNwhsevguyTHFgGTRlbIEb/O7z9K9jQ1TlDTYVnjzW4vRkFd+ROL/SRmXdOB0lMOK1B', '', datetime.datetime(2025, 7, 22, 16, 28, 36), datetime.datetime(2025, 7, 22, 16, 0, 28), datetime.datetime(2025, 7, 22, 16, 28, 40), 0, '', 2, ''),)

[2025-07-22 16:35:14,906] [database.py] [line:245] [INFO] # app `stock-rubik-cube`.contract_new数据：
(219634, '20250722160013973499', 3338203510512787459, 'YSTG10A25072200004', 0, 'service', 0, datetime.date(2025, 7, 22), '5a409e12e90c4ee8896e88d35e62caa2', '84898a7e419340f6b098386bbccbc798', 'AAAAAAq8uroAAAAAAAgrTBah85kzc1Uib68FlsjSkxExPzq8ambVFBB0WWDUbHHZ529ftub3FQNjF39KqO+8CKbG19mHj9y26jFrGqFUds0OHqnG3rUDP2yqi86/M3BdFN5fqgdirIOMxhMTmMhbvhe3IIUcm5V1hXpWXfMPeQw3geDpRYAuWQQgTRfACI2y27Iana/TezfbaeV7ckcah3gYEYXp7Q0jM3vA2Phurk6+XO8oRbbPUAWz8JvAh0f9xRV2JatWnNUKdPEVJqv2oESFquMA2OlbA08ama/PijjGl8GveLo9h4Y8x2MPS9kdY7Hxpc42gpRPEib/U1sW4vUt4LxhznyApE2w2b4vAvYNC3lvMJtn/suVzz8cqsWqPdnn2Pv2t56vC7uhqoq+toqheHRhbA0l1DFL3OYxStn6ruMVc+95R4QZ0Xs/FPWEViVUwy1bQ29ovdAPGVUxBiH9Sgo4I8tau6zoGCqLMltXW8YCdjilW2f9KT/dPiJDX7/ArKZGmsjOw9Yewly/kbNU2ILEAm36SbJa9oNYsoOVp1iBJDNakNeLxs52VQSAen2aR6E/o+w3QP7rHrKQ+G4CSmNwhsevguyTHFgGTRlbIEb/O7z9K9jQ1TlDTYVnjzW4vRkFd+ROL/SRmXdOB0lMOK1B', '', datetime.datetime(2025, 7, 22, 16, 28, 36), datetime.datetime(2025, 7, 22, 16, 0, 28), datetime.datetime(2025, 7, 22, 16, 28, 40), 0, '', 2, '')

[2025-07-22 16:35:14,922] [database.py] [line:252] [INFO] # app `stock-rubik-cube`.`order`数据列表：
((3338203510512787459,),)

[2025-07-22 16:35:14,922] [database.py] [line:259] [INFO] # app用户id：3338203510512787459

[2025-07-22 16:35:15,143] [database.py] [line:287] [INFO] # app `stock-rubik-cube`.user_order_product数据列表：
()

[2025-07-22 16:35:15,209] [database.py] [line:308] [INFO] # o1ELc6LrAZOqCjYiOZur5A-sVzYc用户到期时间：(datetime.datetime(2025, 7, 19, 11, 10, 44),)
[2025-07-22 16:35:15,229] [database.py] [line:322] [INFO] # 更新work_crm_base_user表u_expire_date成功！
