[2025-11-26 18:08:04,905] [log.py] [line:31] [INFO] # ======Start printing logs======
[2025-11-26 18:08:08,884] [database.py] [line:80] [INFO] # 退款订单id列表：['20251125135126414493', '20251125150608638023', '20251125152906360383', '20251125153139164431', '20251125154124805999']
[2025-11-26 18:08:08,884] [database.py] [line:85] [INFO] # 
退款订单号：20251125135126414493
[2025-11-26 18:08:08,906] [database.py] [line:97] [INFO] # 退款订单unionid：o1ELc6LrAZOqCjYiOZur5A-sVzYc，kill_order：
[2025-11-26 18:08:08,944] [database.py] [line:107] [INFO] # v2_work_crm_order_main 数据列表：
((49737, '20251125135126414493', 10170, 7, 7, 1, 3, '1764053797', '', 'o1ELc6LrAZOqCjYiOZur5A-sVzYc', '赵楠', 'H4qNWOvOwe$$$$A$$$$rqaPhQyIw==', datetime.datetime(2025, 11, 25, 14, 57, 1), datetime.datetime(2026, 11, 25, 14, 57, 1), 365, 3, datetime.datetime(2026, 11, 28, 14, 57, 1), None, None, None, 0, datetime.datetime(2025, 11, 25, 13, 51, 26), datetime.datetime(2025, 11, 25, 13, 51, 26)),)

[2025-11-26 18:08:08,967] [database.py] [line:114] [INFO] # v2_work_crm_order_main_son 数据列表：
()

[2025-11-26 18:08:09,005] [database.py] [line:121] [INFO] # v2_work_crm_order_main_status 数据列表：
((49896, '20251125135126414493', 1, 1, 2, 1, datetime.datetime(2025, 11, 25, 14, 57, 1), 1, 4, 889009, 889009, 'wwec9bda2817108582', '百灵智投', 'cheng', 'cheng', 1, 2, 1, '趋势智投', 7, 'qszt-4-2', '这是趋势智投-四合一的描述', 365, 11, 1, '20251113152541171079', '', 0, 0, 'o1ELc6LrAZOqCjYiOZur5A-sVzYc', 7, 7, '1764053797', 1, 7, '', '', 0, datetime.datetime(2025, 11, 25, 13, 51, 26), None, datetime.datetime(2025, 11, 25, 14, 57, 1), 0, '888996', None, None, None, '889009', None, None, None, '889003,889017,889095', None, None, None),)

[2025-11-26 18:08:09,027] [database.py] [line:127] [INFO] # v2_work_crm_hegui 数据列表：
((1344, '20251125135126414493', 'o1ELc6LrAZOqCjYiOZur5A-sVzYc', 1, 101371, '', 1, 0, 1, None, None, 1, None, None, None, None, -1, 0, '', 1, datetime.datetime(2025, 11, 25, 13, 52, 47), datetime.datetime(2025, 11, 25, 14, 57, 1)),)

[2025-11-26 18:08:09,051] [database.py] [line:133] [INFO] # v2_work_crm_order_contract 数据列表：
((44796, '20251125135126414493', '86cecec887714595aa7348f9659683ea', 'afbc8cb5e9a9439ea472b7cbca4d0bb7', '8c4a35b69d4d4dcdbe2885e0d279fdd8', 1, '产品服务协议', 'eeZRyEm7vbDA0Lxi1n6NDNDfMbS3FBKFV1I5u28WftFIskiH4SusbdejbsUQMFXYeTZ7DiuHw1o@@@@X20MytXIj$$$$J9w9yEIjralZVHCnkly3TKc@@@@lCM6kGFw==', '5VFbtjRSP9eHX@@@@3H$$$$LTFZHMFWXdll9IAoUrn7BPXz2yXtq3TplNQwvXJ@@@@yh5@@@@XRKsF5R58jYF0xza7HYS2OyvrElHX@@@@jq7Gc7Rn6ux68ISiTrLsa7YUbZw==', datetime.datetime(2025, 11, 25, 14, 57, 1), '2025-11-25 13:52:37', 'YSTG10A25112500001', None, 'eqoh5xxl$$$$ZHJkZo7HfytjEyYA801VLRe$$$$pS78cSF3nsGRbaNikpsiSE1WU2duLjukCxhu6DZB852D2oIq8h6Tjgfi3ceE1SyB@@@@oYalMfXN3AKeUirii3i$$$$tVfGj2T0WoXDDix47TcowNW1Zd59ToaPXD3r69j7AYsP8qFtsHIDi5qVn14z3VgcAL$$$$tubvjpyWSjyKotZtA4L3dphwNqvHHk2ew4rh8NaP19tDMrVyI@@@@ifcPchCI62pWVRwp5Jct0d@@@@NrlySjKXplUsGwiHEE2wvd2mHA2q8ceTZ7DiuHw1o@@@@X20MytXIj$$$$J9w9yEIjralZVHCnkly3RVciKiMhbRwQ==', 0, '', datetime.datetime(2025, 11, 25, 13, 52, 47), datetime.datetime(2025, 11, 25, 13, 52, 47)), (44802, '20251125135126414493', None, None, 'dc588181a755439aace7955f2b6da66b', 2, '终止协议-测试', None, '5VFbtjRSP9eHX@@@@3H$$$$LTFZHMFWXdll9IAoUrn7BPXz2yXtq3TplNQwvXJ@@@@yh5@@@@XRKM4gIPm6cJZooGU7RgTgGOjIcH9fQIrTE@@@@$$$$10Nriql4yKEb928ypIV8pz$$$$UIzqQYX', datetime.datetime(2025, 11, 25, 17, 35, 29), '2025-11-25 17:35:29', '20251125135126414493', None, None, 0, '', datetime.datetime(2025, 11, 25, 17, 34, 59), datetime.datetime(2025, 11, 25, 17, 34, 59)))

[2025-11-26 18:08:09,073] [database.py] [line:144] [INFO] # 风险测评id：41804
[2025-11-26 18:08:09,117] [database.py] [line:157] [INFO] # 退款id：1462
[2025-11-26 18:08:09,575] [database.py] [line:241] [INFO] # app `stock-rubik-cube`.contract_new数据列表：
((219982, '20251125135126414493', 4861561993030385665, 'YSTG10A25112500001', 0, 'service', 0, datetime.date(2025, 11, 25), 'afbc8cb5e9a9439ea472b7cbca4d0bb7', '86cecec887714595aa7348f9659683ea', 'AAAAAAq8uroAAAAAAAgvDkl6nf74G2rVSRuecxnSLPi09gQzIBpeRaf/td/FnUhgy02O64PWxpbGn6FvjFD2xaTlyIgcxE21lZhll3UbcfVnb6Kjxb13BxS3bWm8dpd2Sqq9gxhqBHdiKGmc0w4STs5HjsDW/n2ktM5KrSLM0Bbft6jJzF9tHFQZLCF1I0k9PqRDwLOMJHRTX7yBi0NYivQ9oa9YCPeXJWyf6hkVoV6QOxxOWiQhdiJEwariOq8AyM+lur9aU8rDhwZNu3zLcfePUTIf4aUWsOZaqwMSMKByJ58O8dadiZ17B+U7jZnaA87fadz7CBsjE5DMV4ySG/gFGjCaB4RxqIQK6rbP8RQmev+UcGvL7bUpP57nhEPSwitZy6pdApn3E6kQkQZSm72VLgwu2qqBs5PsspAlgiWzaT47UCUszIVzHgHH382qBKzaeFRq7dAclJPWw12UpWCQA3rVlcDCt0cVyTmUc02UKwnb8UQq/9fdBiM+nnIIpPDzgYlCngmxkUNkaIkkf0lCjZ3VHyaNWn1a1Iuvo5sKHBp3OfacxU2/9tSOBp4bdwRMqyH1ijNiEapuRXzUPS+FO1cE9gndpnlCeyUjvlrjWdCF3mWPNuQP2HE6RU9RcFx2HlnbhTDnHjEGcm0xijhuvFsqxy8QFw==', 'AAAAAAq8uroAAAAAAAgvD7zIeYjHDc+DLpzCGE44+FbKLJfft5oLgh5ZJ/92L76mZ9ujNmyen/4kOXsAOe6zl3XNnr+NTpohrv1CvoP15Wqjgt6JwuH1FHFj8jVfDJyGDYIp5MgWm4oJ/d0XjdKbAxYJ2Dw=', datetime.datetime(2025, 11, 25, 13, 52, 37), datetime.datetime(2025, 11, 25, 13, 51, 35), datetime.datetime(2025, 11, 25, 14, 57, 1), 0, '', 2, ''), (219988, '20251125135126414493', 4861561993030385665, '', 1, 'termination', 0, None, '', '', '', '', None, datetime.datetime(2025, 11, 25, 17, 34, 59), datetime.datetime(2025, 11, 25, 17, 34, 59), 0, '', 2, ''))

[2025-11-26 18:08:09,576] [database.py] [line:245] [INFO] # app `stock-rubik-cube`.contract_new数据：
(219982, '20251125135126414493', 4861561993030385665, 'YSTG10A25112500001', 0, 'service', 0, datetime.date(2025, 11, 25), 'afbc8cb5e9a9439ea472b7cbca4d0bb7', '86cecec887714595aa7348f9659683ea', 'AAAAAAq8uroAAAAAAAgvDkl6nf74G2rVSRuecxnSLPi09gQzIBpeRaf/td/FnUhgy02O64PWxpbGn6FvjFD2xaTlyIgcxE21lZhll3UbcfVnb6Kjxb13BxS3bWm8dpd2Sqq9gxhqBHdiKGmc0w4STs5HjsDW/n2ktM5KrSLM0Bbft6jJzF9tHFQZLCF1I0k9PqRDwLOMJHRTX7yBi0NYivQ9oa9YCPeXJWyf6hkVoV6QOxxOWiQhdiJEwariOq8AyM+lur9aU8rDhwZNu3zLcfePUTIf4aUWsOZaqwMSMKByJ58O8dadiZ17B+U7jZnaA87fadz7CBsjE5DMV4ySG/gFGjCaB4RxqIQK6rbP8RQmev+UcGvL7bUpP57nhEPSwitZy6pdApn3E6kQkQZSm72VLgwu2qqBs5PsspAlgiWzaT47UCUszIVzHgHH382qBKzaeFRq7dAclJPWw12UpWCQA3rVlcDCt0cVyTmUc02UKwnb8UQq/9fdBiM+nnIIpPDzgYlCngmxkUNkaIkkf0lCjZ3VHyaNWn1a1Iuvo5sKHBp3OfacxU2/9tSOBp4bdwRMqyH1ijNiEapuRXzUPS+FO1cE9gndpnlCeyUjvlrjWdCF3mWPNuQP2HE6RU9RcFx2HlnbhTDnHjEGcm0xijhuvFsqxy8QFw==', 'AAAAAAq8uroAAAAAAAgvD7zIeYjHDc+DLpzCGE44+FbKLJfft5oLgh5ZJ/92L76mZ9ujNmyen/4kOXsAOe6zl3XNnr+NTpohrv1CvoP15Wqjgt6JwuH1FHFj8jVfDJyGDYIp5MgWm4oJ/d0XjdKbAxYJ2Dw=', datetime.datetime(2025, 11, 25, 13, 52, 37), datetime.datetime(2025, 11, 25, 13, 51, 35), datetime.datetime(2025, 11, 25, 14, 57, 1), 0, '', 2, '')

[2025-11-26 18:08:09,576] [database.py] [line:245] [INFO] # app `stock-rubik-cube`.contract_new数据：
(219988, '20251125135126414493', 4861561993030385665, '', 1, 'termination', 0, None, '', '', '', '', None, datetime.datetime(2025, 11, 25, 17, 34, 59), datetime.datetime(2025, 11, 25, 17, 34, 59), 0, '', 2, '')

[2025-11-26 18:08:09,611] [database.py] [line:252] [INFO] # app `stock-rubik-cube`.`order`数据列表：
((4861561993030385665,),)

[2025-11-26 18:08:09,611] [database.py] [line:259] [INFO] # app用户id：4861561993030385665

[2025-11-26 18:08:09,654] [database.py] [line:287] [INFO] # app `stock-rubik-cube`.user_order_product数据列表：
()

[2025-11-26 18:08:09,668] [database.py] [line:85] [INFO] # 
退款订单号：20251125150608638023
[2025-11-26 18:08:09,691] [database.py] [line:97] [INFO] # 退款订单unionid：o1ELc6LrAZOqCjYiOZur5A-sVzYc，kill_order：20251125135126414493
[2025-11-26 18:08:09,713] [database.py] [line:107] [INFO] # v2_work_crm_order_main 数据列表：
((49738, '20251125150608638023', 10123, 15, 15, 1, 3, '1764055422', '', 'o1ELc6LrAZOqCjYiOZur5A-sVzYc', '赵楠', 'H4qNWOvOwe$$$$A$$$$rqaPhQyIw==', datetime.datetime(2025, 11, 25, 15, 24, 28), datetime.datetime(2025, 11, 26, 15, 24, 28), 1, 0, datetime.datetime(2025, 11, 26, 15, 24, 28), None, None, None, 0, datetime.datetime(2025, 11, 25, 15, 6, 8), datetime.datetime(2025, 11, 25, 15, 6, 8)),)

[2025-11-26 18:08:09,735] [database.py] [line:114] [INFO] # v2_work_crm_order_main_son 数据列表：
()

[2025-11-26 18:08:09,758] [database.py] [line:121] [INFO] # v2_work_crm_order_main_status 数据列表：
((49897, '20251125150608638023', 1, 1, 2, 1, datetime.datetime(2025, 11, 25, 15, 24, 28), 3, 0, 889003, 889003, 'wwec9bda2817108582', '百灵智投', 'WangSong', 'WangSong', 1, 2, 1, '私人定制', 16800000, 'srdz', '这是私人定制的描述', 1, 4, 1, '20251125135126414493', '20251125135126414493', 0, 0, 'o1ELc6LrAZOqCjYiOZur5A-sVzYc', 15, 15, '1764055422', 1, 7, '', 'd0e86939a96c8ef6314bc1d2a89f90dc', 0, datetime.datetime(2025, 11, 25, 15, 6, 8), None, datetime.datetime(2025, 11, 25, 15, 24, 28), 0, '888996', None, None, None, '889009', None, None, None, '889003,889017,889095', None, None, None),)

[2025-11-26 18:08:09,780] [database.py] [line:127] [INFO] # v2_work_crm_hegui 数据列表：
((1345, '20251125150608638023', 'o1ELc6LrAZOqCjYiOZur5A-sVzYc', 1, 101371, '', 1, 0, 1, None, None, 1, None, None, None, None, -1, 0, '', 1, datetime.datetime(2025, 11, 25, 15, 7, 7), datetime.datetime(2025, 11, 25, 15, 24, 28)),)

[2025-11-26 18:08:09,802] [database.py] [line:133] [INFO] # v2_work_crm_order_contract 数据列表：
((44797, '20251125150608638023', '00094468d7b44bd48482fe5dd2c888a4', '3aa8f93734004766a859ccaeaa08fe44', '8c4a35b69d4d4dcdbe2885e0d279fdd8', 1, '产品服务协议', 'eeZRyEm7vbDA0Lxi1n6NDNDfMbS3FBKFV1I5u28WftFIskiH4SusbdejbsUQMFXYeTZ7DiuHw1o@@@@X20MytXIj5OJA3C7U66NlZVHCnkly3TKc@@@@lCM6kGFw==', '5VFbtjRSP9eHX@@@@3H$$$$LTFZHMFWXdll9IAoUrn7BPXz2yXtq3TplNQwvXJ@@@@yh5@@@@XRKsF5R58jYF0xza7HYS2OyvvwXQQxz8@@@@lr7Rn6ux68ISiTrLsa7YUbZw==', datetime.datetime(2025, 11, 25, 15, 24, 28), '2025-11-25 15:07:03', 'YSTG10A25112500002', None, 'eqoh5xxl$$$$ZHJkZo7HfytjEyYA801VLRe$$$$pS78cSF3nsGRbaNikpsiSE1WU2duLjukCxhu6DZB852D2oIq8h6Tjgfi3ceE1SyB@@@@oYalMfXN3yfVzzlCog5$$$$tVfGj2T0WoXDDix47TcowNW1Zd59ToaPXD3r69j7AYsP8qFtsHIDi5qVn14z3VgcAL$$$$tubvjpyWSjyKotZtA4L3dphwNqvHHk2ew4rh8NaP19tDMrVyI$$$$TiQNwu1OujZWVRwp5Jct0d@@@@NrlySjKXplUsGwiHEE2wvd2mHA2q8ceTZ7DiuHw1o@@@@X20MytXIj5OJA3C7U66NlZVHCnkly3RVciKiMhbRwQ==', 0, '', datetime.datetime(2025, 11, 25, 15, 7, 6), datetime.datetime(2025, 11, 25, 15, 7, 6)),)

[2025-11-26 18:08:09,825] [database.py] [line:144] [INFO] # 风险测评id：41805
[2025-11-26 18:08:10,169] [database.py] [line:214] [INFO] # order_ids:('20251125135126414493',)
[2025-11-26 18:08:10,191] [database.py] [line:217] [INFO] # 更新v2_work_crm_order_main_status表is_cancellation成功！
[2025-11-26 18:08:10,261] [database.py] [line:241] [INFO] # app `stock-rubik-cube`.contract_new数据列表：
((219983, '20251125150608638023', 4861561993030385665, 'YSTG10A25112500002', 0, 'service', 0, datetime.date(2025, 11, 25), '3aa8f93734004766a859ccaeaa08fe44', '00094468d7b44bd48482fe5dd2c888a4', 'AAAAAAq8uroAAAAAAAgvEP1ec7WNZTmH6whOf/hKz++R4ZGUtCwU5az7ejgTjcSi6hGEmXszG2VcFYUNMP7xH2VI26WUwCiNJytxauGtJOHFf2WQMluKA9B8djGb3u/AE9G4m3HJJlEj8EfsYEw25DBdYL4YhHRi2KL+aaDBL1fF1QStwEUhZZlj5Ll2frl3addb6Asi3sfNJzJ+hdZMp7va1TJTIB63N2vNi1sp3A+SuhUjvp18Tllriu3h0qwpO+pFXxh4dqwapovfh3EZ7FOSJRzHii0vRaK03vBYbZTjE1dtUMXnknoike5LrbycCaaeDDkfqg4NY1EqIW2UuhwKGy86dt3KuKfrq5UtkZ6R/GnX+K1eW4cpp4URLGLN3o67mmF8duz0IYJXGsmH3W0krW8cpR9lBNOZFG90Kd/IGX0I6vhxs5zmeMbmJ08+7NQZdLdKODcMAadC25e8xGrB6a++PttwT9EIS0xfH174HUPOsEYc/4r7ZJct2CVQhpmWtgIIy0eUgS3Qyb7cNvpeqckBwKZWUvPMyXHV23YD0MhwzSspElmM7JiiK/4zzBWlGrFwhprAEHRx+qDMriNh9iyAivbLFdImltXMjLFgh4R//cri9E9PpC7jOt+V7rADuTHC7UhIUbyj8SfzctwUWssBVT2SpcWmRu8wRw==', 'AAAAAAq8uroAAAAAAAgvEYYA55dLqfzJSihHO36UUHt9bIdJVWmW2f51++xNeBNl30spVC8OGYXZmAJ39nH7ECBmdD7hTezjG0hQo6xTcg5YyanhyHfejMgT5YAYvI21FMJRLWLkfszb7/xqmUMuOL/PXQw=', datetime.datetime(2025, 11, 25, 15, 7, 3), datetime.datetime(2025, 11, 25, 15, 6, 16), datetime.datetime(2025, 11, 25, 15, 24, 29), 0, '', 2, ''),)

[2025-11-26 18:08:10,261] [database.py] [line:245] [INFO] # app `stock-rubik-cube`.contract_new数据：
(219983, '20251125150608638023', 4861561993030385665, 'YSTG10A25112500002', 0, 'service', 0, datetime.date(2025, 11, 25), '3aa8f93734004766a859ccaeaa08fe44', '00094468d7b44bd48482fe5dd2c888a4', 'AAAAAAq8uroAAAAAAAgvEP1ec7WNZTmH6whOf/hKz++R4ZGUtCwU5az7ejgTjcSi6hGEmXszG2VcFYUNMP7xH2VI26WUwCiNJytxauGtJOHFf2WQMluKA9B8djGb3u/AE9G4m3HJJlEj8EfsYEw25DBdYL4YhHRi2KL+aaDBL1fF1QStwEUhZZlj5Ll2frl3addb6Asi3sfNJzJ+hdZMp7va1TJTIB63N2vNi1sp3A+SuhUjvp18Tllriu3h0qwpO+pFXxh4dqwapovfh3EZ7FOSJRzHii0vRaK03vBYbZTjE1dtUMXnknoike5LrbycCaaeDDkfqg4NY1EqIW2UuhwKGy86dt3KuKfrq5UtkZ6R/GnX+K1eW4cpp4URLGLN3o67mmF8duz0IYJXGsmH3W0krW8cpR9lBNOZFG90Kd/IGX0I6vhxs5zmeMbmJ08+7NQZdLdKODcMAadC25e8xGrB6a++PttwT9EIS0xfH174HUPOsEYc/4r7ZJct2CVQhpmWtgIIy0eUgS3Qyb7cNvpeqckBwKZWUvPMyXHV23YD0MhwzSspElmM7JiiK/4zzBWlGrFwhprAEHRx+qDMriNh9iyAivbLFdImltXMjLFgh4R//cri9E9PpC7jOt+V7rADuTHC7UhIUbyj8SfzctwUWssBVT2SpcWmRu8wRw==', 'AAAAAAq8uroAAAAAAAgvEYYA55dLqfzJSihHO36UUHt9bIdJVWmW2f51++xNeBNl30spVC8OGYXZmAJ39nH7ECBmdD7hTezjG0hQo6xTcg5YyanhyHfejMgT5YAYvI21FMJRLWLkfszb7/xqmUMuOL/PXQw=', datetime.datetime(2025, 11, 25, 15, 7, 3), datetime.datetime(2025, 11, 25, 15, 6, 16), datetime.datetime(2025, 11, 25, 15, 24, 29), 0, '', 2, '')

[2025-11-26 18:08:10,275] [database.py] [line:252] [INFO] # app `stock-rubik-cube`.`order`数据列表：
((4861561993030385665,),)

[2025-11-26 18:08:10,275] [database.py] [line:259] [INFO] # app用户id：4861561993030385665

[2025-11-26 18:08:10,316] [database.py] [line:287] [INFO] # app `stock-rubik-cube`.user_order_product数据列表：
()

[2025-11-26 18:08:10,330] [database.py] [line:85] [INFO] # 
退款订单号：20251125152906360383
[2025-11-26 18:08:10,352] [database.py] [line:97] [INFO] # 退款订单unionid：o1ELc6LrAZOqCjYiOZur5A-sVzYc，kill_order：
[2025-11-26 18:08:10,374] [database.py] [line:107] [INFO] # v2_work_crm_order_main 数据列表：
((49739, '20251125152906360383', 10204, 1, 1, 1, 1, '1764055839', '4200002931202511257189286880', 'o1ELc6LrAZOqCjYiOZur5A-sVzYc', '赵楠', 'H4qNWOvOwe$$$$A$$$$rqaPhQyIw==', datetime.datetime(2025, 11, 26, 15, 24, 28), datetime.datetime(2025, 11, 27, 15, 24, 28), 1, 0, datetime.datetime(2025, 11, 27, 15, 24, 28), None, None, None, 0, datetime.datetime(2025, 11, 25, 15, 29, 6), datetime.datetime(2025, 11, 25, 15, 29, 6)),)

[2025-11-26 18:08:10,396] [database.py] [line:114] [INFO] # v2_work_crm_order_main_son 数据列表：
((15426, '20251125152906360383', 'SOD20251125153033359728', 1, 1, 1, '1764055839', '4200002931202511257189286880', None, '50300005282025112596360342559', '20251125153635883572', datetime.datetime(2025, 11, 25, 15, 36, 36), None, None, None, None, None, None, None, None, datetime.datetime(2025, 11, 25, 15, 30, 33)),)

[2025-11-26 18:08:10,419] [database.py] [line:121] [INFO] # v2_work_crm_order_main_status 数据列表：
((49898, '20251125152906360383', 1, 1, 2, 1, datetime.datetime(2025, 11, 25, 15, 31, 9), 3, 0, 889095, 889095, 'wwec9bda2817108582', '百灵智投', 'ZhangYuZe', 'ZhangYuZe', 1, 3, 1, '研选量投', 1, 'yxlt_xf', '严选量投-续费-客服', 1, 10, 1, '20251125150608638023', '', 0, 0, 'o1ELc6LrAZOqCjYiOZur5A-sVzYc', 1, 1, '1764055839', 1, 7, '', '', 0, datetime.datetime(2025, 11, 25, 15, 29, 6), None, datetime.datetime(2025, 11, 25, 15, 31, 9), 0, '888996', None, None, None, '889009', None, None, None, '889003,889017,889095', None, None, None),)

[2025-11-26 18:08:10,441] [database.py] [line:127] [INFO] # v2_work_crm_hegui 数据列表：
((1346, '20251125152906360383', 'o1ELc6LrAZOqCjYiOZur5A-sVzYc', 1, 101371, '', 1, 0, 1, None, None, 1, None, None, None, None, -1, 0, '', 0, datetime.datetime(2025, 11, 25, 15, 29, 56), datetime.datetime(2025, 11, 25, 15, 31, 9)),)

[2025-11-26 18:08:10,463] [database.py] [line:133] [INFO] # v2_work_crm_order_contract 数据列表：
((44798, '20251125152906360383', '3261998241c443d3833f8b7df0b6abf4', 'e336449683fe4406a0b88ab8e4d85573', '8c4a35b69d4d4dcdbe2885e0d279fdd8', 1, '产品服务协议', 'eeZRyEm7vbDA0Lxi1n6NDNDfMbS3FBKFV1I5u28WftFIskiH4SusbdejbsUQMFXYeTZ7DiuHw1o@@@@X20MytXIj95ZQ15YsxsClZVHCnkly3TKc@@@@lCM6kGFw==', '5VFbtjRSP9eHX@@@@3H$$$$LTFZHMFWXdll9IAoUrn7BPXz2yXtq3TplNQwvXJ@@@@yh5@@@@XRKsF5R58jYF0xza7HYS2Oyvt2e3bBUVjEb7Rn6ux68ISiTrLsa7YUbZw==', datetime.datetime(2025, 11, 25, 15, 31, 9), '2025-11-25 15:29:54', 'YSTG10A25112500003', None, 'eqoh5xxl$$$$ZHJkZo7HfytjEyYA801VLRe$$$$pS78cSF3nsGRbaNikpsiSE1WU2duLjukCxhu6DZB852D2oIq8h6Tjgfi3ceE1SyB@@@@oYalMfXN2UIOYvJETg2$$$$tVfGj2T0WoXDDix47TcowNW1Zd59ToaPXD3r69j7AYsP8qFtsHIDi5qVn14z3VgcAL$$$$tubvjpyWSjyKotZtA4L3dphwNqvHHk2ew4rh8NaP19tDMrVyI@@@@eWUNeWLMbApWVRwp5Jct0d@@@@NrlySjKXplUsGwiHEE2wvd2mHA2q8ceTZ7DiuHw1o@@@@X20MytXIj95ZQ15YsxsClZVHCnkly3RVciKiMhbRwQ==', 0, '', datetime.datetime(2025, 11, 25, 15, 29, 56), datetime.datetime(2025, 11, 25, 15, 29, 56)),)

[2025-11-26 18:08:10,485] [database.py] [line:144] [INFO] # 风险测评id：41806
[2025-11-26 18:08:10,928] [database.py] [line:241] [INFO] # app `stock-rubik-cube`.contract_new数据列表：
((219984, '20251125152906360383', 4861561993030385665, 'YSTG10A25112500003', 0, 'service', 0, datetime.date(2025, 11, 25), 'e336449683fe4406a0b88ab8e4d85573', '3261998241c443d3833f8b7df0b6abf4', 'AAAAAAq8uroAAAAAAAgvEiHtF/yYXupkzq1E21aCgHdi4Eu/0L7Zx385bSyoJxg2r/b6iLdyVj4v7zN/itMhN7aj/63jZ1Upr9GC23UakBhA1qDR/0espwRKBj9FNpD4kXCdEcJ3lUCzj6jUiT3LE7IeUzr59verbwMzdKHDG6R1dITZ50cxBSWMIlCbU5Y/uq1ZTY2FestOfblQ6x8MDBZG51kCe1laQ2rkwVOp7LWkLyGimt8BhRYCHUtBN7V/MX1V8uX0VfaSWXjjcuBGAZB1pCCS9aCwiWctPPkbRK2JXz8yJly3+lSeJmaG0Ze6nJKORZKA900rGT0ZLn00p7AtbS7b5zwwS8n71o+n0MbAH/hI8r1N+pXLh3G0boJj+DkIkf1+vCsgHVtDLewO///vs0iSnL35xEo8WLTScKWchRkLqxsG9rZAp/v10wP1WkKc6jel46up7tAFJyaDgOhMwyk4LWicXXjZW5L17SrHpYYKLlgG4LLqxRooujja6A8QnIZC17A5FQ7K7pSOe5sm4qVa56gNE6/VhK7DyS1Ea28+za4ryN6lvZMtuaMHPBgWW1DPBv9uVYYx2BMjWv5y8xsypT2Bt1L1vdrplV6cxT+oNgVpiD6EX5DSqeGCluCFLau/pa5ZiAZseXtQwyy97IYnwzpGV89d', 'AAAAAAq8uroAAAAAAAgvEyRwKetp4jZ0BR0j8qWrJPxGpRcPrtfi81C/D6JT8yqogBNMnYhQSbqtwPSm9pF/hszyhuBYte3GA8BMOmjEkqZTwbVGkoVgtQD7r0XCpnBzD9aUviAMhe0HzVuCMXkNdlwTEys=', datetime.datetime(2025, 11, 25, 15, 29, 54), datetime.datetime(2025, 11, 25, 15, 29, 9), datetime.datetime(2025, 11, 25, 15, 31, 9), 0, '', 2, ''),)

[2025-11-26 18:08:10,928] [database.py] [line:245] [INFO] # app `stock-rubik-cube`.contract_new数据：
(219984, '20251125152906360383', 4861561993030385665, 'YSTG10A25112500003', 0, 'service', 0, datetime.date(2025, 11, 25), 'e336449683fe4406a0b88ab8e4d85573', '3261998241c443d3833f8b7df0b6abf4', 'AAAAAAq8uroAAAAAAAgvEiHtF/yYXupkzq1E21aCgHdi4Eu/0L7Zx385bSyoJxg2r/b6iLdyVj4v7zN/itMhN7aj/63jZ1Upr9GC23UakBhA1qDR/0espwRKBj9FNpD4kXCdEcJ3lUCzj6jUiT3LE7IeUzr59verbwMzdKHDG6R1dITZ50cxBSWMIlCbU5Y/uq1ZTY2FestOfblQ6x8MDBZG51kCe1laQ2rkwVOp7LWkLyGimt8BhRYCHUtBN7V/MX1V8uX0VfaSWXjjcuBGAZB1pCCS9aCwiWctPPkbRK2JXz8yJly3+lSeJmaG0Ze6nJKORZKA900rGT0ZLn00p7AtbS7b5zwwS8n71o+n0MbAH/hI8r1N+pXLh3G0boJj+DkIkf1+vCsgHVtDLewO///vs0iSnL35xEo8WLTScKWchRkLqxsG9rZAp/v10wP1WkKc6jel46up7tAFJyaDgOhMwyk4LWicXXjZW5L17SrHpYYKLlgG4LLqxRooujja6A8QnIZC17A5FQ7K7pSOe5sm4qVa56gNE6/VhK7DyS1Ea28+za4ryN6lvZMtuaMHPBgWW1DPBv9uVYYx2BMjWv5y8xsypT2Bt1L1vdrplV6cxT+oNgVpiD6EX5DSqeGCluCFLau/pa5ZiAZseXtQwyy97IYnwzpGV89d', 'AAAAAAq8uroAAAAAAAgvEyRwKetp4jZ0BR0j8qWrJPxGpRcPrtfi81C/D6JT8yqogBNMnYhQSbqtwPSm9pF/hszyhuBYte3GA8BMOmjEkqZTwbVGkoVgtQD7r0XCpnBzD9aUviAMhe0HzVuCMXkNdlwTEys=', datetime.datetime(2025, 11, 25, 15, 29, 54), datetime.datetime(2025, 11, 25, 15, 29, 9), datetime.datetime(2025, 11, 25, 15, 31, 9), 0, '', 2, '')

[2025-11-26 18:08:10,942] [database.py] [line:252] [INFO] # app `stock-rubik-cube`.`order`数据列表：
((4861561993030385665,),)

[2025-11-26 18:08:10,942] [database.py] [line:259] [INFO] # app用户id：4861561993030385665

[2025-11-26 18:08:10,986] [database.py] [line:287] [INFO] # app `stock-rubik-cube`.user_order_product数据列表：
()

[2025-11-26 18:08:10,999] [database.py] [line:85] [INFO] # 
退款订单号：20251125153139164431
[2025-11-26 18:08:11,020] [database.py] [line:97] [INFO] # 退款订单unionid：o1ELc6LrAZOqCjYiOZur5A-sVzYc，kill_order：20251125150608638023,20251125152906360383
[2025-11-26 18:08:11,042] [database.py] [line:107] [INFO] # v2_work_crm_order_main 数据列表：
((49740, '20251125153139164431', 10164, 15, 15, 1, 3, '1764056025', '', 'o1ELc6LrAZOqCjYiOZur5A-sVzYc', '赵楠', 'H4qNWOvOwe$$$$A$$$$rqaPhQyIw==', datetime.datetime(2025, 11, 25, 15, 34, 9), datetime.datetime(2026, 11, 25, 15, 34, 9), 365, 0, datetime.datetime(2026, 11, 25, 15, 34, 9), None, None, None, 0, datetime.datetime(2025, 11, 25, 15, 31, 39), datetime.datetime(2025, 11, 25, 15, 31, 39)),)

[2025-11-26 18:08:11,064] [database.py] [line:114] [INFO] # v2_work_crm_order_main_son 数据列表：
()

[2025-11-26 18:08:11,086] [database.py] [line:121] [INFO] # v2_work_crm_order_main_status 数据列表：
((49899, '20251125153139164431', 1, 1, 2, 1, datetime.datetime(2025, 11, 25, 15, 34, 9), 1, 4, 889017, 889017, 'wwec9bda2817108582', '百灵智投', 'ZhaoNan', 'ZhaoNan', 1, 2, 1, '私人定制', 16800000, 'srdz', '这是私人定制的描述', 365, 4, 0, '20251125150608638023', '20251125150608638023,20251125152906360383', 0, 0, 'o1ELc6LrAZOqCjYiOZur5A-sVzYc', 15, 15, '1764056025', 1, 7, '', '9bc3aafdc1f57b37f0e37788bc462a28', 0, datetime.datetime(2025, 11, 25, 15, 31, 39), None, datetime.datetime(2025, 11, 25, 15, 34, 9), 0, '888996', None, None, None, '889009', None, None, None, '889003,889017,889095', None, None, None),)

[2025-11-26 18:08:11,108] [database.py] [line:127] [INFO] # v2_work_crm_hegui 数据列表：
((1347, '20251125153139164431', 'o1ELc6LrAZOqCjYiOZur5A-sVzYc', 1, 101371, '', 1, 0, 1, None, None, 1, None, None, None, None, -1, 0, '', 1, datetime.datetime(2025, 11, 25, 15, 32, 31), datetime.datetime(2025, 11, 25, 15, 34, 9)),)

[2025-11-26 18:08:11,131] [database.py] [line:133] [INFO] # v2_work_crm_order_contract 数据列表：
((44799, '20251125153139164431', '5cb4eff426c44c59b366f990c29ee865', '0a906510ae0c44debbc7832bb08eb369', '8c4a35b69d4d4dcdbe2885e0d279fdd8', 1, '产品服务协议', 'eeZRyEm7vbDA0Lxi1n6NDNDfMbS3FBKFV1I5u28WftFIskiH4SusbdejbsUQMFXYeTZ7DiuHw1o@@@@X20MytXIj2CVvaYCFNellZVHCnkly3TKc@@@@lCM6kGFw==', '5VFbtjRSP9eHX@@@@3H$$$$LTFZHMFWXdll9IAoUrn7BPXz2yXtq3TplNQwvXJ@@@@yh5@@@@XRKsF5R58jYF0xza7HYS2Oyvgr9Frh4ObPp7Rn6ux68ISiTrLsa7YUbZw==', datetime.datetime(2025, 11, 25, 15, 34, 9), '2025-11-25 15:32:28', 'YSTG10A25112500004', None, 'eqoh5xxl$$$$ZHJkZo7HfytjEyYA801VLRe$$$$pS78cSF3nsGRbaNikpsiSE1WU2duLjukCxhu6DZB852D2oIq8h6Tjgfi3ceE1SyB@@@@oYalMfXN0p87DyX6e9metVfGj2T0WoXDDix47TcowNW1Zd59ToaPXD3r69j7AYsP8qFtsHIDi5qVn14z3VgcAL$$$$tubvjpyWSjyKotZtA4L3dphwNqvHHk2ew4rh8NaP19tDMrVyI9glb2mAhTXpZWVRwp5Jct0d@@@@NrlySjKXplUsGwiHEE2wvd2mHA2q8ceTZ7DiuHw1o@@@@X20MytXIj2CVvaYCFNellZVHCnkly3RVciKiMhbRwQ==', 0, '', datetime.datetime(2025, 11, 25, 15, 32, 31), datetime.datetime(2025, 11, 25, 15, 32, 31)), (44800, '20251125153139164431', None, None, 'dc588181a755439aace7955f2b6da66b', 2, '终止协议-测试', None, '5VFbtjRSP9eHX@@@@3H$$$$LTFZHMFWXdll9IAoUrn7BPXz2yXtq3TplNQwvXJ@@@@yh5@@@@XRKtdxtggvPysrlhLihRAZK11sfQUJJ$$$$q9n', datetime.datetime(2025, 11, 25, 15, 35, 33), '2025-11-25 15:35:33', 'c', None, None, 0, '', datetime.datetime(2025, 11, 25, 15, 35, 10), datetime.datetime(2025, 11, 25, 15, 35, 10)))

[2025-11-26 18:08:11,153] [database.py] [line:144] [INFO] # 风险测评id：41807
[2025-11-26 18:08:11,195] [database.py] [line:157] [INFO] # 退款id：1461
[2025-11-26 18:08:11,517] [database.py] [line:214] [INFO] # order_ids:('20251125150608638023', '20251125152906360383')
[2025-11-26 18:08:11,538] [database.py] [line:217] [INFO] # 更新v2_work_crm_order_main_status表is_cancellation成功！
[2025-11-26 18:08:11,607] [database.py] [line:241] [INFO] # app `stock-rubik-cube`.contract_new数据列表：
((219985, '20251125153139164431', 4861561993030385665, 'YSTG10A25112500004', 0, 'service', 0, datetime.date(2025, 11, 25), '0a906510ae0c44debbc7832bb08eb369', '5cb4eff426c44c59b366f990c29ee865', 'AAAAAAq8uroAAAAAAAgvFAplox9mQ29ca84fe0HDVa0q9l5NKeH4yg4eiZeKX/YlO8aHeW6l32gIBhwTTdXQdc3dWkeDbmf2z4mzMek1NUJBXr5DidvFifzSbtcKfYWGy8Xk3GpfIVgEy7DwBi5rnlkr9LMwxdx4DdFLwxXHsDYUy4QGOOobd9BqKEUXuMz4Bg43K7OiKJTgv/Q9zpWgkSTwpxD2I4XlnISPjpZF+hUN57HKVClAyA3qbCSQXlZmY3WGAnTZOzPuTiERpzyKpSVQiIKj4Vysdt3Wan2xm6mO5MjxDA59vShqrW4+bA9VmEpquIaofBWt9J73tdnNRufytJ7FEp1p4beGzlpccUpZgQG8kGE38395qrHGxxRZh56yiEaHbuJ2PePbvQt7fXtd3VDjrPbzv1YzWW0chaB85I2PvFdAgIug90v5tQ3/sC9JF/pjjhzWyQXS16CZH/ANPM/r+fjq3qKbzYWu5Ux/MMd7fVkNho97CCpTzHDvpqO/b0VeCIhqc3zROMvFt9gdPIJDJSznaKECYiYLguYemyPHHrdBP8/fgSFUDSQ+Zdy9ZudIOud680T7X29DllRD844AiKs1S1D2tq/CkFdHyQiuNI21AVYQ/B+Rp6KI8gN77Kykk94TX32sNgfK4bnRspizFbJbnhAxVCg=', 'AAAAAAq8uroAAAAAAAgvFa5lP+d5oj3riYvJlBCXD1DTibMiLaVBemyB4uqrwvB7wRW0mKJZc+BgE8t07ekwAXfuCg029WCsN+vuMfiHODxWE1t/X+GKB/pOVbD3JJmsPrhdhW9Y33PhQ66Ybz8lV9xbLWo=', datetime.datetime(2025, 11, 25, 15, 32, 28), datetime.datetime(2025, 11, 25, 15, 31, 43), datetime.datetime(2025, 11, 25, 15, 34, 9), 0, '', 2, ''), (219986, '20251125153139164431', 4861561993030385665, '', 1, 'termination', 0, None, '', '', '', '', None, datetime.datetime(2025, 11, 25, 15, 35, 11), datetime.datetime(2025, 11, 25, 15, 35, 11), 0, '', 2, ''))

[2025-11-26 18:08:11,607] [database.py] [line:245] [INFO] # app `stock-rubik-cube`.contract_new数据：
(219985, '20251125153139164431', 4861561993030385665, 'YSTG10A25112500004', 0, 'service', 0, datetime.date(2025, 11, 25), '0a906510ae0c44debbc7832bb08eb369', '5cb4eff426c44c59b366f990c29ee865', 'AAAAAAq8uroAAAAAAAgvFAplox9mQ29ca84fe0HDVa0q9l5NKeH4yg4eiZeKX/YlO8aHeW6l32gIBhwTTdXQdc3dWkeDbmf2z4mzMek1NUJBXr5DidvFifzSbtcKfYWGy8Xk3GpfIVgEy7DwBi5rnlkr9LMwxdx4DdFLwxXHsDYUy4QGOOobd9BqKEUXuMz4Bg43K7OiKJTgv/Q9zpWgkSTwpxD2I4XlnISPjpZF+hUN57HKVClAyA3qbCSQXlZmY3WGAnTZOzPuTiERpzyKpSVQiIKj4Vysdt3Wan2xm6mO5MjxDA59vShqrW4+bA9VmEpquIaofBWt9J73tdnNRufytJ7FEp1p4beGzlpccUpZgQG8kGE38395qrHGxxRZh56yiEaHbuJ2PePbvQt7fXtd3VDjrPbzv1YzWW0chaB85I2PvFdAgIug90v5tQ3/sC9JF/pjjhzWyQXS16CZH/ANPM/r+fjq3qKbzYWu5Ux/MMd7fVkNho97CCpTzHDvpqO/b0VeCIhqc3zROMvFt9gdPIJDJSznaKECYiYLguYemyPHHrdBP8/fgSFUDSQ+Zdy9ZudIOud680T7X29DllRD844AiKs1S1D2tq/CkFdHyQiuNI21AVYQ/B+Rp6KI8gN77Kykk94TX32sNgfK4bnRspizFbJbnhAxVCg=', 'AAAAAAq8uroAAAAAAAgvFa5lP+d5oj3riYvJlBCXD1DTibMiLaVBemyB4uqrwvB7wRW0mKJZc+BgE8t07ekwAXfuCg029WCsN+vuMfiHODxWE1t/X+GKB/pOVbD3JJmsPrhdhW9Y33PhQ66Ybz8lV9xbLWo=', datetime.datetime(2025, 11, 25, 15, 32, 28), datetime.datetime(2025, 11, 25, 15, 31, 43), datetime.datetime(2025, 11, 25, 15, 34, 9), 0, '', 2, '')

[2025-11-26 18:08:11,607] [database.py] [line:245] [INFO] # app `stock-rubik-cube`.contract_new数据：
(219986, '20251125153139164431', 4861561993030385665, '', 1, 'termination', 0, None, '', '', '', '', None, datetime.datetime(2025, 11, 25, 15, 35, 11), datetime.datetime(2025, 11, 25, 15, 35, 11), 0, '', 2, '')

[2025-11-26 18:08:11,621] [database.py] [line:252] [INFO] # app `stock-rubik-cube`.`order`数据列表：
((4861561993030385665,),)

[2025-11-26 18:08:11,621] [database.py] [line:259] [INFO] # app用户id：4861561993030385665

[2025-11-26 18:08:11,662] [database.py] [line:287] [INFO] # app `stock-rubik-cube`.user_order_product数据列表：
()

[2025-11-26 18:08:11,676] [database.py] [line:85] [INFO] # 
退款订单号：20251125154124805999
[2025-11-26 18:08:11,698] [database.py] [line:97] [INFO] # 退款订单unionid：o1ELc6LrAZOqCjYiOZur5A-sVzYc，kill_order：
[2025-11-26 18:08:11,720] [database.py] [line:107] [INFO] # v2_work_crm_order_main 数据列表：
((49741, '20251125154124805999', 10150, 2, 2, 0, 3, None, '', 'o1ELc6LrAZOqCjYiOZur5A-sVzYc', '赵楠', 'H4qNWOvOwe$$$$A$$$$rqaPhQyIw==', None, None, 365, 0, None, None, None, None, 1, datetime.datetime(2025, 11, 25, 15, 41, 24), datetime.datetime(2025, 11, 25, 15, 41, 24)),)

[2025-11-26 18:08:11,742] [database.py] [line:114] [INFO] # v2_work_crm_order_main_son 数据列表：
()

[2025-11-26 18:08:11,765] [database.py] [line:121] [INFO] # v2_work_crm_order_main_status 数据列表：
((49900, '20251125154124805999', 1, 1, 3, 0, None, 3, 0, 889009, 889009, 'wwec9bda2817108582', '百灵智投', 'cheng', 'cheng', 1, 3, 0, '趋势周期', 2, 'qszq', '趋势周期', 365, 9, 0, '20251125153139164431', '', 0, 0, 'o1ELc6LrAZOqCjYiOZur5A-sVzYc', 2, 2, None, 0, 7, '', '', 1, datetime.datetime(2025, 11, 25, 15, 41, 24), None, None, 0, '888996', None, None, None, '889009', None, None, None, '889003,889017,889095', None, None, None),)

[2025-11-26 18:08:11,788] [database.py] [line:127] [INFO] # v2_work_crm_hegui 数据列表：
((1348, '20251125154124805999', 'o1ELc6LrAZOqCjYiOZur5A-sVzYc', 0, 0, '', 0, 0, 0, None, None, 1, None, None, None, None, -1, 0, '', 0, datetime.datetime(2025, 11, 25, 15, 43, 26), datetime.datetime(2025, 11, 25, 15, 43, 26)),)

[2025-11-26 18:08:11,810] [database.py] [line:133] [INFO] # v2_work_crm_order_contract 数据列表：
((44801, '20251125154124805999', 'dcbe416065aa4f9884e0cacf635663e0', '12d627c50efa41adbc0e179ccaf6b59a', '8c4a35b69d4d4dcdbe2885e0d279fdd8', 1, '产品服务协议-测试', None, '5VFbtjRSP9c7CZnanI3IRNPGIqL3XO9ADgf2Ad7asTUreGnYBhwAgjKmAXJGXVMY$$$$ftyv2XkCREop0B9KVZsnc9feK80mk9w50nvGiDbg5scd1HZBevhWP2wGYQ3FyNtjXtbShg4YIvwCK89bG0Nm4Vd3q8@@@@vR7OfwPRCFihxL5cfT3Y$$$$f6qbf3b7zxZ4zVrCoqHLOxxOSlPyxzgsv0DpxMQjc4bFhl7Y5j04oP3ose6JwL0oEIe30rs30XqsDuOu$$$$jp9qUoNkr$$$$cDbZy6rjhDBeEUYw@@@@d6Jl4v0cx0ZuPGiJaUHG3c1lXPi52GhcATyxMMsfef$$$$5RoaGEBrkUEilbH07@@@@2pkmdqQUbgzDv@@@@2o47v8Zp@@@@57K3xfk51BvYbYIWFDiuvGeMcoajOJRH@@@@VO7u95LvlrnWpyKdz54$$$$R@@@@k8ymMAYFju5cjZfJd7z8xvaKetsG6QTwYUPMWJ3f06azmDCGYibtpnipROErxX@@@@2s692NAgpPmxMUehiznPy9JzOsA5sW5m3twfZJadhBHhTRmuph2uzHKsKGZq@@@@Ih@@@@ULQ8MFjkFhWHtTf9wy2kdUu78WCBsnDayxmAaDUOok3z7@@@@pxEp6x0x12$$$$aDLjpZKyIolaSXdNQKyLUjDWcQVYB016', None, '2025-11-25 15:43:21', 'YSTG10A25112500005', None, None, 0, '', datetime.datetime(2025, 11, 25, 15, 43, 26), datetime.datetime(2025, 11, 25, 15, 43, 26)),)

[2025-11-26 18:08:11,831] [database.py] [line:144] [INFO] # 风险测评id：41808
[2025-11-26 18:08:12,246] [database.py] [line:241] [INFO] # app `stock-rubik-cube`.contract_new数据列表：
((219987, '20251125154124805999', 4861561993030385665, 'YSTG10A25112500005', 0, 'service', 0, datetime.date(2025, 11, 25), '12d627c50efa41adbc0e179ccaf6b59a', 'dcbe416065aa4f9884e0cacf635663e0', 'AAAAAAq8uroAAAAAAAgvFtoaXfXmGHg9ESBH9JeiJ2nx7pjNTQWBgjy60cBrdE3MSXZOad++lj9dr6GS5IFWAYxUuvwwSudsa4ewIrj3c/u5yFytF5JNoKasV4wZLGiVqzUN6V/nx1YDHjv6DajppNnixBSsmEx9z5bwTCTpK7nXSI2coM5NL/ZYzo8ZyQgPo7XrnBcNjpT8waswWCr+9Gek0iC3RXmInHIJ011VsPAO1JUhxTj2hqG5ft0Y6q0BIjN7JQ+cy0JSF+DtvC9+N6Mrgu8kNrHGXyRA6iLpeTYRI4DN8c8zgVpG+8e4x+HDVoKTy9qqSRbgIhWNQ8QmwrmI/7sbQGFyqt0nZnIBQgn7uhSGIAmfr1+JDEM3hI/NwDb/Z5T/bAgSa2TXfldYy5EDzYmNUxDFjSLteBXaePzp7jj7di68ERAEyd4b5bBp0Vo7BiFywr2dSaek5WKAaM6/QXMe6xHr43bM75JjNGWhqYiwdYoEFVQ443vUSUNlTKbHai1PNNCqJGLyrkr12UYFrx5T4hRdK5mqiLFUhqlEfiTZZjW6YKJUULmy4aLI2RbqICqJVRfM/cYANSd3TR3w1mukHacplkdQXcrYoCFEOX6UVBGd+D6QoefFdHepIeL76FbofyBKdSh80qUkgZCbtBLTJNE7wIEBaCc=', '', datetime.datetime(2025, 11, 25, 15, 43, 21), datetime.datetime(2025, 11, 25, 15, 42, 39), datetime.datetime(2025, 11, 25, 15, 43, 25), 0, '', 2, ''),)

[2025-11-26 18:08:12,246] [database.py] [line:245] [INFO] # app `stock-rubik-cube`.contract_new数据：
(219987, '20251125154124805999', 4861561993030385665, 'YSTG10A25112500005', 0, 'service', 0, datetime.date(2025, 11, 25), '12d627c50efa41adbc0e179ccaf6b59a', 'dcbe416065aa4f9884e0cacf635663e0', 'AAAAAAq8uroAAAAAAAgvFtoaXfXmGHg9ESBH9JeiJ2nx7pjNTQWBgjy60cBrdE3MSXZOad++lj9dr6GS5IFWAYxUuvwwSudsa4ewIrj3c/u5yFytF5JNoKasV4wZLGiVqzUN6V/nx1YDHjv6DajppNnixBSsmEx9z5bwTCTpK7nXSI2coM5NL/ZYzo8ZyQgPo7XrnBcNjpT8waswWCr+9Gek0iC3RXmInHIJ011VsPAO1JUhxTj2hqG5ft0Y6q0BIjN7JQ+cy0JSF+DtvC9+N6Mrgu8kNrHGXyRA6iLpeTYRI4DN8c8zgVpG+8e4x+HDVoKTy9qqSRbgIhWNQ8QmwrmI/7sbQGFyqt0nZnIBQgn7uhSGIAmfr1+JDEM3hI/NwDb/Z5T/bAgSa2TXfldYy5EDzYmNUxDFjSLteBXaePzp7jj7di68ERAEyd4b5bBp0Vo7BiFywr2dSaek5WKAaM6/QXMe6xHr43bM75JjNGWhqYiwdYoEFVQ443vUSUNlTKbHai1PNNCqJGLyrkr12UYFrx5T4hRdK5mqiLFUhqlEfiTZZjW6YKJUULmy4aLI2RbqICqJVRfM/cYANSd3TR3w1mukHacplkdQXcrYoCFEOX6UVBGd+D6QoefFdHepIeL76FbofyBKdSh80qUkgZCbtBLTJNE7wIEBaCc=', '', datetime.datetime(2025, 11, 25, 15, 43, 21), datetime.datetime(2025, 11, 25, 15, 42, 39), datetime.datetime(2025, 11, 25, 15, 43, 25), 0, '', 2, '')

[2025-11-26 18:08:12,260] [database.py] [line:252] [INFO] # app `stock-rubik-cube`.`order`数据列表：
((4861561993030385665,),)

[2025-11-26 18:08:12,260] [database.py] [line:259] [INFO] # app用户id：4861561993030385665

[2025-11-26 18:08:12,301] [database.py] [line:287] [INFO] # app `stock-rubik-cube`.user_order_product数据列表：
()

[2025-11-26 18:08:12,359] [database.py] [line:308] [INFO] # o1ELc6LrAZOqCjYiOZur5A-sVzYc用户到期时间：(datetime.datetime(2026, 5, 15, 15, 29, 43),)
[2025-11-26 18:08:12,382] [database.py] [line:322] [INFO] # 更新work_crm_base_user表u_expire_date成功！
