[2025-07-10 11:19:00,505] [log.py] [line:31] [INFO] # ======Start printing logs======
[2025-07-10 11:19:03,909] [database.py] [line:80] [INFO] # 退款订单id列表：['20250708164036082072', '20250708145620026543']
[2025-07-10 11:19:03,909] [database.py] [line:85] [INFO] # 
退款订单号：20250708164036082072
[2025-07-10 11:19:03,935] [database.py] [line:97] [INFO] # 退款订单unionid：o1ELc6LrAZOqCjYiOZur5A-sVzYc，kill_order：20250708145620026543
[2025-07-10 11:19:03,978] [database.py] [line:107] [INFO] # v2_work_crm_order_main 数据列表：
((49417, '20250708164036082072', 10122, 10, 10, 1, 3, '1751964148', '', 'o1ELc6LrAZOqCjYiOZur5A-sVzYc', '赵楠', 'H4qNWOvOwe$$$$A$$$$rqaPhQyIw==', datetime.datetime(2025, 7, 8, 16, 42, 45), datetime.datetime(2025, 7, 9, 16, 42, 45), 1, 0, datetime.datetime(2025, 7, 9, 16, 42, 45), None, None, None, 0, datetime.datetime(2025, 7, 8, 16, 40, 36), datetime.datetime(2025, 7, 8, 16, 40, 36)),)

[2025-07-10 11:19:04,007] [database.py] [line:114] [INFO] # v2_work_crm_order_main_son 数据列表：
()

[2025-07-10 11:19:04,049] [database.py] [line:121] [INFO] # v2_work_crm_order_main_status 数据列表：
((49576, '20250708164036082072', 1, 1, 2, 1, datetime.datetime(2025, 7, 8, 16, 42, 45), 3, 0, 889003, 889003, 'wwec9bda2817108582', '百灵智投', 'WangSong', 'WangSong', 1, 2, 1, '私人定制', 11800000, 'srdz', '这是私人定制的描述', 1, 4, 0, '20250708145620026543', '20250708145620026543', 0, 0, 'o1ELc6LrAZOqCjYiOZur5A-sVzYc', 10, 10, '1751964148', 1, 0, '', '2d93e534c91169cb8696c8845bcb30e9', 0, datetime.datetime(2025, 7, 8, 16, 40, 36), None, datetime.datetime(2025, 7, 8, 16, 42, 45), 0, '888996', None, None, None, '889009', None, None, None, '889003,889013,889017', None, None, None),)

[2025-07-10 11:19:04,076] [database.py] [line:127] [INFO] # v2_work_crm_hegui 数据列表：
((1120, '20250708164036082072', 'o1ELc6LrAZOqCjYiOZur5A-sVzYc', 1, 101371, '', 1, 0, 1, None, None, 1, None, None, None, None, -1, 0, '', 1, datetime.datetime(2025, 7, 8, 16, 41, 41), datetime.datetime(2025, 7, 8, 16, 42, 45)),)

[2025-07-10 11:19:04,105] [database.py] [line:133] [INFO] # v2_work_crm_order_contract 数据列表：
((44414, '20250708164036082072', '37eb73c21eed41e9ba60e111e5a6bf89', 'b671bdd9459c439ba7bbad7737a70405', 'd28a3fcb2e7c461cb483222be426f433', 1, '产品服务协议', 'eeZRyEm7vbDA0Lxi1n6NDNDfMbS3FBKFV1I5u28WftFIskiH4SusbdejbsUQMFXYeTZ7DiuHw1pflItKtSq9e9yEu5svJtMLlZVHCnkly3TKc@@@@lCM6kGFw==', '5VFbtjRSP9eHX@@@@3H$$$$LTFZHMFWXdll9IAoUrn7BPXz2yXtq3TplNQwvXJ@@@@yh5@@@@XRKsF5R58jYF0zSk4TgP44@@@@wvD6DTvxO8Dv7Rn6ux68ISiTrLsa7YUbZw==', datetime.datetime(2025, 7, 8, 16, 42, 45), '2025-07-08 16:41:33', 'YSTG10A25070800003', None, 'eqoh5xxl$$$$ZHJkZo7HfytjEyYA801VLRe$$$$pS78cSF3nsGRbaNikpsiSE1WU2duLjukCxhu6DZB852D2oIq8h6Tjgfi3ceE1SyL8hjcvD49bCUIOYvJETg2$$$$tVfGj2T0WoXDDix47TcowNW1Zd59ToaPXD3r69j7AYsP8qFtsHIDi5qVn14z3VgcAL$$$$tubvjpyWSjyKotZtA4L3dphwNqvHHk2ew4rh8NaX5SLSrUqvXvchLubLybTC5WVRwp5Jct0d@@@@NrlySjKXplUsGwiHEE2wvd2mHA2q8ceTZ7DiuHw1pflItKtSq9e9yEu5svJtMLlZVHCnkly3RVciKiMhbRwQ==', 0, '', datetime.datetime(2025, 7, 8, 16, 41, 41), datetime.datetime(2025, 7, 8, 16, 41, 41)),)

[2025-07-10 11:19:04,130] [database.py] [line:144] [INFO] # 风险测评id：41568
[2025-07-10 11:19:04,944] [database.py] [line:214] [INFO] # order_ids:('20250708145620026543',)
[2025-07-10 11:19:04,965] [database.py] [line:217] [INFO] # 更新v2_work_crm_order_main_status表is_cancellation成功！
[2025-07-10 11:19:05,143] [database.py] [line:241] [INFO] # app `stock-rubik-cube`.contract_new数据列表：
((219598, '20250708164036082072', 3338203510512787459, 'YSTG10A25070800003', 0, 'service', 0, datetime.date(2025, 7, 8), 'b671bdd9459c439ba7bbad7737a70405', '37eb73c21eed41e9ba60e111e5a6bf89', 'AAAAAAq8uroAAAAAAAgq/4DqEc/7CggHbAeLhveQANqO4AEjtniy1WizyNdL8OIYfnYgGUzYMn2hrziV7Jn0uRlQOwEd3nFPRbvN7KUz/RBa1xodvPSK6XKc3RVUJvh1TIw8wCEDqHbjsPXdIphy3vSAYfLXl43wMiIbs1/UCdFH5sWWQgNi5DaUw+B/S7M2ehMzennRIZupig6vQBm17e43ci8l8e3YfiauCtYqY7hEpGFOBF9ltrDyguRBHXsC0ocGNEhtC0d+7Dh3hMX5fOYqVv3kSUWTQfhnGvxyyHyHmjayRL6+Wlb2Pu6oFHqxUkWABbatL5QdwRqGsoU9cs2fgzUQthN22JTO9z9wD/GnuRRQrcvtI7n+fMf10+ekhXJ+qBH3pjoLQUj/3evZMSIaBtUCOp8vSQLymltp0KcsFwp816XU/Vjab+T8jeanPyo0BhFJ5z+M10ktHsQcJx3yHz1i26URwoZ2lxclQemvpbqmShZrQjVeFAPjrPUvwDTCjxB8MDCwJrnpv6Kkqbg//5I/cI7qsA93yz08bBIATXOJ0euYwLma+rW4FIcidZBk3zZRXpShZvZ8UTA1NNXKVZ+K7k9GZIb1cpsYq2+QgMsuoLUCH9D6qhmxjwUPMqMH5Tj8GTyC66jTMx8p5i0y/0Z8EvrzGTPW', 'AAAAAAq8uroAAAAAAAgrAFA2YrSI5GUKwVOYEsp+4y/L2yGMLAPo7VkZdqtnFwY5C7xzBmkKRgz5ccOHOtJR1V+FbN9HHqJPhktEgliBWiBhh+DplvRbkfQdGKBMvqlMdqKzbsq0E0tR/Tk0/vGTky565Bg=', datetime.datetime(2025, 7, 8, 16, 41, 33), datetime.datetime(2025, 7, 8, 16, 40, 45), datetime.datetime(2025, 7, 8, 16, 42, 45), 0, '', 2, ''),)

[2025-07-10 11:19:05,144] [database.py] [line:245] [INFO] # app `stock-rubik-cube`.contract_new数据：
(219598, '20250708164036082072', 3338203510512787459, 'YSTG10A25070800003', 0, 'service', 0, datetime.date(2025, 7, 8), 'b671bdd9459c439ba7bbad7737a70405', '37eb73c21eed41e9ba60e111e5a6bf89', 'AAAAAAq8uroAAAAAAAgq/4DqEc/7CggHbAeLhveQANqO4AEjtniy1WizyNdL8OIYfnYgGUzYMn2hrziV7Jn0uRlQOwEd3nFPRbvN7KUz/RBa1xodvPSK6XKc3RVUJvh1TIw8wCEDqHbjsPXdIphy3vSAYfLXl43wMiIbs1/UCdFH5sWWQgNi5DaUw+B/S7M2ehMzennRIZupig6vQBm17e43ci8l8e3YfiauCtYqY7hEpGFOBF9ltrDyguRBHXsC0ocGNEhtC0d+7Dh3hMX5fOYqVv3kSUWTQfhnGvxyyHyHmjayRL6+Wlb2Pu6oFHqxUkWABbatL5QdwRqGsoU9cs2fgzUQthN22JTO9z9wD/GnuRRQrcvtI7n+fMf10+ekhXJ+qBH3pjoLQUj/3evZMSIaBtUCOp8vSQLymltp0KcsFwp816XU/Vjab+T8jeanPyo0BhFJ5z+M10ktHsQcJx3yHz1i26URwoZ2lxclQemvpbqmShZrQjVeFAPjrPUvwDTCjxB8MDCwJrnpv6Kkqbg//5I/cI7qsA93yz08bBIATXOJ0euYwLma+rW4FIcidZBk3zZRXpShZvZ8UTA1NNXKVZ+K7k9GZIb1cpsYq2+QgMsuoLUCH9D6qhmxjwUPMqMH5Tj8GTyC66jTMx8p5i0y/0Z8EvrzGTPW', 'AAAAAAq8uroAAAAAAAgrAFA2YrSI5GUKwVOYEsp+4y/L2yGMLAPo7VkZdqtnFwY5C7xzBmkKRgz5ccOHOtJR1V+FbN9HHqJPhktEgliBWiBhh+DplvRbkfQdGKBMvqlMdqKzbsq0E0tR/Tk0/vGTky565Bg=', datetime.datetime(2025, 7, 8, 16, 41, 33), datetime.datetime(2025, 7, 8, 16, 40, 45), datetime.datetime(2025, 7, 8, 16, 42, 45), 0, '', 2, '')

[2025-07-10 11:19:05,184] [database.py] [line:252] [INFO] # app `stock-rubik-cube`.`order`数据列表：
((3338203510512787459,),)

[2025-07-10 11:19:05,184] [database.py] [line:259] [INFO] # app用户id：3338203510512787459

[2025-07-10 11:19:05,679] [database.py] [line:287] [INFO] # app `stock-rubik-cube`.user_order_product数据列表：
()

[2025-07-10 11:19:05,699] [database.py] [line:85] [INFO] # 
退款订单号：20250708145620026543
[2025-07-10 11:19:05,722] [database.py] [line:97] [INFO] # 退款订单unionid：o1ELc6LrAZOqCjYiOZur5A-sVzYc，kill_order：
[2025-07-10 11:19:05,818] [database.py] [line:107] [INFO] # v2_work_crm_order_main 数据列表：
((49416, '20250708145620026543', 10168, 3, 3, 1, 3, '1751957976', '', 'o1ELc6LrAZOqCjYiOZur5A-sVzYc', '赵楠', 'H4qNWOvOwe$$$$A$$$$rqaPhQyIw==', datetime.datetime(2025, 7, 8, 14, 59, 54), datetime.datetime(2026, 1, 4, 14, 59, 54), 180, 0, datetime.datetime(2026, 1, 4, 14, 59, 54), None, None, None, 0, datetime.datetime(2025, 7, 8, 14, 56, 20), datetime.datetime(2025, 7, 8, 14, 56, 20)),)

[2025-07-10 11:19:05,864] [database.py] [line:114] [INFO] # v2_work_crm_order_main_son 数据列表：
()

[2025-07-10 11:19:05,899] [database.py] [line:121] [INFO] # v2_work_crm_order_main_status 数据列表：
((49575, '20250708145620026543', 1, 1, 2, 1, datetime.datetime(2025, 7, 8, 14, 59, 54), 3, 0, 889009, 889009, 'wwec9bda2817108582', '百灵智投', 'cheng', 'cheng', 1, 2, 1, '趋势智投', 4, 'qszt-4-2', '这是趋势智投-四合一的描述', 180, 11, 0, '20250707142943555361', '', 0, 0, 'o1ELc6LrAZOqCjYiOZur5A-sVzYc', 3, 3, '1751957976', 1, 0, '', 'cab9a336d6d3804e15164aba1fa231e1', 0, datetime.datetime(2025, 7, 8, 14, 56, 20), None, datetime.datetime(2025, 7, 8, 14, 59, 54), 0, '888996', None, None, None, '889009', None, None, None, '889003,889013,889017', None, None, None),)

[2025-07-10 11:19:05,939] [database.py] [line:127] [INFO] # v2_work_crm_hegui 数据列表：
((1119, '20250708145620026543', 'o1ELc6LrAZOqCjYiOZur5A-sVzYc', 1, 101371, '', 1, 0, 1, None, None, 1, None, None, None, None, -1, 0, '', 1, datetime.datetime(2025, 7, 8, 14, 58, 41), datetime.datetime(2025, 7, 8, 14, 59, 54)),)

[2025-07-10 11:19:05,993] [database.py] [line:133] [INFO] # v2_work_crm_order_contract 数据列表：
((44413, '20250708145620026543', '10f6086a9b5e4672b2cf2f194195f434', 'ee28663b6b3c491286af037de8cc4e22', 'd28a3fcb2e7c461cb483222be426f433', 1, '产品服务协议', 'eeZRyEm7vbDA0Lxi1n6NDNDfMbS3FBKFV1I5u28WftFIskiH4SusbdejbsUQMFXYeTZ7DiuHw1pflItKtSq9e6NbJDbrUpMUlZVHCnkly3TKc@@@@lCM6kGFw==', '5VFbtjRSP9eHX@@@@3H$$$$LTFZHMFWXdll9IAoUrn7BPXz2yXtq3TplNQwvXJ@@@@yh5@@@@XRKsF5R58jYF0zSk4TgP44@@@@wo4Pwq4@@@@Vv977Rn6ux68ISiTrLsa7YUbZw==', datetime.datetime(2025, 7, 8, 14, 59, 54), '2025-07-08 14:58:34', 'YSTG10A25070800002', None, 'eqoh5xxl$$$$ZHJkZo7HfytjEyYA801VLRe$$$$pS78cSF3nsGRbaNikpsiSE1WU2duLjukCxhu6DZB852D2oIq8h6Tjgfi3ceE1SyL8hjcvD49bDyfVzzlCog5$$$$tVfGj2T0WoXDDix47TcowNW1Zd59ToaPXD3r69j7AYsP8qFtsHIDi5qVn14z3VgcAL$$$$tubvjpyWSjyKotZtA4L3dphwNqvHHk2ew4rh8NaX5SLSrUqvXujWyQ261KTFJWVRwp5Jct0d@@@@NrlySjKXplUsGwiHEE2wvd2mHA2q8ceTZ7DiuHw1pflItKtSq9e6NbJDbrUpMUlZVHCnkly3RVciKiMhbRwQ==', 0, '', datetime.datetime(2025, 7, 8, 14, 58, 41), datetime.datetime(2025, 7, 8, 14, 58, 41)),)

[2025-07-10 11:19:06,023] [database.py] [line:144] [INFO] # 风险测评id：41567
[2025-07-10 11:19:06,477] [database.py] [line:241] [INFO] # app `stock-rubik-cube`.contract_new数据列表：
((219597, '20250708145620026543', 3338203510512787459, 'YSTG10A25070800002', 0, 'service', 0, datetime.date(2025, 7, 8), 'ee28663b6b3c491286af037de8cc4e22', '10f6086a9b5e4672b2cf2f194195f434', 'AAAAAAq8uroAAAAAAAgq/bG8yzNwncyCy4rKQm7h8StiLjKBiLVyC8S7lo4lhR6Dpuouv4SrEYUYdhfHbGDaxL2El7w+e9rsYr/RciJoZvbu7SbOMKIZLsRRGKkGu6UJCkXq3DOgVcJKTfBRXbq19VwYBlNPDjfqfdQfyK+s/JVRBdntdscKlcZ5CPulnMZ4/z1Qi7o/a/LUO6o+WHO80fHy8whPTTV7J4ij04Mdgn/f2a1WRwfghRZb6zqF9iKcmHwgaJJTHRFOq3MW9MnlakRk4aMYh31axYoulYeLf4NskM7EIvIteJECvk6GRUAKYHV3EUHo518xfa3F5EJqeJYSsB6qlHHYhfUKwFmxjJU45GRdA8IFtUoB7Gg/lC8vkouXt2TdOsmt+xZCfvufgTK/dW2SOQyDnCdDXTb/iFyyTndT2i/B+SFn8tHNBlQmgOc1KBuIG78bVsWEMbWjRfxD1WfdFD5M2mhkg1mkNJVjLlE6Pg2/YxgTFp0cn7ah0h6YkvZ4ZbPghs5OCU+O/lmPQa61MSOSTjl8TeT67XOfzn4xXulB2dXotnT4wsshyKVOQlviA7uM+eOvkHNmCNntAQmFDBbbtP6y5IEw+A/OAtlKpmq6MkcETDgEbwh6nk4EcRQg1xcxk4WYi1ZiOnBd0aqp', 'AAAAAAq8uroAAAAAAAgq/vG3O78CcGb/THFrD1RFJykeGmE+ddTFuWWSjpVLnShwcRklWlOVTZgG+mjHHM9HGVZE0OYo0vivZANGiPDFdG6z3ZFECpbKza0OpvR457xZmV/yiXq0yiwyiyqmLUrNmYeaOTc=', datetime.datetime(2025, 7, 8, 14, 58, 34), datetime.datetime(2025, 7, 8, 14, 56, 26), datetime.datetime(2025, 7, 8, 14, 59, 54), 0, '', 2, ''),)

[2025-07-10 11:19:06,477] [database.py] [line:245] [INFO] # app `stock-rubik-cube`.contract_new数据：
(219597, '20250708145620026543', 3338203510512787459, 'YSTG10A25070800002', 0, 'service', 0, datetime.date(2025, 7, 8), 'ee28663b6b3c491286af037de8cc4e22', '10f6086a9b5e4672b2cf2f194195f434', 'AAAAAAq8uroAAAAAAAgq/bG8yzNwncyCy4rKQm7h8StiLjKBiLVyC8S7lo4lhR6Dpuouv4SrEYUYdhfHbGDaxL2El7w+e9rsYr/RciJoZvbu7SbOMKIZLsRRGKkGu6UJCkXq3DOgVcJKTfBRXbq19VwYBlNPDjfqfdQfyK+s/JVRBdntdscKlcZ5CPulnMZ4/z1Qi7o/a/LUO6o+WHO80fHy8whPTTV7J4ij04Mdgn/f2a1WRwfghRZb6zqF9iKcmHwgaJJTHRFOq3MW9MnlakRk4aMYh31axYoulYeLf4NskM7EIvIteJECvk6GRUAKYHV3EUHo518xfa3F5EJqeJYSsB6qlHHYhfUKwFmxjJU45GRdA8IFtUoB7Gg/lC8vkouXt2TdOsmt+xZCfvufgTK/dW2SOQyDnCdDXTb/iFyyTndT2i/B+SFn8tHNBlQmgOc1KBuIG78bVsWEMbWjRfxD1WfdFD5M2mhkg1mkNJVjLlE6Pg2/YxgTFp0cn7ah0h6YkvZ4ZbPghs5OCU+O/lmPQa61MSOSTjl8TeT67XOfzn4xXulB2dXotnT4wsshyKVOQlviA7uM+eOvkHNmCNntAQmFDBbbtP6y5IEw+A/OAtlKpmq6MkcETDgEbwh6nk4EcRQg1xcxk4WYi1ZiOnBd0aqp', 'AAAAAAq8uroAAAAAAAgq/vG3O78CcGb/THFrD1RFJykeGmE+ddTFuWWSjpVLnShwcRklWlOVTZgG+mjHHM9HGVZE0OYo0vivZANGiPDFdG6z3ZFECpbKza0OpvR457xZmV/yiXq0yiwyiyqmLUrNmYeaOTc=', datetime.datetime(2025, 7, 8, 14, 58, 34), datetime.datetime(2025, 7, 8, 14, 56, 26), datetime.datetime(2025, 7, 8, 14, 59, 54), 0, '', 2, '')

[2025-07-10 11:19:06,494] [database.py] [line:252] [INFO] # app `stock-rubik-cube`.`order`数据列表：
((3338203510512787459,),)

[2025-07-10 11:19:06,495] [database.py] [line:259] [INFO] # app用户id：3338203510512787459

[2025-07-10 11:19:06,552] [database.py] [line:287] [INFO] # app `stock-rubik-cube`.user_order_product数据列表：
()

[2025-07-10 11:19:06,636] [database.py] [line:308] [INFO] # o1ELc6LrAZOqCjYiOZur5A-sVzYc用户到期时间：(datetime.datetime(2025, 7, 8, 14, 31, 26),)
[2025-07-10 11:19:06,665] [database.py] [line:322] [INFO] # 更新work_crm_base_user表u_expire_date成功！
