[2025-07-14 15:58:30,826] [log.py] [line:31] [INFO] # ======Start printing logs======
[2025-07-14 15:58:34,124] [database.py] [line:80] [INFO] # 退款订单id列表：['20250710162238196354', '20250714154150091165']
[2025-07-14 15:58:34,124] [database.py] [line:85] [INFO] # 
退款订单号：20250710162238196354
[2025-07-14 15:58:34,177] [database.py] [line:107] [INFO] # v2_work_crm_order_main 数据列表：
()

[2025-07-14 15:58:34,211] [database.py] [line:114] [INFO] # v2_work_crm_order_main_son 数据列表：
()

[2025-07-14 15:58:34,244] [database.py] [line:121] [INFO] # v2_work_crm_order_main_status 数据列表：
()

[2025-07-14 15:58:34,264] [database.py] [line:127] [INFO] # v2_work_crm_hegui 数据列表：
()

[2025-07-14 15:58:34,286] [database.py] [line:133] [INFO] # v2_work_crm_order_contract 数据列表：
()

[2025-07-14 15:58:34,686] [database.py] [line:241] [INFO] # app `stock-rubik-cube`.contract_new数据列表：
((219607, '20250710162238196354', 3338203510512787459, 'YSTG10A25071000003', 0, 'service', 0, datetime.date(2025, 7, 10), '98396607a29c49cc9759812762eee573', '46a779f1e9c344c2b98cff0114eef64d', 'AAAAAAq8uroAAAAAAAgrDWKRVX4JKGRpPTs6Nwz788eauI5JBIS46mOe2FCtbgNqfbKoSldtFKrq4Z3DLyw+FqUdVtIxr2YT1th2BI4/1M3puWxrfUMLAAKZo9m1ojRmVoxn2P2+SufWauNAbyOoiIRHQXsuMu17EF+uuGBvbQoMaAO+kTC8LsSWkuMRpdbEsl/RQa52fUWB5IG6oWmQz1+7sZOgeIITuBiQr2erAdqtWEj7oyVz//WcCtGNcKVFEvCk4XgJRkuPVFruH5cF2upms2rG4acND5M1M6h97Ti7UTlr4II4iSnqrx78Aq3XUIAvtRudcOwIRnbgJ2HQfnzMRqMuk+Lq5mD2wfPZYivzTtB4CrRGkIP/xrHuKEgP6bqOE7wJN+ZYKYiFq6VzSCOVahxrsQRuwBBBzcs+SRzC1aLViP9mkSFeb95yEVVxiC+VWTXuv78uHuFZwSpOMD1NlksOSVvFYFddoW52OcaVEV5zXuSv3rR77jnIy0pR+jRAJBLA6+pStMC4cGuinPpYtIkKI5o+oVulVO2qH4AH1hIpXY5uLhFkwg+fyVvJDzjHoGAzr65IPF2VylVPMvYhOfki5N4nN7XVNxNl+QLsv47PQ6r4pt0OOHE1g3l9CldBAsyuP/I6Kd39m0I0SSah02FR', 'AAAAAAq8uroAAAAAAAgrDmhUeJgJnQ0TPtZVfF5FXlt50mc5V/IiQqbsXBrRNx7Wbzq9rIPJmdE/m9UslsR4NX2jkfwNIN+7n5zwmyVdSyLLioOA2GwFpGqBf+9CzpDTcTvgfwhTzVhQrhxODenPAhKDoqk=', datetime.datetime(2025, 7, 10, 16, 23, 28), datetime.datetime(2025, 7, 10, 16, 22, 42), datetime.datetime(2025, 7, 10, 16, 38, 12), 0, '', 2, ''),)

[2025-07-14 15:58:34,686] [database.py] [line:245] [INFO] # app `stock-rubik-cube`.contract_new数据：
(219607, '20250710162238196354', 3338203510512787459, 'YSTG10A25071000003', 0, 'service', 0, datetime.date(2025, 7, 10), '98396607a29c49cc9759812762eee573', '46a779f1e9c344c2b98cff0114eef64d', 'AAAAAAq8uroAAAAAAAgrDWKRVX4JKGRpPTs6Nwz788eauI5JBIS46mOe2FCtbgNqfbKoSldtFKrq4Z3DLyw+FqUdVtIxr2YT1th2BI4/1M3puWxrfUMLAAKZo9m1ojRmVoxn2P2+SufWauNAbyOoiIRHQXsuMu17EF+uuGBvbQoMaAO+kTC8LsSWkuMRpdbEsl/RQa52fUWB5IG6oWmQz1+7sZOgeIITuBiQr2erAdqtWEj7oyVz//WcCtGNcKVFEvCk4XgJRkuPVFruH5cF2upms2rG4acND5M1M6h97Ti7UTlr4II4iSnqrx78Aq3XUIAvtRudcOwIRnbgJ2HQfnzMRqMuk+Lq5mD2wfPZYivzTtB4CrRGkIP/xrHuKEgP6bqOE7wJN+ZYKYiFq6VzSCOVahxrsQRuwBBBzcs+SRzC1aLViP9mkSFeb95yEVVxiC+VWTXuv78uHuFZwSpOMD1NlksOSVvFYFddoW52OcaVEV5zXuSv3rR77jnIy0pR+jRAJBLA6+pStMC4cGuinPpYtIkKI5o+oVulVO2qH4AH1hIpXY5uLhFkwg+fyVvJDzjHoGAzr65IPF2VylVPMvYhOfki5N4nN7XVNxNl+QLsv47PQ6r4pt0OOHE1g3l9CldBAsyuP/I6Kd39m0I0SSah02FR', 'AAAAAAq8uroAAAAAAAgrDmhUeJgJnQ0TPtZVfF5FXlt50mc5V/IiQqbsXBrRNx7Wbzq9rIPJmdE/m9UslsR4NX2jkfwNIN+7n5zwmyVdSyLLioOA2GwFpGqBf+9CzpDTcTvgfwhTzVhQrhxODenPAhKDoqk=', datetime.datetime(2025, 7, 10, 16, 23, 28), datetime.datetime(2025, 7, 10, 16, 22, 42), datetime.datetime(2025, 7, 10, 16, 38, 12), 0, '', 2, '')

[2025-07-14 15:58:34,699] [database.py] [line:252] [INFO] # app `stock-rubik-cube`.`order`数据列表：
((3338203510512787459,),)

[2025-07-14 15:58:34,699] [database.py] [line:259] [INFO] # app用户id：3338203510512787459

[2025-07-14 15:58:35,078] [database.py] [line:287] [INFO] # app `stock-rubik-cube`.user_order_product数据列表：
()

[2025-07-14 15:58:35,093] [database.py] [line:85] [INFO] # 
退款订单号：20250714154150091165
[2025-07-14 15:58:35,114] [database.py] [line:97] [INFO] # 退款订单unionid：o1ELc6LrAZOqCjYiOZur5A-sVzYc，kill_order：
[2025-07-14 15:58:35,147] [database.py] [line:107] [INFO] # v2_work_crm_order_main 数据列表：
((49434, '20250714154150091165', 10168, 4, 4, 1, 1, '1752478981', '4200002751202507148904327371', 'o1ELc6LrAZOqCjYiOZur5A-sVzYc', '赵楠', 'H4qNWOvOwe$$$$A$$$$rqaPhQyIw==', datetime.datetime(2025, 7, 14, 15, 43, 35), datetime.datetime(2025, 7, 21, 15, 43, 35), 7, 0, datetime.datetime(2025, 7, 21, 15, 43, 35), None, None, None, 0, datetime.datetime(2025, 7, 14, 15, 41, 50), datetime.datetime(2025, 7, 14, 15, 41, 50)),)

[2025-07-14 15:58:35,168] [database.py] [line:114] [INFO] # v2_work_crm_order_main_son 数据列表：
((15045, '20250714154150091165', 'SOD20250714154249677519', 4, 1, 1, '1752478981', '4200002751202507148904327371', None, '50301103852025071462089676264', '20250714155621278848', datetime.datetime(2025, 7, 14, 15, 56, 22), None, None, None, None, None, None, None, None, datetime.datetime(2025, 7, 14, 15, 42, 49)),)

[2025-07-14 15:58:35,207] [database.py] [line:121] [INFO] # v2_work_crm_order_main_status 数据列表：
((49593, '20250714154150091165', 1, 1, 2, 1, datetime.datetime(2025, 7, 14, 15, 43, 35), 1, 0, 889009, 889009, 'wwec9bda2817108582', '百灵智投', 'cheng', 'cheng', 1, 2, 1, '趋势智投', 4, 'qszt-4-2', '这是趋势智投-四合一的描述', 7, 11, 0, '20250707142943555361', '', 0, 0, 'o1ELc6LrAZOqCjYiOZur5A-sVzYc', 4, 4, '1752478981', 1, 0, '', '', 0, datetime.datetime(2025, 7, 14, 15, 41, 50), None, datetime.datetime(2025, 7, 14, 15, 43, 35), 0, '888996', None, None, None, '889009,889093', None, None, None, '889003,889013', None, None, None),)

[2025-07-14 15:58:35,228] [database.py] [line:127] [INFO] # v2_work_crm_hegui 数据列表：
((1137, '20250714154150091165', 'o1ELc6LrAZOqCjYiOZur5A-sVzYc', 1, 101371, '', 1, 0, 1, None, None, 1, None, None, None, None, -1, 0, '', 1, datetime.datetime(2025, 7, 14, 15, 42, 46), datetime.datetime(2025, 7, 14, 15, 43, 35)),)

[2025-07-14 15:58:35,248] [database.py] [line:133] [INFO] # v2_work_crm_order_contract 数据列表：
((44445, '20250714154150091165', '1c7ae4fd12cd42c09e97d681ad7805d1', 'b514801288fd4c109800aba4ba0dc879', 'd28a3fcb2e7c461cb483222be426f433', 1, '产品服务协议', 'eeZRyEm7vbDA0Lxi1n6NDNDfMbS3FBKFV1I5u28WftFIskiH4SusbdejbsUQMFXYeTZ7DiuHw1olGoC1oBwSw13nP4OaN0chlZVHCnkly3TKc@@@@lCM6kGFw==', '5VFbtjRSP9eHX@@@@3H$$$$LTFZHMFWXdll9IAoUrn7BPXz2yXtq3TplNQwvXJ@@@@yh5@@@@XRKsF5R58jYF0zSk4TgP44@@@@wtBoqWOCAesj7Rn6ux68ISiTrLsa7YUbZw==', datetime.datetime(2025, 7, 14, 15, 43, 35), '2025-07-14 15:42:42', 'YSTG10A25071400002', None, 'eqoh5xxl$$$$ZHJkZo7HfytjEyYA801VLRe$$$$pS78cSF3nsGRbaNikpsiSE1WU2duLjukCxhu6DZB852D2oIq8h6Tjgfi3ceE1SyTv$$$$5vuO@@@@MmzyfVzzlCog5$$$$tVfGj2T0WoXDDix47TcowNW1Zd59ToaPXD3r69j7AYsP8qFtsHIDi5qVn14z3VgcAL$$$$tubvjpyWSjyKotZtA4L3dphwNqvHHk2ew4rh8NaJRqAtaAcEsNd5z$$$$DmjdHIZWVRwp5Jct0d@@@@NrlySjKXplUsGwiHEE2wvd2mHA2q8ceTZ7DiuHw1olGoC1oBwSw13nP4OaN0chlZVHCnkly3RVciKiMhbRwQ==', 0, '', datetime.datetime(2025, 7, 14, 15, 42, 46), datetime.datetime(2025, 7, 14, 15, 42, 46)), (44446, '20250714154150091165', None, None, 'dc588181a755439aace7955f2b6da66b', 2, '终止协议-测试', None, '5VFbtjRSP9eHX@@@@3H$$$$LTFZHMFWXdll9IAoUrn7BPXz2yXtq3TplNQwvXJ@@@@yh5@@@@XRKtdxtggvPysrlhLihRAZK11sfQUJJ$$$$q9n', datetime.datetime(2025, 7, 14, 15, 51, 27), '2025-07-14 15:51:27', 'c', None, None, 0, '', datetime.datetime(2025, 7, 14, 15, 50, 51), datetime.datetime(2025, 7, 14, 15, 50, 51)))

[2025-07-14 15:58:35,269] [database.py] [line:144] [INFO] # 风险测评id：41585
[2025-07-14 15:58:35,308] [database.py] [line:157] [INFO] # 退款id：1269
[2025-07-14 15:58:35,682] [database.py] [line:241] [INFO] # app `stock-rubik-cube`.contract_new数据列表：
((219620, '20250714154150091165', 3338203510512787459, 'YSTG10A25071400002', 0, 'service', 0, datetime.date(2025, 7, 14), 'b514801288fd4c109800aba4ba0dc879', '1c7ae4fd12cd42c09e97d681ad7805d1', 'AAAAAAq8uroAAAAAAAgrJYfQK/WVnXfa8MtTMuN1juZpo98g2ESVoxXZMcZ5uT85OWdod+3q9E8CG25WkfbIfo5YLWo7cEsanXzhUWBAuLreI22IPOGpNLlFQq9cC6pB8B0D/tN6EhAvpd5AMMw8O/gPiaW8YMtzZZXntVpMeKNAc0N5L7C3C5E14L5v/eQIHavAu7TAq8/5s5xPJstoQXQ3gcr+K0DeFbjQ57l3HRAeen6S0juud/fTEtfGy8yf1HCTiy8LaLn3anqdtmghyh6JC2AUJ7I/2YUPoVFEDzW+0IzkRH3RdSxRXBaNsMWEFrKh+1PulE7xs6fLQWTYtr178AGktOuXGJuOmRxBnpWJlCCs8AViwv4z+C51Va/vhL0Z9zQfI/fQBvu4pIJJVppOT76Cf/ts8mEsweu58yKdGwUi8KCVbZGjk3+dWICM5TfaPwmN4VQVXL1lDg8vIWAygNcmy56+a8rCs0x0XykQ+cJu+0G6lw/jkmMaRA7ek4uv5TH1QPvbIZAqQH90VROdqLbqg2hGNBXjbrAOc8lezcJt66iqNtPKSSAyx7pI5WI51iCHkG6yOI7R7WATqQ/gxaVZ5mb/aerZQc1SZAJGZyWYJQOkBhgWzCcrtoX0y6tzkdrCtsSBR3fyfalikIbltg==', 'AAAAAAq8uroAAAAAAAgrJnbrf3EjawUWnkWKKwVLTvS43R9uMRHMDO/1lg+xRzkp6VTfy86mK5PZ670h+GNYNve6LQ+Fy8vTNESJbsFRpmfs7L+Xm5eovezbjddDthFQbJqFhew4OyfkE+d0WMCwLbcuK8M=', datetime.datetime(2025, 7, 14, 15, 42, 42), datetime.datetime(2025, 7, 14, 15, 41, 54), datetime.datetime(2025, 7, 14, 15, 43, 36), 0, '', 2, ''), (219621, '20250714154150091165', 3338203510512787459, '', 1, 'termination', 0, None, '', '', '', '', None, datetime.datetime(2025, 7, 14, 15, 50, 51), datetime.datetime(2025, 7, 14, 15, 50, 51), 0, '', 2, ''))

[2025-07-14 15:58:35,683] [database.py] [line:245] [INFO] # app `stock-rubik-cube`.contract_new数据：
(219620, '20250714154150091165', 3338203510512787459, 'YSTG10A25071400002', 0, 'service', 0, datetime.date(2025, 7, 14), 'b514801288fd4c109800aba4ba0dc879', '1c7ae4fd12cd42c09e97d681ad7805d1', 'AAAAAAq8uroAAAAAAAgrJYfQK/WVnXfa8MtTMuN1juZpo98g2ESVoxXZMcZ5uT85OWdod+3q9E8CG25WkfbIfo5YLWo7cEsanXzhUWBAuLreI22IPOGpNLlFQq9cC6pB8B0D/tN6EhAvpd5AMMw8O/gPiaW8YMtzZZXntVpMeKNAc0N5L7C3C5E14L5v/eQIHavAu7TAq8/5s5xPJstoQXQ3gcr+K0DeFbjQ57l3HRAeen6S0juud/fTEtfGy8yf1HCTiy8LaLn3anqdtmghyh6JC2AUJ7I/2YUPoVFEDzW+0IzkRH3RdSxRXBaNsMWEFrKh+1PulE7xs6fLQWTYtr178AGktOuXGJuOmRxBnpWJlCCs8AViwv4z+C51Va/vhL0Z9zQfI/fQBvu4pIJJVppOT76Cf/ts8mEsweu58yKdGwUi8KCVbZGjk3+dWICM5TfaPwmN4VQVXL1lDg8vIWAygNcmy56+a8rCs0x0XykQ+cJu+0G6lw/jkmMaRA7ek4uv5TH1QPvbIZAqQH90VROdqLbqg2hGNBXjbrAOc8lezcJt66iqNtPKSSAyx7pI5WI51iCHkG6yOI7R7WATqQ/gxaVZ5mb/aerZQc1SZAJGZyWYJQOkBhgWzCcrtoX0y6tzkdrCtsSBR3fyfalikIbltg==', 'AAAAAAq8uroAAAAAAAgrJnbrf3EjawUWnkWKKwVLTvS43R9uMRHMDO/1lg+xRzkp6VTfy86mK5PZ670h+GNYNve6LQ+Fy8vTNESJbsFRpmfs7L+Xm5eovezbjddDthFQbJqFhew4OyfkE+d0WMCwLbcuK8M=', datetime.datetime(2025, 7, 14, 15, 42, 42), datetime.datetime(2025, 7, 14, 15, 41, 54), datetime.datetime(2025, 7, 14, 15, 43, 36), 0, '', 2, '')

[2025-07-14 15:58:35,683] [database.py] [line:245] [INFO] # app `stock-rubik-cube`.contract_new数据：
(219621, '20250714154150091165', 3338203510512787459, '', 1, 'termination', 0, None, '', '', '', '', None, datetime.datetime(2025, 7, 14, 15, 50, 51), datetime.datetime(2025, 7, 14, 15, 50, 51), 0, '', 2, '')

[2025-07-14 15:58:35,696] [database.py] [line:252] [INFO] # app `stock-rubik-cube`.`order`数据列表：
((3338203510512787459,),)

[2025-07-14 15:58:35,696] [database.py] [line:259] [INFO] # app用户id：3338203510512787459

[2025-07-14 15:58:35,737] [database.py] [line:287] [INFO] # app `stock-rubik-cube`.user_order_product数据列表：
()

[2025-07-14 15:58:35,795] [database.py] [line:308] [INFO] # o1ELc6LrAZOqCjYiOZur5A-sVzYc用户到期时间：(datetime.datetime(2025, 7, 12, 14, 31, 26),)
[2025-07-14 15:58:35,815] [database.py] [line:322] [INFO] # 更新work_crm_base_user表u_expire_date成功！
[2025-07-14 16:17:19,960] [log.py] [line:31] [INFO] # ======Start printing logs======
[2025-07-14 16:17:21,808] [database.py] [line:80] [INFO] # 退款订单id列表：['20250714160044940438']
[2025-07-14 16:17:21,808] [database.py] [line:85] [INFO] # 
退款订单号：20250714160044940438
[2025-07-14 16:17:21,828] [database.py] [line:97] [INFO] # 退款订单unionid：o1ELc6LrAZOqCjYiOZur5A-sVzYc，kill_order：20250707142943555361
[2025-07-14 16:17:21,860] [database.py] [line:107] [INFO] # v2_work_crm_order_main 数据列表：
((49435, '20250714160044940438', 10168, 3, 3, 1, 1, '1752480277', '4200002752202507142578236395', 'o1ELc6LrAZOqCjYiOZur5A-sVzYc', '赵楠', 'H4qNWOvOwe$$$$A$$$$rqaPhQyIw==', datetime.datetime(2025, 7, 14, 16, 6, 12), datetime.datetime(2025, 7, 21, 16, 6, 12), 7, 0, datetime.datetime(2025, 7, 21, 16, 6, 12), None, None, None, 0, datetime.datetime(2025, 7, 14, 16, 0, 44), datetime.datetime(2025, 7, 14, 16, 0, 44)),)

[2025-07-14 16:17:21,892] [database.py] [line:114] [INFO] # v2_work_crm_order_main_son 数据列表：
((15046, '20250714160044940438', 'SOD20250714160431686973', 3, 1, 1, '1752480277', '4200002752202507142578236395', None, '50303504072025071402856987112', '20250714161608391105', datetime.datetime(2025, 7, 14, 16, 16, 9), None, None, None, None, None, None, None, None, datetime.datetime(2025, 7, 14, 16, 4, 31)),)

[2025-07-14 16:17:21,924] [database.py] [line:121] [INFO] # v2_work_crm_order_main_status 数据列表：
((49594, '20250714160044940438', 1, 1, 2, 1, datetime.datetime(2025, 7, 14, 16, 6, 12), 1, 0, 889009, 889009, 'wwec9bda2817108582', '百灵智投', 'cheng', 'cheng', 1, 2, 1, '趋势智投', 4, 'qszt-4-2', '这是趋势智投-四合一的描述', 7, 11, 0, '20250707142943555361', '20250707142943555361', 0, 0, 'o1ELc6LrAZOqCjYiOZur5A-sVzYc', 3, 3, '1752480277', 1, 0, '', '', 0, datetime.datetime(2025, 7, 14, 16, 0, 44), None, datetime.datetime(2025, 7, 14, 16, 6, 12), 0, '888996', None, None, None, '889009,889093', None, None, None, '889003,889013', None, None, None),)

[2025-07-14 16:17:21,944] [database.py] [line:127] [INFO] # v2_work_crm_hegui 数据列表：
((1138, '20250714160044940438', 'o1ELc6LrAZOqCjYiOZur5A-sVzYc', 1, 101371, '', 1, 0, 1, None, None, 1, None, None, None, None, -1, 0, '', 1, datetime.datetime(2025, 7, 14, 16, 4, 31), datetime.datetime(2025, 7, 14, 16, 6, 12)),)

[2025-07-14 16:17:21,965] [database.py] [line:133] [INFO] # v2_work_crm_order_contract 数据列表：
((44447, '20250714160044940438', '521083ad8db445c99d75a964476d26c7', '37be2f7747e74963a41f5c84d7a187d9', 'd28a3fcb2e7c461cb483222be426f433', 1, '产品服务协议', 'eeZRyEm7vbDA0Lxi1n6NDNDfMbS3FBKFV1I5u28WftFIskiH4SusbdejbsUQMFXYeTZ7DiuHw1olGoC1oBwSw4XiUV4enRpFlZVHCnkly3TKc@@@@lCM6kGFw==', '5VFbtjRSP9eHX@@@@3H$$$$LTFZHMFWXdll9IAoUrn7BPXz2yXtq3TplNQwvXJ@@@@yh5@@@@XRKsF5R58jYF0zSk4TgP44@@@@wiSjuL7caTK17Rn6ux68ISiTrLsa7YUbZw==', datetime.datetime(2025, 7, 14, 16, 6, 12), '2025-07-14 16:04:25', 'YSTG10A25071400003', None, 'eqoh5xxl$$$$ZHJkZo7HfytjEyYA801VLRe$$$$pS78cSF3nsGRbaNikpsiSE1WU2duLjukCxhu6DZB852D2oIq8h6Tjgfi3ceE1SyTv$$$$5vuO@@@@MmyUIOYvJETg2$$$$tVfGj2T0WoXDDix47TcowNW1Zd59ToaPXD3r69j7AYsP8qFtsHIDi5qVn14z3VgcAL$$$$tubvjpyWSjyKotZtA4L3dphwNqvHHk2ew4rh8NaJRqAtaAcEsOF4lFeHp0aRZWVRwp5Jct0d@@@@NrlySjKXplUsGwiHEE2wvd2mHA2q8ceTZ7DiuHw1olGoC1oBwSw4XiUV4enRpFlZVHCnkly3RVciKiMhbRwQ==', 0, '', datetime.datetime(2025, 7, 14, 16, 4, 31), datetime.datetime(2025, 7, 14, 16, 4, 31)), (44448, '20250714160044940438', None, None, 'dc588181a755439aace7955f2b6da66b', 2, '终止协议-测试', None, '5VFbtjRSP9eHX@@@@3H$$$$LTFZHMFWXdll9IAoUrn7BPXz2yXtq3TplNQwvXJ@@@@yh5@@@@XRKtdxtggvPysrlhLihRAZK11sfQUJJ$$$$q9n', datetime.datetime(2025, 7, 14, 16, 10, 27), '2025-07-14 16:10:27', 'c', None, None, 0, '', datetime.datetime(2025, 7, 14, 16, 10, 14), datetime.datetime(2025, 7, 14, 16, 10, 14)))

[2025-07-14 16:17:21,985] [database.py] [line:144] [INFO] # 风险测评id：41586
[2025-07-14 16:17:22,023] [database.py] [line:157] [INFO] # 退款id：1270
[2025-07-14 16:17:22,321] [database.py] [line:214] [INFO] # order_ids:('20250707142943555361',)
[2025-07-14 16:17:22,340] [database.py] [line:217] [INFO] # 更新v2_work_crm_order_main_status表is_cancellation成功！
[2025-07-14 16:17:22,418] [database.py] [line:241] [INFO] # app `stock-rubik-cube`.contract_new数据列表：
((219622, '20250714160044940438', 3338203510512787459, 'YSTG10A25071400003', 0, 'service', 0, datetime.date(2025, 7, 14), '37be2f7747e74963a41f5c84d7a187d9', '521083ad8db445c99d75a964476d26c7', 'AAAAAAq8uroAAAAAAAgrJ2SY+NmfLCXVBFrt9eL+TS2fwx7o3ZQWHJ4qUk8TR/+Ka3Kgz/il9pWIN249cV+B8ou31d8rLouXB+syYemv0ANpi1cW08V4Y1sz4SxV9muk5PhM4+10Y15ZQ+YtUoncmYGdWiPcWjYSkTWR6B8it8cAIYQp9Hrt0DN9KpDlNP0yKr4vxjHD3N+Dc+H/j/U/rErkDSpFafQTRJHDddkH6Nt7F9PolpR/oc1YSByIJ14ZbFGvx9xKsJ6Z0BpqGdtQ9txp+8q/6Vu/SpFKbqp/sy/3elBHaf9BFgfI7GJR6y5m1aPq3BgxPG7IwkZj+NOsJ00qKbGsmgQEDIsXvetNFJvsvjFBrSBZ37es2T2Y3EVFTLBWK1L3vgjuIn4hzw39yPLtFBmDBL/ByWM9V9rb9Ehggs0tbOAhicJjmZaq2oweBhwCif8FzwP1C9pmIMPT+sENmhbH2BRpDBND77nqT2T4aBuEciflLp5k7dvdYYI0rVDNR7Bz71dFf+rVs0IJSUu1AEFibxeTy8Ee/HwktFn8hZHGwZHVSE7qO6KTILh6UiRD9qmCDGty2F4ONbh60mkZ5ksFEoL3rmxo9mpk8AxnEiRJKTjTBhHnMurV6S0/qxWgbENSMJCAA/gA7wyUTSAP7n3c/G9h3A==', 'AAAAAAq8uroAAAAAAAgrKEvESSmMeFzEHC2MSkgsLRFMZFYhwiXiJ9LvlhZTzVO6OSSXzPHf3uRYunJauC08suHHtPptP+TLGPqMbCkx/mm6lUBTmq+Mh+UE4Mm66YjULpiCPOokogG+YDtJOT7yYEtNOHo=', datetime.datetime(2025, 7, 14, 16, 4, 25), datetime.datetime(2025, 7, 14, 16, 0, 48), datetime.datetime(2025, 7, 14, 16, 6, 12), 0, '', 2, ''), (219623, '20250714160044940438', 3338203510512787459, '', 1, 'termination', 0, None, '', '', '', '', None, datetime.datetime(2025, 7, 14, 16, 10, 15), datetime.datetime(2025, 7, 14, 16, 10, 15), 0, '', 2, ''))

[2025-07-14 16:17:22,418] [database.py] [line:245] [INFO] # app `stock-rubik-cube`.contract_new数据：
(219622, '20250714160044940438', 3338203510512787459, 'YSTG10A25071400003', 0, 'service', 0, datetime.date(2025, 7, 14), '37be2f7747e74963a41f5c84d7a187d9', '521083ad8db445c99d75a964476d26c7', 'AAAAAAq8uroAAAAAAAgrJ2SY+NmfLCXVBFrt9eL+TS2fwx7o3ZQWHJ4qUk8TR/+Ka3Kgz/il9pWIN249cV+B8ou31d8rLouXB+syYemv0ANpi1cW08V4Y1sz4SxV9muk5PhM4+10Y15ZQ+YtUoncmYGdWiPcWjYSkTWR6B8it8cAIYQp9Hrt0DN9KpDlNP0yKr4vxjHD3N+Dc+H/j/U/rErkDSpFafQTRJHDddkH6Nt7F9PolpR/oc1YSByIJ14ZbFGvx9xKsJ6Z0BpqGdtQ9txp+8q/6Vu/SpFKbqp/sy/3elBHaf9BFgfI7GJR6y5m1aPq3BgxPG7IwkZj+NOsJ00qKbGsmgQEDIsXvetNFJvsvjFBrSBZ37es2T2Y3EVFTLBWK1L3vgjuIn4hzw39yPLtFBmDBL/ByWM9V9rb9Ehggs0tbOAhicJjmZaq2oweBhwCif8FzwP1C9pmIMPT+sENmhbH2BRpDBND77nqT2T4aBuEciflLp5k7dvdYYI0rVDNR7Bz71dFf+rVs0IJSUu1AEFibxeTy8Ee/HwktFn8hZHGwZHVSE7qO6KTILh6UiRD9qmCDGty2F4ONbh60mkZ5ksFEoL3rmxo9mpk8AxnEiRJKTjTBhHnMurV6S0/qxWgbENSMJCAA/gA7wyUTSAP7n3c/G9h3A==', 'AAAAAAq8uroAAAAAAAgrKEvESSmMeFzEHC2MSkgsLRFMZFYhwiXiJ9LvlhZTzVO6OSSXzPHf3uRYunJauC08suHHtPptP+TLGPqMbCkx/mm6lUBTmq+Mh+UE4Mm66YjULpiCPOokogG+YDtJOT7yYEtNOHo=', datetime.datetime(2025, 7, 14, 16, 4, 25), datetime.datetime(2025, 7, 14, 16, 0, 48), datetime.datetime(2025, 7, 14, 16, 6, 12), 0, '', 2, '')

[2025-07-14 16:17:22,418] [database.py] [line:245] [INFO] # app `stock-rubik-cube`.contract_new数据：
(219623, '20250714160044940438', 3338203510512787459, '', 1, 'termination', 0, None, '', '', '', '', None, datetime.datetime(2025, 7, 14, 16, 10, 15), datetime.datetime(2025, 7, 14, 16, 10, 15), 0, '', 2, '')

[2025-07-14 16:17:22,435] [database.py] [line:252] [INFO] # app `stock-rubik-cube`.`order`数据列表：
((3338203510512787459,),)

[2025-07-14 16:17:22,435] [database.py] [line:259] [INFO] # app用户id：3338203510512787459

[2025-07-14 16:17:22,657] [database.py] [line:287] [INFO] # app `stock-rubik-cube`.user_order_product数据列表：
()

[2025-07-14 16:17:22,722] [database.py] [line:308] [INFO] # o1ELc6LrAZOqCjYiOZur5A-sVzYc用户到期时间：(datetime.datetime(2025, 7, 15, 14, 31, 26),)
[2025-07-14 16:17:22,742] [database.py] [line:322] [INFO] # 更新work_crm_base_user表u_expire_date成功！
