[2025-06-04 16:17:03,545] [log.py] [line:31] [INFO] # ======Start printing logs======
[2025-06-04 16:17:06,753] [database.py] [line:80] [INFO] # 退款订单id列表：['20250522141809996164']
[2025-06-04 16:17:06,753] [database.py] [line:85] [INFO] # 
退款订单号：20250522141809996164
[2025-06-04 16:17:06,814] [database.py] [line:107] [INFO] # v2_work_crm_order_main 数据列表：
()

[2025-06-04 16:17:06,851] [database.py] [line:114] [INFO] # v2_work_crm_order_main_son 数据列表：
()

[2025-06-04 16:17:06,888] [database.py] [line:121] [INFO] # v2_work_crm_order_main_status 数据列表：
()

[2025-06-04 16:17:07,143] [database.py] [line:127] [INFO] # v2_work_crm_hegui 数据列表：
()

[2025-06-04 16:17:07,170] [database.py] [line:133] [INFO] # v2_work_crm_order_contract 数据列表：
()

[2025-06-04 16:17:07,589] [database.py] [line:241] [INFO] # app `stock-rubik-cube`.contract_new数据列表：
((219270, '20250522141809996164', 3338203510512787459, 'YSTG10A25052200001', 0, 'service', 0, datetime.date(2025, 5, 22), 'f2a07cab2a37409289ad516832226087', '11e0b01ead4a45a68d9dbbd3ea6c7e0a', 'AAAAAAq8uroAAAAAAAfo8HMK5skhYz26tVEiyKmFTqBhPVVoXjVsKDwlSKiC7R1ng6QMyLupRLJ1cpJO82kJ4yMy+2GwN03Fu7flwH4WRTU9f7fTe+yvjz6j5p4rAYmcVSeMQ4WNTlj0ZAXLehgfLuEifu5t//Nb/FDLhc9BK3n0cWP6AvBLch2YggM2+8PVXbfHS+kus/6j22TvBuP62JFqQrDv6h/Yijbt7NMM16fHmCxenX+6KyJatpbl82UQiBYBANJpM2uuWq3oJEy6eTSCvdWjfJAR0bklPtg2CoXfyJ9MKQTZCiOhr2/3ucx6XK3GVJ7xHChalE+3aQIfDezsFoA+Gjkj2w1epxjF4a6p7lUuIxudJ2i+O0xbOfFZblgYkOFVQWLXpnQjLoCUeVADTp2WoHA15zUuyjaFPXgs1HppuIhmNaj2Ct3lKyk3iNKiJCLPDtarFQxzNPpJmr0ZXkEB1AYznaPo+KQ1lW/fbcxtC3F4PLQU+eByQlWpq3nmatOmcn2AYv9gfFfx7k6GZSiRC3f0/NjXYBiIKU5Hr6I07Vi0IHzQP7zIz03gisiJJktcKBKjX/2JxsSEIXE8lLNVle49TC7c0uzp2RtwM3NiX4K7vKc/hj5Cw+AiQhaZb2W9o7wH2rIzhtAryf4wNA==', '', datetime.datetime(2025, 5, 22, 14, 20, 52), datetime.datetime(2025, 5, 22, 14, 19, 48), datetime.datetime(2025, 5, 22, 14, 20, 57), 0, '', 2, ''),)

[2025-06-04 16:17:07,590] [database.py] [line:245] [INFO] # app `stock-rubik-cube`.contract_new数据：
(219270, '20250522141809996164', 3338203510512787459, 'YSTG10A25052200001', 0, 'service', 0, datetime.date(2025, 5, 22), 'f2a07cab2a37409289ad516832226087', '11e0b01ead4a45a68d9dbbd3ea6c7e0a', 'AAAAAAq8uroAAAAAAAfo8HMK5skhYz26tVEiyKmFTqBhPVVoXjVsKDwlSKiC7R1ng6QMyLupRLJ1cpJO82kJ4yMy+2GwN03Fu7flwH4WRTU9f7fTe+yvjz6j5p4rAYmcVSeMQ4WNTlj0ZAXLehgfLuEifu5t//Nb/FDLhc9BK3n0cWP6AvBLch2YggM2+8PVXbfHS+kus/6j22TvBuP62JFqQrDv6h/Yijbt7NMM16fHmCxenX+6KyJatpbl82UQiBYBANJpM2uuWq3oJEy6eTSCvdWjfJAR0bklPtg2CoXfyJ9MKQTZCiOhr2/3ucx6XK3GVJ7xHChalE+3aQIfDezsFoA+Gjkj2w1epxjF4a6p7lUuIxudJ2i+O0xbOfFZblgYkOFVQWLXpnQjLoCUeVADTp2WoHA15zUuyjaFPXgs1HppuIhmNaj2Ct3lKyk3iNKiJCLPDtarFQxzNPpJmr0ZXkEB1AYznaPo+KQ1lW/fbcxtC3F4PLQU+eByQlWpq3nmatOmcn2AYv9gfFfx7k6GZSiRC3f0/NjXYBiIKU5Hr6I07Vi0IHzQP7zIz03gisiJJktcKBKjX/2JxsSEIXE8lLNVle49TC7c0uzp2RtwM3NiX4K7vKc/hj5Cw+AiQhaZb2W9o7wH2rIzhtAryf4wNA==', '', datetime.datetime(2025, 5, 22, 14, 20, 52), datetime.datetime(2025, 5, 22, 14, 19, 48), datetime.datetime(2025, 5, 22, 14, 20, 57), 0, '', 2, '')

[2025-06-04 16:17:07,623] [database.py] [line:252] [INFO] # app `stock-rubik-cube`.`order`数据列表：
((958, '20250522141809996164', 3338203510512787459, '', '趋势周期', '10149', '趋势周期', '2980', '0.02', 30, datetime.datetime(2025, 5, 22, 14, 19, 37), 'R2', 3, 0, None, 0, '', None, '', 0, None, None, datetime.datetime(2025, 5, 22, 14, 18, 9), datetime.datetime(2025, 5, 22, 14, 20, 57), 1, None, '', '', 'YSTG10H25052200001', 0, None, 0, 0, '', '', 1, '', 0),)

[2025-06-04 16:17:07,623] [database.py] [line:260] [INFO] # app用户id：3338203510512787459

[2025-06-04 16:17:07,833] [database.py] [line:288] [INFO] # app `stock-rubik-cube`.user_order_product数据列表：
()

