[2025-08-29 10:00:19,594] [log.py] [line:31] [INFO] # ======Start printing logs======
[2025-08-29 10:00:24,096] [database.py] [line:80] [INFO] # 退款订单id列表：['20250707142943555361', '20250828100859157849', '20250828133557905317', '20250828142454194592']
[2025-08-29 10:00:24,096] [database.py] [line:85] [INFO] # 
退款订单号：20250707142943555361
[2025-08-29 10:00:24,114] [database.py] [line:97] [INFO] # 退款订单unionid：o1ELc6LrAZOqCjYiOZur5A-sVzYc，kill_order：
[2025-08-29 10:00:24,150] [database.py] [line:107] [INFO] # v2_work_crm_order_main 数据列表：
((49406, '20250707142943555361', 10100, 1, 1, 1, 1, '1751869796', '4200002702202507072157534596', 'o1ELc6LrAZOqCjYiOZur5A-sVzYc', '赵楠', 'H4qNWOvOwe$$$$A$$$$rqaPhQyIw==', datetime.datetime(2025, 1, 9, 14, 31, 26), datetime.datetime(2025, 7, 8, 14, 31, 26), 1, 0, datetime.datetime(2025, 8, 12, 14, 31, 26), None, None, None, 0, datetime.datetime(2025, 7, 7, 14, 29, 43), datetime.datetime(2025, 7, 7, 14, 29, 43)),)

[2025-08-29 10:00:24,169] [database.py] [line:114] [INFO] # v2_work_crm_order_main_son 数据列表：
((14992, '20250707142943555361', 'SOD20250707142951417248', 1, 1, 1, '1751869796', '4200002702202507072157534596', None, '50303604032025070708032488870', '20250707143651602787', datetime.datetime(2025, 7, 7, 14, 36, 52), None, None, None, None, None, None, None, None, datetime.datetime(2025, 7, 7, 14, 29, 51)),)

[2025-08-29 10:00:24,198] [database.py] [line:121] [INFO] # v2_work_crm_order_main_status 数据列表：
((49565, '20250707142943555361', 1, 1, 2, 1, datetime.datetime(2025, 7, 7, 14, 31, 26), 3, 0, 888996, 888996, 'wwec9bda2817108582', '百灵智投', 'LiYongLei', 'LiYongLei', 1, 1, 1, '研选量投', 1, 'yxlt', '这是研选量投的描述', 1, 3, 0, '', '', 0, 0, 'o1ELc6LrAZOqCjYiOZur5A-sVzYc', 1, 1, '1751869796', 1, 0, '', '', 0, datetime.datetime(2025, 7, 7, 14, 29, 43), None, datetime.datetime(2025, 7, 7, 14, 31, 26), 0, '888996,889017', None, None, None, '889009,889093', None, None, None, '889003,889013,889017,889089,889095', None, None, None),)

[2025-08-29 10:00:24,216] [database.py] [line:127] [INFO] # v2_work_crm_hegui 数据列表：
((1109, '20250707142943555361', 'o1ELc6LrAZOqCjYiOZur5A-sVzYc', 1, 0, '', 0, 0, 2, None, None, 1, None, None, None, None, -1, 0, '', 0, datetime.datetime(2025, 7, 7, 14, 31, 22), datetime.datetime(2025, 7, 7, 14, 31, 26)),)

[2025-08-29 10:00:24,234] [database.py] [line:133] [INFO] # v2_work_crm_order_contract 数据列表：
((44396, '20250707142943555361', 'd24bf8c84d1040cebf7e6a26125b660f', '0e6dbfa68f1f416f98d77637cfb44c71', 'd28a3fcb2e7c461cb483222be426f433', 1, '产品服务协议', 'eeZRyEm7vbDA0Lxi1n6NDNDfMbS3FBKFV1I5u28WftFIskiH4SusbdejbsUQMFXYeTZ7DiuHw1pflItKtSq9e9NdvDg@@@@Oc02lZVHCnkly3TKc@@@@lCM6kGFw==', '5VFbtjRSP9eHX@@@@3H$$$$LTFZHMFWXdll9IAoUrn7BPXz2yXtq3TplNQwvXJ@@@@yh5@@@@XRKsF5R58jYF0zSk4TgP44@@@@wtf$$$$bTXXq76l7Rn6ux68ISiTrLsa7YUbZw==', datetime.datetime(2025, 7, 7, 14, 31, 26), '2025-07-07 14:30:44', 'YSTG10A25070700004', None, 'eqoh5xxl$$$$ZHJkZo7HfytjEyYA801VLRe$$$$pS78cSF3nsGRbaNikpsiSE1WU2duLjukCxhu6DZB852D2oIq8h6Tjgfi3ceE1Sygaw2IuSF1xYp87DyX6e9metVfGj2T0WoXDDix47TcowNW1Zd59ToaPXD3r69j7AYsP8qFtsHIDi5qVn14z3VgcAL$$$$tubvjpyWSjyKotZtA4L3dphwNqvHHk2ew4rh8NaX5SLSrUqvXvTXbw4PznNNpWVRwp5Jct0d@@@@NrlySjKXplUsGwiHEE2wvd2mHA2q8ceTZ7DiuHw1pflItKtSq9e9NdvDg@@@@Oc02lZVHCnkly3RVciKiMhbRwQ==', 0, '', datetime.datetime(2025, 7, 7, 14, 31, 22), datetime.datetime(2025, 7, 7, 14, 31, 22)),)

[2025-08-29 10:00:24,252] [database.py] [line:144] [INFO] # 风险测评id：41557
[2025-08-29 10:00:24,608] [database.py] [line:241] [INFO] # app `stock-rubik-cube`.contract_new数据列表：
((219581, '20250707142943555361', 3338203510512787459, 'YSTG10A25070700004', 0, 'service', 0, datetime.date(2025, 7, 7), '0e6dbfa68f1f416f98d77637cfb44c71', 'd24bf8c84d1040cebf7e6a26125b660f', 'AAAAAAq8uroAAAAAAAgq5gwEfupp3ND6JoRnAABCP5JR3wSkF0ECIxyewfOFiR+o9Jm8CMPWeQf8WVyL/aMFcLqgwulnB8D6hPl/kc99akuc441c9epJBsrM/Ctp7rTaGfjgTCyNL7pUlGh0JKlNXbKClbpvZkjYKV/zZ+EfETF/VxqReFPFGyLBVpL3DcaJZvWAz2n7ZQskuCk2YzDJTJ7JJRv3TQd+zJXIpUa3kr2X/wP3RXMNke67cxdet0+mqRJMn2iVNu5SPHQ5TCZFMAF9X3rlD0aWGyc2ACN1hDT1D3Js67dxkY08TwrGXHYPetw7Nk2xjNdgvD+GbstObfdn13g810W5KCSvFpIFq9QNxEWUlxQGJbXyai1/Gfi7CRsK7BqeOtUIRuuW0upoc1OWXipTmM5nEu9762pW78fEItSdPk4ZlhM4MzSuphVU2iCEJ0dTQropGkTzOgT6oaWEZpoOEuxQdb+UzpFcOYBv2qxV9o6sYNsEeq13KMYpWP7/CfUvnGMooSwY92izbxTprBRW1J22wgaW/G9fhpISij0AlkpB6VNPk+T/YyWs7qyroq68dddFJguKwPWPkCAT2MWPn23Pdkpb+SewjziODxCXy4Qg/p7yxc6ahpOpiLae0jVXqo+GG3cipzspk1LD5K/J41k=', 'AAAAAAq8uroAAAAAAAgq6B1Hqqj6rW1uC9O3HKvYYMLv9EwzN5c+x890h6+GJ4g6G+BOSU1Svk8jGtF5xlXbJ64XvpnXMsNxBUX4g1/6b+rH2ivagfuHbihwHsa549BzHgL1h99SMUCVFWbTpI8s09F+0V8=', datetime.datetime(2025, 7, 7, 14, 30, 44), datetime.datetime(2025, 7, 7, 14, 30, 1), datetime.datetime(2025, 7, 7, 14, 31, 27), 0, '', 2, ''),)

[2025-08-29 10:00:24,608] [database.py] [line:245] [INFO] # app `stock-rubik-cube`.contract_new数据：
(219581, '20250707142943555361', 3338203510512787459, 'YSTG10A25070700004', 0, 'service', 0, datetime.date(2025, 7, 7), '0e6dbfa68f1f416f98d77637cfb44c71', 'd24bf8c84d1040cebf7e6a26125b660f', 'AAAAAAq8uroAAAAAAAgq5gwEfupp3ND6JoRnAABCP5JR3wSkF0ECIxyewfOFiR+o9Jm8CMPWeQf8WVyL/aMFcLqgwulnB8D6hPl/kc99akuc441c9epJBsrM/Ctp7rTaGfjgTCyNL7pUlGh0JKlNXbKClbpvZkjYKV/zZ+EfETF/VxqReFPFGyLBVpL3DcaJZvWAz2n7ZQskuCk2YzDJTJ7JJRv3TQd+zJXIpUa3kr2X/wP3RXMNke67cxdet0+mqRJMn2iVNu5SPHQ5TCZFMAF9X3rlD0aWGyc2ACN1hDT1D3Js67dxkY08TwrGXHYPetw7Nk2xjNdgvD+GbstObfdn13g810W5KCSvFpIFq9QNxEWUlxQGJbXyai1/Gfi7CRsK7BqeOtUIRuuW0upoc1OWXipTmM5nEu9762pW78fEItSdPk4ZlhM4MzSuphVU2iCEJ0dTQropGkTzOgT6oaWEZpoOEuxQdb+UzpFcOYBv2qxV9o6sYNsEeq13KMYpWP7/CfUvnGMooSwY92izbxTprBRW1J22wgaW/G9fhpISij0AlkpB6VNPk+T/YyWs7qyroq68dddFJguKwPWPkCAT2MWPn23Pdkpb+SewjziODxCXy4Qg/p7yxc6ahpOpiLae0jVXqo+GG3cipzspk1LD5K/J41k=', 'AAAAAAq8uroAAAAAAAgq6B1Hqqj6rW1uC9O3HKvYYMLv9EwzN5c+x890h6+GJ4g6G+BOSU1Svk8jGtF5xlXbJ64XvpnXMsNxBUX4g1/6b+rH2ivagfuHbihwHsa549BzHgL1h99SMUCVFWbTpI8s09F+0V8=', datetime.datetime(2025, 7, 7, 14, 30, 44), datetime.datetime(2025, 7, 7, 14, 30, 1), datetime.datetime(2025, 7, 7, 14, 31, 27), 0, '', 2, '')

[2025-08-29 10:00:24,627] [database.py] [line:252] [INFO] # app `stock-rubik-cube`.`order`数据列表：
((3338203510512787459,),)

[2025-08-29 10:00:24,627] [database.py] [line:259] [INFO] # app用户id：3338203510512787459

[2025-08-29 10:00:24,684] [database.py] [line:287] [INFO] # app `stock-rubik-cube`.user_order_product数据列表：
()

[2025-08-29 10:00:24,705] [database.py] [line:85] [INFO] # 
退款订单号：20250828100859157849
[2025-08-29 10:00:24,723] [database.py] [line:97] [INFO] # 退款订单unionid：o1ELc6LrAZOqCjYiOZur5A-sVzYc，kill_order：
[2025-08-29 10:00:24,741] [database.py] [line:107] [INFO] # v2_work_crm_order_main 数据列表：
((49499, '20250828100859157849', 10168, 2000000, 2000000, 1, 3, '1756347406', '', 'o1ELc6LrAZOqCjYiOZur5A-sVzYc', '赵楠', 'H4qNWOvOwe$$$$A$$$$rqaPhQyIw==', datetime.datetime(2025, 8, 28, 10, 17, 12), datetime.datetime(2025, 9, 4, 10, 17, 12), 7, 0, datetime.datetime(2025, 9, 4, 10, 17, 12), None, None, None, 0, datetime.datetime(2025, 8, 28, 10, 8, 59), datetime.datetime(2025, 8, 28, 10, 8, 59)),)

[2025-08-29 10:00:24,758] [database.py] [line:114] [INFO] # v2_work_crm_order_main_son 数据列表：
()

[2025-08-29 10:00:24,778] [database.py] [line:121] [INFO] # v2_work_crm_order_main_status 数据列表：
((49658, '20250828100859157849', 1, 1, 2, 1, datetime.datetime(2025, 8, 28, 10, 17, 12), 1, 4, 889009, 889009, 'wwec9bda2817108582', '百灵智投', 'cheng', 'cheng', 1, 2, 1, '趋势智投', 4, 'qszt-4-2', '这是趋势智投-四合一的描述', 7, 11, 0, '20250707142943555361', '', 0, 0, 'o1ELc6LrAZOqCjYiOZur5A-sVzYc', 2000000, 2000000, '1756347406', 1, 0, '', '', 0, datetime.datetime(2025, 8, 28, 10, 8, 59), None, datetime.datetime(2025, 8, 28, 10, 17, 12), 0, '888996', None, None, None, '889009', None, None, None, '889003,889013,889017,889089,889095', None, None, None),)

[2025-08-29 10:00:24,796] [database.py] [line:127] [INFO] # v2_work_crm_hegui 数据列表：
((1181, '20250828100859157849', 'o1ELc6LrAZOqCjYiOZur5A-sVzYc', 1, 101371, '', 1, 0, 1, None, None, 1, None, None, None, None, -1, 0, '', 1, datetime.datetime(2025, 8, 28, 10, 10, 36), datetime.datetime(2025, 8, 28, 10, 17, 12)),)

[2025-08-29 10:00:24,813] [database.py] [line:133] [INFO] # v2_work_crm_order_contract 数据列表：
((44520, '20250828100859157849', '5e8dc638df3a4d288ccaec865e2a18da', '25a26c824b4341179cbe5a1679a43934', '8c4a35b69d4d4dcdbe2885e0d279fdd8', 1, '产品服务协议', 'eeZRyEm7vbDA0Lxi1n6NDNDfMbS3FBKFV1I5u28WftFIskiH4SusbdejbsUQMFXYeTZ7DiuHw1pb57PDeYBRJIPZ09$$$$jhM66lZVHCnkly3TKc@@@@lCM6kGFw==', '5VFbtjRSP9eHX@@@@3H$$$$LTFZHMFWXdll9IAoUrn7BPXz2yXtq3TplNQwvXJ@@@@yh5@@@@XRKsF5R58jYF0zSk4TgP44@@@@wmYlw6Vyw6N67Rn6ux68ISiTrLsa7YUbZw==', datetime.datetime(2025, 8, 28, 10, 17, 12), '2025-08-28 10:10:30', 'YSTG10A25082800001', None, 'eqoh5xxl$$$$ZHJkZo7HfytjEyYA801VLRe$$$$pS78cSF3nsGRbaNikpsiSE1WU2duLjukCxhu6DZB852D2oIq8h6Tjgfi3ceE1SycP2y4K26ThLAKeUirii3i$$$$tVfGj2T0WoXDDix47TcowNW1Zd59ToaPXD3r69j7AYsP8qFtsHIDi5qVn14z3VgcAL$$$$tubvjpyWSjyKotZtA4L3dphwNqvHHk2ew4rh8NaW$$$$ezw3mAUSSD2dPfo4TOupWVRwp5Jct0d@@@@NrlySjKXplUsGwiHEE2wvd2mHA2q8ceTZ7DiuHw1pb57PDeYBRJIPZ09$$$$jhM66lZVHCnkly3RVciKiMhbRwQ==', 0, '', datetime.datetime(2025, 8, 28, 10, 10, 36), datetime.datetime(2025, 8, 28, 10, 10, 36)), (44521, '20250828100859157849', None, None, 'dc588181a755439aace7955f2b6da66b', 2, '终止协议-测试', None, '5VFbtjRSP9eHX@@@@3H$$$$LTFZHMFWXdll9IAoUrn7BPXz2yXtq3TplNQwvXJ@@@@yh5@@@@XRKtdxtggvPysrlhLihRAZK11sfQUJJ$$$$q9n', datetime.datetime(2025, 8, 28, 10, 33), '2025-08-28 10:33:00', 'c', None, None, 0, '', datetime.datetime(2025, 8, 28, 10, 32, 47), datetime.datetime(2025, 8, 28, 10, 32, 47)))

[2025-08-29 10:00:24,832] [database.py] [line:144] [INFO] # 风险测评id：41629
[2025-08-29 10:00:24,871] [database.py] [line:157] [INFO] # 退款id：1312
[2025-08-29 10:00:25,205] [database.py] [line:241] [INFO] # app `stock-rubik-cube`.contract_new数据列表：
((219692, '20250828100859157849', 3338203510512787459, 'YSTG10A25082800001', 0, 'service', 0, datetime.date(2025, 8, 28), '25a26c824b4341179cbe5a1679a43934', '5e8dc638df3a4d288ccaec865e2a18da', 'AAAAAAq8uroAAAAAAAgrua/ECr48YkIpgSO5AeOWqWLRWlMjqxOntCjZck+8S2lXQYAfck9QMvVZLzyIkG1qKWidkLscBjeWV11TJ3MOYSBen0r6k8kJNQHk/lpWaAw9PgAK/F4nqZEww1LuBLJjR6AWvEZYJ6q2A2AM25HgxVrdZScJtWagw4UE69lMGmDmogTjSICnTNMz6/9mr6vRCpG19EEc/YewqAndGXnCxRwWVU+oU5toI8MFEvpesANpGz82Dr8XXNkfj2EeBYTXWX2xS/7dHOdg0bWJzCPbyj4/qFRPzgyVHciRtSu0B3SsqbP/lbpGgT9ZdMayzDyPwQXukOTAF9vR9iUCpSD8mBvyw84Ho0O0bjBVyULMiqoTalvIkhXuDX1js+olbJdA7Ykozcd7qmENWMTSfhcvdsPObKHLdvjmtSsxlYHx+8GHoSkvjggwTQLZz/3PSnDOl0TDpbaEsRNwdsGK0aisPko/xXq2NNFYJCb2VV7eiGuL7956RQnv+D90K/JIEAJ1bI1AclG6qGsZz9lZ+J87kX9HkbjdMnzSFGAJ2N6sPN4PYhDP3ahsBclkt6U3Xn7rqHpuLUOlYJk53EYXG/j1NLoQlxUJHsepb2g1AlQYw3UJ9IxPmlZNK2NI15tIyMP27VGQEwljgq/6pg==', 'AAAAAAq8uroAAAAAAAgrumPrqrAW289u6tXv0T9Z6mH2F78OGq4zzn7UmMCGbLz85EJ4UpxXAiSnyKvlWY61xAssLjOKpkN/GItCPDPaAtYYppd4JcG6ilQT9SNkv8iZ8ENKPApfiIYOCSJgtTuKy72YHSs=', datetime.datetime(2025, 8, 28, 10, 10, 30), datetime.datetime(2025, 8, 28, 10, 9, 31), datetime.datetime(2025, 8, 28, 10, 17, 13), 0, '', 2, ''), (219693, '20250828100859157849', 3338203510512787459, '', 1, 'termination', 0, None, '', '', '', '', None, datetime.datetime(2025, 8, 28, 10, 32, 47), datetime.datetime(2025, 8, 28, 10, 32, 47), 0, '', 2, ''))

[2025-08-29 10:00:25,206] [database.py] [line:245] [INFO] # app `stock-rubik-cube`.contract_new数据：
(219692, '20250828100859157849', 3338203510512787459, 'YSTG10A25082800001', 0, 'service', 0, datetime.date(2025, 8, 28), '25a26c824b4341179cbe5a1679a43934', '5e8dc638df3a4d288ccaec865e2a18da', 'AAAAAAq8uroAAAAAAAgrua/ECr48YkIpgSO5AeOWqWLRWlMjqxOntCjZck+8S2lXQYAfck9QMvVZLzyIkG1qKWidkLscBjeWV11TJ3MOYSBen0r6k8kJNQHk/lpWaAw9PgAK/F4nqZEww1LuBLJjR6AWvEZYJ6q2A2AM25HgxVrdZScJtWagw4UE69lMGmDmogTjSICnTNMz6/9mr6vRCpG19EEc/YewqAndGXnCxRwWVU+oU5toI8MFEvpesANpGz82Dr8XXNkfj2EeBYTXWX2xS/7dHOdg0bWJzCPbyj4/qFRPzgyVHciRtSu0B3SsqbP/lbpGgT9ZdMayzDyPwQXukOTAF9vR9iUCpSD8mBvyw84Ho0O0bjBVyULMiqoTalvIkhXuDX1js+olbJdA7Ykozcd7qmENWMTSfhcvdsPObKHLdvjmtSsxlYHx+8GHoSkvjggwTQLZz/3PSnDOl0TDpbaEsRNwdsGK0aisPko/xXq2NNFYJCb2VV7eiGuL7956RQnv+D90K/JIEAJ1bI1AclG6qGsZz9lZ+J87kX9HkbjdMnzSFGAJ2N6sPN4PYhDP3ahsBclkt6U3Xn7rqHpuLUOlYJk53EYXG/j1NLoQlxUJHsepb2g1AlQYw3UJ9IxPmlZNK2NI15tIyMP27VGQEwljgq/6pg==', 'AAAAAAq8uroAAAAAAAgrumPrqrAW289u6tXv0T9Z6mH2F78OGq4zzn7UmMCGbLz85EJ4UpxXAiSnyKvlWY61xAssLjOKpkN/GItCPDPaAtYYppd4JcG6ilQT9SNkv8iZ8ENKPApfiIYOCSJgtTuKy72YHSs=', datetime.datetime(2025, 8, 28, 10, 10, 30), datetime.datetime(2025, 8, 28, 10, 9, 31), datetime.datetime(2025, 8, 28, 10, 17, 13), 0, '', 2, '')

[2025-08-29 10:00:25,206] [database.py] [line:245] [INFO] # app `stock-rubik-cube`.contract_new数据：
(219693, '20250828100859157849', 3338203510512787459, '', 1, 'termination', 0, None, '', '', '', '', None, datetime.datetime(2025, 8, 28, 10, 32, 47), datetime.datetime(2025, 8, 28, 10, 32, 47), 0, '', 2, '')

[2025-08-29 10:00:25,224] [database.py] [line:252] [INFO] # app `stock-rubik-cube`.`order`数据列表：
((3338203510512787459,),)

[2025-08-29 10:00:25,224] [database.py] [line:259] [INFO] # app用户id：3338203510512787459

[2025-08-29 10:00:25,281] [database.py] [line:287] [INFO] # app `stock-rubik-cube`.user_order_product数据列表：
()

[2025-08-29 10:00:25,301] [database.py] [line:85] [INFO] # 
退款订单号：20250828133557905317
[2025-08-29 10:00:25,318] [database.py] [line:97] [INFO] # 退款订单unionid：o1ELc6LrAZOqCjYiOZur5A-sVzYc，kill_order：
[2025-08-29 10:00:25,336] [database.py] [line:107] [INFO] # v2_work_crm_order_main 数据列表：
((49501, '20250828133557905317', 10122, 5000000, 5000000, 1, 3, '1756359547', '', 'o1ELc6LrAZOqCjYiOZur5A-sVzYc', '赵楠', 'H4qNWOvOwe$$$$A$$$$rqaPhQyIw==', datetime.datetime(2025, 8, 28, 13, 40, 7), datetime.datetime(2025, 8, 29, 13, 40, 7), 1, 0, datetime.datetime(2025, 8, 29, 13, 40, 7), None, None, None, 0, datetime.datetime(2025, 8, 28, 13, 35, 57), datetime.datetime(2025, 8, 28, 13, 35, 57)),)

[2025-08-29 10:00:25,355] [database.py] [line:114] [INFO] # v2_work_crm_order_main_son 数据列表：
()

[2025-08-29 10:00:25,373] [database.py] [line:121] [INFO] # v2_work_crm_order_main_status 数据列表：
((49660, '20250828133557905317', 1, 1, 2, 1, datetime.datetime(2025, 8, 28, 13, 40, 7), 2, 4, 889003, 889003, 'wwec9bda2817108582', '百灵智投', 'WangSong', 'WangSong', 1, 2, 1, '私人定制', 11800000, 'srdz', '这是私人定制的描述', 1, 4, 0, '20250828100859157849', '', 0, 0, 'o1ELc6LrAZOqCjYiOZur5A-sVzYc', 5000000, 5000000, '1756359547', 1, 0, '', '6012b01d5d3cc53c835dab50a9d2dcd0', 0, datetime.datetime(2025, 8, 28, 13, 35, 57), None, datetime.datetime(2025, 8, 28, 13, 40, 7), 0, '888996', None, None, None, '889009', None, None, None, '889003,889013,889017,889089,889095', None, None, None),)

[2025-08-29 10:00:25,391] [database.py] [line:127] [INFO] # v2_work_crm_hegui 数据列表：
((1183, '20250828133557905317', 'o1ELc6LrAZOqCjYiOZur5A-sVzYc', 1, 101371, '', 1, 0, 1, None, None, 1, None, None, None, None, -1, 0, '', 1, datetime.datetime(2025, 8, 28, 13, 36, 55), datetime.datetime(2025, 8, 28, 13, 40, 7)),)

[2025-08-29 10:00:25,409] [database.py] [line:133] [INFO] # v2_work_crm_order_contract 数据列表：
((44524, '20250828133557905317', '2ad2c33c70ea4765b2e385345ff5d115', '4cc3ba2b505a4c9891a8bef1fc0cf19c', '8c4a35b69d4d4dcdbe2885e0d279fdd8', 1, '产品服务协议', 'eeZRyEm7vbDA0Lxi1n6NDNDfMbS3FBKFV1I5u28WftFIskiH4SusbdejbsUQMFXYeTZ7DiuHw1pb57PDeYBRJNyEu5svJtMLlZVHCnkly3TKc@@@@lCM6kGFw==', '5VFbtjRSP9eHX@@@@3H$$$$LTFZHMFWXdll9IAoUrn7BPXz2yXtq3TplNQwvXJ@@@@yh5@@@@XRKsF5R58jYF0zSk4TgP44@@@@wmruuuaCOQCl7Rn6ux68ISiTrLsa7YUbZw==', datetime.datetime(2025, 8, 28, 13, 40, 7), '2025-08-28 13:36:53', 'YSTG10A25082800003', None, 'eqoh5xxl$$$$ZHJkZo7HfytjEyYA801VLRe$$$$pS78cSF3nsGRbaNikpsiSE1WU2duLjukCxhu6DZB852D2oIq8h6Tjgfi3ceE1SycP2y4K26ThKUIOYvJETg2$$$$tVfGj2T0WoXDDix47TcowNW1Zd59ToaPXD3r69j7AYsP8qFtsHIDi5qVn14z3VgcAL$$$$tubvjpyWSjyKotZtA4L3dphwNqvHHk2ew4rh8NaW$$$$ezw3mAUSTchLubLybTC5WVRwp5Jct0d@@@@NrlySjKXplUsGwiHEE2wvd2mHA2q8ceTZ7DiuHw1pb57PDeYBRJNyEu5svJtMLlZVHCnkly3RVciKiMhbRwQ==', 0, '', datetime.datetime(2025, 8, 28, 13, 36, 55), datetime.datetime(2025, 8, 28, 13, 36, 55)), (44525, '20250828133557905317', None, None, 'dc588181a755439aace7955f2b6da66b', 2, '终止协议-测试', None, '5VFbtjRSP9eHX@@@@3H$$$$LTFZHMFWXdll9IAoUrn7BPXz2yXtq3TplNQwvXJ@@@@yh5@@@@XRKtdxtggvPysrlhLihRAZK11sfQUJJ$$$$q9n', datetime.datetime(2025, 8, 28, 13, 48, 30), '2025-08-28 13:48:30', 'c', None, None, 0, '', datetime.datetime(2025, 8, 28, 13, 48, 13), datetime.datetime(2025, 8, 28, 13, 48, 13)))

[2025-08-29 10:00:25,426] [database.py] [line:144] [INFO] # 风险测评id：41631
[2025-08-29 10:00:25,462] [database.py] [line:157] [INFO] # 退款id：1314
[2025-08-29 10:00:25,796] [database.py] [line:241] [INFO] # app `stock-rubik-cube`.contract_new数据列表：
((219696, '20250828133557905317', 3338203510512787459, 'YSTG10A25082800003', 0, 'service', 0, datetime.date(2025, 8, 28), '4cc3ba2b505a4c9891a8bef1fc0cf19c', '2ad2c33c70ea4765b2e385345ff5d115', 'AAAAAAq8uroAAAAAAAgrxQqGVRVneha/wNJT0fkoEzv7P1/yT3dwCeitELORA0LoeciRGmqAdgmdm/FFulGABl5nVdQ22fkp/YO5PnbZ4wn5ol99J4pjAMZcYG1pY/hHc79WkqwpPd1oK5goEv6VJZhNfqLIRWUk89KEAaTCRA7XUnRXW+of2vLYClLsCk+xlDrWh+j4O5warJU7mz1b0N3gMRxk3DBnDTsMV64tNgyENxEHO1zspJfdvY0IAglEvqqNiEub6ZH19dHgnAxyNJDVvebU617Bf/1PltdBfpO34rMvGmNl8vVx3gdh97HmW7XFSn/qNbKaGTudrgGxClc9iquV/jZ57l3txT/pnp9+D3H1W0ASv4UnpstWm3bqN1t+AguzpdZNPnTc5XqntXUNnKaU6auh43HS3y4xqWruVaRuv+Xkwunv67BGZxQeLkDwhYVJftDVLgP+MLZ/5k12TBor1UCF8AaP23FQM8TxlXdY0NuXD+CioV0oN1qe0tiKXP4BxuUgVCJAyLsT9olshSeh4hbhIS98w9HTn/aME+GK0R/iP5bJUTelfzfmTBwxcuAHSWKqyW8LZDQ2kov800MP2Ole2rJtssnOl9JY4XJOyMaj8FAsU3ABm4NKT8s6sBydUF4vwz4dD70HJcDC2oEI', 'AAAAAAq8uroAAAAAAAgrxtzJk2I9rxfN9QtQ9JlEvRs4Xb3zo0CJKLmd1e62yUJHkm3htuZ2XaS/S7sqzjnofcPrD8qKD1jrvhmNnH9lafKoQmC/B1Nu7E4+q356jBAUfqw5nyEf+9Cw0huQQjrRWeAqZFY=', datetime.datetime(2025, 8, 28, 13, 36, 53), datetime.datetime(2025, 8, 28, 13, 36, 3), datetime.datetime(2025, 8, 28, 13, 40, 7), 0, '', 2, ''), (219697, '20250828133557905317', 3338203510512787459, '', 1, 'termination', 0, None, '', '', '', '', None, datetime.datetime(2025, 8, 28, 13, 48, 13), datetime.datetime(2025, 8, 28, 13, 48, 13), 0, '', 2, ''))

[2025-08-29 10:00:25,796] [database.py] [line:245] [INFO] # app `stock-rubik-cube`.contract_new数据：
(219696, '20250828133557905317', 3338203510512787459, 'YSTG10A25082800003', 0, 'service', 0, datetime.date(2025, 8, 28), '4cc3ba2b505a4c9891a8bef1fc0cf19c', '2ad2c33c70ea4765b2e385345ff5d115', 'AAAAAAq8uroAAAAAAAgrxQqGVRVneha/wNJT0fkoEzv7P1/yT3dwCeitELORA0LoeciRGmqAdgmdm/FFulGABl5nVdQ22fkp/YO5PnbZ4wn5ol99J4pjAMZcYG1pY/hHc79WkqwpPd1oK5goEv6VJZhNfqLIRWUk89KEAaTCRA7XUnRXW+of2vLYClLsCk+xlDrWh+j4O5warJU7mz1b0N3gMRxk3DBnDTsMV64tNgyENxEHO1zspJfdvY0IAglEvqqNiEub6ZH19dHgnAxyNJDVvebU617Bf/1PltdBfpO34rMvGmNl8vVx3gdh97HmW7XFSn/qNbKaGTudrgGxClc9iquV/jZ57l3txT/pnp9+D3H1W0ASv4UnpstWm3bqN1t+AguzpdZNPnTc5XqntXUNnKaU6auh43HS3y4xqWruVaRuv+Xkwunv67BGZxQeLkDwhYVJftDVLgP+MLZ/5k12TBor1UCF8AaP23FQM8TxlXdY0NuXD+CioV0oN1qe0tiKXP4BxuUgVCJAyLsT9olshSeh4hbhIS98w9HTn/aME+GK0R/iP5bJUTelfzfmTBwxcuAHSWKqyW8LZDQ2kov800MP2Ole2rJtssnOl9JY4XJOyMaj8FAsU3ABm4NKT8s6sBydUF4vwz4dD70HJcDC2oEI', 'AAAAAAq8uroAAAAAAAgrxtzJk2I9rxfN9QtQ9JlEvRs4Xb3zo0CJKLmd1e62yUJHkm3htuZ2XaS/S7sqzjnofcPrD8qKD1jrvhmNnH9lafKoQmC/B1Nu7E4+q356jBAUfqw5nyEf+9Cw0huQQjrRWeAqZFY=', datetime.datetime(2025, 8, 28, 13, 36, 53), datetime.datetime(2025, 8, 28, 13, 36, 3), datetime.datetime(2025, 8, 28, 13, 40, 7), 0, '', 2, '')

[2025-08-29 10:00:25,796] [database.py] [line:245] [INFO] # app `stock-rubik-cube`.contract_new数据：
(219697, '20250828133557905317', 3338203510512787459, '', 1, 'termination', 0, None, '', '', '', '', None, datetime.datetime(2025, 8, 28, 13, 48, 13), datetime.datetime(2025, 8, 28, 13, 48, 13), 0, '', 2, '')

[2025-08-29 10:00:25,814] [database.py] [line:252] [INFO] # app `stock-rubik-cube`.`order`数据列表：
((3338203510512787459,),)

[2025-08-29 10:00:25,814] [database.py] [line:259] [INFO] # app用户id：3338203510512787459

[2025-08-29 10:00:25,870] [database.py] [line:287] [INFO] # app `stock-rubik-cube`.user_order_product数据列表：
()

[2025-08-29 10:00:25,891] [database.py] [line:85] [INFO] # 
退款订单号：20250828142454194592
[2025-08-29 10:00:25,908] [database.py] [line:97] [INFO] # 退款订单unionid：o1ELc6LrAZOqCjYiOZur5A-sVzYc，kill_order：
[2025-08-29 10:00:25,926] [database.py] [line:107] [INFO] # v2_work_crm_order_main 数据列表：
((49502, '20250828142454194592', 10123, 6000000, 6000000, 1, 3, '1756362534', '', 'o1ELc6LrAZOqCjYiOZur5A-sVzYc', '赵楠', 'H4qNWOvOwe$$$$A$$$$rqaPhQyIw==', datetime.datetime(2025, 8, 28, 14, 31, 9), datetime.datetime(2025, 8, 29, 14, 31, 9), 1, 0, datetime.datetime(2025, 8, 29, 14, 31, 9), None, None, None, 0, datetime.datetime(2025, 8, 28, 14, 24, 54), datetime.datetime(2025, 8, 28, 14, 24, 54)),)

[2025-08-29 10:00:25,944] [database.py] [line:114] [INFO] # v2_work_crm_order_main_son 数据列表：
((15088, '20250828142454194592', 'SOD20250828142812225500', 6000000, 0, 6, None, None, None, None, None, None, None, None, None, None, None, None, '100159933048', '1001599330480201', datetime.datetime(2025, 8, 28, 14, 28, 12)),)

[2025-08-29 10:00:25,963] [database.py] [line:121] [INFO] # v2_work_crm_order_main_status 数据列表：
((49661, '20250828142454194592', 1, 1, 2, 1, datetime.datetime(2025, 8, 28, 14, 31, 9), 2, 4, 889003, 889003, 'wwec9bda2817108582', '百灵智投', 'WangSong', 'WangSong', 1, 2, 1, '私人定制', 16800000, 'srdz', '这是私人定制的描述', 1, 4, 0, '20250828133557905317', '', 0, 0, 'o1ELc6LrAZOqCjYiOZur5A-sVzYc', 6000000, 6000000, '1756362534', 1, 0, '', '18fdec4b85fadb511d8342ce9cfff16b', 0, datetime.datetime(2025, 8, 28, 14, 24, 54), None, datetime.datetime(2025, 8, 28, 14, 31, 9), 0, '888996', None, None, None, '889009', None, None, None, '889003,889013,889017,889089,889095', None, None, None),)

[2025-08-29 10:00:25,981] [database.py] [line:127] [INFO] # v2_work_crm_hegui 数据列表：
((1184, '20250828142454194592', 'o1ELc6LrAZOqCjYiOZur5A-sVzYc', 1, 101371, '', 1, 0, 1, None, None, 1, None, None, None, None, -1, 0, '', 1, datetime.datetime(2025, 8, 28, 14, 26), datetime.datetime(2025, 8, 28, 14, 31, 9)),)

[2025-08-29 10:00:26,000] [database.py] [line:133] [INFO] # v2_work_crm_order_contract 数据列表：
((44526, '20250828142454194592', 'c5b0200286334c7994fb9867213f8dad', 'a30cebc7ef9c4399b3f11e763b5da8f4', '8c4a35b69d4d4dcdbe2885e0d279fdd8', 1, '产品服务协议', 'eeZRyEm7vbDA0Lxi1n6NDNDfMbS3FBKFV1I5u28WftFIskiH4SusbdejbsUQMFXYeTZ7DiuHw1pb57PDeYBRJFsLcSs$$$$nBiZlZVHCnkly3TKc@@@@lCM6kGFw==', '5VFbtjRSP9eHX@@@@3H$$$$LTFZHMFWXdll9IAoUrn7BPXz2yXtq3TplNQwvXJ@@@@yh5@@@@XRKsF5R58jYF0zSk4TgP44@@@@wjBSzmeac05C7Rn6ux68ISiTrLsa7YUbZw==', datetime.datetime(2025, 8, 28, 14, 31, 9), '2025-08-28 14:25:57', 'YSTG10A25082800004', None, 'eqoh5xxl$$$$ZHJkZo7HfytjEyYA801VLRe$$$$pS78cSF3nsGRbaNikpsiSE1WU2duLjukCxhu6DZB852D2oIq8h6Tjgfi3ceE1SycP2y4K26ThIp87DyX6e9metVfGj2T0WoXDDix47TcowNW1Zd59ToaPXD3r69j7AYsP8qFtsHIDi5qVn14z3VgcAL$$$$tubvjpyWSjyKotZtA4L3dphwNqvHHk2ew4rh8NaW$$$$ezw3mAUSRbC3ErPpwYmZWVRwp5Jct0d@@@@NrlySjKXplUsGwiHEE2wvd2mHA2q8ceTZ7DiuHw1pb57PDeYBRJFsLcSs$$$$nBiZlZVHCnkly3RVciKiMhbRwQ==', 0, '', datetime.datetime(2025, 8, 28, 14, 26), datetime.datetime(2025, 8, 28, 14, 26)), (44527, '20250828142454194592', None, None, 'dc588181a755439aace7955f2b6da66b', 2, '终止协议-测试', None, '5VFbtjRSP9eHX@@@@3H$$$$LTFZHMFWXdll9IAoUrn7BPXz2yXtq3TplNQwvXJ@@@@yh5@@@@XRKtdxtggvPysrlhLihRAZK11sfQUJJ$$$$q9n', datetime.datetime(2025, 8, 29, 9, 58, 33), '2025-08-29 09:58:33', 'c', None, None, 0, '', datetime.datetime(2025, 8, 29, 9, 58, 19), datetime.datetime(2025, 8, 29, 9, 58, 19)))

[2025-08-29 10:00:26,018] [database.py] [line:144] [INFO] # 风险测评id：41632
[2025-08-29 10:00:26,054] [database.py] [line:157] [INFO] # 退款id：1315
[2025-08-29 10:00:26,389] [database.py] [line:241] [INFO] # app `stock-rubik-cube`.contract_new数据列表：
((219698, '20250828142454194592', 3338203510512787459, 'YSTG10A25082800004', 0, 'service', 0, datetime.date(2025, 8, 28), 'a30cebc7ef9c4399b3f11e763b5da8f4', 'c5b0200286334c7994fb9867213f8dad', 'AAAAAAq8uroAAAAAAAgrxxintAicb/yy1QUAhb0v1jkp7lvhn8tQKE/Fx64TN4qebB4Cpx+P44W9rVz3FnFih4dL4xgzg/9WSX/YlJHnvHWieXWMEYejpk8ksTY/6zQWzP3V3qYTb2sfwfYPDHOeenJLw1RfhlzCvI0oEkCEUG44c0StMGAHmlDX/vmza4TOkKIiBvooaJCB2pC35I5DxPYmHZdyhL9i1EVSHco4AqhjyyGhJvkBRs9OaGe7sBaLhT51HSE2IgIx66V6jBZvA4huJbAo7n+bQ+xMKn4DbtBzmc2i2m3P1wlQSthmOA+OSqeqLhKwBFW1npBtyWHPKyQdNlW5rvyzCpc4YHf6sZE5lMGOj2faq0MnnK8VlyVqpEctqb11HlEf71LHHlbmQSS2+D1BHbs9wg0Dz02Dq+IaK+uqIEekFiBCvg+uixZ9nh3/YWxc8nOvCBY0HnFq6lrvjZlbF4OYcfe734Hd1TH/4m77nnWFFEyo0Hht1LvMVv/r/X857CE+LSC/b1mQ6WQQ2SbyoaTQzdq4R0wtRVr6Ktt9B327125GjTU4axVXpi260EF/OTeMDWZRUPg45cZ3aoLDHT7LI5G4UhL0iFYoTCE81+ggqYCdTvH8g0NbhqtLEZTLdH6EtnM6z605aY5/MrHTrCI=', 'AAAAAAq8uroAAAAAAAgryDtRb5CEhRWsWwafQx1QYeWG0qIlLSSmGa5AHfGePYFtwFr/1wO1A7ZWPaWYAlDZroTs6GsoS9xtLM3rUiXXo9MxBsFWm4gEekbafsr4b8CakEwG1e5GwMTKoczjXAcVNemMKeY=', datetime.datetime(2025, 8, 28, 14, 25, 57), datetime.datetime(2025, 8, 28, 14, 24, 59), datetime.datetime(2025, 8, 28, 14, 31, 9), 0, '', 2, ''), (219699, '20250828142454194592', 3338203510512787459, '', 1, 'termination', 0, None, '', '', '', '', None, datetime.datetime(2025, 8, 29, 9, 58, 19), datetime.datetime(2025, 8, 29, 9, 58, 19), 0, '', 2, ''))

[2025-08-29 10:00:26,389] [database.py] [line:245] [INFO] # app `stock-rubik-cube`.contract_new数据：
(219698, '20250828142454194592', 3338203510512787459, 'YSTG10A25082800004', 0, 'service', 0, datetime.date(2025, 8, 28), 'a30cebc7ef9c4399b3f11e763b5da8f4', 'c5b0200286334c7994fb9867213f8dad', 'AAAAAAq8uroAAAAAAAgrxxintAicb/yy1QUAhb0v1jkp7lvhn8tQKE/Fx64TN4qebB4Cpx+P44W9rVz3FnFih4dL4xgzg/9WSX/YlJHnvHWieXWMEYejpk8ksTY/6zQWzP3V3qYTb2sfwfYPDHOeenJLw1RfhlzCvI0oEkCEUG44c0StMGAHmlDX/vmza4TOkKIiBvooaJCB2pC35I5DxPYmHZdyhL9i1EVSHco4AqhjyyGhJvkBRs9OaGe7sBaLhT51HSE2IgIx66V6jBZvA4huJbAo7n+bQ+xMKn4DbtBzmc2i2m3P1wlQSthmOA+OSqeqLhKwBFW1npBtyWHPKyQdNlW5rvyzCpc4YHf6sZE5lMGOj2faq0MnnK8VlyVqpEctqb11HlEf71LHHlbmQSS2+D1BHbs9wg0Dz02Dq+IaK+uqIEekFiBCvg+uixZ9nh3/YWxc8nOvCBY0HnFq6lrvjZlbF4OYcfe734Hd1TH/4m77nnWFFEyo0Hht1LvMVv/r/X857CE+LSC/b1mQ6WQQ2SbyoaTQzdq4R0wtRVr6Ktt9B327125GjTU4axVXpi260EF/OTeMDWZRUPg45cZ3aoLDHT7LI5G4UhL0iFYoTCE81+ggqYCdTvH8g0NbhqtLEZTLdH6EtnM6z605aY5/MrHTrCI=', 'AAAAAAq8uroAAAAAAAgryDtRb5CEhRWsWwafQx1QYeWG0qIlLSSmGa5AHfGePYFtwFr/1wO1A7ZWPaWYAlDZroTs6GsoS9xtLM3rUiXXo9MxBsFWm4gEekbafsr4b8CakEwG1e5GwMTKoczjXAcVNemMKeY=', datetime.datetime(2025, 8, 28, 14, 25, 57), datetime.datetime(2025, 8, 28, 14, 24, 59), datetime.datetime(2025, 8, 28, 14, 31, 9), 0, '', 2, '')

[2025-08-29 10:00:26,389] [database.py] [line:245] [INFO] # app `stock-rubik-cube`.contract_new数据：
(219699, '20250828142454194592', 3338203510512787459, '', 1, 'termination', 0, None, '', '', '', '', None, datetime.datetime(2025, 8, 29, 9, 58, 19), datetime.datetime(2025, 8, 29, 9, 58, 19), 0, '', 2, '')

[2025-08-29 10:00:26,407] [database.py] [line:252] [INFO] # app `stock-rubik-cube`.`order`数据列表：
((3338203510512787459,),)

[2025-08-29 10:00:26,407] [database.py] [line:259] [INFO] # app用户id：3338203510512787459

[2025-08-29 10:00:26,464] [database.py] [line:287] [INFO] # app `stock-rubik-cube`.user_order_product数据列表：
()

[2025-08-29 10:00:26,527] [database.py] [line:308] [INFO] # o1ELc6LrAZOqCjYiOZur5A-sVzYc用户到期时间：None
[2025-08-29 15:07:42,864] [log.py] [line:31] [INFO] # ======Start printing logs======
[2025-08-29 15:07:44,819] [database.py] [line:80] [INFO] # 退款订单id列表：['20250829144323421495']
[2025-08-29 15:07:44,819] [database.py] [line:85] [INFO] # 
退款订单号：20250829144323421495
[2025-08-29 15:07:44,839] [database.py] [line:97] [INFO] # 退款订单unionid：o1ELc6LrAZOqCjYiOZur5A-sVzYc，kill_order：
[2025-08-29 15:07:44,873] [database.py] [line:107] [INFO] # v2_work_crm_order_main 数据列表：
((49507, '20250829144323421495', 10177, 4000000, 4000000, 1, 3, '1756449959', '', 'o1ELc6LrAZOqCjYiOZur5A-sVzYc', '赵楠', 'H4qNWOvOwe$$$$A$$$$rqaPhQyIw==', datetime.datetime(2025, 8, 30, 14, 6, 35), datetime.datetime(2026, 3, 1, 14, 6, 35), 183, 0, datetime.datetime(2026, 3, 1, 14, 6, 35), None, None, None, 0, datetime.datetime(2025, 8, 29, 14, 43, 23), datetime.datetime(2025, 8, 29, 14, 43, 23)),)

[2025-08-29 15:07:44,894] [database.py] [line:114] [INFO] # v2_work_crm_order_main_son 数据列表：
()

[2025-08-29 15:07:44,928] [database.py] [line:121] [INFO] # v2_work_crm_order_main_status 数据列表：
((49666, '20250829144323421495', 1, 1, 2, 1, datetime.datetime(2025, 8, 29, 14, 46, 46), 1, 4, 889095, 889095, 'wwec9bda2817108582', '百灵智投', 'ZhangYuZe', 'ZhangYuZe', 1, 3, 1, '趋势智投', 3, 'qszt-4-2', '这是趋势智投-四合一的描述', 183, 11, 0, '20250829140337649463', '', 0, 0, 'o1ELc6LrAZOqCjYiOZur5A-sVzYc', 4000000, 4000000, '1756449959', 1, 0, '', '', 0, datetime.datetime(2025, 8, 29, 14, 43, 23), None, datetime.datetime(2025, 8, 29, 14, 46, 46), 0, '888996', None, None, None, '889009', None, None, None, '889003,889013,889017,889089,889095', None, None, None),)

[2025-08-29 15:07:44,949] [database.py] [line:127] [INFO] # v2_work_crm_hegui 数据列表：
((1189, '20250829144323421495', 'o1ELc6LrAZOqCjYiOZur5A-sVzYc', 1, 101371, '', 1, 0, 1, None, None, 1, None, None, None, None, -1, 0, '', 1, datetime.datetime(2025, 8, 29, 14, 44, 25), datetime.datetime(2025, 8, 29, 14, 46, 46)),)

[2025-08-29 15:07:44,969] [database.py] [line:133] [INFO] # v2_work_crm_order_contract 数据列表：
((44534, '20250829144323421495', 'eefd4b37b1e3412c9b69cc45fab658cd', '7d993e7dd7bf45fca23983b4e2b0d154', '8c4a35b69d4d4dcdbe2885e0d279fdd8', 1, '产品服务协议', 'eeZRyEm7vbDA0Lxi1n6NDNDfMbS3FBKFV1I5u28WftFIskiH4SusbdejbsUQMFXYeTZ7DiuHw1pb57PDeYBRJAbBIaWXdA@@@@8lZVHCnkly3TKc@@@@lCM6kGFw==', '5VFbtjRSP9eHX@@@@3H$$$$LTFZHMFWXdll9IAoUrn7BPXz2yXtq3TplNQwvXJ@@@@yh5@@@@XRKsF5R58jYF0zSk4TgP44@@@@wife2CbYRKlY7Rn6ux68ISiTrLsa7YUbZw==', datetime.datetime(2025, 8, 29, 14, 46, 46), '2025-08-29 14:44:22', 'YSTG10A25082900005', None, 'eqoh5xxl$$$$ZHJkZo7HfytjEyYA801VLRe$$$$pS78cSF3nsGRbaNikpsiSE1WU2duLjukCxhu6DZB852D2oIq8h6Tjgfi3ceE1SyuL6dMs0LgjcEjDUwmwXxretVfGj2T0WoXDDix47TcowNW1Zd59ToaPXD3r69j7AYsP8qFtsHIDi5qVn14z3VgcAL$$$$tubvjpyWSjyKotZtA4L3dphwNqvHHk2ew4rh8NaW$$$$ezw3mAUSQGwSGll3QP@@@@JWVRwp5Jct0d@@@@NrlySjKXplUsGwiHEE2wvd2mHA2q8ceTZ7DiuHw1pb57PDeYBRJAbBIaWXdA@@@@8lZVHCnkly3RVciKiMhbRwQ==', 0, '', datetime.datetime(2025, 8, 29, 14, 44, 25), datetime.datetime(2025, 8, 29, 14, 44, 25)), (44535, '20250829144323421495', None, None, 'dc588181a755439aace7955f2b6da66b', 2, '终止协议-测试', None, '5VFbtjRSP9eHX@@@@3H$$$$LTFZHMFWXdll9IAoUrn7BPXz2yXtq3TplNQwvXJ@@@@yh5@@@@XRKtdxtggvPysrlhLihRAZK11sfQUJJ$$$$q9n', datetime.datetime(2025, 8, 29, 15, 5, 40), '2025-08-29 15:05:40', 'c', None, None, 0, '', datetime.datetime(2025, 8, 29, 15, 5, 21), datetime.datetime(2025, 8, 29, 15, 5, 21)))

[2025-08-29 15:07:44,991] [database.py] [line:144] [INFO] # 风险测评id：41637
[2025-08-29 15:07:45,032] [database.py] [line:157] [INFO] # 退款id：1319
[2025-08-29 15:07:45,405] [database.py] [line:241] [INFO] # app `stock-rubik-cube`.contract_new数据列表：
((219706, '20250829144323421495', 3338203510512787459, 'YSTG10A25082900005', 0, 'service', 0, datetime.date(2025, 8, 29), '7d993e7dd7bf45fca23983b4e2b0d154', 'eefd4b37b1e3412c9b69cc45fab658cd', 'AAAAAAq8uroAAAAAAAgr4ajsBFb7ln0rHCe6f3wV9sOacZYUywAgxn6Fdr+q1Gq+wyQd/A5WCz2jSvnWndjhu+98jk6PaiTtOBzB0ukAySaMcPdZ5C/BMLfy2nO+W4QLSfzxZM7Y7lO80Kg+yXFeKwEJ1v/MuBGB8a7qOTM6FGqNwbnoJm7CEY9R8LFwHbmKYzmaWVc0GomsRAOxVc5Yjduyi4UV3iamJYALKhuebjbKCGmZh9BXo/CSayQmn3HYVduJh+LQRNY6t6a6e+gSNduCVUcbDiJtIjg2Iz1/xUzWdQ9F3KzVeHoAYlg8YKdbM8VeLpwM+fPe/QkNJ35DWuG2iXZjGB1g0u9GDrEa7fZGTGUPEucRCMP5ZRV7jfPQe0Jq50E+724iJDKE+WKluPmPB+yiURk+E1Gb2E2ovA6GmOo0Ia8I7qOWXhpD/qZUNwUuRBrqE7H8tpCdyIWKj5EQzktAM8mfiTjRlmZ8YPFTUSJTeMXWB47IiHTQdeaABpgWY2B3jlsYdK5O0rek1vEpgOUkIE08W1CShdEgGWuFtOArfDPAbcXYPL5bOTAxQS42AS+YHsQEGX22HALLmNle0WLG9T0EWMZ+fFyFFBIhM2J4sGfwml+Hs386bAhzxDM9dzd63oi14IUl2lvkFfwl4Ql4KymCIEa2ubk=', 'AAAAAAq8uroAAAAAAAgr4kafTvt5fueVz8Jk5bIyZxcqRUCo+JhZbTjiDzDSDHZnqtsg5ASTpbIYpOhMOyDCYL3DffITWl/2Ojajoch2q0wvc7Lj6P45gLQljhoYAOy1igMoe/3SSEeQ/Ojts+rLzc8rpMs=', datetime.datetime(2025, 8, 29, 14, 44, 22), datetime.datetime(2025, 8, 29, 14, 43, 33), datetime.datetime(2025, 8, 29, 14, 46, 46), 0, '', 2, ''), (219707, '20250829144323421495', 3338203510512787459, '', 1, 'termination', 0, None, '', '', '', '', None, datetime.datetime(2025, 8, 29, 15, 5, 22), datetime.datetime(2025, 8, 29, 15, 5, 22), 0, '', 2, ''))

[2025-08-29 15:07:45,405] [database.py] [line:245] [INFO] # app `stock-rubik-cube`.contract_new数据：
(219706, '20250829144323421495', 3338203510512787459, 'YSTG10A25082900005', 0, 'service', 0, datetime.date(2025, 8, 29), '7d993e7dd7bf45fca23983b4e2b0d154', 'eefd4b37b1e3412c9b69cc45fab658cd', 'AAAAAAq8uroAAAAAAAgr4ajsBFb7ln0rHCe6f3wV9sOacZYUywAgxn6Fdr+q1Gq+wyQd/A5WCz2jSvnWndjhu+98jk6PaiTtOBzB0ukAySaMcPdZ5C/BMLfy2nO+W4QLSfzxZM7Y7lO80Kg+yXFeKwEJ1v/MuBGB8a7qOTM6FGqNwbnoJm7CEY9R8LFwHbmKYzmaWVc0GomsRAOxVc5Yjduyi4UV3iamJYALKhuebjbKCGmZh9BXo/CSayQmn3HYVduJh+LQRNY6t6a6e+gSNduCVUcbDiJtIjg2Iz1/xUzWdQ9F3KzVeHoAYlg8YKdbM8VeLpwM+fPe/QkNJ35DWuG2iXZjGB1g0u9GDrEa7fZGTGUPEucRCMP5ZRV7jfPQe0Jq50E+724iJDKE+WKluPmPB+yiURk+E1Gb2E2ovA6GmOo0Ia8I7qOWXhpD/qZUNwUuRBrqE7H8tpCdyIWKj5EQzktAM8mfiTjRlmZ8YPFTUSJTeMXWB47IiHTQdeaABpgWY2B3jlsYdK5O0rek1vEpgOUkIE08W1CShdEgGWuFtOArfDPAbcXYPL5bOTAxQS42AS+YHsQEGX22HALLmNle0WLG9T0EWMZ+fFyFFBIhM2J4sGfwml+Hs386bAhzxDM9dzd63oi14IUl2lvkFfwl4Ql4KymCIEa2ubk=', 'AAAAAAq8uroAAAAAAAgr4kafTvt5fueVz8Jk5bIyZxcqRUCo+JhZbTjiDzDSDHZnqtsg5ASTpbIYpOhMOyDCYL3DffITWl/2Ojajoch2q0wvc7Lj6P45gLQljhoYAOy1igMoe/3SSEeQ/Ojts+rLzc8rpMs=', datetime.datetime(2025, 8, 29, 14, 44, 22), datetime.datetime(2025, 8, 29, 14, 43, 33), datetime.datetime(2025, 8, 29, 14, 46, 46), 0, '', 2, '')

[2025-08-29 15:07:45,405] [database.py] [line:245] [INFO] # app `stock-rubik-cube`.contract_new数据：
(219707, '20250829144323421495', 3338203510512787459, '', 1, 'termination', 0, None, '', '', '', '', None, datetime.datetime(2025, 8, 29, 15, 5, 22), datetime.datetime(2025, 8, 29, 15, 5, 22), 0, '', 2, '')

[2025-08-29 15:07:45,421] [database.py] [line:252] [INFO] # app `stock-rubik-cube`.`order`数据列表：
((3338203510512787459,),)

[2025-08-29 15:07:45,421] [database.py] [line:259] [INFO] # app用户id：3338203510512787459

[2025-08-29 15:07:45,471] [database.py] [line:287] [INFO] # app `stock-rubik-cube`.user_order_product数据列表：
()

[2025-08-29 15:07:45,531] [database.py] [line:308] [INFO] # o1ELc6LrAZOqCjYiOZur5A-sVzYc用户到期时间：(datetime.datetime(2025, 8, 30, 14, 6, 35),)
[2025-08-29 15:07:45,552] [database.py] [line:322] [INFO] # 更新work_crm_base_user表u_expire_date成功！
